[0.037s] Invoking command in '/home/shs/ws_moveit/build/moveit_ros_perception': AMENT_PREFIX_PATH=/home/shs/ws_moveit/install/moveit_ros_planning:/home/shs/ws_moveit/install/moveit_ros_occupancy_map_monitor:/home/shs/ws_moveit/install/moveit_core:/home/shs/ws_moveit/install/moveit_resources_panda_moveit_config:/home/shs/ws_moveit/install/moveit_configs_utils:/home/shs/ws_moveit/install/srdfdom:/home/shs/ws_moveit/install/moveit_resources_pr2_description:/home/shs/ws_moveit/install/moveit_resources_panda_description:/home/shs/ws_moveit/install/moveit_common:/home/shs/ws_moveit/install/launch_param_builder:${AMENT_PREFIX_PATH} CMAKE_PREFIX_PATH=/home/shs/ws_moveit/install/moveit_ros_planning:/home/shs/ws_moveit/install/moveit_ros_occupancy_map_monitor:/home/shs/ws_moveit/install/moveit_core:/home/shs/ws_moveit/install/moveit_resources_panda_moveit_config:/home/shs/ws_moveit/install/srdfdom:/home/shs/ws_moveit/install/moveit_resources_pr2_description:/home/shs/ws_moveit/install/moveit_resources_panda_description:/home/shs/ws_moveit/install/moveit_common:/home/shs/ws_moveit/install/rosparam_shortcuts:/home/shs/ws_moveit/install/hello_moveit:/home/shs/colcon_ws/install/tf_convenience_topics:/home/shs/colcon_ws/install/sss_viewer:/home/shs/colcon_ws/install/sam_basic_controllers:/home/shs/colcon_ws/install/lolo_description:/home/shs/colcon_ws/install/smarc_msgs:/home/shs/colcon_ws/install/smarc_mission_msgs:/home/shs/colcon_ws/install/smarc_control_msgs:/home/shs/colcon_ws/install/sam_msgs:/home/shs/colcon_ws/install/sam_graph_slam_2_msgs:/home/shs/colcon_ws/install/sam_description:/home/shs/colcon_ws/install/lolo_msgs:/home/shs/colcon_ws/install/drone_msgs:/home/shs/colcon_ws/install/dead_reckoning_msgs:/home/shs/ros2_ws/install/turtlebot3_navigation2:/home/shs/ros2_ws/install/turtlebot3_gazebo:/home/shs/ros2_ws/install/turtlebot3_description:/home/shs/ros2_ws/install/turtlebot3_cartographer:/home/shs/ros2_ws/install/transforms:/home/shs/ros2_ws/install/point_cloud_perception:/home/shs/ros2_ws/install/nodes:/home/shs/ros2_ws/install/navigation_tb3:/home/shs/colcon_ws/install/workshopfun:/home/shs/colcon_ws/install/utm_latlon_converter:/home/shs/colcon_ws/install/smarc_nodered:/home/shs/colcon_ws/install/smarc_bt:/home/shs/colcon_ws/install/smarc_bringups:/home/shs/colcon_ws/install/sam_joy_xbox:/home/shs/colcon_ws/install/sam_joy_teleop:/home/shs/colcon_ws/install/sam_diving_controller:/home/shs/colcon_ws/install/sam_dead_reckoning:/home/shs/colcon_ws/install/ros_tcp_endpoint:/home/shs/colcon_ws/install/ros2_python_examples:/home/shs/colcon_ws/install/mqtt_bridge:/home/shs/colcon_ws/install/dubins_planner:/home/shs/colcon_ws/install/drone_dr:/home/shs/colcon_ws/install/basic_go_to_waypoint:/home/shs/colcon_ws/install/basic_depth_pitch_control:/home/shs/colcon_ws/install/auv_detector:/home/shs/ros2_ws/install/turtlebot3_teleop:/home/shs/ros2_ws/install/turtlebot3_follower:/home/shs/ros2_ws/install/turtlebot3_example:/home/shs/ros2_ws/install/autonomous_tb3:/home/shs/ros2_ws/install/turtle_midpoint:/home/shs/ros2_ws/install/secure_control:/home/shs/ros2_ws/install/robot_math:/home/shs/ros2_ws/install/ai_assitance:/home/shs/install/dive_control:/home/shs/install/basic_go_to_waypoint:/home/shs/install/basic_depth_pitch_control:/home/shs/install/autonomous_tb3:/home/shs/install/ai_assitance:/opt/ros/humble LD_LIBRARY_PATH=/home/shs/ws_moveit/install/moveit_ros_planning/lib:/home/shs/ws_moveit/install/moveit_ros_occupancy_map_monitor/lib:/home/shs/ws_moveit/install/moveit_core/lib:/home/shs/ws_moveit/install/srdfdom/lib:${LD_LIBRARY_PATH} PATH=/home/shs/ws_moveit/install/moveit_core/bin:${PATH} PYTHONPATH=/home/shs/ws_moveit/install/moveit_configs_utils/lib/python3.10/site-packages:/home/shs/ws_moveit/install/srdfdom/local/lib/python3.10/dist-packages:/home/shs/ws_moveit/install/launch_param_builder/lib/python3.10/site-packages:${PYTHONPATH} /usr/bin/cmake /home/shs/ws_moveit/src/moveit2/moveit_ros/perception -DCMAKE_BUILD_TYPE=Release -DCMAKE_INSTALL_PREFIX=/home/shs/ws_moveit/install/moveit_ros_perception
[0.104s] -- The C compiler identification is GNU 11.4.0
[0.168s] -- The CXX compiler identification is GNU 11.4.0
[0.176s] -- Detecting C compiler ABI info
[0.260s] -- Detecting C compiler ABI info - done
[0.269s] -- Check for working C compiler: /usr/bin/cc - skipped
[0.269s] -- Detecting C compile features
[0.269s] -- Detecting C compile features - done
[0.273s] -- Detecting CXX compiler ABI info
[0.373s] -- Detecting CXX compiler ABI info - done
[0.382s] -- Check for working CXX compiler: /usr/bin/c++ - skipped
[0.382s] -- Detecting CXX compile features
[0.383s] -- Detecting CXX compile features - done
[0.384s] -- Found moveit_common: 2.5.8 (/home/shs/ws_moveit/install/moveit_common/share/moveit_common/cmake)
[0.394s] -- Found ament_cmake: 1.3.11 (/opt/ros/humble/share/ament_cmake/cmake)
[0.645s] -- Found Python3: /usr/bin/python3 (found version "3.10.12") found components: Interpreter 
[0.982s] -- Found OpenGL: /usr/lib/x86_64-linux-gnu/libOpenGL.so   
[1.058s] -- Found GLEW: /usr/include (found version "2.2.0") 
[1.065s] -- Found PkgConfig: /usr/bin/pkg-config (found version "0.29.2") 
[1.066s] -- Checking for module 'glut'
[1.070s] --   No package 'glut' found
[1.075s] -- Found GLUT: /usr/lib/x86_64-linux-gnu/libglut.so  
[1.085s] -- Found cv_bridge: 3.2.1 (/opt/ros/humble/share/cv_bridge/cmake)
[1.203s] -- Found rosidl_generator_c: 3.1.6 (/opt/ros/humble/share/rosidl_generator_c/cmake)
[1.223s] -- Found rosidl_adapter: 3.1.6 (/opt/ros/humble/share/rosidl_adapter/cmake)
[1.245s] -- Found rosidl_generator_cpp: 3.1.6 (/opt/ros/humble/share/rosidl_generator_cpp/cmake)
[1.274s] -- Using all available rosidl_typesupport_c: rosidl_typesupport_fastrtps_c;rosidl_typesupport_introspection_c
[1.315s] -- Using all available rosidl_typesupport_cpp: rosidl_typesupport_fastrtps_cpp;rosidl_typesupport_introspection_cpp
[1.416s] -- Found moveit_core: 2.5.8 (/home/shs/ws_moveit/install/moveit_core/share/moveit_core/cmake)
[1.785s] -- Found Boost: /usr/lib/x86_64-linux-gnu/cmake/Boost-1.74.0/BoostConfig.cmake (found version "1.74.0") found components: chrono date_time filesystem iostreams program_options regex serialization system thread 
[1.921s] -- Found parameter_traits: 0.4.0 (/opt/ros/humble/share/parameter_traits/cmake)
[2.040s] -- Found rmw_implementation_cmake: 6.1.2 (/opt/ros/humble/share/rmw_implementation_cmake/cmake)
[2.051s] -- Found rmw_fastrtps_cpp: 6.2.7 (/opt/ros/humble/share/rmw_fastrtps_cpp/cmake)
[2.200s] -- Found OpenSSL: /usr/lib/x86_64-linux-gnu/libcrypto.so (found version "3.0.2")  
[2.237s] -- Found FastRTPS: /opt/ros/humble/include  
[2.301s] -- Using RMW implementation 'rmw_fastrtps_cpp' as default
[2.332s] -- Found Threads: TRUE  
[2.416s] -- Found Eigen3: TRUE (found version "3.4.0") 
[2.426s] -- Found rclcpp_lifecycle: 16.0.12 (/opt/ros/humble/share/rclcpp_lifecycle/cmake)
[2.473s] -- Found Boost: /usr/lib/x86_64-linux-gnu/cmake/Boost-1.74.0/BoostConfig.cmake (found version "1.74.0") found components: filesystem 
[2.624s] -- library: /usr/lib/x86_64-linux-gnu/libcurl.so
[2.711s] -- Ensuring Eigen3 include directory is part of orocos-kdl CMake target
[3.176s] -- Found image_transport: 3.1.11 (/opt/ros/humble/share/image_transport/cmake)
[3.182s] -- Found moveit_ros_occupancy_map_monitor: 2.5.8 (/home/shs/ws_moveit/install/moveit_ros_occupancy_map_monitor/share/moveit_ros_occupancy_map_monitor/cmake)
[3.603s] -- Found OpenMP_C: -fopenmp (found version "4.5") 
[3.763s] -- Found OpenMP_CXX: -fopenmp (found version "4.5") 
[3.764s] -- Found OpenMP: TRUE (found version "4.5")  
[3.771s] -- Found OpenCV: /usr (found version "4.5.4") 
[3.776s] -- Found Boost: /usr/lib/x86_64-linux-gnu/cmake/Boost-1.74.0/BoostConfig.cmake (found version "1.74.0") found components: thread 
[3.855s] -- Performing Test COMPILER_HAS_HIDDEN_VISIBILITY
[3.985s] -- Performing Test COMPILER_HAS_HIDDEN_VISIBILITY - Success
[3.986s] -- Performing Test COMPILER_HAS_HIDDEN_INLINE_VISIBILITY
[4.122s] -- Performing Test COMPILER_HAS_HIDDEN_INLINE_VISIBILITY - Success
[4.123s] -- Performing Test COMPILER_HAS_DEPRECATED_ATTR
[4.267s] -- Performing Test COMPILER_HAS_DEPRECATED_ATTR - Success
[4.378s] -- Found ament_lint_auto: 0.12.12 (/opt/ros/humble/share/ament_lint_auto/cmake)
[4.440s] -- Added test 'cppcheck' to perform static code analysis on C / C++ code
[4.441s] -- Configured cppcheck include dirs: /home/shs/ws_moveit/src/moveit2/moveit_ros/perception/depth_image_octomap_updater/include;/home/shs/ws_moveit/src/moveit2/moveit_ros/perception/lazy_free_space_updater/include;/home/shs/ws_moveit/src/moveit2/moveit_ros/perception/mesh_filter/include;/home/shs/ws_moveit/src/moveit2/moveit_ros/perception/point_containment_filter/include;/home/shs/ws_moveit/src/moveit2/moveit_ros/perception/pointcloud_octomap_updater/include;/home/shs/ws_moveit/src/moveit2/moveit_ros/perception/semantic_world/include
[4.441s] -- Configured cppcheck exclude dirs and/or files: 
[4.444s] -- Added test 'lint_cmake' to check CMake code style
[4.446s] -- Added test 'xmllint' to check XML markup files
[4.450s] -- Configuring done
[4.616s] -- Generating done
[4.652s] -- Build files have been written to: /home/shs/ws_moveit/build/moveit_ros_perception
[4.674s] Invoked command in '/home/shs/ws_moveit/build/moveit_ros_perception' returned '0': AMENT_PREFIX_PATH=/home/shs/ws_moveit/install/moveit_ros_planning:/home/shs/ws_moveit/install/moveit_ros_occupancy_map_monitor:/home/shs/ws_moveit/install/moveit_core:/home/shs/ws_moveit/install/moveit_resources_panda_moveit_config:/home/shs/ws_moveit/install/moveit_configs_utils:/home/shs/ws_moveit/install/srdfdom:/home/shs/ws_moveit/install/moveit_resources_pr2_description:/home/shs/ws_moveit/install/moveit_resources_panda_description:/home/shs/ws_moveit/install/moveit_common:/home/shs/ws_moveit/install/launch_param_builder:${AMENT_PREFIX_PATH} CMAKE_PREFIX_PATH=/home/shs/ws_moveit/install/moveit_ros_planning:/home/shs/ws_moveit/install/moveit_ros_occupancy_map_monitor:/home/shs/ws_moveit/install/moveit_core:/home/shs/ws_moveit/install/moveit_resources_panda_moveit_config:/home/shs/ws_moveit/install/srdfdom:/home/shs/ws_moveit/install/moveit_resources_pr2_description:/home/shs/ws_moveit/install/moveit_resources_panda_description:/home/shs/ws_moveit/install/moveit_common:/home/shs/ws_moveit/install/rosparam_shortcuts:/home/shs/ws_moveit/install/hello_moveit:/home/shs/colcon_ws/install/tf_convenience_topics:/home/shs/colcon_ws/install/sss_viewer:/home/shs/colcon_ws/install/sam_basic_controllers:/home/shs/colcon_ws/install/lolo_description:/home/shs/colcon_ws/install/smarc_msgs:/home/shs/colcon_ws/install/smarc_mission_msgs:/home/shs/colcon_ws/install/smarc_control_msgs:/home/shs/colcon_ws/install/sam_msgs:/home/shs/colcon_ws/install/sam_graph_slam_2_msgs:/home/shs/colcon_ws/install/sam_description:/home/shs/colcon_ws/install/lolo_msgs:/home/shs/colcon_ws/install/drone_msgs:/home/shs/colcon_ws/install/dead_reckoning_msgs:/home/shs/ros2_ws/install/turtlebot3_navigation2:/home/shs/ros2_ws/install/turtlebot3_gazebo:/home/shs/ros2_ws/install/turtlebot3_description:/home/shs/ros2_ws/install/turtlebot3_cartographer:/home/shs/ros2_ws/install/transforms:/home/shs/ros2_ws/install/point_cloud_perception:/home/shs/ros2_ws/install/nodes:/home/shs/ros2_ws/install/navigation_tb3:/home/shs/colcon_ws/install/workshopfun:/home/shs/colcon_ws/install/utm_latlon_converter:/home/shs/colcon_ws/install/smarc_nodered:/home/shs/colcon_ws/install/smarc_bt:/home/shs/colcon_ws/install/smarc_bringups:/home/shs/colcon_ws/install/sam_joy_xbox:/home/shs/colcon_ws/install/sam_joy_teleop:/home/shs/colcon_ws/install/sam_diving_controller:/home/shs/colcon_ws/install/sam_dead_reckoning:/home/shs/colcon_ws/install/ros_tcp_endpoint:/home/shs/colcon_ws/install/ros2_python_examples:/home/shs/colcon_ws/install/mqtt_bridge:/home/shs/colcon_ws/install/dubins_planner:/home/shs/colcon_ws/install/drone_dr:/home/shs/colcon_ws/install/basic_go_to_waypoint:/home/shs/colcon_ws/install/basic_depth_pitch_control:/home/shs/colcon_ws/install/auv_detector:/home/shs/ros2_ws/install/turtlebot3_teleop:/home/shs/ros2_ws/install/turtlebot3_follower:/home/shs/ros2_ws/install/turtlebot3_example:/home/shs/ros2_ws/install/autonomous_tb3:/home/shs/ros2_ws/install/turtle_midpoint:/home/shs/ros2_ws/install/secure_control:/home/shs/ros2_ws/install/robot_math:/home/shs/ros2_ws/install/ai_assitance:/home/shs/install/dive_control:/home/shs/install/basic_go_to_waypoint:/home/shs/install/basic_depth_pitch_control:/home/shs/install/autonomous_tb3:/home/shs/install/ai_assitance:/opt/ros/humble LD_LIBRARY_PATH=/home/shs/ws_moveit/install/moveit_ros_planning/lib:/home/shs/ws_moveit/install/moveit_ros_occupancy_map_monitor/lib:/home/shs/ws_moveit/install/moveit_core/lib:/home/shs/ws_moveit/install/srdfdom/lib:${LD_LIBRARY_PATH} PATH=/home/shs/ws_moveit/install/moveit_core/bin:${PATH} PYTHONPATH=/home/shs/ws_moveit/install/moveit_configs_utils/lib/python3.10/site-packages:/home/shs/ws_moveit/install/srdfdom/local/lib/python3.10/dist-packages:/home/shs/ws_moveit/install/launch_param_builder/lib/python3.10/site-packages:${PYTHONPATH} /usr/bin/cmake /home/shs/ws_moveit/src/moveit2/moveit_ros/perception -DCMAKE_BUILD_TYPE=Release -DCMAKE_INSTALL_PREFIX=/home/shs/ws_moveit/install/moveit_ros_perception
[4.677s] Invoking command in '/home/shs/ws_moveit/build/moveit_ros_perception': AMENT_PREFIX_PATH=/home/shs/ws_moveit/install/moveit_ros_planning:/home/shs/ws_moveit/install/moveit_ros_occupancy_map_monitor:/home/shs/ws_moveit/install/moveit_core:/home/shs/ws_moveit/install/moveit_resources_panda_moveit_config:/home/shs/ws_moveit/install/moveit_configs_utils:/home/shs/ws_moveit/install/srdfdom:/home/shs/ws_moveit/install/moveit_resources_pr2_description:/home/shs/ws_moveit/install/moveit_resources_panda_description:/home/shs/ws_moveit/install/moveit_common:/home/shs/ws_moveit/install/launch_param_builder:${AMENT_PREFIX_PATH} CMAKE_PREFIX_PATH=/home/shs/ws_moveit/install/moveit_ros_planning:/home/shs/ws_moveit/install/moveit_ros_occupancy_map_monitor:/home/shs/ws_moveit/install/moveit_core:/home/shs/ws_moveit/install/moveit_resources_panda_moveit_config:/home/shs/ws_moveit/install/srdfdom:/home/shs/ws_moveit/install/moveit_resources_pr2_description:/home/shs/ws_moveit/install/moveit_resources_panda_description:/home/shs/ws_moveit/install/moveit_common:/home/shs/ws_moveit/install/rosparam_shortcuts:/home/shs/ws_moveit/install/hello_moveit:/home/shs/colcon_ws/install/tf_convenience_topics:/home/shs/colcon_ws/install/sss_viewer:/home/shs/colcon_ws/install/sam_basic_controllers:/home/shs/colcon_ws/install/lolo_description:/home/shs/colcon_ws/install/smarc_msgs:/home/shs/colcon_ws/install/smarc_mission_msgs:/home/shs/colcon_ws/install/smarc_control_msgs:/home/shs/colcon_ws/install/sam_msgs:/home/shs/colcon_ws/install/sam_graph_slam_2_msgs:/home/shs/colcon_ws/install/sam_description:/home/shs/colcon_ws/install/lolo_msgs:/home/shs/colcon_ws/install/drone_msgs:/home/shs/colcon_ws/install/dead_reckoning_msgs:/home/shs/ros2_ws/install/turtlebot3_navigation2:/home/shs/ros2_ws/install/turtlebot3_gazebo:/home/shs/ros2_ws/install/turtlebot3_description:/home/shs/ros2_ws/install/turtlebot3_cartographer:/home/shs/ros2_ws/install/transforms:/home/shs/ros2_ws/install/point_cloud_perception:/home/shs/ros2_ws/install/nodes:/home/shs/ros2_ws/install/navigation_tb3:/home/shs/colcon_ws/install/workshopfun:/home/shs/colcon_ws/install/utm_latlon_converter:/home/shs/colcon_ws/install/smarc_nodered:/home/shs/colcon_ws/install/smarc_bt:/home/shs/colcon_ws/install/smarc_bringups:/home/shs/colcon_ws/install/sam_joy_xbox:/home/shs/colcon_ws/install/sam_joy_teleop:/home/shs/colcon_ws/install/sam_diving_controller:/home/shs/colcon_ws/install/sam_dead_reckoning:/home/shs/colcon_ws/install/ros_tcp_endpoint:/home/shs/colcon_ws/install/ros2_python_examples:/home/shs/colcon_ws/install/mqtt_bridge:/home/shs/colcon_ws/install/dubins_planner:/home/shs/colcon_ws/install/drone_dr:/home/shs/colcon_ws/install/basic_go_to_waypoint:/home/shs/colcon_ws/install/basic_depth_pitch_control:/home/shs/colcon_ws/install/auv_detector:/home/shs/ros2_ws/install/turtlebot3_teleop:/home/shs/ros2_ws/install/turtlebot3_follower:/home/shs/ros2_ws/install/turtlebot3_example:/home/shs/ros2_ws/install/autonomous_tb3:/home/shs/ros2_ws/install/turtle_midpoint:/home/shs/ros2_ws/install/secure_control:/home/shs/ros2_ws/install/robot_math:/home/shs/ros2_ws/install/ai_assitance:/home/shs/install/dive_control:/home/shs/install/basic_go_to_waypoint:/home/shs/install/basic_depth_pitch_control:/home/shs/install/autonomous_tb3:/home/shs/install/ai_assitance:/opt/ros/humble LD_LIBRARY_PATH=/home/shs/ws_moveit/install/moveit_ros_planning/lib:/home/shs/ws_moveit/install/moveit_ros_occupancy_map_monitor/lib:/home/shs/ws_moveit/install/moveit_core/lib:/home/shs/ws_moveit/install/srdfdom/lib:${LD_LIBRARY_PATH} PATH=/home/shs/ws_moveit/install/moveit_core/bin:${PATH} PYTHONPATH=/home/shs/ws_moveit/install/moveit_configs_utils/lib/python3.10/site-packages:/home/shs/ws_moveit/install/srdfdom/local/lib/python3.10/dist-packages:/home/shs/ws_moveit/install/launch_param_builder/lib/python3.10/site-packages:${PYTHONPATH} /usr/bin/cmake --build /home/shs/ws_moveit/build/moveit_ros_perception -- -j8 -l8
[4.758s] [  5%] [32mBuilding CXX object point_containment_filter/CMakeFiles/moveit_point_containment_filter.dir/src/shape_mask.cpp.o[0m
[4.759s] [ 10%] [32mBuilding CXX object mesh_filter/CMakeFiles/moveit_mesh_filter.dir/src/mesh_filter_base.cpp.o[0m
[4.759s] [ 15%] [32mBuilding CXX object mesh_filter/CMakeFiles/moveit_mesh_filter.dir/src/stereo_camera_model.cpp.o[0m
[4.759s] [ 20%] [32mBuilding CXX object mesh_filter/CMakeFiles/moveit_mesh_filter.dir/src/sensor_model.cpp.o[0m
[4.759s] [ 25%] [32mBuilding CXX object mesh_filter/CMakeFiles/moveit_mesh_filter.dir/src/gl_renderer.cpp.o[0m
[4.760s] [ 30%] [32mBuilding CXX object mesh_filter/CMakeFiles/moveit_mesh_filter.dir/src/gl_mesh.cpp.o[0m
[4.762s] [ 35%] [32mBuilding CXX object lazy_free_space_updater/CMakeFiles/moveit_lazy_free_space_updater.dir/src/lazy_free_space_updater.cpp.o[0m
[4.764s] [ 40%] [32mBuilding CXX object semantic_world/CMakeFiles/moveit_semantic_world.dir/src/semantic_world.cpp.o[0m
[8.100s] [ 45%] [32m[1mLinking CXX shared library libmoveit_lazy_free_space_updater.so[0m
[8.400s] [ 45%] Built target moveit_lazy_free_space_updater
[9.490s] [ 50%] [32m[1mLinking CXX shared library libmoveit_point_containment_filter.so[0m
[9.674s] [ 50%] Built target moveit_point_containment_filter
[9.704s] [ 55%] [32mBuilding CXX object pointcloud_octomap_updater/CMakeFiles/moveit_pointcloud_octomap_updater_core.dir/src/pointcloud_octomap_updater.cpp.o[0m
[9.964s] [ 60%] [32m[1mLinking CXX shared library libmoveit_mesh_filter.so[0m
[10.304s] [ 60%] Built target moveit_mesh_filter
[10.339s] [ 65%] [32mBuilding CXX object depth_image_octomap_updater/CMakeFiles/moveit_depth_image_octomap_updater_core.dir/src/depth_image_octomap_updater.cpp.o[0m
[19.199s] [ 70%] [32m[1mLinking CXX shared library libmoveit_depth_image_octomap_updater_core.so[0m
[19.503s] [ 70%] Built target moveit_depth_image_octomap_updater_core
[19.533s] [ 75%] [32mBuilding CXX object depth_image_octomap_updater/CMakeFiles/moveit_depth_image_octomap_updater.dir/src/updater_plugin.cpp.o[0m
[25.106s] [ 80%] [32m[1mLinking CXX shared library libmoveit_depth_image_octomap_updater.so[0m
[25.313s] [ 80%] Built target moveit_depth_image_octomap_updater
[28.592s] [ 85%] [32m[1mLinking CXX shared library libmoveit_pointcloud_octomap_updater_core.so[0m
[28.920s] [ 85%] Built target moveit_pointcloud_octomap_updater_core
[28.950s] [ 90%] [32mBuilding CXX object pointcloud_octomap_updater/CMakeFiles/moveit_pointcloud_octomap_updater.dir/src/plugin_init.cpp.o[0m
[30.734s] [ 95%] [32m[1mLinking CXX shared library libmoveit_semantic_world.so[0m
[31.183s] [ 95%] Built target moveit_semantic_world
[34.529s] [100%] [32m[1mLinking CXX shared library libmoveit_pointcloud_octomap_updater.so[0m
[34.753s] [100%] Built target moveit_pointcloud_octomap_updater
[34.771s] Invoked command in '/home/shs/ws_moveit/build/moveit_ros_perception' returned '0': AMENT_PREFIX_PATH=/home/shs/ws_moveit/install/moveit_ros_planning:/home/shs/ws_moveit/install/moveit_ros_occupancy_map_monitor:/home/shs/ws_moveit/install/moveit_core:/home/shs/ws_moveit/install/moveit_resources_panda_moveit_config:/home/shs/ws_moveit/install/moveit_configs_utils:/home/shs/ws_moveit/install/srdfdom:/home/shs/ws_moveit/install/moveit_resources_pr2_description:/home/shs/ws_moveit/install/moveit_resources_panda_description:/home/shs/ws_moveit/install/moveit_common:/home/shs/ws_moveit/install/launch_param_builder:${AMENT_PREFIX_PATH} CMAKE_PREFIX_PATH=/home/shs/ws_moveit/install/moveit_ros_planning:/home/shs/ws_moveit/install/moveit_ros_occupancy_map_monitor:/home/shs/ws_moveit/install/moveit_core:/home/shs/ws_moveit/install/moveit_resources_panda_moveit_config:/home/shs/ws_moveit/install/srdfdom:/home/shs/ws_moveit/install/moveit_resources_pr2_description:/home/shs/ws_moveit/install/moveit_resources_panda_description:/home/shs/ws_moveit/install/moveit_common:/home/shs/ws_moveit/install/rosparam_shortcuts:/home/shs/ws_moveit/install/hello_moveit:/home/shs/colcon_ws/install/tf_convenience_topics:/home/shs/colcon_ws/install/sss_viewer:/home/shs/colcon_ws/install/sam_basic_controllers:/home/shs/colcon_ws/install/lolo_description:/home/shs/colcon_ws/install/smarc_msgs:/home/shs/colcon_ws/install/smarc_mission_msgs:/home/shs/colcon_ws/install/smarc_control_msgs:/home/shs/colcon_ws/install/sam_msgs:/home/shs/colcon_ws/install/sam_graph_slam_2_msgs:/home/shs/colcon_ws/install/sam_description:/home/shs/colcon_ws/install/lolo_msgs:/home/shs/colcon_ws/install/drone_msgs:/home/shs/colcon_ws/install/dead_reckoning_msgs:/home/shs/ros2_ws/install/turtlebot3_navigation2:/home/shs/ros2_ws/install/turtlebot3_gazebo:/home/shs/ros2_ws/install/turtlebot3_description:/home/shs/ros2_ws/install/turtlebot3_cartographer:/home/shs/ros2_ws/install/transforms:/home/shs/ros2_ws/install/point_cloud_perception:/home/shs/ros2_ws/install/nodes:/home/shs/ros2_ws/install/navigation_tb3:/home/shs/colcon_ws/install/workshopfun:/home/shs/colcon_ws/install/utm_latlon_converter:/home/shs/colcon_ws/install/smarc_nodered:/home/shs/colcon_ws/install/smarc_bt:/home/shs/colcon_ws/install/smarc_bringups:/home/shs/colcon_ws/install/sam_joy_xbox:/home/shs/colcon_ws/install/sam_joy_teleop:/home/shs/colcon_ws/install/sam_diving_controller:/home/shs/colcon_ws/install/sam_dead_reckoning:/home/shs/colcon_ws/install/ros_tcp_endpoint:/home/shs/colcon_ws/install/ros2_python_examples:/home/shs/colcon_ws/install/mqtt_bridge:/home/shs/colcon_ws/install/dubins_planner:/home/shs/colcon_ws/install/drone_dr:/home/shs/colcon_ws/install/basic_go_to_waypoint:/home/shs/colcon_ws/install/basic_depth_pitch_control:/home/shs/colcon_ws/install/auv_detector:/home/shs/ros2_ws/install/turtlebot3_teleop:/home/shs/ros2_ws/install/turtlebot3_follower:/home/shs/ros2_ws/install/turtlebot3_example:/home/shs/ros2_ws/install/autonomous_tb3:/home/shs/ros2_ws/install/turtle_midpoint:/home/shs/ros2_ws/install/secure_control:/home/shs/ros2_ws/install/robot_math:/home/shs/ros2_ws/install/ai_assitance:/home/shs/install/dive_control:/home/shs/install/basic_go_to_waypoint:/home/shs/install/basic_depth_pitch_control:/home/shs/install/autonomous_tb3:/home/shs/install/ai_assitance:/opt/ros/humble LD_LIBRARY_PATH=/home/shs/ws_moveit/install/moveit_ros_planning/lib:/home/shs/ws_moveit/install/moveit_ros_occupancy_map_monitor/lib:/home/shs/ws_moveit/install/moveit_core/lib:/home/shs/ws_moveit/install/srdfdom/lib:${LD_LIBRARY_PATH} PATH=/home/shs/ws_moveit/install/moveit_core/bin:${PATH} PYTHONPATH=/home/shs/ws_moveit/install/moveit_configs_utils/lib/python3.10/site-packages:/home/shs/ws_moveit/install/srdfdom/local/lib/python3.10/dist-packages:/home/shs/ws_moveit/install/launch_param_builder/lib/python3.10/site-packages:${PYTHONPATH} /usr/bin/cmake --build /home/shs/ws_moveit/build/moveit_ros_perception -- -j8 -l8
[34.773s] Invoking command in '/home/shs/ws_moveit/build/moveit_ros_perception': AMENT_PREFIX_PATH=/home/shs/ws_moveit/install/moveit_ros_planning:/home/shs/ws_moveit/install/moveit_ros_occupancy_map_monitor:/home/shs/ws_moveit/install/moveit_core:/home/shs/ws_moveit/install/moveit_resources_panda_moveit_config:/home/shs/ws_moveit/install/moveit_configs_utils:/home/shs/ws_moveit/install/srdfdom:/home/shs/ws_moveit/install/moveit_resources_pr2_description:/home/shs/ws_moveit/install/moveit_resources_panda_description:/home/shs/ws_moveit/install/moveit_common:/home/shs/ws_moveit/install/launch_param_builder:${AMENT_PREFIX_PATH} CMAKE_PREFIX_PATH=/home/shs/ws_moveit/install/moveit_ros_planning:/home/shs/ws_moveit/install/moveit_ros_occupancy_map_monitor:/home/shs/ws_moveit/install/moveit_core:/home/shs/ws_moveit/install/moveit_resources_panda_moveit_config:/home/shs/ws_moveit/install/srdfdom:/home/shs/ws_moveit/install/moveit_resources_pr2_description:/home/shs/ws_moveit/install/moveit_resources_panda_description:/home/shs/ws_moveit/install/moveit_common:/home/shs/ws_moveit/install/rosparam_shortcuts:/home/shs/ws_moveit/install/hello_moveit:/home/shs/colcon_ws/install/tf_convenience_topics:/home/shs/colcon_ws/install/sss_viewer:/home/shs/colcon_ws/install/sam_basic_controllers:/home/shs/colcon_ws/install/lolo_description:/home/shs/colcon_ws/install/smarc_msgs:/home/shs/colcon_ws/install/smarc_mission_msgs:/home/shs/colcon_ws/install/smarc_control_msgs:/home/shs/colcon_ws/install/sam_msgs:/home/shs/colcon_ws/install/sam_graph_slam_2_msgs:/home/shs/colcon_ws/install/sam_description:/home/shs/colcon_ws/install/lolo_msgs:/home/shs/colcon_ws/install/drone_msgs:/home/shs/colcon_ws/install/dead_reckoning_msgs:/home/shs/ros2_ws/install/turtlebot3_navigation2:/home/shs/ros2_ws/install/turtlebot3_gazebo:/home/shs/ros2_ws/install/turtlebot3_description:/home/shs/ros2_ws/install/turtlebot3_cartographer:/home/shs/ros2_ws/install/transforms:/home/shs/ros2_ws/install/point_cloud_perception:/home/shs/ros2_ws/install/nodes:/home/shs/ros2_ws/install/navigation_tb3:/home/shs/colcon_ws/install/workshopfun:/home/shs/colcon_ws/install/utm_latlon_converter:/home/shs/colcon_ws/install/smarc_nodered:/home/shs/colcon_ws/install/smarc_bt:/home/shs/colcon_ws/install/smarc_bringups:/home/shs/colcon_ws/install/sam_joy_xbox:/home/shs/colcon_ws/install/sam_joy_teleop:/home/shs/colcon_ws/install/sam_diving_controller:/home/shs/colcon_ws/install/sam_dead_reckoning:/home/shs/colcon_ws/install/ros_tcp_endpoint:/home/shs/colcon_ws/install/ros2_python_examples:/home/shs/colcon_ws/install/mqtt_bridge:/home/shs/colcon_ws/install/dubins_planner:/home/shs/colcon_ws/install/drone_dr:/home/shs/colcon_ws/install/basic_go_to_waypoint:/home/shs/colcon_ws/install/basic_depth_pitch_control:/home/shs/colcon_ws/install/auv_detector:/home/shs/ros2_ws/install/turtlebot3_teleop:/home/shs/ros2_ws/install/turtlebot3_follower:/home/shs/ros2_ws/install/turtlebot3_example:/home/shs/ros2_ws/install/autonomous_tb3:/home/shs/ros2_ws/install/turtle_midpoint:/home/shs/ros2_ws/install/secure_control:/home/shs/ros2_ws/install/robot_math:/home/shs/ros2_ws/install/ai_assitance:/home/shs/install/dive_control:/home/shs/install/basic_go_to_waypoint:/home/shs/install/basic_depth_pitch_control:/home/shs/install/autonomous_tb3:/home/shs/install/ai_assitance:/opt/ros/humble LD_LIBRARY_PATH=/home/shs/ws_moveit/install/moveit_ros_planning/lib:/home/shs/ws_moveit/install/moveit_ros_occupancy_map_monitor/lib:/home/shs/ws_moveit/install/moveit_core/lib:/home/shs/ws_moveit/install/srdfdom/lib:${LD_LIBRARY_PATH} PATH=/home/shs/ws_moveit/install/moveit_core/bin:${PATH} PYTHONPATH=/home/shs/ws_moveit/install/moveit_configs_utils/lib/python3.10/site-packages:/home/shs/ws_moveit/install/srdfdom/local/lib/python3.10/dist-packages:/home/shs/ws_moveit/install/launch_param_builder/lib/python3.10/site-packages:${PYTHONPATH} /usr/bin/cmake --install /home/shs/ws_moveit/build/moveit_ros_perception
[34.785s] -- Install configuration: "Release"
[34.785s] -- Installing: /home/shs/ws_moveit/install/moveit_ros_perception/include
[34.786s] -- Installing: /home/shs/ws_moveit/install/moveit_ros_perception/include/moveit
[34.786s] -- Installing: /home/shs/ws_moveit/install/moveit_ros_perception/include/moveit/lazy_free_space_updater
[34.786s] -- Installing: /home/shs/ws_moveit/install/moveit_ros_perception/include/moveit/lazy_free_space_updater/lazy_free_space_updater.h
[34.786s] -- Up-to-date: /home/shs/ws_moveit/install/moveit_ros_perception/include
[34.786s] -- Up-to-date: /home/shs/ws_moveit/install/moveit_ros_perception/include/moveit
[34.786s] -- Installing: /home/shs/ws_moveit/install/moveit_ros_perception/include/moveit/point_containment_filter
[34.787s] -- Installing: /home/shs/ws_moveit/install/moveit_ros_perception/include/moveit/point_containment_filter/shape_mask.h
[34.787s] -- Up-to-date: /home/shs/ws_moveit/install/moveit_ros_perception/include
[34.787s] -- Up-to-date: /home/shs/ws_moveit/install/moveit_ros_perception/include/moveit
[34.787s] -- Installing: /home/shs/ws_moveit/install/moveit_ros_perception/include/moveit/pointcloud_octomap_updater
[34.787s] -- Installing: /home/shs/ws_moveit/install/moveit_ros_perception/include/moveit/pointcloud_octomap_updater/pointcloud_octomap_updater.h
[34.787s] -- Up-to-date: /home/shs/ws_moveit/install/moveit_ros_perception/include
[34.787s] -- Up-to-date: /home/shs/ws_moveit/install/moveit_ros_perception/include/moveit
[34.787s] -- Installing: /home/shs/ws_moveit/install/moveit_ros_perception/include/moveit/mesh_filter
[34.788s] -- Installing: /home/shs/ws_moveit/install/moveit_ros_perception/include/moveit/mesh_filter/mesh_filter.h
[34.788s] -- Installing: /home/shs/ws_moveit/install/moveit_ros_perception/include/moveit/mesh_filter/gl_mesh.h
[34.788s] -- Installing: /home/shs/ws_moveit/install/moveit_ros_perception/include/moveit/mesh_filter/filter_job.h
[34.788s] -- Installing: /home/shs/ws_moveit/install/moveit_ros_perception/include/moveit/mesh_filter/gl_renderer.h
[34.788s] -- Installing: /home/shs/ws_moveit/install/moveit_ros_perception/include/moveit/mesh_filter/sensor_model.h
[34.788s] -- Installing: /home/shs/ws_moveit/install/moveit_ros_perception/include/moveit/mesh_filter/stereo_camera_model.h
[34.788s] -- Installing: /home/shs/ws_moveit/install/moveit_ros_perception/include/moveit/mesh_filter/mesh_filter_base.h
[34.788s] -- Installing: /home/shs/ws_moveit/install/moveit_ros_perception/include/moveit/mesh_filter/depth_self_filter_nodelet.h
[34.788s] -- Installing: /home/shs/ws_moveit/install/moveit_ros_perception/include/moveit/mesh_filter/transform_provider.h
[34.789s] -- Installing: /home/shs/ws_moveit/install/moveit_ros_perception/include/moveit_mesh_filter_export.h
[34.789s] -- Up-to-date: /home/shs/ws_moveit/install/moveit_ros_perception/include
[34.789s] -- Up-to-date: /home/shs/ws_moveit/install/moveit_ros_perception/include/moveit
[34.789s] -- Installing: /home/shs/ws_moveit/install/moveit_ros_perception/include/moveit/depth_image_octomap_updater
[34.789s] -- Installing: /home/shs/ws_moveit/install/moveit_ros_perception/include/moveit/depth_image_octomap_updater/depth_image_octomap_updater.h
[34.790s] -- Up-to-date: /home/shs/ws_moveit/install/moveit_ros_perception/include
[34.790s] -- Up-to-date: /home/shs/ws_moveit/install/moveit_ros_perception/include/moveit
[34.790s] -- Installing: /home/shs/ws_moveit/install/moveit_ros_perception/include/moveit/semantic_world
[34.790s] -- Installing: /home/shs/ws_moveit/install/moveit_ros_perception/include/moveit/semantic_world/semantic_world.h
[34.790s] -- Installing: /home/shs/ws_moveit/install/moveit_ros_perception/lib/libmoveit_depth_image_octomap_updater.so.2.5.8
[34.791s] -- Set runtime path of "/home/shs/ws_moveit/install/moveit_ros_perception/lib/libmoveit_depth_image_octomap_updater.so.2.5.8" to ""
[34.791s] -- Installing: /home/shs/ws_moveit/install/moveit_ros_perception/lib/libmoveit_depth_image_octomap_updater.so
[34.791s] -- Installing: /home/shs/ws_moveit/install/moveit_ros_perception/lib/libmoveit_depth_image_octomap_updater_core.so.2.5.8
[34.792s] -- Set runtime path of "/home/shs/ws_moveit/install/moveit_ros_perception/lib/libmoveit_depth_image_octomap_updater_core.so.2.5.8" to ""
[34.792s] -- Installing: /home/shs/ws_moveit/install/moveit_ros_perception/lib/libmoveit_depth_image_octomap_updater_core.so
[34.792s] -- Installing: /home/shs/ws_moveit/install/moveit_ros_perception/lib/libmoveit_lazy_free_space_updater.so.2.5.8
[34.793s] -- Set runtime path of "/home/shs/ws_moveit/install/moveit_ros_perception/lib/libmoveit_lazy_free_space_updater.so.2.5.8" to ""
[34.793s] -- Installing: /home/shs/ws_moveit/install/moveit_ros_perception/lib/libmoveit_lazy_free_space_updater.so
[34.793s] -- Installing: /home/shs/ws_moveit/install/moveit_ros_perception/lib/libmoveit_mesh_filter.so.2.5.8
[34.793s] -- Set runtime path of "/home/shs/ws_moveit/install/moveit_ros_perception/lib/libmoveit_mesh_filter.so.2.5.8" to ""
[34.794s] -- Installing: /home/shs/ws_moveit/install/moveit_ros_perception/lib/libmoveit_mesh_filter.so
[34.794s] -- Installing: /home/shs/ws_moveit/install/moveit_ros_perception/lib/libmoveit_point_containment_filter.so.2.5.8
[34.794s] -- Set runtime path of "/home/shs/ws_moveit/install/moveit_ros_perception/lib/libmoveit_point_containment_filter.so.2.5.8" to ""
[34.794s] -- Installing: /home/shs/ws_moveit/install/moveit_ros_perception/lib/libmoveit_point_containment_filter.so
[34.795s] -- Installing: /home/shs/ws_moveit/install/moveit_ros_perception/lib/libmoveit_pointcloud_octomap_updater.so.2.5.8
[34.795s] -- Set runtime path of "/home/shs/ws_moveit/install/moveit_ros_perception/lib/libmoveit_pointcloud_octomap_updater.so.2.5.8" to ""
[34.795s] -- Installing: /home/shs/ws_moveit/install/moveit_ros_perception/lib/libmoveit_pointcloud_octomap_updater.so
[34.795s] -- Installing: /home/shs/ws_moveit/install/moveit_ros_perception/lib/libmoveit_pointcloud_octomap_updater_core.so.2.5.8
[34.797s] -- Set runtime path of "/home/shs/ws_moveit/install/moveit_ros_perception/lib/libmoveit_pointcloud_octomap_updater_core.so.2.5.8" to ""
[34.797s] -- Installing: /home/shs/ws_moveit/install/moveit_ros_perception/lib/libmoveit_pointcloud_octomap_updater_core.so
[34.797s] -- Installing: /home/shs/ws_moveit/install/moveit_ros_perception/lib/libmoveit_semantic_world.so.2.5.8
[34.799s] -- Set runtime path of "/home/shs/ws_moveit/install/moveit_ros_perception/lib/libmoveit_semantic_world.so.2.5.8" to ""
[34.800s] -- Installing: /home/shs/ws_moveit/install/moveit_ros_perception/lib/libmoveit_semantic_world.so
[34.800s] -- Installing: /home/shs/ws_moveit/install/moveit_ros_perception/share/moveit_ros_perception/environment/library_path.sh
[34.800s] -- Installing: /home/shs/ws_moveit/install/moveit_ros_perception/share/moveit_ros_perception/environment/library_path.dsv
[34.800s] -- Installing: /home/shs/ws_moveit/install/moveit_ros_perception/share/moveit_ros_perception/pointcloud_octomap_updater_plugin_description.xml
[34.800s] -- Installing: /home/shs/ws_moveit/install/moveit_ros_perception/share/moveit_ros_perception/depth_image_octomap_updater_plugin_description.xml
[34.800s] -- Installing: /home/shs/ws_moveit/install/moveit_ros_perception/share/ament_index/resource_index/package_run_dependencies/moveit_ros_perception
[34.801s] -- Installing: /home/shs/ws_moveit/install/moveit_ros_perception/share/ament_index/resource_index/parent_prefix_path/moveit_ros_perception
[34.801s] -- Installing: /home/shs/ws_moveit/install/moveit_ros_perception/share/moveit_ros_perception/environment/ament_prefix_path.sh
[34.801s] -- Installing: /home/shs/ws_moveit/install/moveit_ros_perception/share/moveit_ros_perception/environment/ament_prefix_path.dsv
[34.801s] -- Installing: /home/shs/ws_moveit/install/moveit_ros_perception/share/moveit_ros_perception/environment/path.sh
[34.801s] -- Installing: /home/shs/ws_moveit/install/moveit_ros_perception/share/moveit_ros_perception/environment/path.dsv
[34.801s] -- Installing: /home/shs/ws_moveit/install/moveit_ros_perception/share/moveit_ros_perception/local_setup.bash
[34.801s] -- Installing: /home/shs/ws_moveit/install/moveit_ros_perception/share/moveit_ros_perception/local_setup.sh
[34.802s] -- Installing: /home/shs/ws_moveit/install/moveit_ros_perception/share/moveit_ros_perception/local_setup.zsh
[34.802s] -- Installing: /home/shs/ws_moveit/install/moveit_ros_perception/share/moveit_ros_perception/local_setup.dsv
[34.802s] -- Installing: /home/shs/ws_moveit/install/moveit_ros_perception/share/moveit_ros_perception/package.dsv
[34.802s] -- Installing: /home/shs/ws_moveit/install/moveit_ros_perception/share/ament_index/resource_index/packages/moveit_ros_perception
[34.802s] -- Installing: /home/shs/ws_moveit/install/moveit_ros_perception/share/ament_index/resource_index/moveit_ros_occupancy_map_monitor__pluginlib__plugin/moveit_ros_perception
[34.803s] -- Installing: /home/shs/ws_moveit/install/moveit_ros_perception/share/moveit_ros_perception/cmake/export_moveit_ros_perceptionExport.cmake
[34.803s] -- Installing: /home/shs/ws_moveit/install/moveit_ros_perception/share/moveit_ros_perception/cmake/export_moveit_ros_perceptionExport-release.cmake
[34.803s] -- Installing: /home/shs/ws_moveit/install/moveit_ros_perception/share/moveit_ros_perception/cmake/ConfigExtras.cmake
[34.803s] -- Installing: /home/shs/ws_moveit/install/moveit_ros_perception/share/moveit_ros_perception/cmake/ament_cmake_export_targets-extras.cmake
[34.803s] -- Installing: /home/shs/ws_moveit/install/moveit_ros_perception/share/moveit_ros_perception/cmake/ament_cmake_export_dependencies-extras.cmake
[34.804s] -- Installing: /home/shs/ws_moveit/install/moveit_ros_perception/share/moveit_ros_perception/cmake/moveit_ros_perceptionConfig.cmake
[34.804s] -- Installing: /home/shs/ws_moveit/install/moveit_ros_perception/share/moveit_ros_perception/cmake/moveit_ros_perceptionConfig-version.cmake
[34.804s] -- Installing: /home/shs/ws_moveit/install/moveit_ros_perception/share/moveit_ros_perception/package.xml
[34.806s] Invoked command in '/home/shs/ws_moveit/build/moveit_ros_perception' returned '0': AMENT_PREFIX_PATH=/home/shs/ws_moveit/install/moveit_ros_planning:/home/shs/ws_moveit/install/moveit_ros_occupancy_map_monitor:/home/shs/ws_moveit/install/moveit_core:/home/shs/ws_moveit/install/moveit_resources_panda_moveit_config:/home/shs/ws_moveit/install/moveit_configs_utils:/home/shs/ws_moveit/install/srdfdom:/home/shs/ws_moveit/install/moveit_resources_pr2_description:/home/shs/ws_moveit/install/moveit_resources_panda_description:/home/shs/ws_moveit/install/moveit_common:/home/shs/ws_moveit/install/launch_param_builder:${AMENT_PREFIX_PATH} CMAKE_PREFIX_PATH=/home/shs/ws_moveit/install/moveit_ros_planning:/home/shs/ws_moveit/install/moveit_ros_occupancy_map_monitor:/home/shs/ws_moveit/install/moveit_core:/home/shs/ws_moveit/install/moveit_resources_panda_moveit_config:/home/shs/ws_moveit/install/srdfdom:/home/shs/ws_moveit/install/moveit_resources_pr2_description:/home/shs/ws_moveit/install/moveit_resources_panda_description:/home/shs/ws_moveit/install/moveit_common:/home/shs/ws_moveit/install/rosparam_shortcuts:/home/shs/ws_moveit/install/hello_moveit:/home/shs/colcon_ws/install/tf_convenience_topics:/home/shs/colcon_ws/install/sss_viewer:/home/shs/colcon_ws/install/sam_basic_controllers:/home/shs/colcon_ws/install/lolo_description:/home/shs/colcon_ws/install/smarc_msgs:/home/shs/colcon_ws/install/smarc_mission_msgs:/home/shs/colcon_ws/install/smarc_control_msgs:/home/shs/colcon_ws/install/sam_msgs:/home/shs/colcon_ws/install/sam_graph_slam_2_msgs:/home/shs/colcon_ws/install/sam_description:/home/shs/colcon_ws/install/lolo_msgs:/home/shs/colcon_ws/install/drone_msgs:/home/shs/colcon_ws/install/dead_reckoning_msgs:/home/shs/ros2_ws/install/turtlebot3_navigation2:/home/shs/ros2_ws/install/turtlebot3_gazebo:/home/shs/ros2_ws/install/turtlebot3_description:/home/shs/ros2_ws/install/turtlebot3_cartographer:/home/shs/ros2_ws/install/transforms:/home/shs/ros2_ws/install/point_cloud_perception:/home/shs/ros2_ws/install/nodes:/home/shs/ros2_ws/install/navigation_tb3:/home/shs/colcon_ws/install/workshopfun:/home/shs/colcon_ws/install/utm_latlon_converter:/home/shs/colcon_ws/install/smarc_nodered:/home/shs/colcon_ws/install/smarc_bt:/home/shs/colcon_ws/install/smarc_bringups:/home/shs/colcon_ws/install/sam_joy_xbox:/home/shs/colcon_ws/install/sam_joy_teleop:/home/shs/colcon_ws/install/sam_diving_controller:/home/shs/colcon_ws/install/sam_dead_reckoning:/home/shs/colcon_ws/install/ros_tcp_endpoint:/home/shs/colcon_ws/install/ros2_python_examples:/home/shs/colcon_ws/install/mqtt_bridge:/home/shs/colcon_ws/install/dubins_planner:/home/shs/colcon_ws/install/drone_dr:/home/shs/colcon_ws/install/basic_go_to_waypoint:/home/shs/colcon_ws/install/basic_depth_pitch_control:/home/shs/colcon_ws/install/auv_detector:/home/shs/ros2_ws/install/turtlebot3_teleop:/home/shs/ros2_ws/install/turtlebot3_follower:/home/shs/ros2_ws/install/turtlebot3_example:/home/shs/ros2_ws/install/autonomous_tb3:/home/shs/ros2_ws/install/turtle_midpoint:/home/shs/ros2_ws/install/secure_control:/home/shs/ros2_ws/install/robot_math:/home/shs/ros2_ws/install/ai_assitance:/home/shs/install/dive_control:/home/shs/install/basic_go_to_waypoint:/home/shs/install/basic_depth_pitch_control:/home/shs/install/autonomous_tb3:/home/shs/install/ai_assitance:/opt/ros/humble LD_LIBRARY_PATH=/home/shs/ws_moveit/install/moveit_ros_planning/lib:/home/shs/ws_moveit/install/moveit_ros_occupancy_map_monitor/lib:/home/shs/ws_moveit/install/moveit_core/lib:/home/shs/ws_moveit/install/srdfdom/lib:${LD_LIBRARY_PATH} PATH=/home/shs/ws_moveit/install/moveit_core/bin:${PATH} PYTHONPATH=/home/shs/ws_moveit/install/moveit_configs_utils/lib/python3.10/site-packages:/home/shs/ws_moveit/install/srdfdom/local/lib/python3.10/dist-packages:/home/shs/ws_moveit/install/launch_param_builder/lib/python3.10/site-packages:${PYTHONPATH} /usr/bin/cmake --install /home/shs/ws_moveit/build/moveit_ros_perception
