[0.022s] Invoking command in '/home/shs/ws_moveit/build/moveit_core': AMENT_PREFIX_PATH=/home/shs/ws_moveit/install/moveit_resources_panda_moveit_config:/home/shs/ws_moveit/install/srdfdom:/home/shs/ws_moveit/install/moveit_resources_pr2_description:/home/shs/ws_moveit/install/moveit_resources_panda_description:/home/shs/ws_moveit/install/moveit_common:${AMENT_PREFIX_PATH} CMAKE_PREFIX_PATH=/home/shs/ws_moveit/install/moveit_resources_panda_moveit_config:/home/shs/ws_moveit/install/srdfdom:/home/shs/ws_moveit/install/moveit_resources_pr2_description:/home/shs/ws_moveit/install/moveit_resources_panda_description:/home/shs/ws_moveit/install/moveit_common:/home/shs/ws_moveit/install/rosparam_shortcuts:/home/shs/ws_moveit/install/hello_moveit:/home/shs/colcon_ws/install/tf_convenience_topics:/home/shs/colcon_ws/install/sss_viewer:/home/shs/colcon_ws/install/sam_basic_controllers:/home/shs/colcon_ws/install/lolo_description:/home/shs/colcon_ws/install/smarc_msgs:/home/shs/colcon_ws/install/smarc_mission_msgs:/home/shs/colcon_ws/install/smarc_control_msgs:/home/shs/colcon_ws/install/sam_msgs:/home/shs/colcon_ws/install/sam_graph_slam_2_msgs:/home/shs/colcon_ws/install/sam_description:/home/shs/colcon_ws/install/lolo_msgs:/home/shs/colcon_ws/install/drone_msgs:/home/shs/colcon_ws/install/dead_reckoning_msgs:/home/shs/ros2_ws/install/turtlebot3_navigation2:/home/shs/ros2_ws/install/turtlebot3_gazebo:/home/shs/ros2_ws/install/turtlebot3_description:/home/shs/ros2_ws/install/turtlebot3_cartographer:/home/shs/ros2_ws/install/transforms:/home/shs/ros2_ws/install/point_cloud_perception:/home/shs/ros2_ws/install/nodes:/home/shs/ros2_ws/install/navigation_tb3:/home/shs/colcon_ws/install/workshopfun:/home/shs/colcon_ws/install/utm_latlon_converter:/home/shs/colcon_ws/install/smarc_nodered:/home/shs/colcon_ws/install/smarc_bt:/home/shs/colcon_ws/install/smarc_bringups:/home/shs/colcon_ws/install/sam_joy_xbox:/home/shs/colcon_ws/install/sam_joy_teleop:/home/shs/colcon_ws/install/sam_diving_controller:/home/shs/colcon_ws/install/sam_dead_reckoning:/home/shs/colcon_ws/install/ros_tcp_endpoint:/home/shs/colcon_ws/install/ros2_python_examples:/home/shs/colcon_ws/install/mqtt_bridge:/home/shs/colcon_ws/install/dubins_planner:/home/shs/colcon_ws/install/drone_dr:/home/shs/colcon_ws/install/basic_go_to_waypoint:/home/shs/colcon_ws/install/basic_depth_pitch_control:/home/shs/colcon_ws/install/auv_detector:/home/shs/ros2_ws/install/turtlebot3_teleop:/home/shs/ros2_ws/install/turtlebot3_follower:/home/shs/ros2_ws/install/turtlebot3_example:/home/shs/ros2_ws/install/autonomous_tb3:/home/shs/ros2_ws/install/turtle_midpoint:/home/shs/ros2_ws/install/secure_control:/home/shs/ros2_ws/install/robot_math:/home/shs/ros2_ws/install/ai_assitance:/home/shs/install/dive_control:/home/shs/install/basic_go_to_waypoint:/home/shs/install/basic_depth_pitch_control:/home/shs/install/autonomous_tb3:/home/shs/install/ai_assitance:/opt/ros/humble LD_LIBRARY_PATH=/home/shs/ws_moveit/install/srdfdom/lib:${LD_LIBRARY_PATH} PYTHONPATH=/home/shs/ws_moveit/install/srdfdom/local/lib/python3.10/dist-packages:${PYTHONPATH} /usr/bin/cmake /home/shs/ws_moveit/src/moveit2/moveit_core -DCMAKE_BUILD_TYPE=Release -DCMAKE_INSTALL_PREFIX=/home/shs/ws_moveit/install/moveit_core
[0.100s] -- The CXX compiler identification is GNU 11.4.0
[0.108s] -- Detecting CXX compiler ABI info
[0.201s] -- Detecting CXX compiler ABI info - done
[0.210s] -- Check for working CXX compiler: /usr/bin/c++ - skipped
[0.210s] -- Detecting CXX compile features
[0.211s] -- Detecting CXX compile features - done
[0.212s] -- Found moveit_common: 2.5.8 (/home/shs/ws_moveit/install/moveit_common/share/moveit_common/cmake)
[0.221s] -- Found ament_cmake: 1.3.11 (/opt/ros/humble/share/ament_cmake/cmake)
[0.468s] -- Found Python3: /usr/bin/python3 (found version "3.10.12") found components: Interpreter 
[0.777s] -- Found angles: 1.15.0 (/opt/ros/humble/share/angles/cmake)
[0.816s] -- Found Bullet: /usr/lib/x86_64-linux-gnu/libBulletDynamics.so (Required is at least version "2.87") 
[0.825s] -- Found common_interfaces: 4.8.0 (/opt/ros/humble/share/common_interfaces/cmake)
[0.833s] -- Found eigen_stl_containers: 1.1.0 (/opt/ros/humble/share/eigen_stl_containers/cmake)
[0.856s] -- Found eigen3_cmake_module: 0.1.1 (/opt/ros/humble/share/eigen3_cmake_module/cmake)
[0.865s] -- Found Eigen3: TRUE (found version "3.4.0") 
[0.882s] -- Found generate_parameter_library: 0.4.0 (/opt/ros/humble/share/generate_parameter_library/cmake)
[0.899s] -- Found parameter_traits: 0.4.0 (/opt/ros/humble/share/parameter_traits/cmake)
[1.016s] -- Found rosidl_generator_c: 3.1.6 (/opt/ros/humble/share/rosidl_generator_c/cmake)
[1.035s] -- Found rosidl_adapter: 3.1.6 (/opt/ros/humble/share/rosidl_adapter/cmake)
[1.056s] -- Found rosidl_generator_cpp: 3.1.6 (/opt/ros/humble/share/rosidl_generator_cpp/cmake)
[1.084s] -- Using all available rosidl_typesupport_c: rosidl_typesupport_fastrtps_c;rosidl_typesupport_introspection_c
[1.123s] -- Using all available rosidl_typesupport_cpp: rosidl_typesupport_fastrtps_cpp;rosidl_typesupport_introspection_cpp
[1.238s] -- Found rmw_implementation_cmake: 6.1.2 (/opt/ros/humble/share/rmw_implementation_cmake/cmake)
[1.249s] -- Found rmw_fastrtps_cpp: 6.2.7 (/opt/ros/humble/share/rmw_fastrtps_cpp/cmake)
[1.391s] -- Found OpenSSL: /usr/lib/x86_64-linux-gnu/libcrypto.so (found version "3.0.2")  
[1.426s] -- Found FastRTPS: /opt/ros/humble/include  
[1.489s] -- Using RMW implementation 'rmw_fastrtps_cpp' as default
[1.518s] -- Looking for C++ include pthread.h
[1.653s] -- Looking for C++ include pthread.h - found
[1.653s] -- Performing Test CMAKE_HAVE_LIBC_PTHREAD
[1.792s] -- Performing Test CMAKE_HAVE_LIBC_PTHREAD - Success
[1.793s] -- Found Threads: TRUE  
[1.913s] -- Found rclcpp_lifecycle: 16.0.12 (/opt/ros/humble/share/rclcpp_lifecycle/cmake)
[1.955s] -- Found geometric_shapes: 2.3.2 (/opt/ros/humble/share/geometric_shapes/cmake)
[1.985s] -- Found Boost: /usr/lib/x86_64-linux-gnu/cmake/Boost-1.74.0/BoostConfig.cmake (found version "1.74.0") found components: filesystem 
[2.152s] -- library: /usr/lib/x86_64-linux-gnu/libcurl.so
[2.243s] -- Found kdl_parser: 2.6.4 (/opt/ros/humble/share/kdl_parser/cmake)
[2.264s] -- Ensuring Eigen3 include directory is part of orocos-kdl CMake target
[2.280s] -- Found moveit_msgs: 2.2.1 (/opt/ros/humble/share/moveit_msgs/cmake)
[2.450s] -- Found pluginlib: 5.1.0 (/opt/ros/humble/share/pluginlib/cmake)
[2.498s] -- Found srdfdom: 2.0.7 (/home/shs/ws_moveit/install/srdfdom/share/srdfdom/cmake)
[2.536s] -- Found tf2_eigen: 0.25.12 (/opt/ros/humble/share/tf2_eigen/cmake)
[2.672s] -- Found tf2_geometry_msgs: 0.25.12 (/opt/ros/humble/share/tf2_geometry_msgs/cmake)
[2.684s] -- Found tf2_kdl: 0.25.12 (/opt/ros/humble/share/tf2_kdl/cmake)
[2.776s] -- Found Boost: /usr/lib/x86_64-linux-gnu/cmake/Boost-1.74.0/BoostConfig.cmake (found version "1.74.0") found components: chrono date_time filesystem iostreams program_options regex serialization system thread 
[2.778s] --  *** Building MoveIt 2.5.8-Alpha ***
[2.782s] -- Performing Test COMPILER_HAS_HIDDEN_VISIBILITY
[2.904s] -- Performing Test COMPILER_HAS_HIDDEN_VISIBILITY - Success
[2.905s] -- Performing Test COMPILER_HAS_HIDDEN_INLINE_VISIBILITY
[3.034s] -- Performing Test COMPILER_HAS_HIDDEN_INLINE_VISIBILITY - Success
[3.034s] -- Performing Test COMPILER_HAS_DEPRECATED_ATTR
[3.165s] -- Performing Test COMPILER_HAS_DEPRECATED_ATTR - Success
[3.189s] -- Found ament_cmake_gtest: 1.3.11 (/opt/ros/humble/share/ament_cmake_gtest/cmake)
[3.199s] -- Found gtest sources under '/opt/ros/humble/src/gtest_vendor': C++ tests using 'Google Test' will be built
[3.249s] -- The C compiler identification is GNU 11.4.0
[3.257s] -- Detecting C compiler ABI info
[3.370s] -- Detecting C compiler ABI info - done
[3.380s] -- Check for working C compiler: /usr/bin/cc - skipped
[3.380s] -- Detecting C compile features
[3.381s] -- Detecting C compile features - done
[3.417s] -- Found ament_cmake_gmock: 1.3.11 (/opt/ros/humble/share/ament_cmake_gmock/cmake)
[3.431s] -- Found gmock sources under '/opt/ros/humble/src/gmock_vendor': C++ tests using 'Google Mock' will be built
[3.435s] -- Found ament_cmake_gtest: 1.3.11 (/opt/ros/humble/share/ament_cmake_gtest/cmake)
[3.436s] -- Found gtest sources under '/opt/ros/humble/src/gtest_vendor': C++ tests using 'Google Test' will be built
[3.462s] -- Found ament_cmake_gtest: 1.3.11 (/opt/ros/humble/share/ament_cmake_gtest/cmake)
[3.463s] -- Found gtest sources under '/opt/ros/humble/src/gtest_vendor': C++ tests using 'Google Test' will be built
[3.524s] -- Found ament_cmake_gtest: 1.3.11 (/opt/ros/humble/share/ament_cmake_gtest/cmake)
[3.525s] -- Found gtest sources under '/opt/ros/humble/src/gtest_vendor': C++ tests using 'Google Test' will be built
[3.555s] -- Found ament_lint_auto: 0.12.12 (/opt/ros/humble/share/ament_lint_auto/cmake)
[3.556s] -- Found ament_cmake_gtest: 1.3.11 (/opt/ros/humble/share/ament_cmake_gtest/cmake)
[3.556s] -- Found gtest sources under '/opt/ros/humble/src/gtest_vendor': C++ tests using 'Google Test' will be built
[3.598s] -- Found ament_cmake_gtest: 1.3.11 (/opt/ros/humble/share/ament_cmake_gtest/cmake)
[3.598s] -- Found gtest sources under '/opt/ros/humble/src/gtest_vendor': C++ tests using 'Google Test' will be built
[3.631s] -- Found ament_cmake_gtest: 1.3.11 (/opt/ros/humble/share/ament_cmake_gtest/cmake)
[3.632s] -- Found gtest sources under '/opt/ros/humble/src/gtest_vendor': C++ tests using 'Google Test' will be built
[3.655s] -- Found ament_cmake_gtest: 1.3.11 (/opt/ros/humble/share/ament_cmake_gtest/cmake)
[3.656s] -- Found gmock sources under '/opt/ros/humble/src/gmock_vendor': C++ tests using 'Google Mock' will be built
[3.656s] -- Found gtest sources under '/opt/ros/humble/src/gtest_vendor': C++ tests using 'Google Test' will be built
[3.673s] -- Found gtest sources under '/opt/ros/humble/src/gtest_vendor': C++ tests using 'Google Test' will be built
[3.693s] -- Found gtest sources under '/opt/ros/humble/src/gtest_vendor': C++ tests using 'Google Test' will be built
[3.718s] -- Found ament_cmake_gtest: 1.3.11 (/opt/ros/humble/share/ament_cmake_gtest/cmake)
[3.718s] -- Found gtest sources under '/opt/ros/humble/src/gtest_vendor': C++ tests using 'Google Test' will be built
[3.768s] -- Found gtest sources under '/opt/ros/humble/src/gtest_vendor': C++ tests using 'Google Test' will be built
[3.802s] -- Found gtest sources under '/opt/ros/humble/src/gtest_vendor': C++ tests using 'Google Test' will be built
[3.829s] -- Found gtest sources under '/opt/ros/humble/src/gtest_vendor': C++ tests using 'Google Test' will be built
[3.836s] -- Found ament_lint_auto: 0.12.12 (/opt/ros/humble/share/ament_lint_auto/cmake)
[3.901s] -- Added test 'cppcheck' to perform static code analysis on C / C++ code
[3.903s] -- Configured cppcheck include dirs: /home/shs/ws_moveit/src/moveit2/moveit_core/exceptions/include;/home/shs/ws_moveit/src/moveit2/moveit_core/collision_detection/include;/home/shs/ws_moveit/src/moveit2/moveit_core/collision_detection_fcl/include;/home/shs/ws_moveit/src/moveit2/moveit_core/collision_detection_bullet/include;/home/shs/ws_moveit/src/moveit2/moveit_core/constraint_samplers/include;/home/shs/ws_moveit/src/moveit2/moveit_core/controller_manager/include;/home/shs/ws_moveit/src/moveit2/moveit_core/distance_field/include;/home/shs/ws_moveit/src/moveit2/moveit_core/collision_distance_field/include;/home/shs/ws_moveit/src/moveit2/moveit_core/dynamics_solver/include;/home/shs/ws_moveit/src/moveit2/moveit_core/kinematics_base/include;/home/shs/ws_moveit/src/moveit2/moveit_core/kinematics_metrics/include;/home/shs/ws_moveit/src/moveit2/moveit_core/robot_model/include;/home/shs/ws_moveit/src/moveit2/moveit_core/transforms/include;/home/shs/ws_moveit/src/moveit2/moveit_core/robot_state/include;/home/shs/ws_moveit/src/moveit2/moveit_core/robot_trajectory/include;/home/shs/ws_moveit/src/moveit2/moveit_core/kinematic_constraints/include;/home/shs/ws_moveit/src/moveit2/moveit_core/macros/include;/home/shs/ws_moveit/src/moveit2/moveit_core/online_signal_smoothing/include;/home/shs/ws_moveit/src/moveit2/moveit_core/planning_interface/include;/home/shs/ws_moveit/src/moveit2/moveit_core/planning_request_adapter/include;/home/shs/ws_moveit/src/moveit2/moveit_core/planning_scene/include;/home/shs/ws_moveit/src/moveit2/moveit_core/sensor_manager/include;/home/shs/ws_moveit/src/moveit2/moveit_core/trajectory_processing/include;/home/shs/ws_moveit/src/moveit2/moveit_core/utils/include
[3.903s] -- Configured cppcheck exclude dirs and/or files: 
[3.907s] -- Added test 'pep257' to check Python code against some of the docstring style conventions in PEP 257
[3.912s] -- Added test 'xmllint' to check XML markup files
[3.917s] -- Configuring done
[4.733s] -- Generating done
[4.916s] -- Build files have been written to: /home/shs/ws_moveit/build/moveit_core
[4.961s] Invoked command in '/home/shs/ws_moveit/build/moveit_core' returned '0': AMENT_PREFIX_PATH=/home/shs/ws_moveit/install/moveit_resources_panda_moveit_config:/home/shs/ws_moveit/install/srdfdom:/home/shs/ws_moveit/install/moveit_resources_pr2_description:/home/shs/ws_moveit/install/moveit_resources_panda_description:/home/shs/ws_moveit/install/moveit_common:${AMENT_PREFIX_PATH} CMAKE_PREFIX_PATH=/home/shs/ws_moveit/install/moveit_resources_panda_moveit_config:/home/shs/ws_moveit/install/srdfdom:/home/shs/ws_moveit/install/moveit_resources_pr2_description:/home/shs/ws_moveit/install/moveit_resources_panda_description:/home/shs/ws_moveit/install/moveit_common:/home/shs/ws_moveit/install/rosparam_shortcuts:/home/shs/ws_moveit/install/hello_moveit:/home/shs/colcon_ws/install/tf_convenience_topics:/home/shs/colcon_ws/install/sss_viewer:/home/shs/colcon_ws/install/sam_basic_controllers:/home/shs/colcon_ws/install/lolo_description:/home/shs/colcon_ws/install/smarc_msgs:/home/shs/colcon_ws/install/smarc_mission_msgs:/home/shs/colcon_ws/install/smarc_control_msgs:/home/shs/colcon_ws/install/sam_msgs:/home/shs/colcon_ws/install/sam_graph_slam_2_msgs:/home/shs/colcon_ws/install/sam_description:/home/shs/colcon_ws/install/lolo_msgs:/home/shs/colcon_ws/install/drone_msgs:/home/shs/colcon_ws/install/dead_reckoning_msgs:/home/shs/ros2_ws/install/turtlebot3_navigation2:/home/shs/ros2_ws/install/turtlebot3_gazebo:/home/shs/ros2_ws/install/turtlebot3_description:/home/shs/ros2_ws/install/turtlebot3_cartographer:/home/shs/ros2_ws/install/transforms:/home/shs/ros2_ws/install/point_cloud_perception:/home/shs/ros2_ws/install/nodes:/home/shs/ros2_ws/install/navigation_tb3:/home/shs/colcon_ws/install/workshopfun:/home/shs/colcon_ws/install/utm_latlon_converter:/home/shs/colcon_ws/install/smarc_nodered:/home/shs/colcon_ws/install/smarc_bt:/home/shs/colcon_ws/install/smarc_bringups:/home/shs/colcon_ws/install/sam_joy_xbox:/home/shs/colcon_ws/install/sam_joy_teleop:/home/shs/colcon_ws/install/sam_diving_controller:/home/shs/colcon_ws/install/sam_dead_reckoning:/home/shs/colcon_ws/install/ros_tcp_endpoint:/home/shs/colcon_ws/install/ros2_python_examples:/home/shs/colcon_ws/install/mqtt_bridge:/home/shs/colcon_ws/install/dubins_planner:/home/shs/colcon_ws/install/drone_dr:/home/shs/colcon_ws/install/basic_go_to_waypoint:/home/shs/colcon_ws/install/basic_depth_pitch_control:/home/shs/colcon_ws/install/auv_detector:/home/shs/ros2_ws/install/turtlebot3_teleop:/home/shs/ros2_ws/install/turtlebot3_follower:/home/shs/ros2_ws/install/turtlebot3_example:/home/shs/ros2_ws/install/autonomous_tb3:/home/shs/ros2_ws/install/turtle_midpoint:/home/shs/ros2_ws/install/secure_control:/home/shs/ros2_ws/install/robot_math:/home/shs/ros2_ws/install/ai_assitance:/home/shs/install/dive_control:/home/shs/install/basic_go_to_waypoint:/home/shs/install/basic_depth_pitch_control:/home/shs/install/autonomous_tb3:/home/shs/install/ai_assitance:/opt/ros/humble LD_LIBRARY_PATH=/home/shs/ws_moveit/install/srdfdom/lib:${LD_LIBRARY_PATH} PYTHONPATH=/home/shs/ws_moveit/install/srdfdom/local/lib/python3.10/dist-packages:${PYTHONPATH} /usr/bin/cmake /home/shs/ws_moveit/src/moveit2/moveit_core -DCMAKE_BUILD_TYPE=Release -DCMAKE_INSTALL_PREFIX=/home/shs/ws_moveit/install/moveit_core
[4.961s] Invoking command in '/home/shs/ws_moveit/build/moveit_core': AMENT_PREFIX_PATH=/home/shs/ws_moveit/install/moveit_resources_panda_moveit_config:/home/shs/ws_moveit/install/srdfdom:/home/shs/ws_moveit/install/moveit_resources_pr2_description:/home/shs/ws_moveit/install/moveit_resources_panda_description:/home/shs/ws_moveit/install/moveit_common:${AMENT_PREFIX_PATH} CMAKE_PREFIX_PATH=/home/shs/ws_moveit/install/moveit_resources_panda_moveit_config:/home/shs/ws_moveit/install/srdfdom:/home/shs/ws_moveit/install/moveit_resources_pr2_description:/home/shs/ws_moveit/install/moveit_resources_panda_description:/home/shs/ws_moveit/install/moveit_common:/home/shs/ws_moveit/install/rosparam_shortcuts:/home/shs/ws_moveit/install/hello_moveit:/home/shs/colcon_ws/install/tf_convenience_topics:/home/shs/colcon_ws/install/sss_viewer:/home/shs/colcon_ws/install/sam_basic_controllers:/home/shs/colcon_ws/install/lolo_description:/home/shs/colcon_ws/install/smarc_msgs:/home/shs/colcon_ws/install/smarc_mission_msgs:/home/shs/colcon_ws/install/smarc_control_msgs:/home/shs/colcon_ws/install/sam_msgs:/home/shs/colcon_ws/install/sam_graph_slam_2_msgs:/home/shs/colcon_ws/install/sam_description:/home/shs/colcon_ws/install/lolo_msgs:/home/shs/colcon_ws/install/drone_msgs:/home/shs/colcon_ws/install/dead_reckoning_msgs:/home/shs/ros2_ws/install/turtlebot3_navigation2:/home/shs/ros2_ws/install/turtlebot3_gazebo:/home/shs/ros2_ws/install/turtlebot3_description:/home/shs/ros2_ws/install/turtlebot3_cartographer:/home/shs/ros2_ws/install/transforms:/home/shs/ros2_ws/install/point_cloud_perception:/home/shs/ros2_ws/install/nodes:/home/shs/ros2_ws/install/navigation_tb3:/home/shs/colcon_ws/install/workshopfun:/home/shs/colcon_ws/install/utm_latlon_converter:/home/shs/colcon_ws/install/smarc_nodered:/home/shs/colcon_ws/install/smarc_bt:/home/shs/colcon_ws/install/smarc_bringups:/home/shs/colcon_ws/install/sam_joy_xbox:/home/shs/colcon_ws/install/sam_joy_teleop:/home/shs/colcon_ws/install/sam_diving_controller:/home/shs/colcon_ws/install/sam_dead_reckoning:/home/shs/colcon_ws/install/ros_tcp_endpoint:/home/shs/colcon_ws/install/ros2_python_examples:/home/shs/colcon_ws/install/mqtt_bridge:/home/shs/colcon_ws/install/dubins_planner:/home/shs/colcon_ws/install/drone_dr:/home/shs/colcon_ws/install/basic_go_to_waypoint:/home/shs/colcon_ws/install/basic_depth_pitch_control:/home/shs/colcon_ws/install/auv_detector:/home/shs/ros2_ws/install/turtlebot3_teleop:/home/shs/ros2_ws/install/turtlebot3_follower:/home/shs/ros2_ws/install/turtlebot3_example:/home/shs/ros2_ws/install/autonomous_tb3:/home/shs/ros2_ws/install/turtle_midpoint:/home/shs/ros2_ws/install/secure_control:/home/shs/ros2_ws/install/robot_math:/home/shs/ros2_ws/install/ai_assitance:/home/shs/install/dive_control:/home/shs/install/basic_go_to_waypoint:/home/shs/install/basic_depth_pitch_control:/home/shs/install/autonomous_tb3:/home/shs/install/ai_assitance:/opt/ros/humble LD_LIBRARY_PATH=/home/shs/ws_moveit/install/srdfdom/lib:${LD_LIBRARY_PATH} PYTHONPATH=/home/shs/ws_moveit/install/srdfdom/local/lib/python3.10/dist-packages:${PYTHONPATH} /usr/bin/cmake --build /home/shs/ws_moveit/build/moveit_core -- -j8 -l8
[5.051s] [  0%] [32mBuilding CXX object gmock/CMakeFiles/gmock.dir/opt/ros/humble/src/gtest_vendor/src/gtest-all.cc.o[0m
[5.052s] [  1%] [32mBuilding CXX object transforms/CMakeFiles/moveit_transforms.dir/src/transforms.cpp.o[0m
[5.052s] [  2%] [32mBuilding CXX object gtest/CMakeFiles/gtest_main.dir/src/gtest_main.cc.o[0m
[5.052s] [  2%] [32mBuilding CXX object gtest/CMakeFiles/gtest.dir/src/gtest-all.cc.o[0m
[5.052s] [  3%] [32mBuilding CXX object kinematics_base/CMakeFiles/moveit_kinematics_base.dir/src/kinematics_base.cpp.o[0m
[5.052s] [  4%] [32mBuilding CXX object utils/CMakeFiles/moveit_utils.dir/src/lexical_casts.cpp.o[0m
[5.053s] [  5%] [32mBuilding CXX object exceptions/CMakeFiles/moveit_exceptions.dir/src/exceptions.cpp.o[0m
[5.055s] [  6%] [32mBuilding CXX object distance_field/CMakeFiles/moveit_distance_field.dir/src/distance_field.cpp.o[0m
[6.001s] [  6%] [32mBuilding CXX object utils/CMakeFiles/moveit_utils.dir/src/message_checks.cpp.o[0m
[6.420s] [  6%] [32m[1mLinking CXX shared library libmoveit_exceptions.so[0m
[6.716s] [  6%] Built target moveit_exceptions
[6.737s] [  7%] [32mBuilding CXX object distance_field/CMakeFiles/moveit_distance_field.dir/src/find_internal_points.cpp.o[0m
[7.315s] [  7%] [32m[1mLinking CXX static library libgtest_main.a[0m
[7.388s] [  7%] Built target gtest_main
[7.405s] [  7%] [32mBuilding CXX object distance_field/CMakeFiles/moveit_distance_field.dir/src/propagation_distance_field.cpp.o[0m
[8.279s] [  8%] [32mBuilding CXX object utils/CMakeFiles/moveit_utils.dir/src/rclcpp_utils.cpp.o[0m
[8.815s] [  9%] [32m[1mLinking CXX shared library libmoveit_utils.so[0m
[9.981s] [ 10%] [32mBuilding CXX object gmock/CMakeFiles/gmock.dir/src/gmock-all.cc.o[0m
[10.156s] [ 10%] Built target moveit_utils
[10.200s] [ 10%] [32mBuilding CXX object gmock/CMakeFiles/gmock_main.dir/src/gmock_main.cc.o[0m
[13.373s] [ 11%] [32m[1mLinking CXX static library libgmock_main.a[0m
[13.448s] [ 11%] Built target gmock_main
[13.500s] [ 12%] [32mBuilding CXX object online_signal_smoothing/CMakeFiles/moveit_smoothing_base.dir/src/smoothing_base_class.cpp.o[0m
[15.127s] [ 12%] [32m[1mLinking CXX shared library libmoveit_kinematics_base.so[0m
[15.465s] [ 12%] Built target moveit_kinematics_base
[15.513s] [ 13%] [34m[1mRunning `/opt/ros/humble/bin/generate_parameter_library_cpp /home/shs/ws_moveit/build/moveit_core/online_signal_smoothing/include/moveit_core/moveit_butterworth_parameters.hpp /home/shs/ws_moveit/src/moveit2/moveit_core/online_signal_smoothing/src/butterworth_parameters.yaml `[0m
[15.982s] [ 14%] [34m[1mCreating deprecated header file /home/shs/ws_moveit/build/moveit_core/online_signal_smoothing/include/moveit_butterworth_parameters.hpp[0m
[16.099s] [ 14%] Built target moveit_butterworth_parameters
[16.166s] [ 14%] [32mBuilding CXX object version/CMakeFiles/moveit_version.dir/version.cpp.o[0m
[16.250s] [ 15%] [32m[1mLinking CXX executable moveit_version[0m
[16.440s] [ 15%] Built target moveit_version
[16.493s] [ 15%] [32mBuilding CXX object robot_model/CMakeFiles/moveit_robot_model.dir/src/aabb.cpp.o[0m
[17.467s] [ 16%] [32mBuilding CXX object robot_model/CMakeFiles/moveit_robot_model.dir/src/fixed_joint_model.cpp.o[0m
[19.824s] [ 16%] [32m[1mLinking CXX shared library libmoveit_smoothing_base.so[0m
[19.996s] [ 16%] [32m[1mLinking CXX shared library libmoveit_transforms.so[0m
[20.075s] [ 16%] [32mBuilding CXX object robot_model/CMakeFiles/moveit_robot_model.dir/src/floating_joint_model.cpp.o[0m
[20.107s] [ 16%] Built target moveit_smoothing_base
[20.130s] [ 17%] [32mBuilding CXX object robot_model/CMakeFiles/moveit_robot_model.dir/src/joint_model.cpp.o[0m
[20.349s] [ 17%] Built target moveit_transforms
[20.365s] [ 17%] [32mBuilding CXX object robot_model/CMakeFiles/moveit_robot_model.dir/src/joint_model_group.cpp.o[0m
[20.871s] [ 18%] [32mBuilding CXX object robot_model/CMakeFiles/moveit_robot_model.dir/src/link_model.cpp.o[0m
[21.013s] [ 19%] [32mBuilding CXX object robot_model/CMakeFiles/moveit_robot_model.dir/src/planar_joint_model.cpp.o[0m
[21.595s] [ 20%] [32m[1mLinking CXX static library libgmock.a[0m
[21.628s] [ 21%] [32m[1mLinking CXX static library libgtest.a[0m
[21.675s] [ 21%] Built target gmock
[21.693s] [ 21%] [32mBuilding CXX object robot_model/CMakeFiles/moveit_robot_model.dir/src/prismatic_joint_model.cpp.o[0m
[21.704s] [ 21%] Built target gtest
[21.724s] [ 22%] [32mBuilding CXX object robot_model/CMakeFiles/moveit_robot_model.dir/src/revolute_joint_model.cpp.o[0m
[23.411s] [ 23%] [32m[1mLinking CXX shared library libmoveit_distance_field.so[0m
[23.787s] [ 23%] Built target moveit_distance_field
[23.807s] [ 23%] [32mBuilding CXX object robot_model/CMakeFiles/moveit_robot_model.dir/src/robot_model.cpp.o[0m
[25.683s] [ 23%] [32mBuilding CXX object transforms/CMakeFiles/test_transforms.dir/test/test_transforms.cpp.o[0m
[30.417s] [ 24%] [32m[1mLinking CXX executable test_transforms[0m
[30.609s] [ 24%] Built target test_transforms
[30.643s] [ 26%] [32mBuilding CXX object distance_field/CMakeFiles/test_voxel_grid.dir/test/test_voxel_grid.cpp.o[0m
[30.643s] [ 26%] [32mBuilding CXX object distance_field/CMakeFiles/test_distance_field.dir/test/test_distance_field.cpp.o[0m
[36.217s] [ 26%] [32m[1mLinking CXX executable test_voxel_grid[0m
[36.484s] [ 26%] Built target test_voxel_grid
[36.883s] [ 27%] [32m[1mLinking CXX shared library libmoveit_robot_model.so[0m
[37.115s] [ 27%] Built target moveit_robot_model
[37.145s] [ 28%] [32mBuilding CXX object online_signal_smoothing/CMakeFiles/moveit_butterworth_filter.dir/src/butterworth_filter.cpp.o[0m
[37.147s] [ 30%] [32mBuilding CXX object robot_state/CMakeFiles/moveit_robot_state.dir/src/attached_body.cpp.o[0m
[37.148s] [ 30%] [32mBuilding CXX object utils/CMakeFiles/moveit_test_utils.dir/src/robot_model_test_utils.cpp.o[0m
[37.149s] [ 30%] [32mBuilding CXX object robot_state/CMakeFiles/moveit_robot_state.dir/src/conversions.cpp.o[0m
[37.149s] [ 31%] [32mBuilding CXX object robot_state/CMakeFiles/moveit_robot_state.dir/src/robot_state.cpp.o[0m
[37.149s] [ 31%] [32mBuilding CXX object robot_state/CMakeFiles/moveit_robot_state.dir/src/cartesian_interpolator.cpp.o[0m
[45.962s] [ 31%] [32m[1mLinking CXX executable test_distance_field[0m
[46.482s] [ 31%] Built target test_distance_field
[48.908s] [ 31%] [32m[1mLinking CXX shared library libmoveit_butterworth_filter.so[0m
[49.149s] [ 31%] Built target moveit_butterworth_filter
[49.183s] [ 31%] [32mBuilding CXX object online_signal_smoothing/CMakeFiles/test_butterworth_filter.dir/test/test_butterworth_filter.cpp.o[0m
[53.734s] [ 32%] [32m[1mLinking CXX shared library libmoveit_test_utils.so[0m
[53.998s] [ 32%] Built target moveit_test_utils
[54.039s] [ 33%] [32mBuilding CXX object robot_model/CMakeFiles/test_robot_model.dir/test/test.cpp.o[0m
[58.526s] [ 34%] [32m[1mLinking CXX executable test_butterworth_filter[0m
[58.734s] [ 34%] Built target test_butterworth_filter
[61.492s] [ 34%] [32m[1mLinking CXX executable test_robot_model[0m
[61.797s] [ 34%] Built target test_robot_model
[67.412s] [ 35%] [32m[1mLinking CXX shared library libmoveit_robot_state.so[0m
[67.626s] [ 35%] Built target moveit_robot_state
[67.669s] [ 38%] [32mBuilding CXX object robot_trajectory/CMakeFiles/moveit_robot_trajectory.dir/src/robot_trajectory.cpp.o[0m
[67.669s] [ 38%] [32mBuilding CXX object robot_state/CMakeFiles/test_robot_state.dir/test/robot_state_test.cpp.o[0m
[67.669s] [ 38%] [32mBuilding CXX object dynamics_solver/CMakeFiles/moveit_dynamics_solver.dir/src/dynamics_solver.cpp.o[0m
[67.669s] [ 38%] [32mBuilding CXX object kinematics_metrics/CMakeFiles/moveit_kinematics_metrics.dir/src/kinematics_metrics.cpp.o[0m
[67.670s] [ 38%] [32mBuilding CXX object robot_state/CMakeFiles/test_robot_state_complex.dir/test/test_kinematic_complex.cpp.o[0m
[67.670s] [ 38%] [32mBuilding CXX object collision_detection/CMakeFiles/moveit_collision_detection.dir/src/allvalid/collision_env_allvalid.cpp.o[0m
[67.670s] [ 38%] [32mBuilding CXX object robot_state/CMakeFiles/test_robot_state_benchmark.dir/test/robot_state_benchmark.cpp.o[0m
[67.670s] [ 38%] [32mBuilding CXX object robot_state/CMakeFiles/test_aabb.dir/test/test_aabb.cpp.o[0m
[79.290s] [ 39%] [32mBuilding CXX object collision_detection/CMakeFiles/moveit_collision_detection.dir/src/collision_common.cpp.o[0m
[81.215s] [ 40%] [32m[1mLinking CXX shared library libmoveit_dynamics_solver.so[0m
[81.639s] [ 40%] Built target moveit_dynamics_solver
[81.665s] [ 40%] [32mBuilding CXX object collision_detection/CMakeFiles/moveit_collision_detection.dir/src/collision_matrix.cpp.o[0m
[83.727s] [ 41%] [32m[1mLinking CXX executable test_robot_state_benchmark[0m
[84.350s] [ 41%] Built target test_robot_state_benchmark
[84.372s] [ 42%] [32mBuilding CXX object collision_detection/CMakeFiles/moveit_collision_detection.dir/src/collision_octomap_filter.cpp.o[0m
[86.367s] [ 43%] [32m[1mLinking CXX executable test_aabb[0m
[86.983s] [ 43%] Built target test_aabb
[87.002s] [ 44%] [32mBuilding CXX object collision_detection/CMakeFiles/moveit_collision_detection.dir/src/collision_tools.cpp.o[0m
[87.013s] [ 45%] [32m[1mLinking CXX executable test_robot_state_complex[0m
[87.606s] [ 45%] Built target test_robot_state_complex
[87.624s] [ 45%] [32mBuilding CXX object collision_detection/CMakeFiles/moveit_collision_detection.dir/src/world.cpp.o[0m
[88.024s] [ 45%] [32m[1mLinking CXX shared library libmoveit_robot_trajectory.so[0m
[88.427s] [ 45%] Built target moveit_robot_trajectory
[88.448s] [ 46%] [32mBuilding CXX object collision_detection/CMakeFiles/moveit_collision_detection.dir/src/world_diff.cpp.o[0m
[89.951s] [ 47%] [32mBuilding CXX object robot_state/CMakeFiles/test_cartesian_interpolator.dir/test/test_cartesian_interpolator.cpp.o[0m
[91.616s] [ 48%] [32m[1mLinking CXX executable test_robot_state[0m
[92.264s] [ 48%] Built target test_robot_state
[92.285s] [ 48%] [32mBuilding CXX object collision_detection/CMakeFiles/moveit_collision_detection.dir/src/collision_env.cpp.o[0m
[93.812s] [ 49%] [32mBuilding CXX object robot_trajectory/CMakeFiles/test_robot_trajectory.dir/test/test_robot_trajectory.cpp.o[0m
[94.528s] [ 50%] [32mBuilding CXX object collision_detection/CMakeFiles/moveit_collision_detection.dir/src/collision_plugin_cache.cpp.o[0m
[102.608s] [ 50%] [32m[1mLinking CXX executable test_cartesian_interpolator[0m
[102.972s] [ 50%] Built target test_cartesian_interpolator
[103.023s] [ 51%] [32mBuilding CXX object trajectory_processing/CMakeFiles/moveit_trajectory_processing.dir/src/iterative_time_parameterization.cpp.o[0m
[103.023s] [ 51%] [32mBuilding CXX object trajectory_processing/CMakeFiles/moveit_trajectory_processing.dir/src/iterative_spline_parameterization.cpp.o[0m
[103.023s] [ 52%] [32mBuilding CXX object planning_interface/CMakeFiles/moveit_planning_interface.dir/src/planning_interface.cpp.o[0m
[103.512s] [ 52%] [32mBuilding CXX object trajectory_processing/CMakeFiles/moveit_trajectory_processing.dir/src/ruckig_traj_smoothing.cpp.o[0m
[104.995s] [ 53%] [32mBuilding CXX object planning_interface/CMakeFiles/moveit_planning_interface.dir/src/planning_response.cpp.o[0m
[108.115s] [ 53%] [32m[1mLinking CXX shared library libmoveit_kinematics_metrics.so[0m
[108.555s] [ 53%] Built target moveit_kinematics_metrics
[108.571s] [ 54%] [32mBuilding CXX object trajectory_processing/CMakeFiles/moveit_trajectory_processing.dir/src/trajectory_tools.cpp.o[0m
[110.332s] [ 54%] [32mBuilding CXX object trajectory_processing/CMakeFiles/moveit_trajectory_processing.dir/src/time_optimal_trajectory_generation.cpp.o[0m
[110.595s] [ 54%] [32m[1mLinking CXX executable test_robot_trajectory[0m
[111.256s] [ 54%] Built target test_robot_trajectory
[119.960s] [ 54%] [32m[1mLinking CXX shared library libmoveit_collision_detection.so[0m
[120.265s] [ 54%] Built target moveit_collision_detection
[120.312s] [ 56%] [32mBuilding CXX object collision_detection/CMakeFiles/test_world.dir/test/test_world.cpp.o[0m
[120.312s] [ 56%] [32mBuilding CXX object collision_detection/CMakeFiles/test_all_valid.dir/test/test_all_valid.cpp.o[0m
[120.313s] [ 57%] [32mBuilding CXX object collision_detection/CMakeFiles/test_world_diff.dir/test/test_world_diff.cpp.o[0m
[120.315s] [ 58%] [32mBuilding CXX object collision_detection_fcl/CMakeFiles/moveit_collision_detection_fcl.dir/src/collision_common.cpp.o[0m
[120.317s] [ 59%] [32mBuilding CXX object collision_detection_bullet/CMakeFiles/moveit_collision_detection_bullet.dir/src/bullet_integration/bullet_utils.cpp.o[0m
[121.748s] [ 59%] [32mBuilding CXX object collision_detection_fcl/CMakeFiles/moveit_collision_detection_fcl.dir/src/collision_env_fcl.cpp.o[0m
[121.824s] [ 59%] [32m[1mLinking CXX shared library libmoveit_planning_interface.so[0m
[122.203s] [ 59%] Built target moveit_planning_interface
[122.224s] [ 60%] [32mBuilding CXX object collision_detection_bullet/CMakeFiles/moveit_collision_detection_bullet.dir/src/bullet_integration/bullet_discrete_bvh_manager.cpp.o[0m
[129.477s] [ 61%] [32m[1mLinking CXX shared library libmoveit_trajectory_processing.so[0m
[129.924s] [ 61%] Built target moveit_trajectory_processing
[129.946s] [ 61%] [32mBuilding CXX object collision_detection_bullet/CMakeFiles/moveit_collision_detection_bullet.dir/src/bullet_integration/bullet_cast_bvh_manager.cpp.o[0m
[132.828s] [ 62%] [32m[1mLinking CXX executable test_world_diff[0m
[133.405s] [ 62%] Built target test_world_diff
[133.426s] [ 63%] [32mBuilding CXX object collision_detection_bullet/CMakeFiles/moveit_collision_detection_bullet.dir/src/collision_env_bullet.cpp.o[0m
[135.346s] [ 63%] [32mBuilding CXX object trajectory_processing/CMakeFiles/test_time_parameterization.dir/test/test_time_parameterization.cpp.o[0m
[135.673s] [ 63%] [32m[1mLinking CXX executable test_world[0m
[136.274s] [ 63%] Built target test_world
[136.296s] [ 63%] [32mBuilding CXX object collision_detection_bullet/CMakeFiles/moveit_collision_detection_bullet.dir/src/bullet_integration/bullet_bvh_manager.cpp.o[0m
[136.355s] [ 63%] [32m[1mLinking CXX executable test_all_valid[0m
[136.867s] [ 63%] Built target test_all_valid
[136.884s] [ 64%] [32mBuilding CXX object collision_detection_bullet/CMakeFiles/moveit_collision_detection_bullet.dir/src/bullet_integration/contact_checker_common.cpp.o[0m
[138.586s] [ 65%] [32mBuilding CXX object trajectory_processing/CMakeFiles/test_time_optimal_trajectory_generation.dir/test/test_time_optimal_trajectory_generation.cpp.o[0m
[139.615s] [ 66%] [32mBuilding CXX object trajectory_processing/CMakeFiles/test_ruckig_traj_smoothing.dir/test/test_ruckig_traj_smoothing.cpp.o[0m
[141.456s] [ 67%] [32m[1mLinking CXX shared library libmoveit_collision_detection_fcl.so[0m
[142.050s] [ 67%] Built target moveit_collision_detection_fcl
[142.075s] [ 68%] [32mBuilding CXX object collision_detection_bullet/CMakeFiles/moveit_collision_detection_bullet.dir/src/bullet_integration/ros_bullet_utils.cpp.o[0m
[143.518s] [ 69%] [32mBuilding CXX object kinematic_constraints/CMakeFiles/moveit_kinematic_constraints.dir/src/kinematic_constraint.cpp.o[0m
[148.680s] [ 69%] [32mBuilding CXX object kinematic_constraints/CMakeFiles/moveit_kinematic_constraints.dir/src/utils.cpp.o[0m
[148.688s] [ 69%] [32mBuilding CXX object collision_detection_fcl/CMakeFiles/test_fcl_collision_env.dir/test/test_fcl_env.cpp.o[0m
[150.495s] [ 70%] [32mBuilding CXX object collision_detection_fcl/CMakeFiles/test_fcl_collision_detection.dir/test/test_fcl_collision_detection_pr2.cpp.o[0m
[154.449s] [ 70%] [32m[1mLinking CXX shared library libmoveit_collision_detection_bullet.so[0m
[154.554s] [ 71%] [32m[1mLinking CXX executable test_time_parameterization[0m
[155.100s] [ 71%] Built target moveit_collision_detection_bullet
[155.152s] [ 72%] [32mBuilding CXX object collision_detection_fcl/CMakeFiles/test_fcl_collision_detection_panda.dir/test/test_fcl_collision_detection_panda.cpp.o[0m
[155.302s] [ 72%] Built target test_time_parameterization
[155.349s] [ 73%] [32mBuilding CXX object collision_detection_bullet/CMakeFiles/test_bullet_collision_detection.dir/test/test_bullet_collision_detection_pr2.cpp.o[0m
[159.179s] [ 73%] [32m[1mLinking CXX executable test_ruckig_traj_smoothing[0m
[159.853s] [ 73%] Built target test_ruckig_traj_smoothing
[159.905s] [ 74%] [32mBuilding CXX object collision_detection_bullet/CMakeFiles/test_bullet_collision_detection_panda.dir/test/test_bullet_collision_detection_panda.cpp.o[0m
[162.194s] [ 75%] [32m[1mLinking CXX executable test_time_optimal_trajectory_generation[0m
[162.947s] [ 75%] Built target test_time_optimal_trajectory_generation
[163.003s] [ 75%] [32mBuilding CXX object collision_detection_bullet/CMakeFiles/test_bullet_continuous_collision_checking.dir/test/test_bullet_continuous_collision_checking.cpp.o[0m
[171.157s] [ 76%] [32m[1mLinking CXX executable test_fcl_collision_env[0m
[171.896s] [ 76%] Built target test_fcl_collision_env
[175.060s] [ 76%] [32m[1mLinking CXX executable test_fcl_collision_detection[0m
[175.567s] [ 76%] Built target test_fcl_collision_detection
[175.955s] [ 77%] [32m[1mLinking CXX shared library libmoveit_kinematic_constraints.so[0m
[176.257s] [ 77%] Built target moveit_kinematic_constraints
[176.294s] [ 78%] [32mBuilding CXX object kinematic_constraints/CMakeFiles/test_orientation_constraints.dir/test/test_orientation_constraints.cpp.o[0m
[176.294s] [ 78%] [32mBuilding CXX object kinematic_constraints/CMakeFiles/test_constraints.dir/test/test_constraints.cpp.o[0m
[176.297s] [ 79%] [32mBuilding CXX object planning_scene/CMakeFiles/moveit_planning_scene.dir/src/planning_scene.cpp.o[0m
[177.140s] [ 80%] [32m[1mLinking CXX executable test_fcl_collision_detection_panda[0m
[177.809s] [ 80%] Built target test_fcl_collision_detection_panda
[178.446s] [ 80%] [32m[1mLinking CXX executable test_bullet_collision_detection[0m
[178.754s] [ 81%] [32m[1mLinking CXX executable test_bullet_collision_detection_panda[0m
[179.163s] [ 81%] Built target test_bullet_collision_detection
[179.401s] [ 81%] Built target test_bullet_collision_detection_panda
[183.997s] [ 82%] [32m[1mLinking CXX executable test_bullet_continuous_collision_checking[0m
[184.457s] [ 82%] Built target test_bullet_continuous_collision_checking
[190.856s] [ 82%] [32m[1mLinking CXX executable test_orientation_constraints[0m
[191.270s] [ 82%] Built target test_orientation_constraints
[192.394s] [ 83%] [32m[1mLinking CXX executable test_constraints[0m
[192.738s] [ 83%] Built target test_constraints
[199.361s] [ 84%] [32m[1mLinking CXX shared library libmoveit_planning_scene.so[0m
[199.607s] [ 84%] Built target moveit_planning_scene
[199.644s] [ 85%] [32mBuilding CXX object planning_scene/CMakeFiles/test_planning_scene.dir/test/test_planning_scene.cpp.o[0m
[199.647s] [ 87%] [32mBuilding CXX object planning_request_adapter/CMakeFiles/moveit_planning_request_adapter.dir/src/planning_request_adapter.cpp.o[0m
[199.647s] [ 87%] [32mBuilding CXX object constraint_samplers/CMakeFiles/moveit_constraint_samplers.dir/src/constraint_sampler.cpp.o[0m
[199.647s] [ 87%] [32mBuilding CXX object planning_scene/CMakeFiles/test_multi_threaded.dir/test/test_multi_threaded.cpp.o[0m
[199.647s] [ 88%] [32mBuilding CXX object planning_scene/CMakeFiles/test_collision_objects.dir/test/test_collision_objects.cpp.o[0m
[199.647s] [ 88%] [32mBuilding CXX object collision_detection_fcl/CMakeFiles/collision_detector_fcl_plugin.dir/src/collision_detector_fcl_plugin_loader.cpp.o[0m
[199.653s] [ 89%] [32mBuilding CXX object collision_distance_field/CMakeFiles/moveit_collision_distance_field.dir/src/collision_distance_field_types.cpp.o[0m
[199.658s] [ 89%] [32mBuilding CXX object collision_detection_bullet/CMakeFiles/collision_detector_bullet_plugin.dir/src/collision_detector_bullet_plugin_loader.cpp.o[0m
[215.021s] [ 89%] [32mBuilding CXX object collision_distance_field/CMakeFiles/moveit_collision_distance_field.dir/src/collision_common_distance_field.cpp.o[0m
[215.827s] [ 89%] [32m[1mLinking CXX shared library libmoveit_planning_request_adapter.so[0m
[215.941s] [ 89%] [32mBuilding CXX object constraint_samplers/CMakeFiles/moveit_constraint_samplers.dir/src/constraint_sampler_manager.cpp.o[0m
[216.213s] [ 89%] Built target moveit_planning_request_adapter
[216.233s] [ 90%] [32mBuilding CXX object constraint_samplers/CMakeFiles/moveit_constraint_samplers.dir/src/constraint_sampler_tools.cpp.o[0m
[216.805s] [ 91%] [32m[1mLinking CXX shared library libcollision_detector_bullet_plugin.so[0m
[217.186s] [ 91%] Built target collision_detector_bullet_plugin
[217.207s] [ 92%] [32mBuilding CXX object collision_distance_field/CMakeFiles/moveit_collision_distance_field.dir/src/collision_env_distance_field.cpp.o[0m
[219.253s] [ 93%] [32m[1mLinking CXX shared library libcollision_detector_fcl_plugin.so[0m
[219.322s] [ 94%] [32m[1mLinking CXX executable test_multi_threaded[0m
[219.618s] [ 94%] Built target collision_detector_fcl_plugin
[219.640s] [ 94%] [32mBuilding CXX object constraint_samplers/CMakeFiles/moveit_constraint_samplers.dir/src/default_constraint_samplers.cpp.o[0m
[219.965s] [ 94%] Built target test_multi_threaded
[219.985s] [ 94%] [32mBuilding CXX object collision_distance_field/CMakeFiles/moveit_collision_distance_field.dir/src/collision_env_hybrid.cpp.o[0m
[224.799s] [ 94%] [32m[1mLinking CXX executable test_collision_objects[0m
[225.474s] [ 94%] Built target test_collision_objects
[225.496s] [ 95%] [32mBuilding CXX object constraint_samplers/CMakeFiles/moveit_constraint_samplers.dir/src/union_constraint_sampler.cpp.o[0m
[234.279s] [ 95%] [32m[1mLinking CXX executable test_planning_scene[0m
[234.783s] [ 95%] Built target test_planning_scene
[240.079s] [ 95%] [32m[1mLinking CXX shared library libmoveit_constraint_samplers.so[0m
[240.305s] [ 95%] Built target moveit_constraint_samplers
[240.333s] [ 97%] [32mBuilding CXX object constraint_samplers/CMakeFiles/test_constraint_samplers.dir/test/test_constraint_samplers.cpp.o[0m
[240.333s] [ 97%] [32mBuilding CXX object constraint_samplers/CMakeFiles/test_constraint_samplers.dir/test/pr2_arm_kinematics_plugin.cpp.o[0m
[240.333s] [ 97%] [32mBuilding CXX object constraint_samplers/CMakeFiles/test_constraint_samplers.dir/test/pr2_arm_ik.cpp.o[0m
[243.372s] [ 98%] [32m[1mLinking CXX shared library libmoveit_collision_distance_field.so[0m
[243.690s] [ 98%] Built target moveit_collision_distance_field
[243.726s] [ 99%] [32mBuilding CXX object collision_distance_field/CMakeFiles/test_collision_distance_field.dir/test/test_collision_distance_field.cpp.o[0m
[257.500s] [ 99%] [32m[1mLinking CXX executable test_collision_distance_field[0m
[257.878s] [ 99%] Built target test_collision_distance_field
[258.101s] [100%] [32m[1mLinking CXX executable test_constraint_samplers[0m
[258.494s] [100%] Built target test_constraint_samplers
[258.513s] Invoked command in '/home/shs/ws_moveit/build/moveit_core' returned '0': AMENT_PREFIX_PATH=/home/shs/ws_moveit/install/moveit_resources_panda_moveit_config:/home/shs/ws_moveit/install/srdfdom:/home/shs/ws_moveit/install/moveit_resources_pr2_description:/home/shs/ws_moveit/install/moveit_resources_panda_description:/home/shs/ws_moveit/install/moveit_common:${AMENT_PREFIX_PATH} CMAKE_PREFIX_PATH=/home/shs/ws_moveit/install/moveit_resources_panda_moveit_config:/home/shs/ws_moveit/install/srdfdom:/home/shs/ws_moveit/install/moveit_resources_pr2_description:/home/shs/ws_moveit/install/moveit_resources_panda_description:/home/shs/ws_moveit/install/moveit_common:/home/shs/ws_moveit/install/rosparam_shortcuts:/home/shs/ws_moveit/install/hello_moveit:/home/shs/colcon_ws/install/tf_convenience_topics:/home/shs/colcon_ws/install/sss_viewer:/home/shs/colcon_ws/install/sam_basic_controllers:/home/shs/colcon_ws/install/lolo_description:/home/shs/colcon_ws/install/smarc_msgs:/home/shs/colcon_ws/install/smarc_mission_msgs:/home/shs/colcon_ws/install/smarc_control_msgs:/home/shs/colcon_ws/install/sam_msgs:/home/shs/colcon_ws/install/sam_graph_slam_2_msgs:/home/shs/colcon_ws/install/sam_description:/home/shs/colcon_ws/install/lolo_msgs:/home/shs/colcon_ws/install/drone_msgs:/home/shs/colcon_ws/install/dead_reckoning_msgs:/home/shs/ros2_ws/install/turtlebot3_navigation2:/home/shs/ros2_ws/install/turtlebot3_gazebo:/home/shs/ros2_ws/install/turtlebot3_description:/home/shs/ros2_ws/install/turtlebot3_cartographer:/home/shs/ros2_ws/install/transforms:/home/shs/ros2_ws/install/point_cloud_perception:/home/shs/ros2_ws/install/nodes:/home/shs/ros2_ws/install/navigation_tb3:/home/shs/colcon_ws/install/workshopfun:/home/shs/colcon_ws/install/utm_latlon_converter:/home/shs/colcon_ws/install/smarc_nodered:/home/shs/colcon_ws/install/smarc_bt:/home/shs/colcon_ws/install/smarc_bringups:/home/shs/colcon_ws/install/sam_joy_xbox:/home/shs/colcon_ws/install/sam_joy_teleop:/home/shs/colcon_ws/install/sam_diving_controller:/home/shs/colcon_ws/install/sam_dead_reckoning:/home/shs/colcon_ws/install/ros_tcp_endpoint:/home/shs/colcon_ws/install/ros2_python_examples:/home/shs/colcon_ws/install/mqtt_bridge:/home/shs/colcon_ws/install/dubins_planner:/home/shs/colcon_ws/install/drone_dr:/home/shs/colcon_ws/install/basic_go_to_waypoint:/home/shs/colcon_ws/install/basic_depth_pitch_control:/home/shs/colcon_ws/install/auv_detector:/home/shs/ros2_ws/install/turtlebot3_teleop:/home/shs/ros2_ws/install/turtlebot3_follower:/home/shs/ros2_ws/install/turtlebot3_example:/home/shs/ros2_ws/install/autonomous_tb3:/home/shs/ros2_ws/install/turtle_midpoint:/home/shs/ros2_ws/install/secure_control:/home/shs/ros2_ws/install/robot_math:/home/shs/ros2_ws/install/ai_assitance:/home/shs/install/dive_control:/home/shs/install/basic_go_to_waypoint:/home/shs/install/basic_depth_pitch_control:/home/shs/install/autonomous_tb3:/home/shs/install/ai_assitance:/opt/ros/humble LD_LIBRARY_PATH=/home/shs/ws_moveit/install/srdfdom/lib:${LD_LIBRARY_PATH} PYTHONPATH=/home/shs/ws_moveit/install/srdfdom/local/lib/python3.10/dist-packages:${PYTHONPATH} /usr/bin/cmake --build /home/shs/ws_moveit/build/moveit_core -- -j8 -l8
[258.515s] Invoking command in '/home/shs/ws_moveit/build/moveit_core': AMENT_PREFIX_PATH=/home/shs/ws_moveit/install/moveit_resources_panda_moveit_config:/home/shs/ws_moveit/install/srdfdom:/home/shs/ws_moveit/install/moveit_resources_pr2_description:/home/shs/ws_moveit/install/moveit_resources_panda_description:/home/shs/ws_moveit/install/moveit_common:${AMENT_PREFIX_PATH} CMAKE_PREFIX_PATH=/home/shs/ws_moveit/install/moveit_resources_panda_moveit_config:/home/shs/ws_moveit/install/srdfdom:/home/shs/ws_moveit/install/moveit_resources_pr2_description:/home/shs/ws_moveit/install/moveit_resources_panda_description:/home/shs/ws_moveit/install/moveit_common:/home/shs/ws_moveit/install/rosparam_shortcuts:/home/shs/ws_moveit/install/hello_moveit:/home/shs/colcon_ws/install/tf_convenience_topics:/home/shs/colcon_ws/install/sss_viewer:/home/shs/colcon_ws/install/sam_basic_controllers:/home/shs/colcon_ws/install/lolo_description:/home/shs/colcon_ws/install/smarc_msgs:/home/shs/colcon_ws/install/smarc_mission_msgs:/home/shs/colcon_ws/install/smarc_control_msgs:/home/shs/colcon_ws/install/sam_msgs:/home/shs/colcon_ws/install/sam_graph_slam_2_msgs:/home/shs/colcon_ws/install/sam_description:/home/shs/colcon_ws/install/lolo_msgs:/home/shs/colcon_ws/install/drone_msgs:/home/shs/colcon_ws/install/dead_reckoning_msgs:/home/shs/ros2_ws/install/turtlebot3_navigation2:/home/shs/ros2_ws/install/turtlebot3_gazebo:/home/shs/ros2_ws/install/turtlebot3_description:/home/shs/ros2_ws/install/turtlebot3_cartographer:/home/shs/ros2_ws/install/transforms:/home/shs/ros2_ws/install/point_cloud_perception:/home/shs/ros2_ws/install/nodes:/home/shs/ros2_ws/install/navigation_tb3:/home/shs/colcon_ws/install/workshopfun:/home/shs/colcon_ws/install/utm_latlon_converter:/home/shs/colcon_ws/install/smarc_nodered:/home/shs/colcon_ws/install/smarc_bt:/home/shs/colcon_ws/install/smarc_bringups:/home/shs/colcon_ws/install/sam_joy_xbox:/home/shs/colcon_ws/install/sam_joy_teleop:/home/shs/colcon_ws/install/sam_diving_controller:/home/shs/colcon_ws/install/sam_dead_reckoning:/home/shs/colcon_ws/install/ros_tcp_endpoint:/home/shs/colcon_ws/install/ros2_python_examples:/home/shs/colcon_ws/install/mqtt_bridge:/home/shs/colcon_ws/install/dubins_planner:/home/shs/colcon_ws/install/drone_dr:/home/shs/colcon_ws/install/basic_go_to_waypoint:/home/shs/colcon_ws/install/basic_depth_pitch_control:/home/shs/colcon_ws/install/auv_detector:/home/shs/ros2_ws/install/turtlebot3_teleop:/home/shs/ros2_ws/install/turtlebot3_follower:/home/shs/ros2_ws/install/turtlebot3_example:/home/shs/ros2_ws/install/autonomous_tb3:/home/shs/ros2_ws/install/turtle_midpoint:/home/shs/ros2_ws/install/secure_control:/home/shs/ros2_ws/install/robot_math:/home/shs/ros2_ws/install/ai_assitance:/home/shs/install/dive_control:/home/shs/install/basic_go_to_waypoint:/home/shs/install/basic_depth_pitch_control:/home/shs/install/autonomous_tb3:/home/shs/install/ai_assitance:/opt/ros/humble LD_LIBRARY_PATH=/home/shs/ws_moveit/install/srdfdom/lib:${LD_LIBRARY_PATH} PYTHONPATH=/home/shs/ws_moveit/install/srdfdom/local/lib/python3.10/dist-packages:${PYTHONPATH} /usr/bin/cmake --install /home/shs/ws_moveit/build/moveit_core
[258.528s] -- Install configuration: "Release"
[258.528s] -- Installing: /home/shs/ws_moveit/install/moveit_core/include/moveit/version.h
[258.528s] -- Up-to-date: /home/shs/ws_moveit/install/moveit_core/include
[258.528s] -- Up-to-date: /home/shs/ws_moveit/install/moveit_core/include/moveit
[258.528s] -- Installing: /home/shs/ws_moveit/install/moveit_core/include/moveit/collision_distance_field
[258.528s] -- Installing: /home/shs/ws_moveit/install/moveit_core/include/moveit/collision_distance_field/collision_common_distance_field.h
[258.529s] -- Installing: /home/shs/ws_moveit/install/moveit_core/include/moveit/collision_distance_field/collision_detector_allocator_distance_field.h
[258.529s] -- Installing: /home/shs/ws_moveit/install/moveit_core/include/moveit/collision_distance_field/collision_env_hybrid.h
[258.529s] -- Installing: /home/shs/ws_moveit/install/moveit_core/include/moveit/collision_distance_field/collision_distance_field_types.h
[258.529s] -- Installing: /home/shs/ws_moveit/install/moveit_core/include/moveit/collision_distance_field/collision_env_distance_field.h
[258.529s] -- Installing: /home/shs/ws_moveit/install/moveit_core/include/moveit/collision_distance_field/collision_detector_allocator_hybrid.h
[258.529s] -- Installing: /home/shs/ws_moveit/install/moveit_core/include/moveit_collision_distance_field_export.h
[258.529s] -- Up-to-date: /home/shs/ws_moveit/install/moveit_core/include
[258.530s] -- Up-to-date: /home/shs/ws_moveit/install/moveit_core/include/moveit
[258.530s] -- Installing: /home/shs/ws_moveit/install/moveit_core/include/moveit/constraint_samplers
[258.530s] -- Installing: /home/shs/ws_moveit/install/moveit_core/include/moveit/constraint_samplers/constraint_sampler.h
[258.530s] -- Installing: /home/shs/ws_moveit/install/moveit_core/include/moveit/constraint_samplers/union_constraint_sampler.h
[258.530s] -- Installing: /home/shs/ws_moveit/install/moveit_core/include/moveit/constraint_samplers/constraint_sampler_allocator.h
[258.530s] -- Installing: /home/shs/ws_moveit/install/moveit_core/include/moveit/constraint_samplers/constraint_sampler_tools.h
[258.530s] -- Installing: /home/shs/ws_moveit/install/moveit_core/include/moveit/constraint_samplers/constraint_sampler_manager.h
[258.530s] -- Installing: /home/shs/ws_moveit/install/moveit_core/include/moveit/constraint_samplers/default_constraint_samplers.h
[258.531s] -- Up-to-date: /home/shs/ws_moveit/install/moveit_core/include
[258.531s] -- Up-to-date: /home/shs/ws_moveit/install/moveit_core/include/moveit
[258.531s] -- Installing: /home/shs/ws_moveit/install/moveit_core/include/moveit/controller_manager
[258.531s] -- Installing: /home/shs/ws_moveit/install/moveit_core/include/moveit/controller_manager/controller_manager.h
[258.531s] -- Up-to-date: /home/shs/ws_moveit/install/moveit_core/include
[258.531s] -- Up-to-date: /home/shs/ws_moveit/install/moveit_core/include/moveit
[258.531s] -- Installing: /home/shs/ws_moveit/install/moveit_core/include/moveit/distance_field
[258.531s] -- Installing: /home/shs/ws_moveit/install/moveit_core/include/moveit/distance_field/distance_field.h
[258.532s] -- Installing: /home/shs/ws_moveit/install/moveit_core/include/moveit/distance_field/propagation_distance_field.h
[258.532s] -- Installing: /home/shs/ws_moveit/install/moveit_core/include/moveit/distance_field/find_internal_points.h
[258.532s] -- Installing: /home/shs/ws_moveit/install/moveit_core/include/moveit/distance_field/voxel_grid.h
[258.532s] -- Up-to-date: /home/shs/ws_moveit/install/moveit_core/include
[258.532s] -- Up-to-date: /home/shs/ws_moveit/install/moveit_core/include/moveit
[258.532s] -- Installing: /home/shs/ws_moveit/install/moveit_core/include/moveit/dynamics_solver
[258.532s] -- Installing: /home/shs/ws_moveit/install/moveit_core/include/moveit/dynamics_solver/dynamics_solver.h
[258.533s] -- Up-to-date: /home/shs/ws_moveit/install/moveit_core/include
[258.533s] -- Up-to-date: /home/shs/ws_moveit/install/moveit_core/include/moveit
[258.533s] -- Installing: /home/shs/ws_moveit/install/moveit_core/include/moveit/exceptions
[258.533s] -- Installing: /home/shs/ws_moveit/install/moveit_core/include/moveit/exceptions/exceptions.h
[258.533s] -- Up-to-date: /home/shs/ws_moveit/install/moveit_core/include
[258.533s] -- Up-to-date: /home/shs/ws_moveit/install/moveit_core/include/moveit
[258.533s] -- Installing: /home/shs/ws_moveit/install/moveit_core/include/moveit/kinematics_base
[258.533s] -- Installing: /home/shs/ws_moveit/install/moveit_core/include/moveit/kinematics_base/kinematics_base.h
[258.533s] -- Installing: /home/shs/ws_moveit/install/moveit_core/include/moveit_kinematics_base_export.h
[258.534s] -- Up-to-date: /home/shs/ws_moveit/install/moveit_core/include
[258.534s] -- Up-to-date: /home/shs/ws_moveit/install/moveit_core/include/moveit
[258.534s] -- Installing: /home/shs/ws_moveit/install/moveit_core/include/moveit/kinematic_constraints
[258.534s] -- Installing: /home/shs/ws_moveit/install/moveit_core/include/moveit/kinematic_constraints/kinematic_constraint.h
[258.534s] -- Installing: /home/shs/ws_moveit/install/moveit_core/include/moveit/kinematic_constraints/utils.h
[258.534s] -- Up-to-date: /home/shs/ws_moveit/install/moveit_core/include
[258.535s] -- Up-to-date: /home/shs/ws_moveit/install/moveit_core/include/moveit
[258.535s] -- Installing: /home/shs/ws_moveit/install/moveit_core/include/moveit/kinematics_metrics
[258.535s] -- Installing: /home/shs/ws_moveit/install/moveit_core/include/moveit/kinematics_metrics/kinematics_metrics.h
[258.535s] -- Up-to-date: /home/shs/ws_moveit/install/moveit_core/include
[258.535s] -- Up-to-date: /home/shs/ws_moveit/install/moveit_core/include/moveit
[258.535s] -- Installing: /home/shs/ws_moveit/install/moveit_core/include/moveit/macros
[258.535s] -- Installing: /home/shs/ws_moveit/install/moveit_core/include/moveit/macros/class_forward.h
[258.535s] -- Installing: /home/shs/ws_moveit/install/moveit_core/include/moveit/macros/console_colors.h
[258.535s] -- Installing: /home/shs/ws_moveit/install/moveit_core/include/moveit/macros/deprecation.h
[258.535s] -- Installing: /home/shs/ws_moveit/install/moveit_core/include/moveit/macros/declare_ptr.h
[258.536s] -- Installing: /home/shs/ws_moveit/install/moveit_core/include/moveit_core
[258.536s] -- Installing: /home/shs/ws_moveit/install/moveit_core/include/moveit_core/moveit_butterworth_parameters.hpp
[258.536s] -- Up-to-date: /home/shs/ws_moveit/install/moveit_core/include
[258.536s] -- Up-to-date: /home/shs/ws_moveit/install/moveit_core/include/moveit
[258.536s] -- Installing: /home/shs/ws_moveit/install/moveit_core/include/moveit/online_signal_smoothing
[258.536s] -- Installing: /home/shs/ws_moveit/install/moveit_core/include/moveit/online_signal_smoothing/butterworth_filter.h
[258.536s] -- Installing: /home/shs/ws_moveit/install/moveit_core/include/moveit/online_signal_smoothing/smoothing_base_class.h
[258.536s] -- Installing: /home/shs/ws_moveit/install/moveit_core/include/moveit_smoothing_base_export.h
[258.537s] -- Installing: /home/shs/ws_moveit/install/moveit_core/include/moveit_butterworth_filter_export.h
[258.537s] -- Up-to-date: /home/shs/ws_moveit/install/moveit_core/include
[258.537s] -- Up-to-date: /home/shs/ws_moveit/install/moveit_core/include/moveit
[258.537s] -- Installing: /home/shs/ws_moveit/install/moveit_core/include/moveit/planning_interface
[258.537s] -- Installing: /home/shs/ws_moveit/install/moveit_core/include/moveit/planning_interface/planning_response.h
[258.537s] -- Installing: /home/shs/ws_moveit/install/moveit_core/include/moveit/planning_interface/planning_interface.h
[258.537s] -- Installing: /home/shs/ws_moveit/install/moveit_core/include/moveit/planning_interface/planning_request.h
[258.537s] -- Up-to-date: /home/shs/ws_moveit/install/moveit_core/include
[258.538s] -- Up-to-date: /home/shs/ws_moveit/install/moveit_core/include/moveit
[258.538s] -- Installing: /home/shs/ws_moveit/install/moveit_core/include/moveit/planning_request_adapter
[258.538s] -- Installing: /home/shs/ws_moveit/install/moveit_core/include/moveit/planning_request_adapter/planning_request_adapter.h
[258.538s] -- Up-to-date: /home/shs/ws_moveit/install/moveit_core/include
[258.538s] -- Up-to-date: /home/shs/ws_moveit/install/moveit_core/include/moveit
[258.538s] -- Installing: /home/shs/ws_moveit/install/moveit_core/include/moveit/planning_scene
[258.538s] -- Installing: /home/shs/ws_moveit/install/moveit_core/include/moveit/planning_scene/planning_scene.h
[258.538s] -- Installing: /home/shs/ws_moveit/install/moveit_core/include/moveit_planning_scene_export.h
[258.538s] -- Up-to-date: /home/shs/ws_moveit/install/moveit_core/include
[258.539s] -- Up-to-date: /home/shs/ws_moveit/install/moveit_core/include/moveit
[258.539s] -- Installing: /home/shs/ws_moveit/install/moveit_core/include/moveit/robot_model
[258.539s] -- Installing: /home/shs/ws_moveit/install/moveit_core/include/moveit/robot_model/link_model.h
[258.539s] -- Installing: /home/shs/ws_moveit/install/moveit_core/include/moveit/robot_model/prismatic_joint_model.h
[258.539s] -- Installing: /home/shs/ws_moveit/install/moveit_core/include/moveit/robot_model/joint_model.h
[258.539s] -- Installing: /home/shs/ws_moveit/install/moveit_core/include/moveit/robot_model/planar_joint_model.h
[258.539s] -- Installing: /home/shs/ws_moveit/install/moveit_core/include/moveit/robot_model/floating_joint_model.h
[258.539s] -- Installing: /home/shs/ws_moveit/install/moveit_core/include/moveit/robot_model/fixed_joint_model.h
[258.539s] -- Installing: /home/shs/ws_moveit/install/moveit_core/include/moveit/robot_model/revolute_joint_model.h
[258.539s] -- Installing: /home/shs/ws_moveit/install/moveit_core/include/moveit/robot_model/robot_model.h
[258.540s] -- Installing: /home/shs/ws_moveit/install/moveit_core/include/moveit/robot_model/joint_model_group.h
[258.540s] -- Installing: /home/shs/ws_moveit/install/moveit_core/include/moveit/robot_model/aabb.h
[258.540s] -- Up-to-date: /home/shs/ws_moveit/install/moveit_core/include
[258.540s] -- Up-to-date: /home/shs/ws_moveit/install/moveit_core/include/moveit
[258.540s] -- Installing: /home/shs/ws_moveit/install/moveit_core/include/moveit/robot_state
[258.540s] -- Installing: /home/shs/ws_moveit/install/moveit_core/include/moveit/robot_state/robot_state.h
[258.540s] -- Installing: /home/shs/ws_moveit/install/moveit_core/include/moveit/robot_state/cartesian_interpolator.h
[258.541s] -- Installing: /home/shs/ws_moveit/install/moveit_core/include/moveit/robot_state/conversions.h
[258.541s] -- Installing: /home/shs/ws_moveit/install/moveit_core/include/moveit/robot_state/attached_body.h
[258.541s] -- Up-to-date: /home/shs/ws_moveit/install/moveit_core/include
[258.541s] -- Up-to-date: /home/shs/ws_moveit/install/moveit_core/include/moveit
[258.541s] -- Installing: /home/shs/ws_moveit/install/moveit_core/include/moveit/robot_trajectory
[258.541s] -- Installing: /home/shs/ws_moveit/install/moveit_core/include/moveit/robot_trajectory/robot_trajectory.h
[258.541s] -- Up-to-date: /home/shs/ws_moveit/install/moveit_core/include
[258.541s] -- Up-to-date: /home/shs/ws_moveit/install/moveit_core/include/moveit
[258.541s] -- Installing: /home/shs/ws_moveit/install/moveit_core/include/moveit/sensor_manager
[258.542s] -- Installing: /home/shs/ws_moveit/install/moveit_core/include/moveit/sensor_manager/sensor_manager.h
[258.542s] -- Up-to-date: /home/shs/ws_moveit/install/moveit_core/include
[258.542s] -- Up-to-date: /home/shs/ws_moveit/install/moveit_core/include/moveit
[258.542s] -- Installing: /home/shs/ws_moveit/install/moveit_core/include/moveit/trajectory_processing
[258.542s] -- Installing: /home/shs/ws_moveit/install/moveit_core/include/moveit/trajectory_processing/iterative_time_parameterization.h
[258.542s] -- Installing: /home/shs/ws_moveit/install/moveit_core/include/moveit/trajectory_processing/trajectory_tools.h
[258.542s] -- Installing: /home/shs/ws_moveit/install/moveit_core/include/moveit/trajectory_processing/ruckig_traj_smoothing.h
[258.542s] -- Installing: /home/shs/ws_moveit/install/moveit_core/include/moveit/trajectory_processing/iterative_spline_parameterization.h
[258.542s] -- Installing: /home/shs/ws_moveit/install/moveit_core/include/moveit/trajectory_processing/time_parameterization.h
[258.542s] -- Installing: /home/shs/ws_moveit/install/moveit_core/include/moveit/trajectory_processing/time_optimal_trajectory_generation.h
[258.543s] -- Up-to-date: /home/shs/ws_moveit/install/moveit_core/include
[258.543s] -- Up-to-date: /home/shs/ws_moveit/install/moveit_core/include/moveit
[258.543s] -- Installing: /home/shs/ws_moveit/install/moveit_core/include/moveit/transforms
[258.543s] -- Installing: /home/shs/ws_moveit/install/moveit_core/include/moveit/transforms/transforms.h
[258.543s] -- Up-to-date: /home/shs/ws_moveit/install/moveit_core/include
[258.543s] -- Up-to-date: /home/shs/ws_moveit/install/moveit_core/include/moveit
[258.543s] -- Installing: /home/shs/ws_moveit/install/moveit_core/include/moveit/utils
[258.543s] -- Installing: /home/shs/ws_moveit/install/moveit_core/include/moveit/utils/moveit_error_code.h
[258.543s] -- Installing: /home/shs/ws_moveit/install/moveit_core/include/moveit/utils/robot_model_test_utils.h
[258.543s] -- Installing: /home/shs/ws_moveit/install/moveit_core/include/moveit/utils/lexical_casts.h
[258.544s] -- Installing: /home/shs/ws_moveit/install/moveit_core/include/moveit/utils/rclcpp_utils.h
[258.544s] -- Installing: /home/shs/ws_moveit/install/moveit_core/include/moveit/utils/message_checks.h
[258.544s] -- Installing: /home/shs/ws_moveit/install/moveit_core/bin/moveit_version
[258.544s] -- Up-to-date: /home/shs/ws_moveit/install/moveit_core/include
[258.544s] -- Up-to-date: /home/shs/ws_moveit/install/moveit_core/include/moveit
[258.544s] -- Installing: /home/shs/ws_moveit/install/moveit_core/include/moveit/collision_detection
[258.545s] -- Installing: /home/shs/ws_moveit/install/moveit_core/include/moveit/collision_detection/world_diff.h
[258.545s] -- Installing: /home/shs/ws_moveit/install/moveit_core/include/moveit/collision_detection/collision_plugin.h
[258.545s] -- Installing: /home/shs/ws_moveit/install/moveit_core/include/moveit/collision_detection/collision_tools.h
[258.545s] -- Installing: /home/shs/ws_moveit/install/moveit_core/include/moveit/collision_detection/test_collision_common_pr2.h
[258.545s] -- Installing: /home/shs/ws_moveit/install/moveit_core/include/moveit/collision_detection/allvalid
[258.545s] -- Installing: /home/shs/ws_moveit/install/moveit_core/include/moveit/collision_detection/allvalid/collision_env_allvalid.h
[258.545s] -- Installing: /home/shs/ws_moveit/install/moveit_core/include/moveit/collision_detection/allvalid/collision_detector_allocator_allvalid.h
[258.545s] -- Installing: /home/shs/ws_moveit/install/moveit_core/include/moveit/collision_detection/collision_detector_allocator.h
[258.545s] -- Installing: /home/shs/ws_moveit/install/moveit_core/include/moveit/collision_detection/collision_matrix.h
[258.546s] -- Installing: /home/shs/ws_moveit/install/moveit_core/include/moveit/collision_detection/world.h
[258.546s] -- Installing: /home/shs/ws_moveit/install/moveit_core/include/moveit/collision_detection/collision_plugin_cache.h
[258.546s] -- Installing: /home/shs/ws_moveit/install/moveit_core/include/moveit/collision_detection/collision_octomap_filter.h
[258.546s] -- Installing: /home/shs/ws_moveit/install/moveit_core/include/moveit/collision_detection/collision_env.h
[258.546s] -- Installing: /home/shs/ws_moveit/install/moveit_core/include/moveit/collision_detection/occupancy_map.h
[258.546s] -- Installing: /home/shs/ws_moveit/install/moveit_core/include/moveit/collision_detection/collision_common.h
[258.546s] -- Installing: /home/shs/ws_moveit/install/moveit_core/include/moveit/collision_detection/test_collision_common_panda.h
[258.547s] -- Installing: /home/shs/ws_moveit/install/moveit_core/include/moveit_collision_detection_export.h
[258.547s] -- Up-to-date: /home/shs/ws_moveit/install/moveit_core/include
[258.547s] -- Up-to-date: /home/shs/ws_moveit/install/moveit_core/include/moveit
[258.547s] -- Installing: /home/shs/ws_moveit/install/moveit_core/include/moveit/collision_detection_bullet
[258.547s] -- Installing: /home/shs/ws_moveit/install/moveit_core/include/moveit/collision_detection_bullet/collision_env_bullet.h
[258.547s] -- Installing: /home/shs/ws_moveit/install/moveit_core/include/moveit/collision_detection_bullet/bullet_integration
[258.547s] -- Installing: /home/shs/ws_moveit/install/moveit_core/include/moveit/collision_detection_bullet/bullet_integration/bullet_cast_bvh_manager.h
[258.547s] -- Installing: /home/shs/ws_moveit/install/moveit_core/include/moveit/collision_detection_bullet/bullet_integration/bullet_utils.h
[258.547s] -- Installing: /home/shs/ws_moveit/install/moveit_core/include/moveit/collision_detection_bullet/bullet_integration/bullet_bvh_manager.h
[258.547s] -- Installing: /home/shs/ws_moveit/install/moveit_core/include/moveit/collision_detection_bullet/bullet_integration/basic_types.h
[258.548s] -- Installing: /home/shs/ws_moveit/install/moveit_core/include/moveit/collision_detection_bullet/bullet_integration/ros_bullet_utils.h
[258.548s] -- Installing: /home/shs/ws_moveit/install/moveit_core/include/moveit/collision_detection_bullet/bullet_integration/bullet_discrete_bvh_manager.h
[258.548s] -- Installing: /home/shs/ws_moveit/install/moveit_core/include/moveit/collision_detection_bullet/bullet_integration/contact_checker_common.h
[258.548s] -- Installing: /home/shs/ws_moveit/install/moveit_core/include/moveit/collision_detection_bullet/collision_detector_bullet_plugin_loader.h
[258.548s] -- Installing: /home/shs/ws_moveit/install/moveit_core/include/moveit/collision_detection_bullet/collision_detector_allocator_bullet.h
[258.548s] -- Installing: /home/shs/ws_moveit/install/moveit_core/include/moveit_collision_detection_bullet_export.h
[258.549s] -- Up-to-date: /home/shs/ws_moveit/install/moveit_core/include
[258.549s] -- Up-to-date: /home/shs/ws_moveit/install/moveit_core/include/moveit
[258.549s] -- Installing: /home/shs/ws_moveit/install/moveit_core/include/moveit/collision_detection_fcl
[258.549s] -- Installing: /home/shs/ws_moveit/install/moveit_core/include/moveit/collision_detection_fcl/collision_detector_allocator_fcl.h
[258.549s] -- Installing: /home/shs/ws_moveit/install/moveit_core/include/moveit/collision_detection_fcl/collision_detector_fcl_plugin_loader.h
[258.549s] -- Installing: /home/shs/ws_moveit/install/moveit_core/include/moveit/collision_detection_fcl/collision_env_fcl.h
[258.549s] -- Installing: /home/shs/ws_moveit/install/moveit_core/include/moveit/collision_detection_fcl/fcl_compat.h
[258.549s] -- Installing: /home/shs/ws_moveit/install/moveit_core/include/moveit/collision_detection_fcl/collision_common.h
[258.549s] -- Installing: /home/shs/ws_moveit/install/moveit_core/include/moveit_collision_detection_fcl_export.h
[258.549s] -- Installing: /home/shs/ws_moveit/install/moveit_core/lib/libcollision_detector_bullet_plugin.so.2.5.8
[258.550s] -- Set runtime path of "/home/shs/ws_moveit/install/moveit_core/lib/libcollision_detector_bullet_plugin.so.2.5.8" to ""
[258.550s] -- Installing: /home/shs/ws_moveit/install/moveit_core/lib/libcollision_detector_bullet_plugin.so
[258.550s] -- Installing: /home/shs/ws_moveit/install/moveit_core/lib/libmoveit_butterworth_filter.so.2.5.8
[258.551s] -- Set runtime path of "/home/shs/ws_moveit/install/moveit_core/lib/libmoveit_butterworth_filter.so.2.5.8" to ""
[258.551s] -- Installing: /home/shs/ws_moveit/install/moveit_core/lib/libmoveit_butterworth_filter.so
[258.551s] -- Installing: /home/shs/ws_moveit/install/moveit_core/lib/libmoveit_collision_distance_field.so.2.5.8
[258.552s] -- Set runtime path of "/home/shs/ws_moveit/install/moveit_core/lib/libmoveit_collision_distance_field.so.2.5.8" to ""
[258.552s] -- Installing: /home/shs/ws_moveit/install/moveit_core/lib/libmoveit_collision_distance_field.so
[258.552s] -- Installing: /home/shs/ws_moveit/install/moveit_core/lib/libmoveit_collision_detection.so.2.5.8
[258.553s] -- Set runtime path of "/home/shs/ws_moveit/install/moveit_core/lib/libmoveit_collision_detection.so.2.5.8" to ""
[258.553s] -- Installing: /home/shs/ws_moveit/install/moveit_core/lib/libmoveit_collision_detection.so
[258.554s] -- Installing: /home/shs/ws_moveit/install/moveit_core/lib/libmoveit_collision_detection_fcl.so.2.5.8
[258.554s] -- Set runtime path of "/home/shs/ws_moveit/install/moveit_core/lib/libmoveit_collision_detection_fcl.so.2.5.8" to ""
[258.554s] -- Installing: /home/shs/ws_moveit/install/moveit_core/lib/libmoveit_collision_detection_fcl.so
[258.554s] -- Installing: /home/shs/ws_moveit/install/moveit_core/lib/libmoveit_collision_detection_bullet.so.2.5.8
[258.555s] -- Set runtime path of "/home/shs/ws_moveit/install/moveit_core/lib/libmoveit_collision_detection_bullet.so.2.5.8" to ""
[258.555s] -- Installing: /home/shs/ws_moveit/install/moveit_core/lib/libmoveit_collision_detection_bullet.so
[258.555s] -- Installing: /home/shs/ws_moveit/install/moveit_core/lib/libmoveit_dynamics_solver.so.2.5.8
[258.556s] -- Set runtime path of "/home/shs/ws_moveit/install/moveit_core/lib/libmoveit_dynamics_solver.so.2.5.8" to ""
[258.556s] -- Installing: /home/shs/ws_moveit/install/moveit_core/lib/libmoveit_dynamics_solver.so
[258.556s] -- Installing: /home/shs/ws_moveit/install/moveit_core/lib/libmoveit_constraint_samplers.so.2.5.8
[258.557s] -- Set runtime path of "/home/shs/ws_moveit/install/moveit_core/lib/libmoveit_constraint_samplers.so.2.5.8" to ""
[258.557s] -- Installing: /home/shs/ws_moveit/install/moveit_core/lib/libmoveit_constraint_samplers.so
[258.557s] -- Installing: /home/shs/ws_moveit/install/moveit_core/lib/libmoveit_distance_field.so.2.5.8
[258.558s] -- Set runtime path of "/home/shs/ws_moveit/install/moveit_core/lib/libmoveit_distance_field.so.2.5.8" to ""
[258.558s] -- Installing: /home/shs/ws_moveit/install/moveit_core/lib/libmoveit_distance_field.so
[258.558s] -- Installing: /home/shs/ws_moveit/install/moveit_core/lib/libmoveit_exceptions.so.2.5.8
[258.558s] -- Set runtime path of "/home/shs/ws_moveit/install/moveit_core/lib/libmoveit_exceptions.so.2.5.8" to ""
[258.558s] -- Installing: /home/shs/ws_moveit/install/moveit_core/lib/libmoveit_exceptions.so
[258.558s] -- Installing: /home/shs/ws_moveit/install/moveit_core/lib/libmoveit_kinematics_base.so
[258.559s] -- Set runtime path of "/home/shs/ws_moveit/install/moveit_core/lib/libmoveit_kinematics_base.so" to ""
[258.559s] -- Installing: /home/shs/ws_moveit/install/moveit_core/lib/libmoveit_kinematic_constraints.so.2.5.8
[258.559s] -- Set runtime path of "/home/shs/ws_moveit/install/moveit_core/lib/libmoveit_kinematic_constraints.so.2.5.8" to ""
[258.560s] -- Installing: /home/shs/ws_moveit/install/moveit_core/lib/libmoveit_kinematic_constraints.so
[258.560s] -- Installing: /home/shs/ws_moveit/install/moveit_core/lib/libmoveit_kinematics_metrics.so.2.5.8
[258.560s] -- Set runtime path of "/home/shs/ws_moveit/install/moveit_core/lib/libmoveit_kinematics_metrics.so.2.5.8" to ""
[258.560s] -- Installing: /home/shs/ws_moveit/install/moveit_core/lib/libmoveit_kinematics_metrics.so
[258.560s] -- Installing: /home/shs/ws_moveit/install/moveit_core/lib/libmoveit_planning_interface.so.2.5.8
[258.561s] -- Set runtime path of "/home/shs/ws_moveit/install/moveit_core/lib/libmoveit_planning_interface.so.2.5.8" to ""
[258.561s] -- Installing: /home/shs/ws_moveit/install/moveit_core/lib/libmoveit_planning_interface.so
[258.561s] -- Installing: /home/shs/ws_moveit/install/moveit_core/lib/libmoveit_planning_scene.so.2.5.8
[258.562s] -- Set runtime path of "/home/shs/ws_moveit/install/moveit_core/lib/libmoveit_planning_scene.so.2.5.8" to ""
[258.562s] -- Installing: /home/shs/ws_moveit/install/moveit_core/lib/libmoveit_planning_scene.so
[258.562s] -- Installing: /home/shs/ws_moveit/install/moveit_core/lib/libmoveit_planning_request_adapter.so.2.5.8
[258.562s] -- Set runtime path of "/home/shs/ws_moveit/install/moveit_core/lib/libmoveit_planning_request_adapter.so.2.5.8" to ""
[258.563s] -- Installing: /home/shs/ws_moveit/install/moveit_core/lib/libmoveit_planning_request_adapter.so
[258.563s] -- Installing: /home/shs/ws_moveit/install/moveit_core/lib/libmoveit_robot_model.so.2.5.8
[258.564s] -- Set runtime path of "/home/shs/ws_moveit/install/moveit_core/lib/libmoveit_robot_model.so.2.5.8" to ""
[258.564s] -- Installing: /home/shs/ws_moveit/install/moveit_core/lib/libmoveit_robot_model.so
[258.564s] -- Installing: /home/shs/ws_moveit/install/moveit_core/lib/libmoveit_robot_state.so.2.5.8
[258.565s] -- Set runtime path of "/home/shs/ws_moveit/install/moveit_core/lib/libmoveit_robot_state.so.2.5.8" to ""
[258.565s] -- Installing: /home/shs/ws_moveit/install/moveit_core/lib/libmoveit_robot_state.so
[258.565s] -- Installing: /home/shs/ws_moveit/install/moveit_core/lib/libmoveit_robot_trajectory.so.2.5.8
[258.565s] -- Set runtime path of "/home/shs/ws_moveit/install/moveit_core/lib/libmoveit_robot_trajectory.so.2.5.8" to ""
[258.565s] -- Installing: /home/shs/ws_moveit/install/moveit_core/lib/libmoveit_robot_trajectory.so
[258.566s] -- Installing: /home/shs/ws_moveit/install/moveit_core/lib/libmoveit_smoothing_base.so.2.5.8
[258.566s] -- Set runtime path of "/home/shs/ws_moveit/install/moveit_core/lib/libmoveit_smoothing_base.so.2.5.8" to ""
[258.566s] -- Installing: /home/shs/ws_moveit/install/moveit_core/lib/libmoveit_smoothing_base.so
[258.566s] -- Installing: /home/shs/ws_moveit/install/moveit_core/lib/libmoveit_test_utils.so.2.5.8
[258.567s] -- Set runtime path of "/home/shs/ws_moveit/install/moveit_core/lib/libmoveit_test_utils.so.2.5.8" to ""
[258.567s] -- Installing: /home/shs/ws_moveit/install/moveit_core/lib/libmoveit_test_utils.so
[258.567s] -- Installing: /home/shs/ws_moveit/install/moveit_core/lib/libmoveit_trajectory_processing.so.2.5.8
[258.568s] -- Set runtime path of "/home/shs/ws_moveit/install/moveit_core/lib/libmoveit_trajectory_processing.so.2.5.8" to ""
[258.568s] -- Installing: /home/shs/ws_moveit/install/moveit_core/lib/libmoveit_trajectory_processing.so
[258.568s] -- Installing: /home/shs/ws_moveit/install/moveit_core/lib/libmoveit_transforms.so.2.5.8
[258.568s] -- Set runtime path of "/home/shs/ws_moveit/install/moveit_core/lib/libmoveit_transforms.so.2.5.8" to ""
[258.568s] -- Installing: /home/shs/ws_moveit/install/moveit_core/lib/libmoveit_transforms.so
[258.568s] -- Installing: /home/shs/ws_moveit/install/moveit_core/lib/libmoveit_utils.so.2.5.8
[258.569s] -- Set runtime path of "/home/shs/ws_moveit/install/moveit_core/lib/libmoveit_utils.so.2.5.8" to ""
[258.569s] -- Installing: /home/shs/ws_moveit/install/moveit_core/lib/libmoveit_utils.so
[258.569s] -- Installing: /home/shs/ws_moveit/install/moveit_core/share/moveit_core/environment/library_path.sh
[258.569s] -- Installing: /home/shs/ws_moveit/install/moveit_core/share/moveit_core/environment/library_path.dsv
[258.569s] -- Installing: /home/shs/ws_moveit/install/moveit_core/share/moveit_core/collision_detector_fcl_description.xml
[258.569s] -- Installing: /home/shs/ws_moveit/install/moveit_core/share/moveit_core/collision_detector_bullet_description.xml
[258.569s] -- Installing: /home/shs/ws_moveit/install/moveit_core/share/moveit_core/filter_plugin_butterworth.xml
[258.570s] -- Installing: /home/shs/ws_moveit/install/moveit_core/share/ament_index/resource_index/package_run_dependencies/moveit_core
[258.570s] -- Installing: /home/shs/ws_moveit/install/moveit_core/share/ament_index/resource_index/parent_prefix_path/moveit_core
[258.570s] -- Installing: /home/shs/ws_moveit/install/moveit_core/share/moveit_core/environment/ament_prefix_path.sh
[258.570s] -- Installing: /home/shs/ws_moveit/install/moveit_core/share/moveit_core/environment/ament_prefix_path.dsv
[258.570s] -- Installing: /home/shs/ws_moveit/install/moveit_core/share/moveit_core/environment/path.sh
[258.570s] -- Installing: /home/shs/ws_moveit/install/moveit_core/share/moveit_core/environment/path.dsv
[258.570s] -- Installing: /home/shs/ws_moveit/install/moveit_core/share/moveit_core/local_setup.bash
[258.571s] -- Installing: /home/shs/ws_moveit/install/moveit_core/share/moveit_core/local_setup.sh
[258.571s] -- Installing: /home/shs/ws_moveit/install/moveit_core/share/moveit_core/local_setup.zsh
[258.571s] -- Installing: /home/shs/ws_moveit/install/moveit_core/share/moveit_core/local_setup.dsv
[258.571s] -- Installing: /home/shs/ws_moveit/install/moveit_core/share/moveit_core/package.dsv
[258.571s] -- Installing: /home/shs/ws_moveit/install/moveit_core/share/ament_index/resource_index/packages/moveit_core
[258.571s] -- Installing: /home/shs/ws_moveit/install/moveit_core/share/ament_index/resource_index/moveit_core__pluginlib__plugin/moveit_core
[258.571s] -- Installing: /home/shs/ws_moveit/install/moveit_core/share/moveit_core/cmake/export_moveit_coreExport.cmake
[258.572s] -- Installing: /home/shs/ws_moveit/install/moveit_core/share/moveit_core/cmake/export_moveit_coreExport-release.cmake
[258.572s] -- Installing: /home/shs/ws_moveit/install/moveit_core/share/moveit_core/cmake/ConfigExtras.cmake
[258.572s] -- Installing: /home/shs/ws_moveit/install/moveit_core/share/moveit_core/cmake/ament_cmake_export_targets-extras.cmake
[258.572s] -- Installing: /home/shs/ws_moveit/install/moveit_core/share/moveit_core/cmake/ament_cmake_export_dependencies-extras.cmake
[258.572s] -- Installing: /home/shs/ws_moveit/install/moveit_core/share/moveit_core/cmake/moveit_coreConfig.cmake
[258.573s] -- Installing: /home/shs/ws_moveit/install/moveit_core/share/moveit_core/cmake/moveit_coreConfig-version.cmake
[258.573s] -- Installing: /home/shs/ws_moveit/install/moveit_core/share/moveit_core/package.xml
[258.575s] Invoked command in '/home/shs/ws_moveit/build/moveit_core' returned '0': AMENT_PREFIX_PATH=/home/shs/ws_moveit/install/moveit_resources_panda_moveit_config:/home/shs/ws_moveit/install/srdfdom:/home/shs/ws_moveit/install/moveit_resources_pr2_description:/home/shs/ws_moveit/install/moveit_resources_panda_description:/home/shs/ws_moveit/install/moveit_common:${AMENT_PREFIX_PATH} CMAKE_PREFIX_PATH=/home/shs/ws_moveit/install/moveit_resources_panda_moveit_config:/home/shs/ws_moveit/install/srdfdom:/home/shs/ws_moveit/install/moveit_resources_pr2_description:/home/shs/ws_moveit/install/moveit_resources_panda_description:/home/shs/ws_moveit/install/moveit_common:/home/shs/ws_moveit/install/rosparam_shortcuts:/home/shs/ws_moveit/install/hello_moveit:/home/shs/colcon_ws/install/tf_convenience_topics:/home/shs/colcon_ws/install/sss_viewer:/home/shs/colcon_ws/install/sam_basic_controllers:/home/shs/colcon_ws/install/lolo_description:/home/shs/colcon_ws/install/smarc_msgs:/home/shs/colcon_ws/install/smarc_mission_msgs:/home/shs/colcon_ws/install/smarc_control_msgs:/home/shs/colcon_ws/install/sam_msgs:/home/shs/colcon_ws/install/sam_graph_slam_2_msgs:/home/shs/colcon_ws/install/sam_description:/home/shs/colcon_ws/install/lolo_msgs:/home/shs/colcon_ws/install/drone_msgs:/home/shs/colcon_ws/install/dead_reckoning_msgs:/home/shs/ros2_ws/install/turtlebot3_navigation2:/home/shs/ros2_ws/install/turtlebot3_gazebo:/home/shs/ros2_ws/install/turtlebot3_description:/home/shs/ros2_ws/install/turtlebot3_cartographer:/home/shs/ros2_ws/install/transforms:/home/shs/ros2_ws/install/point_cloud_perception:/home/shs/ros2_ws/install/nodes:/home/shs/ros2_ws/install/navigation_tb3:/home/shs/colcon_ws/install/workshopfun:/home/shs/colcon_ws/install/utm_latlon_converter:/home/shs/colcon_ws/install/smarc_nodered:/home/shs/colcon_ws/install/smarc_bt:/home/shs/colcon_ws/install/smarc_bringups:/home/shs/colcon_ws/install/sam_joy_xbox:/home/shs/colcon_ws/install/sam_joy_teleop:/home/shs/colcon_ws/install/sam_diving_controller:/home/shs/colcon_ws/install/sam_dead_reckoning:/home/shs/colcon_ws/install/ros_tcp_endpoint:/home/shs/colcon_ws/install/ros2_python_examples:/home/shs/colcon_ws/install/mqtt_bridge:/home/shs/colcon_ws/install/dubins_planner:/home/shs/colcon_ws/install/drone_dr:/home/shs/colcon_ws/install/basic_go_to_waypoint:/home/shs/colcon_ws/install/basic_depth_pitch_control:/home/shs/colcon_ws/install/auv_detector:/home/shs/ros2_ws/install/turtlebot3_teleop:/home/shs/ros2_ws/install/turtlebot3_follower:/home/shs/ros2_ws/install/turtlebot3_example:/home/shs/ros2_ws/install/autonomous_tb3:/home/shs/ros2_ws/install/turtle_midpoint:/home/shs/ros2_ws/install/secure_control:/home/shs/ros2_ws/install/robot_math:/home/shs/ros2_ws/install/ai_assitance:/home/shs/install/dive_control:/home/shs/install/basic_go_to_waypoint:/home/shs/install/basic_depth_pitch_control:/home/shs/install/autonomous_tb3:/home/shs/install/ai_assitance:/opt/ros/humble LD_LIBRARY_PATH=/home/shs/ws_moveit/install/srdfdom/lib:${LD_LIBRARY_PATH} PYTHONPATH=/home/shs/ws_moveit/install/srdfdom/local/lib/python3.10/dist-packages:${PYTHONPATH} /usr/bin/cmake --install /home/shs/ws_moveit/build/moveit_core
