[0.056s] Invoking command in '/home/shs/ws_moveit/build/moveit_hybrid_planning': AMENT_PREFIX_PATH=/home/shs/ws_moveit/install/moveit_ros_planning_interface:/home/shs/ws_moveit/install/moveit_ros_move_group:/home/shs/ws_moveit/install/moveit_ros_warehouse:/home/shs/ws_moveit/install/moveit_planners_ompl:/home/shs/ws_moveit/install/moveit_kinematics:/home/shs/ws_moveit/install/moveit_ros_planning:/home/shs/ws_moveit/install/moveit_simple_controller_manager:/home/shs/ws_moveit/install/moveit_ros_occupancy_map_monitor:/home/shs/ws_moveit/install/moveit_core:/home/shs/ws_moveit/install/moveit_resources_panda_moveit_config:/home/shs/ws_moveit/install/moveit_resources_fanuc_moveit_config:/home/shs/ws_moveit/install/moveit_configs_utils:/home/shs/ws_moveit/install/srdfdom:/home/shs/ws_moveit/install/moveit_resources_pr2_description:/home/shs/ws_moveit/install/moveit_resources_panda_description:/home/shs/ws_moveit/install/moveit_resources_fanuc_description:/home/shs/ws_moveit/install/moveit_common:/home/shs/ws_moveit/install/launch_param_builder:${AMENT_PREFIX_PATH} CMAKE_PREFIX_PATH=/home/shs/ws_moveit/install/moveit_ros_planning_interface:/home/shs/ws_moveit/install/moveit_ros_move_group:/home/shs/ws_moveit/install/moveit_ros_warehouse:/home/shs/ws_moveit/install/moveit_planners_ompl:/home/shs/ws_moveit/install/moveit_kinematics:/home/shs/ws_moveit/install/moveit_ros_planning:/home/shs/ws_moveit/install/moveit_simple_controller_manager:/home/shs/ws_moveit/install/moveit_ros_occupancy_map_monitor:/home/shs/ws_moveit/install/moveit_core:/home/shs/ws_moveit/install/moveit_resources_panda_moveit_config:/home/shs/ws_moveit/install/moveit_resources_fanuc_moveit_config:/home/shs/ws_moveit/install/srdfdom:/home/shs/ws_moveit/install/moveit_resources_pr2_description:/home/shs/ws_moveit/install/moveit_resources_panda_description:/home/shs/ws_moveit/install/moveit_resources_fanuc_description:/home/shs/ws_moveit/install/moveit_common:/home/shs/ws_moveit/install/rosparam_shortcuts:/home/shs/ws_moveit/install/hello_moveit:/home/shs/colcon_ws/install/tf_convenience_topics:/home/shs/colcon_ws/install/sss_viewer:/home/shs/colcon_ws/install/sam_basic_controllers:/home/shs/colcon_ws/install/lolo_description:/home/shs/colcon_ws/install/smarc_msgs:/home/shs/colcon_ws/install/smarc_mission_msgs:/home/shs/colcon_ws/install/smarc_control_msgs:/home/shs/colcon_ws/install/sam_msgs:/home/shs/colcon_ws/install/sam_graph_slam_2_msgs:/home/shs/colcon_ws/install/sam_description:/home/shs/colcon_ws/install/lolo_msgs:/home/shs/colcon_ws/install/drone_msgs:/home/shs/colcon_ws/install/dead_reckoning_msgs:/home/shs/ros2_ws/install/turtlebot3_navigation2:/home/shs/ros2_ws/install/turtlebot3_gazebo:/home/shs/ros2_ws/install/turtlebot3_description:/home/shs/ros2_ws/install/turtlebot3_cartographer:/home/shs/ros2_ws/install/transforms:/home/shs/ros2_ws/install/point_cloud_perception:/home/shs/ros2_ws/install/nodes:/home/shs/ros2_ws/install/navigation_tb3:/home/shs/colcon_ws/install/workshopfun:/home/shs/colcon_ws/install/utm_latlon_converter:/home/shs/colcon_ws/install/smarc_nodered:/home/shs/colcon_ws/install/smarc_bt:/home/shs/colcon_ws/install/smarc_bringups:/home/shs/colcon_ws/install/sam_joy_xbox:/home/shs/colcon_ws/install/sam_joy_teleop:/home/shs/colcon_ws/install/sam_diving_controller:/home/shs/colcon_ws/install/sam_dead_reckoning:/home/shs/colcon_ws/install/ros_tcp_endpoint:/home/shs/colcon_ws/install/ros2_python_examples:/home/shs/colcon_ws/install/mqtt_bridge:/home/shs/colcon_ws/install/dubins_planner:/home/shs/colcon_ws/install/drone_dr:/home/shs/colcon_ws/install/basic_go_to_waypoint:/home/shs/colcon_ws/install/basic_depth_pitch_control:/home/shs/colcon_ws/install/auv_detector:/home/shs/ros2_ws/install/turtlebot3_teleop:/home/shs/ros2_ws/install/turtlebot3_follower:/home/shs/ros2_ws/install/turtlebot3_example:/home/shs/ros2_ws/install/autonomous_tb3:/home/shs/ros2_ws/install/turtle_midpoint:/home/shs/ros2_ws/install/secure_control:/home/shs/ros2_ws/install/robot_math:/home/shs/ros2_ws/install/ai_assitance:/home/shs/install/dive_control:/home/shs/install/basic_go_to_waypoint:/home/shs/install/basic_depth_pitch_control:/home/shs/install/autonomous_tb3:/home/shs/install/ai_assitance:/opt/ros/humble LD_LIBRARY_PATH=/home/shs/ws_moveit/install/moveit_ros_planning_interface/lib:/home/shs/ws_moveit/install/moveit_ros_move_group/lib:/home/shs/ws_moveit/install/moveit_ros_warehouse/lib:/home/shs/ws_moveit/install/moveit_planners_ompl/lib:/home/shs/ws_moveit/install/moveit_kinematics/lib:/home/shs/ws_moveit/install/moveit_ros_planning/lib:/home/shs/ws_moveit/install/moveit_simple_controller_manager/lib:/home/shs/ws_moveit/install/moveit_ros_occupancy_map_monitor/lib:/home/shs/ws_moveit/install/moveit_core/lib:/home/shs/ws_moveit/install/srdfdom/lib:${LD_LIBRARY_PATH} PATH=/home/shs/ws_moveit/install/moveit_core/bin:${PATH} PYTHONPATH=/home/shs/ws_moveit/install/moveit_configs_utils/lib/python3.10/site-packages:/home/shs/ws_moveit/install/srdfdom/local/lib/python3.10/dist-packages:/home/shs/ws_moveit/install/launch_param_builder/lib/python3.10/site-packages:${PYTHONPATH} /usr/bin/cmake /home/shs/ws_moveit/src/moveit2/moveit_ros/hybrid_planning -DCMAKE_BUILD_TYPE=Release -DCMAKE_INSTALL_PREFIX=/home/shs/ws_moveit/install/moveit_hybrid_planning
[0.127s] -- The C compiler identification is GNU 11.4.0
[0.192s] -- The CXX compiler identification is GNU 11.4.0
[0.200s] -- Detecting C compiler ABI info
[0.287s] -- Detecting C compiler ABI info - done
[0.295s] -- Check for working C compiler: /usr/bin/cc - skipped
[0.296s] -- Detecting C compile features
[0.296s] -- Detecting C compile features - done
[0.299s] -- Detecting CXX compiler ABI info
[0.398s] -- Detecting CXX compiler ABI info - done
[0.406s] -- Check for working CXX compiler: /usr/bin/c++ - skipped
[0.406s] -- Detecting CXX compile features
[0.407s] -- Detecting CXX compile features - done
[0.410s] -- Found moveit_common: 2.5.8 (/home/shs/ws_moveit/install/moveit_common/share/moveit_common/cmake)
[0.420s] -- Found ament_cmake: 1.3.11 (/opt/ros/humble/share/ament_cmake/cmake)
[0.676s] -- Found Python3: /usr/bin/python3 (found version "3.10.12") found components: Interpreter 
[1.002s] -- Found moveit_core: 2.5.8 (/home/shs/ws_moveit/install/moveit_core/share/moveit_core/cmake)
[1.388s] -- Found Boost: /usr/lib/x86_64-linux-gnu/cmake/Boost-1.74.0/BoostConfig.cmake (found version "1.74.0") found components: chrono date_time filesystem iostreams program_options regex serialization system thread 
[1.548s] -- Found parameter_traits: 0.4.0 (/opt/ros/humble/share/parameter_traits/cmake)
[1.683s] -- Found rosidl_generator_c: 3.1.6 (/opt/ros/humble/share/rosidl_generator_c/cmake)
[1.704s] -- Found rosidl_adapter: 3.1.6 (/opt/ros/humble/share/rosidl_adapter/cmake)
[1.730s] -- Found rosidl_generator_cpp: 3.1.6 (/opt/ros/humble/share/rosidl_generator_cpp/cmake)
[1.762s] -- Using all available rosidl_typesupport_c: rosidl_typesupport_fastrtps_c;rosidl_typesupport_introspection_c
[1.806s] -- Using all available rosidl_typesupport_cpp: rosidl_typesupport_fastrtps_cpp;rosidl_typesupport_introspection_cpp
[1.937s] -- Found rmw_implementation_cmake: 6.1.2 (/opt/ros/humble/share/rmw_implementation_cmake/cmake)
[1.950s] -- Found rmw_fastrtps_cpp: 6.2.7 (/opt/ros/humble/share/rmw_fastrtps_cpp/cmake)
[2.111s] -- Found OpenSSL: /usr/lib/x86_64-linux-gnu/libcrypto.so (found version "3.0.2")  
[2.151s] -- Found FastRTPS: /opt/ros/humble/include  
[2.218s] -- Using RMW implementation 'rmw_fastrtps_cpp' as default
[2.252s] -- Found Threads: TRUE  
[2.363s] -- Found Eigen3: TRUE (found version "3.4.0") 
[2.374s] -- Found rclcpp_lifecycle: 16.0.12 (/opt/ros/humble/share/rclcpp_lifecycle/cmake)
[2.424s] -- Found Boost: /usr/lib/x86_64-linux-gnu/cmake/Boost-1.74.0/BoostConfig.cmake (found version "1.74.0") found components: filesystem 
[2.608s] -- library: /usr/lib/x86_64-linux-gnu/libcurl.so
[2.730s] -- Ensuring Eigen3 include directory is part of orocos-kdl CMake target
[3.205s] -- Found moveit_ros_planning: 2.5.8 (/home/shs/ws_moveit/install/moveit_ros_planning/share/moveit_ros_planning/cmake)
[3.211s] -- Found Boost: /usr/lib/x86_64-linux-gnu/cmake/Boost-1.74.0/BoostConfig.cmake (found version "1.74.0") found components: system filesystem date_time program_options thread chrono 
[3.237s] -- Found moveit_ros_planning_interface: 2.5.8 (/home/shs/ws_moveit/install/moveit_ros_planning_interface/share/moveit_ros_planning_interface/cmake)
[3.243s] -- Found Boost: /usr/lib/x86_64-linux-gnu/cmake/Boost-1.74.0/BoostConfig.cmake (found version "1.74.0") found components: date_time filesystem program_options system thread 
[3.258s] -- Found Boost: /usr/lib/x86_64-linux-gnu/cmake/Boost-1.74.0/BoostConfig.cmake (found version "1.74.0") found components: thread system filesystem regex date_time program_options 
[3.289s] -- Found Boost: /usr/lib/x86_64-linux-gnu/cmake/Boost-1.74.0/BoostConfig.cmake (found version "1.74.0") found components: system filesystem date_time program_options thread 
[3.726s] -- Found ament_lint_auto: 0.12.12 (/opt/ros/humble/share/ament_lint_auto/cmake)
[3.736s] -- Found ament_cmake_gtest: 1.3.11 (/opt/ros/humble/share/ament_cmake_gtest/cmake)
[3.746s] -- Found ros_testing: 0.4.0 (/opt/ros/humble/share/ros_testing/cmake)
[3.756s] -- Found launch_testing_ament_cmake: 1.0.8 (/opt/ros/humble/share/launch_testing_ament_cmake/cmake)
[3.765s] -- Found python_cmake_module: 0.10.0 (/opt/ros/humble/share/python_cmake_module/cmake)
[3.801s] -- Found PythonInterp: /usr/bin/python3 (found suitable version "3.10.12", minimum required is "3.6") 
[3.810s] -- Found PythonLibs: /usr/lib/x86_64-linux-gnu/libpython3.10.so (found suitable version "3.10.12", minimum required is "3.5") 
[3.810s] -- Using PYTHON_EXECUTABLE: /usr/bin/python3
[3.810s] -- Using PYTHON_INCLUDE_DIRS: /usr/include/python3.10
[3.810s] -- Using PYTHON_LIBRARIES: /usr/lib/x86_64-linux-gnu/libpython3.10.so
[3.846s] -- Found PythonExtra: .so  
[3.851s] -- Found Boost: /usr/lib/x86_64-linux-gnu/cmake/Boost-1.74.0/BoostConfig.cmake (found version "1.74.0") found components: filesystem 
[3.929s] -- Configuring done
[4.178s] -- Generating done
[4.234s] -- Build files have been written to: /home/shs/ws_moveit/build/moveit_hybrid_planning
[4.258s] Invoked command in '/home/shs/ws_moveit/build/moveit_hybrid_planning' returned '0': AMENT_PREFIX_PATH=/home/shs/ws_moveit/install/moveit_ros_planning_interface:/home/shs/ws_moveit/install/moveit_ros_move_group:/home/shs/ws_moveit/install/moveit_ros_warehouse:/home/shs/ws_moveit/install/moveit_planners_ompl:/home/shs/ws_moveit/install/moveit_kinematics:/home/shs/ws_moveit/install/moveit_ros_planning:/home/shs/ws_moveit/install/moveit_simple_controller_manager:/home/shs/ws_moveit/install/moveit_ros_occupancy_map_monitor:/home/shs/ws_moveit/install/moveit_core:/home/shs/ws_moveit/install/moveit_resources_panda_moveit_config:/home/shs/ws_moveit/install/moveit_resources_fanuc_moveit_config:/home/shs/ws_moveit/install/moveit_configs_utils:/home/shs/ws_moveit/install/srdfdom:/home/shs/ws_moveit/install/moveit_resources_pr2_description:/home/shs/ws_moveit/install/moveit_resources_panda_description:/home/shs/ws_moveit/install/moveit_resources_fanuc_description:/home/shs/ws_moveit/install/moveit_common:/home/shs/ws_moveit/install/launch_param_builder:${AMENT_PREFIX_PATH} CMAKE_PREFIX_PATH=/home/shs/ws_moveit/install/moveit_ros_planning_interface:/home/shs/ws_moveit/install/moveit_ros_move_group:/home/shs/ws_moveit/install/moveit_ros_warehouse:/home/shs/ws_moveit/install/moveit_planners_ompl:/home/shs/ws_moveit/install/moveit_kinematics:/home/shs/ws_moveit/install/moveit_ros_planning:/home/shs/ws_moveit/install/moveit_simple_controller_manager:/home/shs/ws_moveit/install/moveit_ros_occupancy_map_monitor:/home/shs/ws_moveit/install/moveit_core:/home/shs/ws_moveit/install/moveit_resources_panda_moveit_config:/home/shs/ws_moveit/install/moveit_resources_fanuc_moveit_config:/home/shs/ws_moveit/install/srdfdom:/home/shs/ws_moveit/install/moveit_resources_pr2_description:/home/shs/ws_moveit/install/moveit_resources_panda_description:/home/shs/ws_moveit/install/moveit_resources_fanuc_description:/home/shs/ws_moveit/install/moveit_common:/home/shs/ws_moveit/install/rosparam_shortcuts:/home/shs/ws_moveit/install/hello_moveit:/home/shs/colcon_ws/install/tf_convenience_topics:/home/shs/colcon_ws/install/sss_viewer:/home/shs/colcon_ws/install/sam_basic_controllers:/home/shs/colcon_ws/install/lolo_description:/home/shs/colcon_ws/install/smarc_msgs:/home/shs/colcon_ws/install/smarc_mission_msgs:/home/shs/colcon_ws/install/smarc_control_msgs:/home/shs/colcon_ws/install/sam_msgs:/home/shs/colcon_ws/install/sam_graph_slam_2_msgs:/home/shs/colcon_ws/install/sam_description:/home/shs/colcon_ws/install/lolo_msgs:/home/shs/colcon_ws/install/drone_msgs:/home/shs/colcon_ws/install/dead_reckoning_msgs:/home/shs/ros2_ws/install/turtlebot3_navigation2:/home/shs/ros2_ws/install/turtlebot3_gazebo:/home/shs/ros2_ws/install/turtlebot3_description:/home/shs/ros2_ws/install/turtlebot3_cartographer:/home/shs/ros2_ws/install/transforms:/home/shs/ros2_ws/install/point_cloud_perception:/home/shs/ros2_ws/install/nodes:/home/shs/ros2_ws/install/navigation_tb3:/home/shs/colcon_ws/install/workshopfun:/home/shs/colcon_ws/install/utm_latlon_converter:/home/shs/colcon_ws/install/smarc_nodered:/home/shs/colcon_ws/install/smarc_bt:/home/shs/colcon_ws/install/smarc_bringups:/home/shs/colcon_ws/install/sam_joy_xbox:/home/shs/colcon_ws/install/sam_joy_teleop:/home/shs/colcon_ws/install/sam_diving_controller:/home/shs/colcon_ws/install/sam_dead_reckoning:/home/shs/colcon_ws/install/ros_tcp_endpoint:/home/shs/colcon_ws/install/ros2_python_examples:/home/shs/colcon_ws/install/mqtt_bridge:/home/shs/colcon_ws/install/dubins_planner:/home/shs/colcon_ws/install/drone_dr:/home/shs/colcon_ws/install/basic_go_to_waypoint:/home/shs/colcon_ws/install/basic_depth_pitch_control:/home/shs/colcon_ws/install/auv_detector:/home/shs/ros2_ws/install/turtlebot3_teleop:/home/shs/ros2_ws/install/turtlebot3_follower:/home/shs/ros2_ws/install/turtlebot3_example:/home/shs/ros2_ws/install/autonomous_tb3:/home/shs/ros2_ws/install/turtle_midpoint:/home/shs/ros2_ws/install/secure_control:/home/shs/ros2_ws/install/robot_math:/home/shs/ros2_ws/install/ai_assitance:/home/shs/install/dive_control:/home/shs/install/basic_go_to_waypoint:/home/shs/install/basic_depth_pitch_control:/home/shs/install/autonomous_tb3:/home/shs/install/ai_assitance:/opt/ros/humble LD_LIBRARY_PATH=/home/shs/ws_moveit/install/moveit_ros_planning_interface/lib:/home/shs/ws_moveit/install/moveit_ros_move_group/lib:/home/shs/ws_moveit/install/moveit_ros_warehouse/lib:/home/shs/ws_moveit/install/moveit_planners_ompl/lib:/home/shs/ws_moveit/install/moveit_kinematics/lib:/home/shs/ws_moveit/install/moveit_ros_planning/lib:/home/shs/ws_moveit/install/moveit_simple_controller_manager/lib:/home/shs/ws_moveit/install/moveit_ros_occupancy_map_monitor/lib:/home/shs/ws_moveit/install/moveit_core/lib:/home/shs/ws_moveit/install/srdfdom/lib:${LD_LIBRARY_PATH} PATH=/home/shs/ws_moveit/install/moveit_core/bin:${PATH} PYTHONPATH=/home/shs/ws_moveit/install/moveit_configs_utils/lib/python3.10/site-packages:/home/shs/ws_moveit/install/srdfdom/local/lib/python3.10/dist-packages:/home/shs/ws_moveit/install/launch_param_builder/lib/python3.10/site-packages:${PYTHONPATH} /usr/bin/cmake /home/shs/ws_moveit/src/moveit2/moveit_ros/hybrid_planning -DCMAKE_BUILD_TYPE=Release -DCMAKE_INSTALL_PREFIX=/home/shs/ws_moveit/install/moveit_hybrid_planning
[4.261s] Invoking command in '/home/shs/ws_moveit/build/moveit_hybrid_planning': AMENT_PREFIX_PATH=/home/shs/ws_moveit/install/moveit_ros_planning_interface:/home/shs/ws_moveit/install/moveit_ros_move_group:/home/shs/ws_moveit/install/moveit_ros_warehouse:/home/shs/ws_moveit/install/moveit_planners_ompl:/home/shs/ws_moveit/install/moveit_kinematics:/home/shs/ws_moveit/install/moveit_ros_planning:/home/shs/ws_moveit/install/moveit_simple_controller_manager:/home/shs/ws_moveit/install/moveit_ros_occupancy_map_monitor:/home/shs/ws_moveit/install/moveit_core:/home/shs/ws_moveit/install/moveit_resources_panda_moveit_config:/home/shs/ws_moveit/install/moveit_resources_fanuc_moveit_config:/home/shs/ws_moveit/install/moveit_configs_utils:/home/shs/ws_moveit/install/srdfdom:/home/shs/ws_moveit/install/moveit_resources_pr2_description:/home/shs/ws_moveit/install/moveit_resources_panda_description:/home/shs/ws_moveit/install/moveit_resources_fanuc_description:/home/shs/ws_moveit/install/moveit_common:/home/shs/ws_moveit/install/launch_param_builder:${AMENT_PREFIX_PATH} CMAKE_PREFIX_PATH=/home/shs/ws_moveit/install/moveit_ros_planning_interface:/home/shs/ws_moveit/install/moveit_ros_move_group:/home/shs/ws_moveit/install/moveit_ros_warehouse:/home/shs/ws_moveit/install/moveit_planners_ompl:/home/shs/ws_moveit/install/moveit_kinematics:/home/shs/ws_moveit/install/moveit_ros_planning:/home/shs/ws_moveit/install/moveit_simple_controller_manager:/home/shs/ws_moveit/install/moveit_ros_occupancy_map_monitor:/home/shs/ws_moveit/install/moveit_core:/home/shs/ws_moveit/install/moveit_resources_panda_moveit_config:/home/shs/ws_moveit/install/moveit_resources_fanuc_moveit_config:/home/shs/ws_moveit/install/srdfdom:/home/shs/ws_moveit/install/moveit_resources_pr2_description:/home/shs/ws_moveit/install/moveit_resources_panda_description:/home/shs/ws_moveit/install/moveit_resources_fanuc_description:/home/shs/ws_moveit/install/moveit_common:/home/shs/ws_moveit/install/rosparam_shortcuts:/home/shs/ws_moveit/install/hello_moveit:/home/shs/colcon_ws/install/tf_convenience_topics:/home/shs/colcon_ws/install/sss_viewer:/home/shs/colcon_ws/install/sam_basic_controllers:/home/shs/colcon_ws/install/lolo_description:/home/shs/colcon_ws/install/smarc_msgs:/home/shs/colcon_ws/install/smarc_mission_msgs:/home/shs/colcon_ws/install/smarc_control_msgs:/home/shs/colcon_ws/install/sam_msgs:/home/shs/colcon_ws/install/sam_graph_slam_2_msgs:/home/shs/colcon_ws/install/sam_description:/home/shs/colcon_ws/install/lolo_msgs:/home/shs/colcon_ws/install/drone_msgs:/home/shs/colcon_ws/install/dead_reckoning_msgs:/home/shs/ros2_ws/install/turtlebot3_navigation2:/home/shs/ros2_ws/install/turtlebot3_gazebo:/home/shs/ros2_ws/install/turtlebot3_description:/home/shs/ros2_ws/install/turtlebot3_cartographer:/home/shs/ros2_ws/install/transforms:/home/shs/ros2_ws/install/point_cloud_perception:/home/shs/ros2_ws/install/nodes:/home/shs/ros2_ws/install/navigation_tb3:/home/shs/colcon_ws/install/workshopfun:/home/shs/colcon_ws/install/utm_latlon_converter:/home/shs/colcon_ws/install/smarc_nodered:/home/shs/colcon_ws/install/smarc_bt:/home/shs/colcon_ws/install/smarc_bringups:/home/shs/colcon_ws/install/sam_joy_xbox:/home/shs/colcon_ws/install/sam_joy_teleop:/home/shs/colcon_ws/install/sam_diving_controller:/home/shs/colcon_ws/install/sam_dead_reckoning:/home/shs/colcon_ws/install/ros_tcp_endpoint:/home/shs/colcon_ws/install/ros2_python_examples:/home/shs/colcon_ws/install/mqtt_bridge:/home/shs/colcon_ws/install/dubins_planner:/home/shs/colcon_ws/install/drone_dr:/home/shs/colcon_ws/install/basic_go_to_waypoint:/home/shs/colcon_ws/install/basic_depth_pitch_control:/home/shs/colcon_ws/install/auv_detector:/home/shs/ros2_ws/install/turtlebot3_teleop:/home/shs/ros2_ws/install/turtlebot3_follower:/home/shs/ros2_ws/install/turtlebot3_example:/home/shs/ros2_ws/install/autonomous_tb3:/home/shs/ros2_ws/install/turtle_midpoint:/home/shs/ros2_ws/install/secure_control:/home/shs/ros2_ws/install/robot_math:/home/shs/ros2_ws/install/ai_assitance:/home/shs/install/dive_control:/home/shs/install/basic_go_to_waypoint:/home/shs/install/basic_depth_pitch_control:/home/shs/install/autonomous_tb3:/home/shs/install/ai_assitance:/opt/ros/humble LD_LIBRARY_PATH=/home/shs/ws_moveit/install/moveit_ros_planning_interface/lib:/home/shs/ws_moveit/install/moveit_ros_move_group/lib:/home/shs/ws_moveit/install/moveit_ros_warehouse/lib:/home/shs/ws_moveit/install/moveit_planners_ompl/lib:/home/shs/ws_moveit/install/moveit_kinematics/lib:/home/shs/ws_moveit/install/moveit_ros_planning/lib:/home/shs/ws_moveit/install/moveit_simple_controller_manager/lib:/home/shs/ws_moveit/install/moveit_ros_occupancy_map_monitor/lib:/home/shs/ws_moveit/install/moveit_core/lib:/home/shs/ws_moveit/install/srdfdom/lib:${LD_LIBRARY_PATH} PATH=/home/shs/ws_moveit/install/moveit_core/bin:${PATH} PYTHONPATH=/home/shs/ws_moveit/install/moveit_configs_utils/lib/python3.10/site-packages:/home/shs/ws_moveit/install/srdfdom/local/lib/python3.10/dist-packages:/home/shs/ws_moveit/install/launch_param_builder/lib/python3.10/site-packages:${PYTHONPATH} /usr/bin/cmake --build /home/shs/ws_moveit/build/moveit_hybrid_planning -- -j8 -l8
[4.344s] [  5%] [32mBuilding CXX object local_planner/local_planner_component/CMakeFiles/moveit_local_planner_component.dir/src/local_planner_component.cpp.o[0m
[4.345s] [ 15%] [32mBuilding CXX object global_planner/global_planner_component/CMakeFiles/moveit_global_planner_component.dir/src/global_planner_component.cpp.o[0m
[4.345s] [ 15%] [32mBuilding CXX object local_planner/trajectory_operator_plugins/CMakeFiles/simple_sampler_plugin.dir/src/simple_sampler.cpp.o[0m
[4.347s] [ 20%] [32mBuilding CXX object local_planner/local_constraint_solver_plugins/CMakeFiles/forward_trajectory_plugin.dir/src/forward_trajectory.cpp.o[0m
[4.348s] [ 25%] [32mBuilding CXX object hybrid_planning_manager/hybrid_planning_manager_component/CMakeFiles/moveit_hybrid_planning_manager.dir/src/hybrid_planning_manager.cpp.o[0m
[4.348s] [ 30%] [32mBuilding CXX object global_planner/global_planner_plugins/CMakeFiles/motion_planning_pipeline_plugin.dir/src/moveit_planning_pipeline.cpp.o[0m
[19.200s] [ 35%] [32m[1mLinking CXX shared library libsimple_sampler_plugin.so[0m
[19.818s] [ 35%] Built target simple_sampler_plugin
[27.548s] [ 40%] [32m[1mLinking CXX shared library libforward_trajectory_plugin.so[0m
[28.164s] [ 40%] Built target forward_trajectory_plugin
[30.299s] [ 45%] [32m[1mLinking CXX shared library libmotion_planning_pipeline_plugin.so[0m
[30.676s] [ 45%] Built target motion_planning_pipeline_plugin
[31.620s] [ 50%] [32m[1mLinking CXX shared library libmoveit_global_planner_component.so[0m
[32.235s] [ 50%] Built target moveit_global_planner_component
[38.765s] [ 55%] [32m[1mLinking CXX shared library libmoveit_hybrid_planning_manager.so[0m
[39.413s] [ 55%] Built target moveit_hybrid_planning_manager
[39.446s] [ 60%] [32mBuilding CXX object hybrid_planning_manager/planner_logic_plugins/CMakeFiles/single_plan_execution_plugin.dir/src/single_plan_execution.cpp.o[0m
[40.108s] [ 65%] [32m[1mLinking CXX shared library libmoveit_local_planner_component.so[0m
[40.544s] [ 65%] Built target moveit_local_planner_component
[45.084s] [ 70%] [32m[1mLinking CXX shared library libsingle_plan_execution_plugin.so[0m
[45.391s] [ 70%] Built target single_plan_execution_plugin
[45.426s] [ 75%] [32mBuilding CXX object hybrid_planning_manager/planner_logic_plugins/CMakeFiles/replan_invalidated_trajectory_plugin.dir/src/replan_invalidated_trajectory.cpp.o[0m
[50.848s] [ 80%] [32m[1mLinking CXX shared library libreplan_invalidated_trajectory_plugin.so[0m
[51.167s] [ 80%] Built target replan_invalidated_trajectory_plugin
[51.204s] [ 90%] [32mBuilding CXX object test/CMakeFiles/hybrid_planning_demo_node.dir/hybrid_planning_demo_node.cpp.o[0m
[51.205s] [ 90%] [32mBuilding CXX object test/CMakeFiles/cancel_action.dir/cancel_action.cpp.o[0m
[55.432s] [ 95%] [32m[1mLinking CXX executable cancel_action[0m
[55.860s] [ 95%] Built target cancel_action
[74.984s] [100%] [32m[1mLinking CXX executable hybrid_planning_demo_node[0m
[75.492s] [100%] Built target hybrid_planning_demo_node
[75.509s] Invoked command in '/home/shs/ws_moveit/build/moveit_hybrid_planning' returned '0': AMENT_PREFIX_PATH=/home/shs/ws_moveit/install/moveit_ros_planning_interface:/home/shs/ws_moveit/install/moveit_ros_move_group:/home/shs/ws_moveit/install/moveit_ros_warehouse:/home/shs/ws_moveit/install/moveit_planners_ompl:/home/shs/ws_moveit/install/moveit_kinematics:/home/shs/ws_moveit/install/moveit_ros_planning:/home/shs/ws_moveit/install/moveit_simple_controller_manager:/home/shs/ws_moveit/install/moveit_ros_occupancy_map_monitor:/home/shs/ws_moveit/install/moveit_core:/home/shs/ws_moveit/install/moveit_resources_panda_moveit_config:/home/shs/ws_moveit/install/moveit_resources_fanuc_moveit_config:/home/shs/ws_moveit/install/moveit_configs_utils:/home/shs/ws_moveit/install/srdfdom:/home/shs/ws_moveit/install/moveit_resources_pr2_description:/home/shs/ws_moveit/install/moveit_resources_panda_description:/home/shs/ws_moveit/install/moveit_resources_fanuc_description:/home/shs/ws_moveit/install/moveit_common:/home/shs/ws_moveit/install/launch_param_builder:${AMENT_PREFIX_PATH} CMAKE_PREFIX_PATH=/home/shs/ws_moveit/install/moveit_ros_planning_interface:/home/shs/ws_moveit/install/moveit_ros_move_group:/home/shs/ws_moveit/install/moveit_ros_warehouse:/home/shs/ws_moveit/install/moveit_planners_ompl:/home/shs/ws_moveit/install/moveit_kinematics:/home/shs/ws_moveit/install/moveit_ros_planning:/home/shs/ws_moveit/install/moveit_simple_controller_manager:/home/shs/ws_moveit/install/moveit_ros_occupancy_map_monitor:/home/shs/ws_moveit/install/moveit_core:/home/shs/ws_moveit/install/moveit_resources_panda_moveit_config:/home/shs/ws_moveit/install/moveit_resources_fanuc_moveit_config:/home/shs/ws_moveit/install/srdfdom:/home/shs/ws_moveit/install/moveit_resources_pr2_description:/home/shs/ws_moveit/install/moveit_resources_panda_description:/home/shs/ws_moveit/install/moveit_resources_fanuc_description:/home/shs/ws_moveit/install/moveit_common:/home/shs/ws_moveit/install/rosparam_shortcuts:/home/shs/ws_moveit/install/hello_moveit:/home/shs/colcon_ws/install/tf_convenience_topics:/home/shs/colcon_ws/install/sss_viewer:/home/shs/colcon_ws/install/sam_basic_controllers:/home/shs/colcon_ws/install/lolo_description:/home/shs/colcon_ws/install/smarc_msgs:/home/shs/colcon_ws/install/smarc_mission_msgs:/home/shs/colcon_ws/install/smarc_control_msgs:/home/shs/colcon_ws/install/sam_msgs:/home/shs/colcon_ws/install/sam_graph_slam_2_msgs:/home/shs/colcon_ws/install/sam_description:/home/shs/colcon_ws/install/lolo_msgs:/home/shs/colcon_ws/install/drone_msgs:/home/shs/colcon_ws/install/dead_reckoning_msgs:/home/shs/ros2_ws/install/turtlebot3_navigation2:/home/shs/ros2_ws/install/turtlebot3_gazebo:/home/shs/ros2_ws/install/turtlebot3_description:/home/shs/ros2_ws/install/turtlebot3_cartographer:/home/shs/ros2_ws/install/transforms:/home/shs/ros2_ws/install/point_cloud_perception:/home/shs/ros2_ws/install/nodes:/home/shs/ros2_ws/install/navigation_tb3:/home/shs/colcon_ws/install/workshopfun:/home/shs/colcon_ws/install/utm_latlon_converter:/home/shs/colcon_ws/install/smarc_nodered:/home/shs/colcon_ws/install/smarc_bt:/home/shs/colcon_ws/install/smarc_bringups:/home/shs/colcon_ws/install/sam_joy_xbox:/home/shs/colcon_ws/install/sam_joy_teleop:/home/shs/colcon_ws/install/sam_diving_controller:/home/shs/colcon_ws/install/sam_dead_reckoning:/home/shs/colcon_ws/install/ros_tcp_endpoint:/home/shs/colcon_ws/install/ros2_python_examples:/home/shs/colcon_ws/install/mqtt_bridge:/home/shs/colcon_ws/install/dubins_planner:/home/shs/colcon_ws/install/drone_dr:/home/shs/colcon_ws/install/basic_go_to_waypoint:/home/shs/colcon_ws/install/basic_depth_pitch_control:/home/shs/colcon_ws/install/auv_detector:/home/shs/ros2_ws/install/turtlebot3_teleop:/home/shs/ros2_ws/install/turtlebot3_follower:/home/shs/ros2_ws/install/turtlebot3_example:/home/shs/ros2_ws/install/autonomous_tb3:/home/shs/ros2_ws/install/turtle_midpoint:/home/shs/ros2_ws/install/secure_control:/home/shs/ros2_ws/install/robot_math:/home/shs/ros2_ws/install/ai_assitance:/home/shs/install/dive_control:/home/shs/install/basic_go_to_waypoint:/home/shs/install/basic_depth_pitch_control:/home/shs/install/autonomous_tb3:/home/shs/install/ai_assitance:/opt/ros/humble LD_LIBRARY_PATH=/home/shs/ws_moveit/install/moveit_ros_planning_interface/lib:/home/shs/ws_moveit/install/moveit_ros_move_group/lib:/home/shs/ws_moveit/install/moveit_ros_warehouse/lib:/home/shs/ws_moveit/install/moveit_planners_ompl/lib:/home/shs/ws_moveit/install/moveit_kinematics/lib:/home/shs/ws_moveit/install/moveit_ros_planning/lib:/home/shs/ws_moveit/install/moveit_simple_controller_manager/lib:/home/shs/ws_moveit/install/moveit_ros_occupancy_map_monitor/lib:/home/shs/ws_moveit/install/moveit_core/lib:/home/shs/ws_moveit/install/srdfdom/lib:${LD_LIBRARY_PATH} PATH=/home/shs/ws_moveit/install/moveit_core/bin:${PATH} PYTHONPATH=/home/shs/ws_moveit/install/moveit_configs_utils/lib/python3.10/site-packages:/home/shs/ws_moveit/install/srdfdom/local/lib/python3.10/dist-packages:/home/shs/ws_moveit/install/launch_param_builder/lib/python3.10/site-packages:${PYTHONPATH} /usr/bin/cmake --build /home/shs/ws_moveit/build/moveit_hybrid_planning -- -j8 -l8
[75.511s] Invoking command in '/home/shs/ws_moveit/build/moveit_hybrid_planning': AMENT_PREFIX_PATH=/home/shs/ws_moveit/install/moveit_ros_planning_interface:/home/shs/ws_moveit/install/moveit_ros_move_group:/home/shs/ws_moveit/install/moveit_ros_warehouse:/home/shs/ws_moveit/install/moveit_planners_ompl:/home/shs/ws_moveit/install/moveit_kinematics:/home/shs/ws_moveit/install/moveit_ros_planning:/home/shs/ws_moveit/install/moveit_simple_controller_manager:/home/shs/ws_moveit/install/moveit_ros_occupancy_map_monitor:/home/shs/ws_moveit/install/moveit_core:/home/shs/ws_moveit/install/moveit_resources_panda_moveit_config:/home/shs/ws_moveit/install/moveit_resources_fanuc_moveit_config:/home/shs/ws_moveit/install/moveit_configs_utils:/home/shs/ws_moveit/install/srdfdom:/home/shs/ws_moveit/install/moveit_resources_pr2_description:/home/shs/ws_moveit/install/moveit_resources_panda_description:/home/shs/ws_moveit/install/moveit_resources_fanuc_description:/home/shs/ws_moveit/install/moveit_common:/home/shs/ws_moveit/install/launch_param_builder:${AMENT_PREFIX_PATH} CMAKE_PREFIX_PATH=/home/shs/ws_moveit/install/moveit_ros_planning_interface:/home/shs/ws_moveit/install/moveit_ros_move_group:/home/shs/ws_moveit/install/moveit_ros_warehouse:/home/shs/ws_moveit/install/moveit_planners_ompl:/home/shs/ws_moveit/install/moveit_kinematics:/home/shs/ws_moveit/install/moveit_ros_planning:/home/shs/ws_moveit/install/moveit_simple_controller_manager:/home/shs/ws_moveit/install/moveit_ros_occupancy_map_monitor:/home/shs/ws_moveit/install/moveit_core:/home/shs/ws_moveit/install/moveit_resources_panda_moveit_config:/home/shs/ws_moveit/install/moveit_resources_fanuc_moveit_config:/home/shs/ws_moveit/install/srdfdom:/home/shs/ws_moveit/install/moveit_resources_pr2_description:/home/shs/ws_moveit/install/moveit_resources_panda_description:/home/shs/ws_moveit/install/moveit_resources_fanuc_description:/home/shs/ws_moveit/install/moveit_common:/home/shs/ws_moveit/install/rosparam_shortcuts:/home/shs/ws_moveit/install/hello_moveit:/home/shs/colcon_ws/install/tf_convenience_topics:/home/shs/colcon_ws/install/sss_viewer:/home/shs/colcon_ws/install/sam_basic_controllers:/home/shs/colcon_ws/install/lolo_description:/home/shs/colcon_ws/install/smarc_msgs:/home/shs/colcon_ws/install/smarc_mission_msgs:/home/shs/colcon_ws/install/smarc_control_msgs:/home/shs/colcon_ws/install/sam_msgs:/home/shs/colcon_ws/install/sam_graph_slam_2_msgs:/home/shs/colcon_ws/install/sam_description:/home/shs/colcon_ws/install/lolo_msgs:/home/shs/colcon_ws/install/drone_msgs:/home/shs/colcon_ws/install/dead_reckoning_msgs:/home/shs/ros2_ws/install/turtlebot3_navigation2:/home/shs/ros2_ws/install/turtlebot3_gazebo:/home/shs/ros2_ws/install/turtlebot3_description:/home/shs/ros2_ws/install/turtlebot3_cartographer:/home/shs/ros2_ws/install/transforms:/home/shs/ros2_ws/install/point_cloud_perception:/home/shs/ros2_ws/install/nodes:/home/shs/ros2_ws/install/navigation_tb3:/home/shs/colcon_ws/install/workshopfun:/home/shs/colcon_ws/install/utm_latlon_converter:/home/shs/colcon_ws/install/smarc_nodered:/home/shs/colcon_ws/install/smarc_bt:/home/shs/colcon_ws/install/smarc_bringups:/home/shs/colcon_ws/install/sam_joy_xbox:/home/shs/colcon_ws/install/sam_joy_teleop:/home/shs/colcon_ws/install/sam_diving_controller:/home/shs/colcon_ws/install/sam_dead_reckoning:/home/shs/colcon_ws/install/ros_tcp_endpoint:/home/shs/colcon_ws/install/ros2_python_examples:/home/shs/colcon_ws/install/mqtt_bridge:/home/shs/colcon_ws/install/dubins_planner:/home/shs/colcon_ws/install/drone_dr:/home/shs/colcon_ws/install/basic_go_to_waypoint:/home/shs/colcon_ws/install/basic_depth_pitch_control:/home/shs/colcon_ws/install/auv_detector:/home/shs/ros2_ws/install/turtlebot3_teleop:/home/shs/ros2_ws/install/turtlebot3_follower:/home/shs/ros2_ws/install/turtlebot3_example:/home/shs/ros2_ws/install/autonomous_tb3:/home/shs/ros2_ws/install/turtle_midpoint:/home/shs/ros2_ws/install/secure_control:/home/shs/ros2_ws/install/robot_math:/home/shs/ros2_ws/install/ai_assitance:/home/shs/install/dive_control:/home/shs/install/basic_go_to_waypoint:/home/shs/install/basic_depth_pitch_control:/home/shs/install/autonomous_tb3:/home/shs/install/ai_assitance:/opt/ros/humble LD_LIBRARY_PATH=/home/shs/ws_moveit/install/moveit_ros_planning_interface/lib:/home/shs/ws_moveit/install/moveit_ros_move_group/lib:/home/shs/ws_moveit/install/moveit_ros_warehouse/lib:/home/shs/ws_moveit/install/moveit_planners_ompl/lib:/home/shs/ws_moveit/install/moveit_kinematics/lib:/home/shs/ws_moveit/install/moveit_ros_planning/lib:/home/shs/ws_moveit/install/moveit_simple_controller_manager/lib:/home/shs/ws_moveit/install/moveit_ros_occupancy_map_monitor/lib:/home/shs/ws_moveit/install/moveit_core/lib:/home/shs/ws_moveit/install/srdfdom/lib:${LD_LIBRARY_PATH} PATH=/home/shs/ws_moveit/install/moveit_core/bin:${PATH} PYTHONPATH=/home/shs/ws_moveit/install/moveit_configs_utils/lib/python3.10/site-packages:/home/shs/ws_moveit/install/srdfdom/local/lib/python3.10/dist-packages:/home/shs/ws_moveit/install/launch_param_builder/lib/python3.10/site-packages:${PYTHONPATH} /usr/bin/cmake --install /home/shs/ws_moveit/build/moveit_hybrid_planning
[75.522s] -- Install configuration: "Release"
[75.524s] -- Installing: /home/shs/ws_moveit/install/moveit_hybrid_planning/lib/libmoveit_global_planner_component.so.2.5.8
[75.525s] -- Set runtime path of "/home/shs/ws_moveit/install/moveit_hybrid_planning/lib/libmoveit_global_planner_component.so.2.5.8" to ""
[75.525s] -- Installing: /home/shs/ws_moveit/install/moveit_hybrid_planning/lib/libmoveit_global_planner_component.so
[75.525s] -- Installing: /home/shs/ws_moveit/install/moveit_hybrid_planning/lib/libmoveit_hybrid_planning_manager.so.2.5.8
[75.528s] -- Set runtime path of "/home/shs/ws_moveit/install/moveit_hybrid_planning/lib/libmoveit_hybrid_planning_manager.so.2.5.8" to ""
[75.528s] -- Installing: /home/shs/ws_moveit/install/moveit_hybrid_planning/lib/libmoveit_hybrid_planning_manager.so
[75.528s] -- Installing: /home/shs/ws_moveit/install/moveit_hybrid_planning/lib/libmoveit_local_planner_component.so.2.5.8
[75.530s] -- Set runtime path of "/home/shs/ws_moveit/install/moveit_hybrid_planning/lib/libmoveit_local_planner_component.so.2.5.8" to ""
[75.530s] -- Installing: /home/shs/ws_moveit/install/moveit_hybrid_planning/lib/libmoveit_local_planner_component.so
[75.530s] -- Installing: /home/shs/ws_moveit/install/moveit_hybrid_planning/lib/libforward_trajectory_plugin.so.2.5.8
[75.531s] -- Set runtime path of "/home/shs/ws_moveit/install/moveit_hybrid_planning/lib/libforward_trajectory_plugin.so.2.5.8" to ""
[75.531s] -- Installing: /home/shs/ws_moveit/install/moveit_hybrid_planning/lib/libforward_trajectory_plugin.so
[75.531s] -- Installing: /home/shs/ws_moveit/install/moveit_hybrid_planning/lib/libmotion_planning_pipeline_plugin.so.2.5.8
[75.532s] -- Set runtime path of "/home/shs/ws_moveit/install/moveit_hybrid_planning/lib/libmotion_planning_pipeline_plugin.so.2.5.8" to ""
[75.532s] -- Installing: /home/shs/ws_moveit/install/moveit_hybrid_planning/lib/libmotion_planning_pipeline_plugin.so
[75.532s] -- Installing: /home/shs/ws_moveit/install/moveit_hybrid_planning/lib/libreplan_invalidated_trajectory_plugin.so.2.5.8
[75.532s] -- Set runtime path of "/home/shs/ws_moveit/install/moveit_hybrid_planning/lib/libreplan_invalidated_trajectory_plugin.so.2.5.8" to ""
[75.532s] -- Installing: /home/shs/ws_moveit/install/moveit_hybrid_planning/lib/libreplan_invalidated_trajectory_plugin.so
[75.533s] -- Installing: /home/shs/ws_moveit/install/moveit_hybrid_planning/lib/libsimple_sampler_plugin.so.2.5.8
[75.533s] -- Set runtime path of "/home/shs/ws_moveit/install/moveit_hybrid_planning/lib/libsimple_sampler_plugin.so.2.5.8" to ""
[75.533s] -- Installing: /home/shs/ws_moveit/install/moveit_hybrid_planning/lib/libsimple_sampler_plugin.so
[75.533s] -- Installing: /home/shs/ws_moveit/install/moveit_hybrid_planning/lib/libsingle_plan_execution_plugin.so.2.5.8
[75.534s] -- Set runtime path of "/home/shs/ws_moveit/install/moveit_hybrid_planning/lib/libsingle_plan_execution_plugin.so.2.5.8" to ""
[75.534s] -- Installing: /home/shs/ws_moveit/install/moveit_hybrid_planning/lib/libsingle_plan_execution_plugin.so
[75.534s] -- Installing: /home/shs/ws_moveit/install/moveit_hybrid_planning/lib/moveit_hybrid_planning/cancel_action
[75.535s] -- Set runtime path of "/home/shs/ws_moveit/install/moveit_hybrid_planning/lib/moveit_hybrid_planning/cancel_action" to ""
[75.535s] -- Installing: /home/shs/ws_moveit/install/moveit_hybrid_planning/lib/moveit_hybrid_planning/hybrid_planning_demo_node
[75.536s] -- Set runtime path of "/home/shs/ws_moveit/install/moveit_hybrid_planning/lib/moveit_hybrid_planning/hybrid_planning_demo_node" to ""
[75.536s] -- Installing: /home/shs/ws_moveit/install/moveit_hybrid_planning/include
[75.536s] -- Installing: /home/shs/ws_moveit/install/moveit_hybrid_planning/include/moveit
[75.537s] -- Installing: /home/shs/ws_moveit/install/moveit_hybrid_planning/include/moveit/global_planner
[75.537s] -- Installing: /home/shs/ws_moveit/install/moveit_hybrid_planning/include/moveit/global_planner/global_planner_interface.h
[75.537s] -- Installing: /home/shs/ws_moveit/install/moveit_hybrid_planning/include/moveit/global_planner/global_planner_component.h
[75.537s] -- Up-to-date: /home/shs/ws_moveit/install/moveit_hybrid_planning/include
[75.537s] -- Up-to-date: /home/shs/ws_moveit/install/moveit_hybrid_planning/include/moveit
[75.537s] -- Up-to-date: /home/shs/ws_moveit/install/moveit_hybrid_planning/include/moveit/global_planner
[75.537s] -- Installing: /home/shs/ws_moveit/install/moveit_hybrid_planning/include/moveit/global_planner/moveit_planning_pipeline.h
[75.537s] -- Up-to-date: /home/shs/ws_moveit/install/moveit_hybrid_planning/include
[75.537s] -- Up-to-date: /home/shs/ws_moveit/install/moveit_hybrid_planning/include/moveit
[75.537s] -- Installing: /home/shs/ws_moveit/install/moveit_hybrid_planning/include/moveit/hybrid_planning_manager
[75.537s] -- Installing: /home/shs/ws_moveit/install/moveit_hybrid_planning/include/moveit/hybrid_planning_manager/hybrid_planning_events.h
[75.537s] -- Installing: /home/shs/ws_moveit/install/moveit_hybrid_planning/include/moveit/hybrid_planning_manager/hybrid_planning_manager.h
[75.538s] -- Installing: /home/shs/ws_moveit/install/moveit_hybrid_planning/include/moveit/hybrid_planning_manager/planner_logic_interface.h
[75.538s] -- Installing: /home/shs/ws_moveit/install/moveit_hybrid_planning/include/moveit/hybrid_planning_manager/moveit_error_code_interface.h
[75.538s] -- Up-to-date: /home/shs/ws_moveit/install/moveit_hybrid_planning/include
[75.538s] -- Up-to-date: /home/shs/ws_moveit/install/moveit_hybrid_planning/include/moveit
[75.538s] -- Installing: /home/shs/ws_moveit/install/moveit_hybrid_planning/include/moveit/planner_logic_plugins
[75.538s] -- Installing: /home/shs/ws_moveit/install/moveit_hybrid_planning/include/moveit/planner_logic_plugins/replan_invalidated_trajectory.h
[75.538s] -- Installing: /home/shs/ws_moveit/install/moveit_hybrid_planning/include/moveit/planner_logic_plugins/single_plan_execution.h
[75.538s] -- Up-to-date: /home/shs/ws_moveit/install/moveit_hybrid_planning/include
[75.538s] -- Up-to-date: /home/shs/ws_moveit/install/moveit_hybrid_planning/include/moveit
[75.538s] -- Installing: /home/shs/ws_moveit/install/moveit_hybrid_planning/include/moveit/local_planner
[75.538s] -- Installing: /home/shs/ws_moveit/install/moveit_hybrid_planning/include/moveit/local_planner/local_planner_component.h
[75.538s] -- Installing: /home/shs/ws_moveit/install/moveit_hybrid_planning/include/moveit/local_planner/feedback_types.h
[75.538s] -- Installing: /home/shs/ws_moveit/install/moveit_hybrid_planning/include/moveit/local_planner/trajectory_operator_interface.h
[75.539s] -- Installing: /home/shs/ws_moveit/install/moveit_hybrid_planning/include/moveit/local_planner/local_constraint_solver_interface.h
[75.539s] -- Up-to-date: /home/shs/ws_moveit/install/moveit_hybrid_planning/include
[75.539s] -- Up-to-date: /home/shs/ws_moveit/install/moveit_hybrid_planning/include/moveit
[75.539s] -- Installing: /home/shs/ws_moveit/install/moveit_hybrid_planning/include/moveit/trajectory_operator_plugins
[75.539s] -- Installing: /home/shs/ws_moveit/install/moveit_hybrid_planning/include/moveit/trajectory_operator_plugins/simple_sampler.h
[75.539s] -- Up-to-date: /home/shs/ws_moveit/install/moveit_hybrid_planning/include
[75.539s] -- Up-to-date: /home/shs/ws_moveit/install/moveit_hybrid_planning/include/moveit
[75.539s] -- Installing: /home/shs/ws_moveit/install/moveit_hybrid_planning/include/moveit/local_constraint_solver_plugins
[75.539s] -- Installing: /home/shs/ws_moveit/install/moveit_hybrid_planning/include/moveit/local_constraint_solver_plugins/forward_trajectory.h
[75.539s] -- Installing: /home/shs/ws_moveit/install/moveit_hybrid_planning/share/moveit_hybrid_planning/launch
[75.539s] -- Installing: /home/shs/ws_moveit/install/moveit_hybrid_planning/share/moveit_hybrid_planning/launch/hybrid_planning_common.py
[75.539s] -- Installing: /home/shs/ws_moveit/install/moveit_hybrid_planning/share/moveit_hybrid_planning/launch/test_basic_integration.test.py
[75.539s] -- Installing: /home/shs/ws_moveit/install/moveit_hybrid_planning/share/moveit_hybrid_planning/launch/hybrid_planning_demo.launch.py
[75.539s] -- Installing: /home/shs/ws_moveit/install/moveit_hybrid_planning/share/moveit_hybrid_planning/config
[75.540s] -- Installing: /home/shs/ws_moveit/install/moveit_hybrid_planning/share/moveit_hybrid_planning/config/hybrid_planning_manager.yaml
[75.540s] -- Installing: /home/shs/ws_moveit/install/moveit_hybrid_planning/share/moveit_hybrid_planning/config/demo_controller.yaml
[75.540s] -- Installing: /home/shs/ws_moveit/install/moveit_hybrid_planning/share/moveit_hybrid_planning/config/global_planner.yaml
[75.540s] -- Installing: /home/shs/ws_moveit/install/moveit_hybrid_planning/share/moveit_hybrid_planning/config/hybrid_planning_demo.rviz
[75.540s] -- Installing: /home/shs/ws_moveit/install/moveit_hybrid_planning/share/moveit_hybrid_planning/config/common_hybrid_planning_params.yaml
[75.540s] -- Installing: /home/shs/ws_moveit/install/moveit_hybrid_planning/share/moveit_hybrid_planning/config/local_planner.yaml
[75.540s] -- Installing: /home/shs/ws_moveit/install/moveit_hybrid_planning/share/moveit_hybrid_planning/single_plan_execution_plugin.xml
[75.541s] -- Installing: /home/shs/ws_moveit/install/moveit_hybrid_planning/share/moveit_hybrid_planning/moveit_planning_pipeline_plugin.xml
[75.541s] -- Installing: /home/shs/ws_moveit/install/moveit_hybrid_planning/share/moveit_hybrid_planning/simple_sampler_plugin.xml
[75.541s] -- Installing: /home/shs/ws_moveit/install/moveit_hybrid_planning/share/moveit_hybrid_planning/replan_invalidated_trajectory_plugin.xml
[75.541s] -- Installing: /home/shs/ws_moveit/install/moveit_hybrid_planning/share/moveit_hybrid_planning/forward_trajectory_plugin.xml
[75.542s] -- Installing: /home/shs/ws_moveit/install/moveit_hybrid_planning/share/moveit_hybrid_planning/environment/library_path.sh
[75.542s] -- Installing: /home/shs/ws_moveit/install/moveit_hybrid_planning/share/moveit_hybrid_planning/environment/library_path.dsv
[75.542s] -- Installing: /home/shs/ws_moveit/install/moveit_hybrid_planning/share/ament_index/resource_index/package_run_dependencies/moveit_hybrid_planning
[75.542s] -- Installing: /home/shs/ws_moveit/install/moveit_hybrid_planning/share/ament_index/resource_index/parent_prefix_path/moveit_hybrid_planning
[75.542s] -- Installing: /home/shs/ws_moveit/install/moveit_hybrid_planning/share/moveit_hybrid_planning/environment/ament_prefix_path.sh
[75.542s] -- Installing: /home/shs/ws_moveit/install/moveit_hybrid_planning/share/moveit_hybrid_planning/environment/ament_prefix_path.dsv
[75.543s] -- Installing: /home/shs/ws_moveit/install/moveit_hybrid_planning/share/moveit_hybrid_planning/environment/path.sh
[75.543s] -- Installing: /home/shs/ws_moveit/install/moveit_hybrid_planning/share/moveit_hybrid_planning/environment/path.dsv
[75.543s] -- Installing: /home/shs/ws_moveit/install/moveit_hybrid_planning/share/moveit_hybrid_planning/local_setup.bash
[75.543s] -- Installing: /home/shs/ws_moveit/install/moveit_hybrid_planning/share/moveit_hybrid_planning/local_setup.sh
[75.543s] -- Installing: /home/shs/ws_moveit/install/moveit_hybrid_planning/share/moveit_hybrid_planning/local_setup.zsh
[75.543s] -- Installing: /home/shs/ws_moveit/install/moveit_hybrid_planning/share/moveit_hybrid_planning/local_setup.dsv
[75.543s] -- Installing: /home/shs/ws_moveit/install/moveit_hybrid_planning/share/moveit_hybrid_planning/package.dsv
[75.544s] -- Installing: /home/shs/ws_moveit/install/moveit_hybrid_planning/share/ament_index/resource_index/packages/moveit_hybrid_planning
[75.544s] -- Installing: /home/shs/ws_moveit/install/moveit_hybrid_planning/share/ament_index/resource_index/moveit_hybrid_planning__pluginlib__plugin/moveit_hybrid_planning
[75.544s] -- Installing: /home/shs/ws_moveit/install/moveit_hybrid_planning/share/ament_index/resource_index/rclcpp_components/moveit_hybrid_planning
[75.544s] -- Installing: /home/shs/ws_moveit/install/moveit_hybrid_planning/share/moveit_hybrid_planning/cmake/export_moveit_hybrid_planningExport.cmake
[75.544s] -- Installing: /home/shs/ws_moveit/install/moveit_hybrid_planning/share/moveit_hybrid_planning/cmake/export_moveit_hybrid_planningExport-release.cmake
[75.544s] -- Installing: /home/shs/ws_moveit/install/moveit_hybrid_planning/share/moveit_hybrid_planning/cmake/ament_cmake_export_include_directories-extras.cmake
[75.545s] -- Installing: /home/shs/ws_moveit/install/moveit_hybrid_planning/share/moveit_hybrid_planning/cmake/ament_cmake_export_libraries-extras.cmake
[75.545s] -- Installing: /home/shs/ws_moveit/install/moveit_hybrid_planning/share/moveit_hybrid_planning/cmake/ament_cmake_export_dependencies-extras.cmake
[75.545s] -- Installing: /home/shs/ws_moveit/install/moveit_hybrid_planning/share/moveit_hybrid_planning/cmake/ament_cmake_export_targets-extras.cmake
[75.545s] -- Installing: /home/shs/ws_moveit/install/moveit_hybrid_planning/share/moveit_hybrid_planning/cmake/moveit_hybrid_planningConfig.cmake
[75.545s] -- Installing: /home/shs/ws_moveit/install/moveit_hybrid_planning/share/moveit_hybrid_planning/cmake/moveit_hybrid_planningConfig-version.cmake
[75.545s] -- Installing: /home/shs/ws_moveit/install/moveit_hybrid_planning/share/moveit_hybrid_planning/package.xml
[75.548s] Invoked command in '/home/shs/ws_moveit/build/moveit_hybrid_planning' returned '0': AMENT_PREFIX_PATH=/home/shs/ws_moveit/install/moveit_ros_planning_interface:/home/shs/ws_moveit/install/moveit_ros_move_group:/home/shs/ws_moveit/install/moveit_ros_warehouse:/home/shs/ws_moveit/install/moveit_planners_ompl:/home/shs/ws_moveit/install/moveit_kinematics:/home/shs/ws_moveit/install/moveit_ros_planning:/home/shs/ws_moveit/install/moveit_simple_controller_manager:/home/shs/ws_moveit/install/moveit_ros_occupancy_map_monitor:/home/shs/ws_moveit/install/moveit_core:/home/shs/ws_moveit/install/moveit_resources_panda_moveit_config:/home/shs/ws_moveit/install/moveit_resources_fanuc_moveit_config:/home/shs/ws_moveit/install/moveit_configs_utils:/home/shs/ws_moveit/install/srdfdom:/home/shs/ws_moveit/install/moveit_resources_pr2_description:/home/shs/ws_moveit/install/moveit_resources_panda_description:/home/shs/ws_moveit/install/moveit_resources_fanuc_description:/home/shs/ws_moveit/install/moveit_common:/home/shs/ws_moveit/install/launch_param_builder:${AMENT_PREFIX_PATH} CMAKE_PREFIX_PATH=/home/shs/ws_moveit/install/moveit_ros_planning_interface:/home/shs/ws_moveit/install/moveit_ros_move_group:/home/shs/ws_moveit/install/moveit_ros_warehouse:/home/shs/ws_moveit/install/moveit_planners_ompl:/home/shs/ws_moveit/install/moveit_kinematics:/home/shs/ws_moveit/install/moveit_ros_planning:/home/shs/ws_moveit/install/moveit_simple_controller_manager:/home/shs/ws_moveit/install/moveit_ros_occupancy_map_monitor:/home/shs/ws_moveit/install/moveit_core:/home/shs/ws_moveit/install/moveit_resources_panda_moveit_config:/home/shs/ws_moveit/install/moveit_resources_fanuc_moveit_config:/home/shs/ws_moveit/install/srdfdom:/home/shs/ws_moveit/install/moveit_resources_pr2_description:/home/shs/ws_moveit/install/moveit_resources_panda_description:/home/shs/ws_moveit/install/moveit_resources_fanuc_description:/home/shs/ws_moveit/install/moveit_common:/home/shs/ws_moveit/install/rosparam_shortcuts:/home/shs/ws_moveit/install/hello_moveit:/home/shs/colcon_ws/install/tf_convenience_topics:/home/shs/colcon_ws/install/sss_viewer:/home/shs/colcon_ws/install/sam_basic_controllers:/home/shs/colcon_ws/install/lolo_description:/home/shs/colcon_ws/install/smarc_msgs:/home/shs/colcon_ws/install/smarc_mission_msgs:/home/shs/colcon_ws/install/smarc_control_msgs:/home/shs/colcon_ws/install/sam_msgs:/home/shs/colcon_ws/install/sam_graph_slam_2_msgs:/home/shs/colcon_ws/install/sam_description:/home/shs/colcon_ws/install/lolo_msgs:/home/shs/colcon_ws/install/drone_msgs:/home/shs/colcon_ws/install/dead_reckoning_msgs:/home/shs/ros2_ws/install/turtlebot3_navigation2:/home/shs/ros2_ws/install/turtlebot3_gazebo:/home/shs/ros2_ws/install/turtlebot3_description:/home/shs/ros2_ws/install/turtlebot3_cartographer:/home/shs/ros2_ws/install/transforms:/home/shs/ros2_ws/install/point_cloud_perception:/home/shs/ros2_ws/install/nodes:/home/shs/ros2_ws/install/navigation_tb3:/home/shs/colcon_ws/install/workshopfun:/home/shs/colcon_ws/install/utm_latlon_converter:/home/shs/colcon_ws/install/smarc_nodered:/home/shs/colcon_ws/install/smarc_bt:/home/shs/colcon_ws/install/smarc_bringups:/home/shs/colcon_ws/install/sam_joy_xbox:/home/shs/colcon_ws/install/sam_joy_teleop:/home/shs/colcon_ws/install/sam_diving_controller:/home/shs/colcon_ws/install/sam_dead_reckoning:/home/shs/colcon_ws/install/ros_tcp_endpoint:/home/shs/colcon_ws/install/ros2_python_examples:/home/shs/colcon_ws/install/mqtt_bridge:/home/shs/colcon_ws/install/dubins_planner:/home/shs/colcon_ws/install/drone_dr:/home/shs/colcon_ws/install/basic_go_to_waypoint:/home/shs/colcon_ws/install/basic_depth_pitch_control:/home/shs/colcon_ws/install/auv_detector:/home/shs/ros2_ws/install/turtlebot3_teleop:/home/shs/ros2_ws/install/turtlebot3_follower:/home/shs/ros2_ws/install/turtlebot3_example:/home/shs/ros2_ws/install/autonomous_tb3:/home/shs/ros2_ws/install/turtle_midpoint:/home/shs/ros2_ws/install/secure_control:/home/shs/ros2_ws/install/robot_math:/home/shs/ros2_ws/install/ai_assitance:/home/shs/install/dive_control:/home/shs/install/basic_go_to_waypoint:/home/shs/install/basic_depth_pitch_control:/home/shs/install/autonomous_tb3:/home/shs/install/ai_assitance:/opt/ros/humble LD_LIBRARY_PATH=/home/shs/ws_moveit/install/moveit_ros_planning_interface/lib:/home/shs/ws_moveit/install/moveit_ros_move_group/lib:/home/shs/ws_moveit/install/moveit_ros_warehouse/lib:/home/shs/ws_moveit/install/moveit_planners_ompl/lib:/home/shs/ws_moveit/install/moveit_kinematics/lib:/home/shs/ws_moveit/install/moveit_ros_planning/lib:/home/shs/ws_moveit/install/moveit_simple_controller_manager/lib:/home/shs/ws_moveit/install/moveit_ros_occupancy_map_monitor/lib:/home/shs/ws_moveit/install/moveit_core/lib:/home/shs/ws_moveit/install/srdfdom/lib:${LD_LIBRARY_PATH} PATH=/home/shs/ws_moveit/install/moveit_core/bin:${PATH} PYTHONPATH=/home/shs/ws_moveit/install/moveit_configs_utils/lib/python3.10/site-packages:/home/shs/ws_moveit/install/srdfdom/local/lib/python3.10/dist-packages:/home/shs/ws_moveit/install/launch_param_builder/lib/python3.10/site-packages:${PYTHONPATH} /usr/bin/cmake --install /home/shs/ws_moveit/build/moveit_hybrid_planning
