[0.036s] Invoking command in '/home/shs/ws_moveit/build/moveit_planners_ompl': AMENT_PREFIX_PATH=/home/shs/ws_moveit/install/moveit_ros_planning:/home/shs/ws_moveit/install/moveit_ros_occupancy_map_monitor:/home/shs/ws_moveit/install/moveit_core:/home/shs/ws_moveit/install/moveit_resources_panda_moveit_config:/home/shs/ws_moveit/install/moveit_resources_fanuc_moveit_config:/home/shs/ws_moveit/install/moveit_configs_utils:/home/shs/ws_moveit/install/srdfdom:/home/shs/ws_moveit/install/moveit_resources_pr2_description:/home/shs/ws_moveit/install/moveit_resources_panda_description:/home/shs/ws_moveit/install/moveit_resources_fanuc_description:/home/shs/ws_moveit/install/moveit_common:/home/shs/ws_moveit/install/launch_param_builder:${AMENT_PREFIX_PATH} CMAKE_PREFIX_PATH=/home/shs/ws_moveit/install/moveit_ros_planning:/home/shs/ws_moveit/install/moveit_ros_occupancy_map_monitor:/home/shs/ws_moveit/install/moveit_core:/home/shs/ws_moveit/install/moveit_resources_panda_moveit_config:/home/shs/ws_moveit/install/moveit_resources_fanuc_moveit_config:/home/shs/ws_moveit/install/srdfdom:/home/shs/ws_moveit/install/moveit_resources_pr2_description:/home/shs/ws_moveit/install/moveit_resources_panda_description:/home/shs/ws_moveit/install/moveit_resources_fanuc_description:/home/shs/ws_moveit/install/moveit_common:/home/shs/ws_moveit/install/rosparam_shortcuts:/home/shs/ws_moveit/install/hello_moveit:/home/shs/colcon_ws/install/tf_convenience_topics:/home/shs/colcon_ws/install/sss_viewer:/home/shs/colcon_ws/install/sam_basic_controllers:/home/shs/colcon_ws/install/lolo_description:/home/shs/colcon_ws/install/smarc_msgs:/home/shs/colcon_ws/install/smarc_mission_msgs:/home/shs/colcon_ws/install/smarc_control_msgs:/home/shs/colcon_ws/install/sam_msgs:/home/shs/colcon_ws/install/sam_graph_slam_2_msgs:/home/shs/colcon_ws/install/sam_description:/home/shs/colcon_ws/install/lolo_msgs:/home/shs/colcon_ws/install/drone_msgs:/home/shs/colcon_ws/install/dead_reckoning_msgs:/home/shs/ros2_ws/install/turtlebot3_navigation2:/home/shs/ros2_ws/install/turtlebot3_gazebo:/home/shs/ros2_ws/install/turtlebot3_description:/home/shs/ros2_ws/install/turtlebot3_cartographer:/home/shs/ros2_ws/install/transforms:/home/shs/ros2_ws/install/point_cloud_perception:/home/shs/ros2_ws/install/nodes:/home/shs/ros2_ws/install/navigation_tb3:/home/shs/colcon_ws/install/workshopfun:/home/shs/colcon_ws/install/utm_latlon_converter:/home/shs/colcon_ws/install/smarc_nodered:/home/shs/colcon_ws/install/smarc_bt:/home/shs/colcon_ws/install/smarc_bringups:/home/shs/colcon_ws/install/sam_joy_xbox:/home/shs/colcon_ws/install/sam_joy_teleop:/home/shs/colcon_ws/install/sam_diving_controller:/home/shs/colcon_ws/install/sam_dead_reckoning:/home/shs/colcon_ws/install/ros_tcp_endpoint:/home/shs/colcon_ws/install/ros2_python_examples:/home/shs/colcon_ws/install/mqtt_bridge:/home/shs/colcon_ws/install/dubins_planner:/home/shs/colcon_ws/install/drone_dr:/home/shs/colcon_ws/install/basic_go_to_waypoint:/home/shs/colcon_ws/install/basic_depth_pitch_control:/home/shs/colcon_ws/install/auv_detector:/home/shs/ros2_ws/install/turtlebot3_teleop:/home/shs/ros2_ws/install/turtlebot3_follower:/home/shs/ros2_ws/install/turtlebot3_example:/home/shs/ros2_ws/install/autonomous_tb3:/home/shs/ros2_ws/install/turtle_midpoint:/home/shs/ros2_ws/install/secure_control:/home/shs/ros2_ws/install/robot_math:/home/shs/ros2_ws/install/ai_assitance:/home/shs/install/dive_control:/home/shs/install/basic_go_to_waypoint:/home/shs/install/basic_depth_pitch_control:/home/shs/install/autonomous_tb3:/home/shs/install/ai_assitance:/opt/ros/humble LD_LIBRARY_PATH=/home/shs/ws_moveit/install/moveit_ros_planning/lib:/home/shs/ws_moveit/install/moveit_ros_occupancy_map_monitor/lib:/home/shs/ws_moveit/install/moveit_core/lib:/home/shs/ws_moveit/install/srdfdom/lib:${LD_LIBRARY_PATH} PATH=/home/shs/ws_moveit/install/moveit_core/bin:${PATH} PYTHONPATH=/home/shs/ws_moveit/install/moveit_configs_utils/lib/python3.10/site-packages:/home/shs/ws_moveit/install/srdfdom/local/lib/python3.10/dist-packages:/home/shs/ws_moveit/install/launch_param_builder/lib/python3.10/site-packages:${PYTHONPATH} /usr/bin/cmake /home/shs/ws_moveit/src/moveit2/moveit_planners/ompl -DCMAKE_BUILD_TYPE=Release -DCMAKE_INSTALL_PREFIX=/home/shs/ws_moveit/install/moveit_planners_ompl
[0.102s] -- The C compiler identification is GNU 11.4.0
[0.169s] -- The CXX compiler identification is GNU 11.4.0
[0.177s] -- Detecting C compiler ABI info
[0.259s] -- Detecting C compiler ABI info - done
[0.267s] -- Check for working C compiler: /usr/bin/cc - skipped
[0.268s] -- Detecting C compile features
[0.268s] -- Detecting C compile features - done
[0.271s] -- Detecting CXX compiler ABI info
[0.370s] -- Detecting CXX compiler ABI info - done
[0.380s] -- Check for working CXX compiler: /usr/bin/c++ - skipped
[0.380s] -- Detecting CXX compile features
[0.381s] -- Detecting CXX compile features - done
[0.383s] -- Found moveit_common: 2.5.8 (/home/shs/ws_moveit/install/moveit_common/share/moveit_common/cmake)
[0.395s] -- Found ament_cmake: 1.3.11 (/opt/ros/humble/share/ament_cmake/cmake)
[0.646s] -- Found Python3: /usr/bin/python3 (found version "3.10.12") found components: Interpreter 
[1.295s] -- Found Boost: /usr/lib/x86_64-linux-gnu/cmake/Boost-1.74.0/BoostConfig.cmake (found version "1.74.0") found components: system filesystem date_time thread serialization 
[1.297s] -- Found moveit_core: 2.5.8 (/home/shs/ws_moveit/install/moveit_core/share/moveit_core/cmake)
[1.344s] -- Found Boost: /usr/lib/x86_64-linux-gnu/cmake/Boost-1.74.0/BoostConfig.cmake (found version "1.74.0") found components: chrono date_time filesystem iostreams program_options regex serialization system thread 
[1.484s] -- Found parameter_traits: 0.4.0 (/opt/ros/humble/share/parameter_traits/cmake)
[1.608s] -- Found rosidl_generator_c: 3.1.6 (/opt/ros/humble/share/rosidl_generator_c/cmake)
[1.628s] -- Found rosidl_adapter: 3.1.6 (/opt/ros/humble/share/rosidl_adapter/cmake)
[1.652s] -- Found rosidl_generator_cpp: 3.1.6 (/opt/ros/humble/share/rosidl_generator_cpp/cmake)
[1.682s] -- Using all available rosidl_typesupport_c: rosidl_typesupport_fastrtps_c;rosidl_typesupport_introspection_c
[1.723s] -- Using all available rosidl_typesupport_cpp: rosidl_typesupport_fastrtps_cpp;rosidl_typesupport_introspection_cpp
[1.845s] -- Found rmw_implementation_cmake: 6.1.2 (/opt/ros/humble/share/rmw_implementation_cmake/cmake)
[1.858s] -- Found rmw_fastrtps_cpp: 6.2.7 (/opt/ros/humble/share/rmw_fastrtps_cpp/cmake)
[2.009s] -- Found OpenSSL: /usr/lib/x86_64-linux-gnu/libcrypto.so (found version "3.0.2")  
[2.047s] -- Found FastRTPS: /opt/ros/humble/include  
[2.112s] -- Using RMW implementation 'rmw_fastrtps_cpp' as default
[2.143s] -- Found Threads: TRUE  
[2.251s] -- Found Eigen3: TRUE (found version "3.4.0") 
[2.261s] -- Found rclcpp_lifecycle: 16.0.12 (/opt/ros/humble/share/rclcpp_lifecycle/cmake)
[2.308s] -- Found Boost: /usr/lib/x86_64-linux-gnu/cmake/Boost-1.74.0/BoostConfig.cmake (found version "1.74.0") found components: filesystem 
[2.484s] -- library: /usr/lib/x86_64-linux-gnu/libcurl.so
[2.599s] -- Ensuring Eigen3 include directory is part of orocos-kdl CMake target
[3.054s] -- Found moveit_ros_planning: 2.5.8 (/home/shs/ws_moveit/install/moveit_ros_planning/share/moveit_ros_planning/cmake)
[3.059s] -- Found Boost: /usr/lib/x86_64-linux-gnu/cmake/Boost-1.74.0/BoostConfig.cmake (found version "1.74.0") found components: system filesystem date_time program_options thread chrono 
[3.097s] -- Found ompl: /opt/ros/humble/include/ompl-1.6;/usr/include;/usr/include/eigen3  
[3.523s] -- Found OpenMP_C: -fopenmp (found version "4.5") 
[3.670s] -- Found OpenMP_CXX: -fopenmp (found version "4.5") 
[3.671s] -- Found OpenMP: TRUE (found version "4.5")  
[3.736s] -- Found ament_cmake_gtest: 1.3.11 (/opt/ros/humble/share/ament_cmake_gtest/cmake)
[3.747s] -- Found gtest sources under '/opt/ros/humble/src/gtest_vendor': C++ tests using 'Google Test' will be built
[3.871s] -- Found ament_lint_auto: 0.12.12 (/opt/ros/humble/share/ament_lint_auto/cmake)
[3.961s] -- Added test 'cppcheck' to perform static code analysis on C / C++ code
[3.962s] -- Configured cppcheck include dirs: /home/shs/ws_moveit/src/moveit2/moveit_planners/ompl/ompl_interface/include
[3.962s] -- Configured cppcheck exclude dirs and/or files: 
[3.964s] -- Added test 'lint_cmake' to check CMake code style
[3.967s] -- Added test 'xmllint' to check XML markup files
[3.970s] -- Configuring done
[4.167s] -- Generating done
[4.211s] -- Build files have been written to: /home/shs/ws_moveit/build/moveit_planners_ompl
[4.231s] Invoked command in '/home/shs/ws_moveit/build/moveit_planners_ompl' returned '0': AMENT_PREFIX_PATH=/home/shs/ws_moveit/install/moveit_ros_planning:/home/shs/ws_moveit/install/moveit_ros_occupancy_map_monitor:/home/shs/ws_moveit/install/moveit_core:/home/shs/ws_moveit/install/moveit_resources_panda_moveit_config:/home/shs/ws_moveit/install/moveit_resources_fanuc_moveit_config:/home/shs/ws_moveit/install/moveit_configs_utils:/home/shs/ws_moveit/install/srdfdom:/home/shs/ws_moveit/install/moveit_resources_pr2_description:/home/shs/ws_moveit/install/moveit_resources_panda_description:/home/shs/ws_moveit/install/moveit_resources_fanuc_description:/home/shs/ws_moveit/install/moveit_common:/home/shs/ws_moveit/install/launch_param_builder:${AMENT_PREFIX_PATH} CMAKE_PREFIX_PATH=/home/shs/ws_moveit/install/moveit_ros_planning:/home/shs/ws_moveit/install/moveit_ros_occupancy_map_monitor:/home/shs/ws_moveit/install/moveit_core:/home/shs/ws_moveit/install/moveit_resources_panda_moveit_config:/home/shs/ws_moveit/install/moveit_resources_fanuc_moveit_config:/home/shs/ws_moveit/install/srdfdom:/home/shs/ws_moveit/install/moveit_resources_pr2_description:/home/shs/ws_moveit/install/moveit_resources_panda_description:/home/shs/ws_moveit/install/moveit_resources_fanuc_description:/home/shs/ws_moveit/install/moveit_common:/home/shs/ws_moveit/install/rosparam_shortcuts:/home/shs/ws_moveit/install/hello_moveit:/home/shs/colcon_ws/install/tf_convenience_topics:/home/shs/colcon_ws/install/sss_viewer:/home/shs/colcon_ws/install/sam_basic_controllers:/home/shs/colcon_ws/install/lolo_description:/home/shs/colcon_ws/install/smarc_msgs:/home/shs/colcon_ws/install/smarc_mission_msgs:/home/shs/colcon_ws/install/smarc_control_msgs:/home/shs/colcon_ws/install/sam_msgs:/home/shs/colcon_ws/install/sam_graph_slam_2_msgs:/home/shs/colcon_ws/install/sam_description:/home/shs/colcon_ws/install/lolo_msgs:/home/shs/colcon_ws/install/drone_msgs:/home/shs/colcon_ws/install/dead_reckoning_msgs:/home/shs/ros2_ws/install/turtlebot3_navigation2:/home/shs/ros2_ws/install/turtlebot3_gazebo:/home/shs/ros2_ws/install/turtlebot3_description:/home/shs/ros2_ws/install/turtlebot3_cartographer:/home/shs/ros2_ws/install/transforms:/home/shs/ros2_ws/install/point_cloud_perception:/home/shs/ros2_ws/install/nodes:/home/shs/ros2_ws/install/navigation_tb3:/home/shs/colcon_ws/install/workshopfun:/home/shs/colcon_ws/install/utm_latlon_converter:/home/shs/colcon_ws/install/smarc_nodered:/home/shs/colcon_ws/install/smarc_bt:/home/shs/colcon_ws/install/smarc_bringups:/home/shs/colcon_ws/install/sam_joy_xbox:/home/shs/colcon_ws/install/sam_joy_teleop:/home/shs/colcon_ws/install/sam_diving_controller:/home/shs/colcon_ws/install/sam_dead_reckoning:/home/shs/colcon_ws/install/ros_tcp_endpoint:/home/shs/colcon_ws/install/ros2_python_examples:/home/shs/colcon_ws/install/mqtt_bridge:/home/shs/colcon_ws/install/dubins_planner:/home/shs/colcon_ws/install/drone_dr:/home/shs/colcon_ws/install/basic_go_to_waypoint:/home/shs/colcon_ws/install/basic_depth_pitch_control:/home/shs/colcon_ws/install/auv_detector:/home/shs/ros2_ws/install/turtlebot3_teleop:/home/shs/ros2_ws/install/turtlebot3_follower:/home/shs/ros2_ws/install/turtlebot3_example:/home/shs/ros2_ws/install/autonomous_tb3:/home/shs/ros2_ws/install/turtle_midpoint:/home/shs/ros2_ws/install/secure_control:/home/shs/ros2_ws/install/robot_math:/home/shs/ros2_ws/install/ai_assitance:/home/shs/install/dive_control:/home/shs/install/basic_go_to_waypoint:/home/shs/install/basic_depth_pitch_control:/home/shs/install/autonomous_tb3:/home/shs/install/ai_assitance:/opt/ros/humble LD_LIBRARY_PATH=/home/shs/ws_moveit/install/moveit_ros_planning/lib:/home/shs/ws_moveit/install/moveit_ros_occupancy_map_monitor/lib:/home/shs/ws_moveit/install/moveit_core/lib:/home/shs/ws_moveit/install/srdfdom/lib:${LD_LIBRARY_PATH} PATH=/home/shs/ws_moveit/install/moveit_core/bin:${PATH} PYTHONPATH=/home/shs/ws_moveit/install/moveit_configs_utils/lib/python3.10/site-packages:/home/shs/ws_moveit/install/srdfdom/local/lib/python3.10/dist-packages:/home/shs/ws_moveit/install/launch_param_builder/lib/python3.10/site-packages:${PYTHONPATH} /usr/bin/cmake /home/shs/ws_moveit/src/moveit2/moveit_planners/ompl -DCMAKE_BUILD_TYPE=Release -DCMAKE_INSTALL_PREFIX=/home/shs/ws_moveit/install/moveit_planners_ompl
[4.234s] Invoking command in '/home/shs/ws_moveit/build/moveit_planners_ompl': AMENT_PREFIX_PATH=/home/shs/ws_moveit/install/moveit_ros_planning:/home/shs/ws_moveit/install/moveit_ros_occupancy_map_monitor:/home/shs/ws_moveit/install/moveit_core:/home/shs/ws_moveit/install/moveit_resources_panda_moveit_config:/home/shs/ws_moveit/install/moveit_resources_fanuc_moveit_config:/home/shs/ws_moveit/install/moveit_configs_utils:/home/shs/ws_moveit/install/srdfdom:/home/shs/ws_moveit/install/moveit_resources_pr2_description:/home/shs/ws_moveit/install/moveit_resources_panda_description:/home/shs/ws_moveit/install/moveit_resources_fanuc_description:/home/shs/ws_moveit/install/moveit_common:/home/shs/ws_moveit/install/launch_param_builder:${AMENT_PREFIX_PATH} CMAKE_PREFIX_PATH=/home/shs/ws_moveit/install/moveit_ros_planning:/home/shs/ws_moveit/install/moveit_ros_occupancy_map_monitor:/home/shs/ws_moveit/install/moveit_core:/home/shs/ws_moveit/install/moveit_resources_panda_moveit_config:/home/shs/ws_moveit/install/moveit_resources_fanuc_moveit_config:/home/shs/ws_moveit/install/srdfdom:/home/shs/ws_moveit/install/moveit_resources_pr2_description:/home/shs/ws_moveit/install/moveit_resources_panda_description:/home/shs/ws_moveit/install/moveit_resources_fanuc_description:/home/shs/ws_moveit/install/moveit_common:/home/shs/ws_moveit/install/rosparam_shortcuts:/home/shs/ws_moveit/install/hello_moveit:/home/shs/colcon_ws/install/tf_convenience_topics:/home/shs/colcon_ws/install/sss_viewer:/home/shs/colcon_ws/install/sam_basic_controllers:/home/shs/colcon_ws/install/lolo_description:/home/shs/colcon_ws/install/smarc_msgs:/home/shs/colcon_ws/install/smarc_mission_msgs:/home/shs/colcon_ws/install/smarc_control_msgs:/home/shs/colcon_ws/install/sam_msgs:/home/shs/colcon_ws/install/sam_graph_slam_2_msgs:/home/shs/colcon_ws/install/sam_description:/home/shs/colcon_ws/install/lolo_msgs:/home/shs/colcon_ws/install/drone_msgs:/home/shs/colcon_ws/install/dead_reckoning_msgs:/home/shs/ros2_ws/install/turtlebot3_navigation2:/home/shs/ros2_ws/install/turtlebot3_gazebo:/home/shs/ros2_ws/install/turtlebot3_description:/home/shs/ros2_ws/install/turtlebot3_cartographer:/home/shs/ros2_ws/install/transforms:/home/shs/ros2_ws/install/point_cloud_perception:/home/shs/ros2_ws/install/nodes:/home/shs/ros2_ws/install/navigation_tb3:/home/shs/colcon_ws/install/workshopfun:/home/shs/colcon_ws/install/utm_latlon_converter:/home/shs/colcon_ws/install/smarc_nodered:/home/shs/colcon_ws/install/smarc_bt:/home/shs/colcon_ws/install/smarc_bringups:/home/shs/colcon_ws/install/sam_joy_xbox:/home/shs/colcon_ws/install/sam_joy_teleop:/home/shs/colcon_ws/install/sam_diving_controller:/home/shs/colcon_ws/install/sam_dead_reckoning:/home/shs/colcon_ws/install/ros_tcp_endpoint:/home/shs/colcon_ws/install/ros2_python_examples:/home/shs/colcon_ws/install/mqtt_bridge:/home/shs/colcon_ws/install/dubins_planner:/home/shs/colcon_ws/install/drone_dr:/home/shs/colcon_ws/install/basic_go_to_waypoint:/home/shs/colcon_ws/install/basic_depth_pitch_control:/home/shs/colcon_ws/install/auv_detector:/home/shs/ros2_ws/install/turtlebot3_teleop:/home/shs/ros2_ws/install/turtlebot3_follower:/home/shs/ros2_ws/install/turtlebot3_example:/home/shs/ros2_ws/install/autonomous_tb3:/home/shs/ros2_ws/install/turtle_midpoint:/home/shs/ros2_ws/install/secure_control:/home/shs/ros2_ws/install/robot_math:/home/shs/ros2_ws/install/ai_assitance:/home/shs/install/dive_control:/home/shs/install/basic_go_to_waypoint:/home/shs/install/basic_depth_pitch_control:/home/shs/install/autonomous_tb3:/home/shs/install/ai_assitance:/opt/ros/humble LD_LIBRARY_PATH=/home/shs/ws_moveit/install/moveit_ros_planning/lib:/home/shs/ws_moveit/install/moveit_ros_occupancy_map_monitor/lib:/home/shs/ws_moveit/install/moveit_core/lib:/home/shs/ws_moveit/install/srdfdom/lib:${LD_LIBRARY_PATH} PATH=/home/shs/ws_moveit/install/moveit_core/bin:${PATH} PYTHONPATH=/home/shs/ws_moveit/install/moveit_configs_utils/lib/python3.10/site-packages:/home/shs/ws_moveit/install/srdfdom/local/lib/python3.10/dist-packages:/home/shs/ws_moveit/install/launch_param_builder/lib/python3.10/site-packages:${PYTHONPATH} /usr/bin/cmake --build /home/shs/ws_moveit/build/moveit_planners_ompl -- -j8 -l8
[4.312s] [  4%] [32mBuilding CXX object gtest/CMakeFiles/gtest_main.dir/src/gtest_main.cc.o[0m
[4.312s] [  4%] [32mBuilding CXX object gtest/CMakeFiles/gtest.dir/src/gtest-all.cc.o[0m
[4.312s] [  9%] [32mBuilding CXX object ompl_interface/CMakeFiles/moveit_ompl_interface.dir/src/ompl_interface.cpp.o[0m
[4.312s] [  9%] [32mBuilding CXX object ompl_interface/CMakeFiles/moveit_ompl_interface.dir/src/planning_context_manager.cpp.o[0m
[4.312s] [ 12%] [32mBuilding CXX object ompl_interface/CMakeFiles/moveit_ompl_interface.dir/src/parameterization/model_based_state_space.cpp.o[0m
[4.313s] [ 14%] [32mBuilding CXX object ompl_interface/CMakeFiles/moveit_ompl_interface.dir/src/model_based_planning_context.cpp.o[0m
[4.314s] [ 17%] [32mBuilding CXX object ompl_interface/CMakeFiles/moveit_ompl_interface.dir/src/parameterization/model_based_state_space_factory.cpp.o[0m
[4.315s] [ 19%] [32mBuilding CXX object ompl_interface/CMakeFiles/moveit_ompl_interface.dir/src/parameterization/joint_space/constrained_planning_state_space.cpp.o[0m
[6.289s] [ 21%] [32m[1mLinking CXX static library libgtest_main.a[0m
[6.359s] [ 21%] Built target gtest_main
[6.379s] [ 24%] [32mBuilding CXX object ompl_interface/CMakeFiles/moveit_ompl_interface.dir/src/parameterization/joint_space/constrained_planning_state_space_factory.cpp.o[0m
[22.051s] [ 26%] [32mBuilding CXX object ompl_interface/CMakeFiles/moveit_ompl_interface.dir/src/parameterization/joint_space/joint_model_state_space.cpp.o[0m
[22.096s] [ 29%] [32m[1mLinking CXX static library libgtest.a[0m
[22.190s] [ 29%] Built target gtest
[22.210s] [ 31%] [32mBuilding CXX object ompl_interface/CMakeFiles/moveit_ompl_interface.dir/src/parameterization/joint_space/joint_model_state_space_factory.cpp.o[0m
[22.416s] [ 34%] [32mBuilding CXX object ompl_interface/CMakeFiles/moveit_ompl_interface.dir/src/parameterization/work_space/pose_model_state_space.cpp.o[0m
[23.052s] [ 36%] [32mBuilding CXX object ompl_interface/CMakeFiles/moveit_ompl_interface.dir/src/parameterization/work_space/pose_model_state_space_factory.cpp.o[0m
[24.274s] [ 39%] [32mBuilding CXX object ompl_interface/CMakeFiles/moveit_ompl_interface.dir/src/detail/ompl_constraints.cpp.o[0m
[28.926s] [ 41%] [32mBuilding CXX object ompl_interface/CMakeFiles/moveit_ompl_interface.dir/src/detail/threadsafe_state_storage.cpp.o[0m
[37.349s] [ 43%] [32mBuilding CXX object ompl_interface/CMakeFiles/moveit_ompl_interface.dir/src/detail/state_validity_checker.cpp.o[0m
[39.935s] [ 46%] [32mBuilding CXX object ompl_interface/CMakeFiles/moveit_ompl_interface.dir/src/detail/projection_evaluators.cpp.o[0m
[40.131s] [ 48%] [32mBuilding CXX object ompl_interface/CMakeFiles/moveit_ompl_interface.dir/src/detail/goal_union.cpp.o[0m
[40.487s] [ 51%] [32mBuilding CXX object ompl_interface/CMakeFiles/moveit_ompl_interface.dir/src/detail/constraints_library.cpp.o[0m
[40.980s] [ 53%] [32mBuilding CXX object ompl_interface/CMakeFiles/moveit_ompl_interface.dir/src/detail/constrained_sampler.cpp.o[0m
[42.263s] [ 56%] [32mBuilding CXX object ompl_interface/CMakeFiles/moveit_ompl_interface.dir/src/detail/constrained_valid_state_sampler.cpp.o[0m
[43.793s] [ 58%] [32mBuilding CXX object ompl_interface/CMakeFiles/moveit_ompl_interface.dir/src/detail/constrained_goal_sampler.cpp.o[0m
[62.654s] [ 60%] [32m[1mLinking CXX shared library libmoveit_ompl_interface.so[0m
[63.203s] [ 60%] Built target moveit_ompl_interface
[63.246s] [ 70%] [32mBuilding CXX object ompl_interface/CMakeFiles/test_planning_context_manager.dir/test/test_planning_context_manager.cpp.o[0m
[63.246s] [ 70%] [32mBuilding CXX object ompl_interface/CMakeFiles/test_constrained_planning_state_space.dir/test/test_constrained_planning_state_space.cpp.o[0m
[63.246s] [ 70%] [32mBuilding CXX object ompl_interface/CMakeFiles/moveit_generate_state_database.dir/scripts/generate_state_database.cpp.o[0m
[63.246s] [ 70%] [32mBuilding CXX object ompl_interface/CMakeFiles/test_state_validity_checker.dir/test/test_state_validity_checker.cpp.o[0m
[63.249s] [ 75%] [32mBuilding CXX object ompl_interface/CMakeFiles/test_constrained_state_validity_checker.dir/test/test_constrained_state_validity_checker.cpp.o[0m
[63.249s] [ 75%] [32mBuilding CXX object ompl_interface/CMakeFiles/moveit_ompl_planner_plugin.dir/src/ompl_planner_manager.cpp.o[0m
[63.250s] [ 78%] [32mBuilding CXX object ompl_interface/CMakeFiles/test_state_space.dir/test/test_state_space.cpp.o[0m
[63.252s] [ 80%] [32mBuilding CXX object ompl_interface/CMakeFiles/test_threadsafe_state_storage.dir/test/test_threadsafe_state_storage.cpp.o[0m
[76.053s] [ 82%] [32m[1mLinking CXX executable test_threadsafe_state_storage[0m
[77.095s] [ 82%] Built target test_threadsafe_state_storage
[85.008s] [ 85%] [32m[1mLinking CXX executable test_constrained_planning_state_space[0m
[85.025s] [ 87%] [32m[1mLinking CXX executable test_state_space[0m
[86.619s] [ 87%] Built target test_constrained_planning_state_space
[86.676s] [ 87%] Built target test_state_space
[86.857s] [ 90%] [32m[1mLinking CXX shared library libmoveit_ompl_planner_plugin.so[0m
[87.909s] [ 90%] Built target moveit_ompl_planner_plugin
[89.051s] [ 92%] [32m[1mLinking CXX executable test_constrained_state_validity_checker[0m
[89.134s] [ 95%] [32m[1mLinking CXX executable test_state_validity_checker[0m
[90.218s] [ 95%] Built target test_constrained_state_validity_checker
[90.309s] [ 95%] Built target test_state_validity_checker
[91.444s] [ 97%] [32m[1mLinking CXX executable test_planning_context_manager[0m
[91.744s] [100%] [32m[1mLinking CXX executable generate_state_database[0m
[91.993s] [100%] Built target test_planning_context_manager
[92.335s] [100%] Built target moveit_generate_state_database
[92.354s] Invoked command in '/home/shs/ws_moveit/build/moveit_planners_ompl' returned '0': AMENT_PREFIX_PATH=/home/shs/ws_moveit/install/moveit_ros_planning:/home/shs/ws_moveit/install/moveit_ros_occupancy_map_monitor:/home/shs/ws_moveit/install/moveit_core:/home/shs/ws_moveit/install/moveit_resources_panda_moveit_config:/home/shs/ws_moveit/install/moveit_resources_fanuc_moveit_config:/home/shs/ws_moveit/install/moveit_configs_utils:/home/shs/ws_moveit/install/srdfdom:/home/shs/ws_moveit/install/moveit_resources_pr2_description:/home/shs/ws_moveit/install/moveit_resources_panda_description:/home/shs/ws_moveit/install/moveit_resources_fanuc_description:/home/shs/ws_moveit/install/moveit_common:/home/shs/ws_moveit/install/launch_param_builder:${AMENT_PREFIX_PATH} CMAKE_PREFIX_PATH=/home/shs/ws_moveit/install/moveit_ros_planning:/home/shs/ws_moveit/install/moveit_ros_occupancy_map_monitor:/home/shs/ws_moveit/install/moveit_core:/home/shs/ws_moveit/install/moveit_resources_panda_moveit_config:/home/shs/ws_moveit/install/moveit_resources_fanuc_moveit_config:/home/shs/ws_moveit/install/srdfdom:/home/shs/ws_moveit/install/moveit_resources_pr2_description:/home/shs/ws_moveit/install/moveit_resources_panda_description:/home/shs/ws_moveit/install/moveit_resources_fanuc_description:/home/shs/ws_moveit/install/moveit_common:/home/shs/ws_moveit/install/rosparam_shortcuts:/home/shs/ws_moveit/install/hello_moveit:/home/shs/colcon_ws/install/tf_convenience_topics:/home/shs/colcon_ws/install/sss_viewer:/home/shs/colcon_ws/install/sam_basic_controllers:/home/shs/colcon_ws/install/lolo_description:/home/shs/colcon_ws/install/smarc_msgs:/home/shs/colcon_ws/install/smarc_mission_msgs:/home/shs/colcon_ws/install/smarc_control_msgs:/home/shs/colcon_ws/install/sam_msgs:/home/shs/colcon_ws/install/sam_graph_slam_2_msgs:/home/shs/colcon_ws/install/sam_description:/home/shs/colcon_ws/install/lolo_msgs:/home/shs/colcon_ws/install/drone_msgs:/home/shs/colcon_ws/install/dead_reckoning_msgs:/home/shs/ros2_ws/install/turtlebot3_navigation2:/home/shs/ros2_ws/install/turtlebot3_gazebo:/home/shs/ros2_ws/install/turtlebot3_description:/home/shs/ros2_ws/install/turtlebot3_cartographer:/home/shs/ros2_ws/install/transforms:/home/shs/ros2_ws/install/point_cloud_perception:/home/shs/ros2_ws/install/nodes:/home/shs/ros2_ws/install/navigation_tb3:/home/shs/colcon_ws/install/workshopfun:/home/shs/colcon_ws/install/utm_latlon_converter:/home/shs/colcon_ws/install/smarc_nodered:/home/shs/colcon_ws/install/smarc_bt:/home/shs/colcon_ws/install/smarc_bringups:/home/shs/colcon_ws/install/sam_joy_xbox:/home/shs/colcon_ws/install/sam_joy_teleop:/home/shs/colcon_ws/install/sam_diving_controller:/home/shs/colcon_ws/install/sam_dead_reckoning:/home/shs/colcon_ws/install/ros_tcp_endpoint:/home/shs/colcon_ws/install/ros2_python_examples:/home/shs/colcon_ws/install/mqtt_bridge:/home/shs/colcon_ws/install/dubins_planner:/home/shs/colcon_ws/install/drone_dr:/home/shs/colcon_ws/install/basic_go_to_waypoint:/home/shs/colcon_ws/install/basic_depth_pitch_control:/home/shs/colcon_ws/install/auv_detector:/home/shs/ros2_ws/install/turtlebot3_teleop:/home/shs/ros2_ws/install/turtlebot3_follower:/home/shs/ros2_ws/install/turtlebot3_example:/home/shs/ros2_ws/install/autonomous_tb3:/home/shs/ros2_ws/install/turtle_midpoint:/home/shs/ros2_ws/install/secure_control:/home/shs/ros2_ws/install/robot_math:/home/shs/ros2_ws/install/ai_assitance:/home/shs/install/dive_control:/home/shs/install/basic_go_to_waypoint:/home/shs/install/basic_depth_pitch_control:/home/shs/install/autonomous_tb3:/home/shs/install/ai_assitance:/opt/ros/humble LD_LIBRARY_PATH=/home/shs/ws_moveit/install/moveit_ros_planning/lib:/home/shs/ws_moveit/install/moveit_ros_occupancy_map_monitor/lib:/home/shs/ws_moveit/install/moveit_core/lib:/home/shs/ws_moveit/install/srdfdom/lib:${LD_LIBRARY_PATH} PATH=/home/shs/ws_moveit/install/moveit_core/bin:${PATH} PYTHONPATH=/home/shs/ws_moveit/install/moveit_configs_utils/lib/python3.10/site-packages:/home/shs/ws_moveit/install/srdfdom/local/lib/python3.10/dist-packages:/home/shs/ws_moveit/install/launch_param_builder/lib/python3.10/site-packages:${PYTHONPATH} /usr/bin/cmake --build /home/shs/ws_moveit/build/moveit_planners_ompl -- -j8 -l8
[92.356s] Invoking command in '/home/shs/ws_moveit/build/moveit_planners_ompl': AMENT_PREFIX_PATH=/home/shs/ws_moveit/install/moveit_ros_planning:/home/shs/ws_moveit/install/moveit_ros_occupancy_map_monitor:/home/shs/ws_moveit/install/moveit_core:/home/shs/ws_moveit/install/moveit_resources_panda_moveit_config:/home/shs/ws_moveit/install/moveit_resources_fanuc_moveit_config:/home/shs/ws_moveit/install/moveit_configs_utils:/home/shs/ws_moveit/install/srdfdom:/home/shs/ws_moveit/install/moveit_resources_pr2_description:/home/shs/ws_moveit/install/moveit_resources_panda_description:/home/shs/ws_moveit/install/moveit_resources_fanuc_description:/home/shs/ws_moveit/install/moveit_common:/home/shs/ws_moveit/install/launch_param_builder:${AMENT_PREFIX_PATH} CMAKE_PREFIX_PATH=/home/shs/ws_moveit/install/moveit_ros_planning:/home/shs/ws_moveit/install/moveit_ros_occupancy_map_monitor:/home/shs/ws_moveit/install/moveit_core:/home/shs/ws_moveit/install/moveit_resources_panda_moveit_config:/home/shs/ws_moveit/install/moveit_resources_fanuc_moveit_config:/home/shs/ws_moveit/install/srdfdom:/home/shs/ws_moveit/install/moveit_resources_pr2_description:/home/shs/ws_moveit/install/moveit_resources_panda_description:/home/shs/ws_moveit/install/moveit_resources_fanuc_description:/home/shs/ws_moveit/install/moveit_common:/home/shs/ws_moveit/install/rosparam_shortcuts:/home/shs/ws_moveit/install/hello_moveit:/home/shs/colcon_ws/install/tf_convenience_topics:/home/shs/colcon_ws/install/sss_viewer:/home/shs/colcon_ws/install/sam_basic_controllers:/home/shs/colcon_ws/install/lolo_description:/home/shs/colcon_ws/install/smarc_msgs:/home/shs/colcon_ws/install/smarc_mission_msgs:/home/shs/colcon_ws/install/smarc_control_msgs:/home/shs/colcon_ws/install/sam_msgs:/home/shs/colcon_ws/install/sam_graph_slam_2_msgs:/home/shs/colcon_ws/install/sam_description:/home/shs/colcon_ws/install/lolo_msgs:/home/shs/colcon_ws/install/drone_msgs:/home/shs/colcon_ws/install/dead_reckoning_msgs:/home/shs/ros2_ws/install/turtlebot3_navigation2:/home/shs/ros2_ws/install/turtlebot3_gazebo:/home/shs/ros2_ws/install/turtlebot3_description:/home/shs/ros2_ws/install/turtlebot3_cartographer:/home/shs/ros2_ws/install/transforms:/home/shs/ros2_ws/install/point_cloud_perception:/home/shs/ros2_ws/install/nodes:/home/shs/ros2_ws/install/navigation_tb3:/home/shs/colcon_ws/install/workshopfun:/home/shs/colcon_ws/install/utm_latlon_converter:/home/shs/colcon_ws/install/smarc_nodered:/home/shs/colcon_ws/install/smarc_bt:/home/shs/colcon_ws/install/smarc_bringups:/home/shs/colcon_ws/install/sam_joy_xbox:/home/shs/colcon_ws/install/sam_joy_teleop:/home/shs/colcon_ws/install/sam_diving_controller:/home/shs/colcon_ws/install/sam_dead_reckoning:/home/shs/colcon_ws/install/ros_tcp_endpoint:/home/shs/colcon_ws/install/ros2_python_examples:/home/shs/colcon_ws/install/mqtt_bridge:/home/shs/colcon_ws/install/dubins_planner:/home/shs/colcon_ws/install/drone_dr:/home/shs/colcon_ws/install/basic_go_to_waypoint:/home/shs/colcon_ws/install/basic_depth_pitch_control:/home/shs/colcon_ws/install/auv_detector:/home/shs/ros2_ws/install/turtlebot3_teleop:/home/shs/ros2_ws/install/turtlebot3_follower:/home/shs/ros2_ws/install/turtlebot3_example:/home/shs/ros2_ws/install/autonomous_tb3:/home/shs/ros2_ws/install/turtle_midpoint:/home/shs/ros2_ws/install/secure_control:/home/shs/ros2_ws/install/robot_math:/home/shs/ros2_ws/install/ai_assitance:/home/shs/install/dive_control:/home/shs/install/basic_go_to_waypoint:/home/shs/install/basic_depth_pitch_control:/home/shs/install/autonomous_tb3:/home/shs/install/ai_assitance:/opt/ros/humble LD_LIBRARY_PATH=/home/shs/ws_moveit/install/moveit_ros_planning/lib:/home/shs/ws_moveit/install/moveit_ros_occupancy_map_monitor/lib:/home/shs/ws_moveit/install/moveit_core/lib:/home/shs/ws_moveit/install/srdfdom/lib:${LD_LIBRARY_PATH} PATH=/home/shs/ws_moveit/install/moveit_core/bin:${PATH} PYTHONPATH=/home/shs/ws_moveit/install/moveit_configs_utils/lib/python3.10/site-packages:/home/shs/ws_moveit/install/srdfdom/local/lib/python3.10/dist-packages:/home/shs/ws_moveit/install/launch_param_builder/lib/python3.10/site-packages:${PYTHONPATH} /usr/bin/cmake --install /home/shs/ws_moveit/build/moveit_planners_ompl
[92.368s] -- Install configuration: "Release"
[92.368s] -- Installing: /home/shs/ws_moveit/install/moveit_planners_ompl/lib/moveit_planners_ompl/generate_state_database
[92.369s] -- Set runtime path of "/home/shs/ws_moveit/install/moveit_planners_ompl/lib/moveit_planners_ompl/generate_state_database" to ""
[92.370s] -- Installing: /home/shs/ws_moveit/install/moveit_planners_ompl/include
[92.370s] -- Installing: /home/shs/ws_moveit/install/moveit_planners_ompl/include/moveit
[92.370s] -- Installing: /home/shs/ws_moveit/install/moveit_planners_ompl/include/moveit/ompl_interface
[92.370s] -- Installing: /home/shs/ws_moveit/install/moveit_planners_ompl/include/moveit/ompl_interface/detail
[92.370s] -- Installing: /home/shs/ws_moveit/install/moveit_planners_ompl/include/moveit/ompl_interface/detail/constraints_library.h
[92.370s] -- Installing: /home/shs/ws_moveit/install/moveit_planners_ompl/include/moveit/ompl_interface/detail/constraint_approximations.h
[92.371s] -- Installing: /home/shs/ws_moveit/install/moveit_planners_ompl/include/moveit/ompl_interface/detail/threadsafe_state_storage.h
[92.371s] -- Installing: /home/shs/ws_moveit/install/moveit_planners_ompl/include/moveit/ompl_interface/detail/constrained_valid_state_sampler.h
[92.371s] -- Installing: /home/shs/ws_moveit/install/moveit_planners_ompl/include/moveit/ompl_interface/detail/goal_union.h
[92.371s] -- Installing: /home/shs/ws_moveit/install/moveit_planners_ompl/include/moveit/ompl_interface/detail/ompl_constraints.h
[92.371s] -- Installing: /home/shs/ws_moveit/install/moveit_planners_ompl/include/moveit/ompl_interface/detail/constrained_goal_sampler.h
[92.371s] -- Installing: /home/shs/ws_moveit/install/moveit_planners_ompl/include/moveit/ompl_interface/detail/state_validity_checker.h
[92.371s] -- Installing: /home/shs/ws_moveit/install/moveit_planners_ompl/include/moveit/ompl_interface/detail/projection_evaluators.h
[92.372s] -- Installing: /home/shs/ws_moveit/install/moveit_planners_ompl/include/moveit/ompl_interface/detail/constrained_sampler.h
[92.372s] -- Installing: /home/shs/ws_moveit/install/moveit_planners_ompl/include/moveit/ompl_interface/model_based_planning_context.h
[92.372s] -- Installing: /home/shs/ws_moveit/install/moveit_planners_ompl/include/moveit/ompl_interface/planning_context_manager.h
[92.372s] -- Installing: /home/shs/ws_moveit/install/moveit_planners_ompl/include/moveit/ompl_interface/parameterization
[92.372s] -- Installing: /home/shs/ws_moveit/install/moveit_planners_ompl/include/moveit/ompl_interface/parameterization/joint_space
[92.372s] -- Installing: /home/shs/ws_moveit/install/moveit_planners_ompl/include/moveit/ompl_interface/parameterization/joint_space/constrained_planning_state_space_factory.h
[92.373s] -- Installing: /home/shs/ws_moveit/install/moveit_planners_ompl/include/moveit/ompl_interface/parameterization/joint_space/constrained_planning_state_space.h
[92.373s] -- Installing: /home/shs/ws_moveit/install/moveit_planners_ompl/include/moveit/ompl_interface/parameterization/joint_space/joint_model_state_space.h
[92.373s] -- Installing: /home/shs/ws_moveit/install/moveit_planners_ompl/include/moveit/ompl_interface/parameterization/joint_space/joint_model_state_space_factory.h
[92.373s] -- Installing: /home/shs/ws_moveit/install/moveit_planners_ompl/include/moveit/ompl_interface/parameterization/work_space
[92.373s] -- Installing: /home/shs/ws_moveit/install/moveit_planners_ompl/include/moveit/ompl_interface/parameterization/work_space/pose_model_state_space_factory.h
[92.373s] -- Installing: /home/shs/ws_moveit/install/moveit_planners_ompl/include/moveit/ompl_interface/parameterization/work_space/pose_model_state_space.h
[92.373s] -- Installing: /home/shs/ws_moveit/install/moveit_planners_ompl/include/moveit/ompl_interface/parameterization/model_based_state_space.h
[92.374s] -- Installing: /home/shs/ws_moveit/install/moveit_planners_ompl/include/moveit/ompl_interface/parameterization/model_based_state_space_factory.h
[92.374s] -- Installing: /home/shs/ws_moveit/install/moveit_planners_ompl/include/moveit/ompl_interface/ompl_interface.h
[92.374s] -- Installing: /home/shs/ws_moveit/install/moveit_planners_ompl/lib/libmoveit_ompl_interface.so.2.5.8
[92.375s] -- Set runtime path of "/home/shs/ws_moveit/install/moveit_planners_ompl/lib/libmoveit_ompl_interface.so.2.5.8" to ""
[92.376s] -- Installing: /home/shs/ws_moveit/install/moveit_planners_ompl/lib/libmoveit_ompl_interface.so
[92.376s] -- Installing: /home/shs/ws_moveit/install/moveit_planners_ompl/lib/libmoveit_ompl_planner_plugin.so.2.5.8
[92.376s] -- Set runtime path of "/home/shs/ws_moveit/install/moveit_planners_ompl/lib/libmoveit_ompl_planner_plugin.so.2.5.8" to ""
[92.377s] -- Installing: /home/shs/ws_moveit/install/moveit_planners_ompl/lib/libmoveit_ompl_planner_plugin.so
[92.377s] -- Installing: /home/shs/ws_moveit/install/moveit_planners_ompl/share/moveit_planners_ompl/environment/library_path.sh
[92.377s] -- Installing: /home/shs/ws_moveit/install/moveit_planners_ompl/share/moveit_planners_ompl/environment/library_path.dsv
[92.377s] -- Installing: /home/shs/ws_moveit/install/moveit_planners_ompl/share/moveit_planners_ompl/ompl_interface_plugin_description.xml
[92.377s] -- Installing: /home/shs/ws_moveit/install/moveit_planners_ompl/share/ament_index/resource_index/package_run_dependencies/moveit_planners_ompl
[92.377s] -- Installing: /home/shs/ws_moveit/install/moveit_planners_ompl/share/ament_index/resource_index/parent_prefix_path/moveit_planners_ompl
[92.378s] -- Installing: /home/shs/ws_moveit/install/moveit_planners_ompl/share/moveit_planners_ompl/environment/ament_prefix_path.sh
[92.378s] -- Installing: /home/shs/ws_moveit/install/moveit_planners_ompl/share/moveit_planners_ompl/environment/ament_prefix_path.dsv
[92.378s] -- Installing: /home/shs/ws_moveit/install/moveit_planners_ompl/share/moveit_planners_ompl/environment/path.sh
[92.378s] -- Installing: /home/shs/ws_moveit/install/moveit_planners_ompl/share/moveit_planners_ompl/environment/path.dsv
[92.378s] -- Installing: /home/shs/ws_moveit/install/moveit_planners_ompl/share/moveit_planners_ompl/local_setup.bash
[92.378s] -- Installing: /home/shs/ws_moveit/install/moveit_planners_ompl/share/moveit_planners_ompl/local_setup.sh
[92.378s] -- Installing: /home/shs/ws_moveit/install/moveit_planners_ompl/share/moveit_planners_ompl/local_setup.zsh
[92.379s] -- Installing: /home/shs/ws_moveit/install/moveit_planners_ompl/share/moveit_planners_ompl/local_setup.dsv
[92.379s] -- Installing: /home/shs/ws_moveit/install/moveit_planners_ompl/share/moveit_planners_ompl/package.dsv
[92.379s] -- Installing: /home/shs/ws_moveit/install/moveit_planners_ompl/share/ament_index/resource_index/packages/moveit_planners_ompl
[92.379s] -- Installing: /home/shs/ws_moveit/install/moveit_planners_ompl/share/ament_index/resource_index/moveit_core__pluginlib__plugin/moveit_planners_ompl
[92.379s] -- Installing: /home/shs/ws_moveit/install/moveit_planners_ompl/share/moveit_planners_ompl/cmake/export_moveit_planners_omplExport.cmake
[92.379s] -- Installing: /home/shs/ws_moveit/install/moveit_planners_ompl/share/moveit_planners_ompl/cmake/export_moveit_planners_omplExport-release.cmake
[92.380s] -- Installing: /home/shs/ws_moveit/install/moveit_planners_ompl/share/moveit_planners_ompl/cmake/ament_cmake_export_targets-extras.cmake
[92.380s] -- Installing: /home/shs/ws_moveit/install/moveit_planners_ompl/share/moveit_planners_ompl/cmake/ament_cmake_export_dependencies-extras.cmake
[92.380s] -- Installing: /home/shs/ws_moveit/install/moveit_planners_ompl/share/moveit_planners_ompl/cmake/moveit_planners_omplConfig.cmake
[92.380s] -- Installing: /home/shs/ws_moveit/install/moveit_planners_ompl/share/moveit_planners_ompl/cmake/moveit_planners_omplConfig-version.cmake
[92.380s] -- Installing: /home/shs/ws_moveit/install/moveit_planners_ompl/share/moveit_planners_ompl/package.xml
[92.383s] Invoked command in '/home/shs/ws_moveit/build/moveit_planners_ompl' returned '0': AMENT_PREFIX_PATH=/home/shs/ws_moveit/install/moveit_ros_planning:/home/shs/ws_moveit/install/moveit_ros_occupancy_map_monitor:/home/shs/ws_moveit/install/moveit_core:/home/shs/ws_moveit/install/moveit_resources_panda_moveit_config:/home/shs/ws_moveit/install/moveit_resources_fanuc_moveit_config:/home/shs/ws_moveit/install/moveit_configs_utils:/home/shs/ws_moveit/install/srdfdom:/home/shs/ws_moveit/install/moveit_resources_pr2_description:/home/shs/ws_moveit/install/moveit_resources_panda_description:/home/shs/ws_moveit/install/moveit_resources_fanuc_description:/home/shs/ws_moveit/install/moveit_common:/home/shs/ws_moveit/install/launch_param_builder:${AMENT_PREFIX_PATH} CMAKE_PREFIX_PATH=/home/shs/ws_moveit/install/moveit_ros_planning:/home/shs/ws_moveit/install/moveit_ros_occupancy_map_monitor:/home/shs/ws_moveit/install/moveit_core:/home/shs/ws_moveit/install/moveit_resources_panda_moveit_config:/home/shs/ws_moveit/install/moveit_resources_fanuc_moveit_config:/home/shs/ws_moveit/install/srdfdom:/home/shs/ws_moveit/install/moveit_resources_pr2_description:/home/shs/ws_moveit/install/moveit_resources_panda_description:/home/shs/ws_moveit/install/moveit_resources_fanuc_description:/home/shs/ws_moveit/install/moveit_common:/home/shs/ws_moveit/install/rosparam_shortcuts:/home/shs/ws_moveit/install/hello_moveit:/home/shs/colcon_ws/install/tf_convenience_topics:/home/shs/colcon_ws/install/sss_viewer:/home/shs/colcon_ws/install/sam_basic_controllers:/home/shs/colcon_ws/install/lolo_description:/home/shs/colcon_ws/install/smarc_msgs:/home/shs/colcon_ws/install/smarc_mission_msgs:/home/shs/colcon_ws/install/smarc_control_msgs:/home/shs/colcon_ws/install/sam_msgs:/home/shs/colcon_ws/install/sam_graph_slam_2_msgs:/home/shs/colcon_ws/install/sam_description:/home/shs/colcon_ws/install/lolo_msgs:/home/shs/colcon_ws/install/drone_msgs:/home/shs/colcon_ws/install/dead_reckoning_msgs:/home/shs/ros2_ws/install/turtlebot3_navigation2:/home/shs/ros2_ws/install/turtlebot3_gazebo:/home/shs/ros2_ws/install/turtlebot3_description:/home/shs/ros2_ws/install/turtlebot3_cartographer:/home/shs/ros2_ws/install/transforms:/home/shs/ros2_ws/install/point_cloud_perception:/home/shs/ros2_ws/install/nodes:/home/shs/ros2_ws/install/navigation_tb3:/home/shs/colcon_ws/install/workshopfun:/home/shs/colcon_ws/install/utm_latlon_converter:/home/shs/colcon_ws/install/smarc_nodered:/home/shs/colcon_ws/install/smarc_bt:/home/shs/colcon_ws/install/smarc_bringups:/home/shs/colcon_ws/install/sam_joy_xbox:/home/shs/colcon_ws/install/sam_joy_teleop:/home/shs/colcon_ws/install/sam_diving_controller:/home/shs/colcon_ws/install/sam_dead_reckoning:/home/shs/colcon_ws/install/ros_tcp_endpoint:/home/shs/colcon_ws/install/ros2_python_examples:/home/shs/colcon_ws/install/mqtt_bridge:/home/shs/colcon_ws/install/dubins_planner:/home/shs/colcon_ws/install/drone_dr:/home/shs/colcon_ws/install/basic_go_to_waypoint:/home/shs/colcon_ws/install/basic_depth_pitch_control:/home/shs/colcon_ws/install/auv_detector:/home/shs/ros2_ws/install/turtlebot3_teleop:/home/shs/ros2_ws/install/turtlebot3_follower:/home/shs/ros2_ws/install/turtlebot3_example:/home/shs/ros2_ws/install/autonomous_tb3:/home/shs/ros2_ws/install/turtle_midpoint:/home/shs/ros2_ws/install/secure_control:/home/shs/ros2_ws/install/robot_math:/home/shs/ros2_ws/install/ai_assitance:/home/shs/install/dive_control:/home/shs/install/basic_go_to_waypoint:/home/shs/install/basic_depth_pitch_control:/home/shs/install/autonomous_tb3:/home/shs/install/ai_assitance:/opt/ros/humble LD_LIBRARY_PATH=/home/shs/ws_moveit/install/moveit_ros_planning/lib:/home/shs/ws_moveit/install/moveit_ros_occupancy_map_monitor/lib:/home/shs/ws_moveit/install/moveit_core/lib:/home/shs/ws_moveit/install/srdfdom/lib:${LD_LIBRARY_PATH} PATH=/home/shs/ws_moveit/install/moveit_core/bin:${PATH} PYTHONPATH=/home/shs/ws_moveit/install/moveit_configs_utils/lib/python3.10/site-packages:/home/shs/ws_moveit/install/srdfdom/local/lib/python3.10/dist-packages:/home/shs/ws_moveit/install/launch_param_builder/lib/python3.10/site-packages:${PYTHONPATH} /usr/bin/cmake --install /home/shs/ws_moveit/build/moveit_planners_ompl
