[0.000000] (-) TimerEvent: {}
[0.000129] (-) JobUnselected: {'identifier': 'chomp_motion_planner'}
[0.000158] (-) JobUnselected: {'identifier': 'hello_moveit'}
[0.000178] (-) JobUnselected: {'identifier': 'launch_param_builder'}
[0.000196] (-) JobUnselected: {'identifier': 'moveit'}
[0.000212] (-) JobUnselected: {'identifier': 'moveit2_tutorials'}
[0.000227] (-) JobUnselected: {'identifier': 'moveit_chomp_optimizer_adapter'}
[0.000244] (-) JobUnselected: {'identifier': 'moveit_common'}
[0.000259] (-) JobUnselected: {'identifier': 'moveit_configs_utils'}
[0.000274] (-) JobUnselected: {'identifier': 'moveit_core'}
[0.000289] (-) JobUnselected: {'identifier': 'moveit_hybrid_planning'}
[0.000520] (-) JobUnselected: {'identifier': 'moveit_kinematics'}
[0.000548] (-) JobUnselected: {'identifier': 'moveit_planners'}
[0.000566] (-) JobUnselected: {'identifier': 'moveit_planners_chomp'}
[0.000583] (-) JobUnselected: {'identifier': 'moveit_planners_ompl'}
[0.000599] (-) JobUnselected: {'identifier': 'moveit_plugins'}
[0.000614] (-) JobUnselected: {'identifier': 'moveit_resources'}
[0.000629] (-) JobUnselected: {'identifier': 'moveit_resources_fanuc_description'}
[0.000645] (-) JobUnselected: {'identifier': 'moveit_resources_fanuc_moveit_config'}
[0.000660] (-) JobUnselected: {'identifier': 'moveit_resources_panda_description'}
[0.000676] (-) JobUnselected: {'identifier': 'moveit_resources_panda_moveit_config'}
[0.000691] (-) JobUnselected: {'identifier': 'moveit_resources_pr2_description'}
[0.000706] (-) JobUnselected: {'identifier': 'moveit_resources_prbt_ikfast_manipulator_plugin'}
[0.000731] (-) JobUnselected: {'identifier': 'moveit_resources_prbt_moveit_config'}
[0.000753] (-) JobUnselected: {'identifier': 'moveit_resources_prbt_pg70_support'}
[0.000769] (-) JobUnselected: {'identifier': 'moveit_resources_prbt_support'}
[0.000786] (-) JobUnselected: {'identifier': 'moveit_ros'}
[0.000802] (-) JobUnselected: {'identifier': 'moveit_ros_benchmarks'}
[0.000817] (-) JobUnselected: {'identifier': 'moveit_ros_control_interface'}
[0.000833] (-) JobUnselected: {'identifier': 'moveit_ros_move_group'}
[0.000848] (-) JobUnselected: {'identifier': 'moveit_ros_occupancy_map_monitor'}
[0.000863] (-) JobUnselected: {'identifier': 'moveit_ros_perception'}
[0.000878] (-) JobUnselected: {'identifier': 'moveit_ros_planning'}
[0.000893] (-) JobUnselected: {'identifier': 'moveit_ros_planning_interface'}
[0.000908] (-) JobUnselected: {'identifier': 'moveit_ros_robot_interaction'}
[0.000923] (-) JobUnselected: {'identifier': 'moveit_ros_visualization'}
[0.000939] (-) JobUnselected: {'identifier': 'moveit_ros_warehouse'}
[0.000954] (-) JobUnselected: {'identifier': 'moveit_runtime'}
[0.000969] (-) JobUnselected: {'identifier': 'moveit_servo'}
[0.000984] (-) JobUnselected: {'identifier': 'moveit_setup_app_plugins'}
[0.000999] (-) JobUnselected: {'identifier': 'moveit_setup_assistant'}
[0.001014] (-) JobUnselected: {'identifier': 'moveit_setup_controllers'}
[0.001029] (-) JobUnselected: {'identifier': 'moveit_setup_core_plugins'}
[0.001044] (-) JobUnselected: {'identifier': 'moveit_setup_framework'}
[0.001059] (-) JobUnselected: {'identifier': 'moveit_setup_srdf_plugins'}
[0.001074] (-) JobUnselected: {'identifier': 'moveit_simple_controller_manager'}
[0.001089] (-) JobUnselected: {'identifier': 'moveit_task_constructor_capabilities'}
[0.001104] (-) JobUnselected: {'identifier': 'moveit_task_constructor_core'}
[0.001119] (-) JobUnselected: {'identifier': 'moveit_task_constructor_demo'}
[0.001134] (-) JobUnselected: {'identifier': 'moveit_task_constructor_msgs'}
[0.001149] (-) JobUnselected: {'identifier': 'moveit_task_constructor_visualization'}
[0.001164] (-) JobUnselected: {'identifier': 'moveit_visual_tools'}
[0.001179] (-) JobUnselected: {'identifier': 'pilz_industrial_motion_planner'}
[0.001194] (-) JobUnselected: {'identifier': 'pilz_industrial_motion_planner_testutils'}
[0.001209] (-) JobUnselected: {'identifier': 'rosparam_shortcuts'}
[0.001224] (-) JobUnselected: {'identifier': 'rviz_marker_tools'}
[0.001239] (-) JobUnselected: {'identifier': 'srdfdom'}
[0.001264] (-) EventReactorShutdown: {}
