[0.034s] Invoking command in '/home/shs/ws_moveit/build/moveit_visual_tools': AMENT_PREFIX_PATH=/home/shs/ws_moveit/install/moveit_ros_planning:/home/shs/ws_moveit/install/moveit_ros_occupancy_map_monitor:/home/shs/ws_moveit/install/moveit_core:/home/shs/ws_moveit/install/moveit_resources_panda_moveit_config:/home/shs/ws_moveit/install/moveit_configs_utils:/home/shs/ws_moveit/install/srdfdom:/home/shs/ws_moveit/install/moveit_resources_pr2_description:/home/shs/ws_moveit/install/moveit_resources_panda_description:/home/shs/ws_moveit/install/moveit_common:/home/shs/ws_moveit/install/launch_param_builder:${AMENT_PREFIX_PATH} CMAKE_PREFIX_PATH=/home/shs/ws_moveit/install/moveit_ros_planning:/home/shs/ws_moveit/install/moveit_ros_occupancy_map_monitor:/home/shs/ws_moveit/install/moveit_core:/home/shs/ws_moveit/install/moveit_resources_panda_moveit_config:/home/shs/ws_moveit/install/srdfdom:/home/shs/ws_moveit/install/moveit_resources_pr2_description:/home/shs/ws_moveit/install/moveit_resources_panda_description:/home/shs/ws_moveit/install/moveit_common:/home/shs/ws_moveit/install/rosparam_shortcuts:/home/shs/ws_moveit/install/hello_moveit:/home/shs/colcon_ws/install/tf_convenience_topics:/home/shs/colcon_ws/install/sss_viewer:/home/shs/colcon_ws/install/sam_basic_controllers:/home/shs/colcon_ws/install/lolo_description:/home/shs/colcon_ws/install/smarc_msgs:/home/shs/colcon_ws/install/smarc_mission_msgs:/home/shs/colcon_ws/install/smarc_control_msgs:/home/shs/colcon_ws/install/sam_msgs:/home/shs/colcon_ws/install/sam_graph_slam_2_msgs:/home/shs/colcon_ws/install/sam_description:/home/shs/colcon_ws/install/lolo_msgs:/home/shs/colcon_ws/install/drone_msgs:/home/shs/colcon_ws/install/dead_reckoning_msgs:/home/shs/ros2_ws/install/turtlebot3_navigation2:/home/shs/ros2_ws/install/turtlebot3_gazebo:/home/shs/ros2_ws/install/turtlebot3_description:/home/shs/ros2_ws/install/turtlebot3_cartographer:/home/shs/ros2_ws/install/transforms:/home/shs/ros2_ws/install/point_cloud_perception:/home/shs/ros2_ws/install/nodes:/home/shs/ros2_ws/install/navigation_tb3:/home/shs/colcon_ws/install/workshopfun:/home/shs/colcon_ws/install/utm_latlon_converter:/home/shs/colcon_ws/install/smarc_nodered:/home/shs/colcon_ws/install/smarc_bt:/home/shs/colcon_ws/install/smarc_bringups:/home/shs/colcon_ws/install/sam_joy_xbox:/home/shs/colcon_ws/install/sam_joy_teleop:/home/shs/colcon_ws/install/sam_diving_controller:/home/shs/colcon_ws/install/sam_dead_reckoning:/home/shs/colcon_ws/install/ros_tcp_endpoint:/home/shs/colcon_ws/install/ros2_python_examples:/home/shs/colcon_ws/install/mqtt_bridge:/home/shs/colcon_ws/install/dubins_planner:/home/shs/colcon_ws/install/drone_dr:/home/shs/colcon_ws/install/basic_go_to_waypoint:/home/shs/colcon_ws/install/basic_depth_pitch_control:/home/shs/colcon_ws/install/auv_detector:/home/shs/ros2_ws/install/turtlebot3_teleop:/home/shs/ros2_ws/install/turtlebot3_follower:/home/shs/ros2_ws/install/turtlebot3_example:/home/shs/ros2_ws/install/autonomous_tb3:/home/shs/ros2_ws/install/turtle_midpoint:/home/shs/ros2_ws/install/secure_control:/home/shs/ros2_ws/install/robot_math:/home/shs/ros2_ws/install/ai_assitance:/home/shs/install/dive_control:/home/shs/install/basic_go_to_waypoint:/home/shs/install/basic_depth_pitch_control:/home/shs/install/autonomous_tb3:/home/shs/install/ai_assitance:/opt/ros/humble LD_LIBRARY_PATH=/home/shs/ws_moveit/install/moveit_ros_planning/lib:/home/shs/ws_moveit/install/moveit_ros_occupancy_map_monitor/lib:/home/shs/ws_moveit/install/moveit_core/lib:/home/shs/ws_moveit/install/srdfdom/lib:${LD_LIBRARY_PATH} PATH=/home/shs/ws_moveit/install/moveit_core/bin:${PATH} PYTHONPATH=/home/shs/ws_moveit/install/moveit_configs_utils/lib/python3.10/site-packages:/home/shs/ws_moveit/install/srdfdom/local/lib/python3.10/dist-packages:/home/shs/ws_moveit/install/launch_param_builder/lib/python3.10/site-packages:${PYTHONPATH} /usr/bin/cmake /home/shs/ws_moveit/src/moveit_visual_tools -DCMAKE_BUILD_TYPE=Release -DCMAKE_INSTALL_PREFIX=/home/shs/ws_moveit/install/moveit_visual_tools
[0.098s] -- The C compiler identification is GNU 11.4.0
[0.159s] -- The CXX compiler identification is GNU 11.4.0
[0.167s] -- Detecting C compiler ABI info
[0.246s] -- Detecting C compiler ABI info - done
[0.254s] -- Check for working C compiler: /usr/bin/cc - skipped
[0.254s] -- Detecting C compile features
[0.255s] -- Detecting C compile features - done
[0.258s] -- Detecting CXX compiler ABI info
[0.349s] -- Detecting CXX compiler ABI info - done
[0.357s] -- Check for working CXX compiler: /usr/bin/c++ - skipped
[0.357s] -- Detecting CXX compile features
[0.358s] -- Detecting CXX compile features - done
[0.360s] -- Found moveit_common: 2.5.8 (/home/shs/ws_moveit/install/moveit_common/share/moveit_common/cmake)
[0.369s] -- Found ament_cmake: 1.3.11 (/opt/ros/humble/share/ament_cmake/cmake)
[0.620s] -- Found Python3: /usr/bin/python3 (found version "3.10.12") found components: Interpreter 
[0.957s] -- Found Boost: /usr/lib/x86_64-linux-gnu/cmake/Boost-1.74.0/BoostConfig.cmake (found version "1.74.0") found components: system 
[0.980s] -- Found geometry_msgs: 4.8.0 (/opt/ros/humble/share/geometry_msgs/cmake)
[1.088s] -- Found rosidl_generator_c: 3.1.6 (/opt/ros/humble/share/rosidl_generator_c/cmake)
[1.107s] -- Found rosidl_adapter: 3.1.6 (/opt/ros/humble/share/rosidl_adapter/cmake)
[1.130s] -- Found rosidl_generator_cpp: 3.1.6 (/opt/ros/humble/share/rosidl_generator_cpp/cmake)
[1.159s] -- Using all available rosidl_typesupport_c: rosidl_typesupport_fastrtps_c;rosidl_typesupport_introspection_c
[1.199s] -- Using all available rosidl_typesupport_cpp: rosidl_typesupport_fastrtps_cpp;rosidl_typesupport_introspection_cpp
[1.272s] -- Found graph_msgs: 0.2.0 (/opt/ros/humble/share/graph_msgs/cmake)
[1.296s] -- Found moveit_core: 2.5.8 (/home/shs/ws_moveit/install/moveit_core/share/moveit_core/cmake)
[1.634s] -- Found Boost: /usr/lib/x86_64-linux-gnu/cmake/Boost-1.74.0/BoostConfig.cmake (found version "1.74.0") found components: chrono date_time filesystem iostreams program_options regex serialization system thread 
[1.759s] -- Found parameter_traits: 0.4.0 (/opt/ros/humble/share/parameter_traits/cmake)
[1.879s] -- Found rmw_implementation_cmake: 6.1.2 (/opt/ros/humble/share/rmw_implementation_cmake/cmake)
[1.891s] -- Found rmw_fastrtps_cpp: 6.2.7 (/opt/ros/humble/share/rmw_fastrtps_cpp/cmake)
[2.040s] -- Found OpenSSL: /usr/lib/x86_64-linux-gnu/libcrypto.so (found version "3.0.2")  
[2.077s] -- Found FastRTPS: /opt/ros/humble/include  
[2.141s] -- Using RMW implementation 'rmw_fastrtps_cpp' as default
[2.171s] -- Found Threads: TRUE  
[2.255s] -- Found Eigen3: TRUE (found version "3.4.0") 
[2.265s] -- Found rclcpp_lifecycle: 16.0.12 (/opt/ros/humble/share/rclcpp_lifecycle/cmake)
[2.313s] -- Found Boost: /usr/lib/x86_64-linux-gnu/cmake/Boost-1.74.0/BoostConfig.cmake (found version "1.74.0") found components: filesystem 
[2.462s] -- library: /usr/lib/x86_64-linux-gnu/libcurl.so
[2.578s] -- Ensuring Eigen3 include directory is part of orocos-kdl CMake target
[3.029s] -- Found moveit_ros_planning: 2.5.8 (/home/shs/ws_moveit/install/moveit_ros_planning/share/moveit_ros_planning/cmake)
[3.034s] -- Found Boost: /usr/lib/x86_64-linux-gnu/cmake/Boost-1.74.0/BoostConfig.cmake (found version "1.74.0") found components: system filesystem date_time program_options thread chrono 
[3.076s] -- Found rviz_visual_tools: 4.1.4 (/opt/ros/humble/share/rviz_visual_tools/cmake)
[3.174s] -- Setting assimp_DIR to: '/opt/ros/humble/share/rviz_assimp_vendor/cmake/../../../opt/rviz_assimp_vendor/lib/cmake/assimp-4.1'
[3.204s] -- Setting OGRE_DIR to: '/opt/ros/humble/share/rviz_ogre_vendor/cmake/../../../opt/rviz_ogre_vendor/lib/OGRE/cmake'
[3.206s] -- Found OGRE
[3.206s] --   static     : OFF
[3.206s] --   components : HLMS;MeshLodGenerator;Overlay;Paging;Property;RTShaderSystem;Terrain;Volume
[3.206s] --   plugins    : Plugin_BSPSceneManager;Plugin_OctreeSceneManager;Plugin_PCZSceneManager;Plugin_ParticleFX;RenderSystem_GL;RenderSystem_GL3Plus;Codec_STBI
[3.206s] --   media      : /opt/ros/humble/opt/rviz_ogre_vendor/share/OGRE/Media
[3.206s] -- OGRE_LIBRARIES: OgreHLMS;OgreMeshLodGenerator;OgreOverlay;OgrePaging;OgreProperty;OgreRTShaderSystem;OgreTerrain;OgreVolume;OgreMain
[3.206s] -- OGRE_LIBRARY_DIRS: /opt/ros/humble/opt/rviz_ogre_vendor/lib
[3.206s] -- OGRE_PLUGINS: Plugin_BSPSceneManager;Plugin_OctreeSceneManager;Plugin_PCZSceneManager;Plugin_ParticleFX;RenderSystem_GL;RenderSystem_GL3Plus;Codec_STBI
[3.206s] -- OGRE_PLUGIN_DIR: /opt/ros/humble/opt/rviz_ogre_vendor/lib/OGRE
[3.207s] -- rviz_ogre_vendor::OgreOverlay for IMPORTED_LOCATION_RELEASE: /opt/ros/humble/opt/rviz_ogre_vendor/lib/libOgreOverlay.so
[3.207s] -- rviz_ogre_vendor::OgreOverlay for IMPORTED_LOCATION_DEBUG: /opt/ros/humble/opt/rviz_ogre_vendor/lib/libOgreOverlay.so
[3.207s] -- rviz_ogre_vendor::OgreMain for IMPORTED_LOCATION_RELEASE: /opt/ros/humble/opt/rviz_ogre_vendor/lib/libOgreMain.so
[3.207s] -- rviz_ogre_vendor::OgreMain for IMPORTED_LOCATION_DEBUG: /opt/ros/humble/opt/rviz_ogre_vendor/lib/libOgreMain.so
[3.245s] -- Found ZLIB: /usr/lib/x86_64-linux-gnu/libz.so (found version "1.2.11") 
[3.255s] -- Found OpenGL: /usr/lib/x86_64-linux-gnu/libOpenGL.so   
[3.412s] -- Found X11: /usr/include   
[3.412s] -- Looking for XOpenDisplay in /usr/lib/x86_64-linux-gnu/libX11.so;/usr/lib/x86_64-linux-gnu/libXext.so
[3.537s] -- Looking for XOpenDisplay in /usr/lib/x86_64-linux-gnu/libX11.so;/usr/lib/x86_64-linux-gnu/libXext.so - found
[3.537s] -- Looking for gethostbyname
[3.678s] -- Looking for gethostbyname - found
[3.679s] -- Looking for connect
[3.805s] -- Looking for connect - found
[3.805s] -- Looking for remove
[3.928s] -- Looking for remove - found
[3.928s] -- Looking for shmat
[4.055s] -- Looking for shmat - found
[4.056s] -- Looking for IceConnectionNumber in ICE
[4.192s] -- Looking for IceConnectionNumber in ICE - found
[4.437s] -- Found ament_lint_auto: 0.12.12 (/opt/ros/humble/share/ament_lint_auto/cmake)
[4.496s] -- Added test 'copyright' to check source files copyright and LICENSE
[4.500s] -- Added test 'flake8' to check Python code syntax and style conventions
[4.503s] -- Added test 'lint_cmake' to check CMake code style
[4.505s] -- Added test 'pep257' to check Python code against some of the docstring style conventions in PEP 257
[4.507s] -- Added test 'xmllint' to check XML markup files
[4.511s] -- Configuring done
[4.594s] -- Generating done
[4.610s] -- Build files have been written to: /home/shs/ws_moveit/build/moveit_visual_tools
[4.627s] Invoked command in '/home/shs/ws_moveit/build/moveit_visual_tools' returned '0': AMENT_PREFIX_PATH=/home/shs/ws_moveit/install/moveit_ros_planning:/home/shs/ws_moveit/install/moveit_ros_occupancy_map_monitor:/home/shs/ws_moveit/install/moveit_core:/home/shs/ws_moveit/install/moveit_resources_panda_moveit_config:/home/shs/ws_moveit/install/moveit_configs_utils:/home/shs/ws_moveit/install/srdfdom:/home/shs/ws_moveit/install/moveit_resources_pr2_description:/home/shs/ws_moveit/install/moveit_resources_panda_description:/home/shs/ws_moveit/install/moveit_common:/home/shs/ws_moveit/install/launch_param_builder:${AMENT_PREFIX_PATH} CMAKE_PREFIX_PATH=/home/shs/ws_moveit/install/moveit_ros_planning:/home/shs/ws_moveit/install/moveit_ros_occupancy_map_monitor:/home/shs/ws_moveit/install/moveit_core:/home/shs/ws_moveit/install/moveit_resources_panda_moveit_config:/home/shs/ws_moveit/install/srdfdom:/home/shs/ws_moveit/install/moveit_resources_pr2_description:/home/shs/ws_moveit/install/moveit_resources_panda_description:/home/shs/ws_moveit/install/moveit_common:/home/shs/ws_moveit/install/rosparam_shortcuts:/home/shs/ws_moveit/install/hello_moveit:/home/shs/colcon_ws/install/tf_convenience_topics:/home/shs/colcon_ws/install/sss_viewer:/home/shs/colcon_ws/install/sam_basic_controllers:/home/shs/colcon_ws/install/lolo_description:/home/shs/colcon_ws/install/smarc_msgs:/home/shs/colcon_ws/install/smarc_mission_msgs:/home/shs/colcon_ws/install/smarc_control_msgs:/home/shs/colcon_ws/install/sam_msgs:/home/shs/colcon_ws/install/sam_graph_slam_2_msgs:/home/shs/colcon_ws/install/sam_description:/home/shs/colcon_ws/install/lolo_msgs:/home/shs/colcon_ws/install/drone_msgs:/home/shs/colcon_ws/install/dead_reckoning_msgs:/home/shs/ros2_ws/install/turtlebot3_navigation2:/home/shs/ros2_ws/install/turtlebot3_gazebo:/home/shs/ros2_ws/install/turtlebot3_description:/home/shs/ros2_ws/install/turtlebot3_cartographer:/home/shs/ros2_ws/install/transforms:/home/shs/ros2_ws/install/point_cloud_perception:/home/shs/ros2_ws/install/nodes:/home/shs/ros2_ws/install/navigation_tb3:/home/shs/colcon_ws/install/workshopfun:/home/shs/colcon_ws/install/utm_latlon_converter:/home/shs/colcon_ws/install/smarc_nodered:/home/shs/colcon_ws/install/smarc_bt:/home/shs/colcon_ws/install/smarc_bringups:/home/shs/colcon_ws/install/sam_joy_xbox:/home/shs/colcon_ws/install/sam_joy_teleop:/home/shs/colcon_ws/install/sam_diving_controller:/home/shs/colcon_ws/install/sam_dead_reckoning:/home/shs/colcon_ws/install/ros_tcp_endpoint:/home/shs/colcon_ws/install/ros2_python_examples:/home/shs/colcon_ws/install/mqtt_bridge:/home/shs/colcon_ws/install/dubins_planner:/home/shs/colcon_ws/install/drone_dr:/home/shs/colcon_ws/install/basic_go_to_waypoint:/home/shs/colcon_ws/install/basic_depth_pitch_control:/home/shs/colcon_ws/install/auv_detector:/home/shs/ros2_ws/install/turtlebot3_teleop:/home/shs/ros2_ws/install/turtlebot3_follower:/home/shs/ros2_ws/install/turtlebot3_example:/home/shs/ros2_ws/install/autonomous_tb3:/home/shs/ros2_ws/install/turtle_midpoint:/home/shs/ros2_ws/install/secure_control:/home/shs/ros2_ws/install/robot_math:/home/shs/ros2_ws/install/ai_assitance:/home/shs/install/dive_control:/home/shs/install/basic_go_to_waypoint:/home/shs/install/basic_depth_pitch_control:/home/shs/install/autonomous_tb3:/home/shs/install/ai_assitance:/opt/ros/humble LD_LIBRARY_PATH=/home/shs/ws_moveit/install/moveit_ros_planning/lib:/home/shs/ws_moveit/install/moveit_ros_occupancy_map_monitor/lib:/home/shs/ws_moveit/install/moveit_core/lib:/home/shs/ws_moveit/install/srdfdom/lib:${LD_LIBRARY_PATH} PATH=/home/shs/ws_moveit/install/moveit_core/bin:${PATH} PYTHONPATH=/home/shs/ws_moveit/install/moveit_configs_utils/lib/python3.10/site-packages:/home/shs/ws_moveit/install/srdfdom/local/lib/python3.10/dist-packages:/home/shs/ws_moveit/install/launch_param_builder/lib/python3.10/site-packages:${PYTHONPATH} /usr/bin/cmake /home/shs/ws_moveit/src/moveit_visual_tools -DCMAKE_BUILD_TYPE=Release -DCMAKE_INSTALL_PREFIX=/home/shs/ws_moveit/install/moveit_visual_tools
[4.629s] Invoking command in '/home/shs/ws_moveit/build/moveit_visual_tools': AMENT_PREFIX_PATH=/home/shs/ws_moveit/install/moveit_ros_planning:/home/shs/ws_moveit/install/moveit_ros_occupancy_map_monitor:/home/shs/ws_moveit/install/moveit_core:/home/shs/ws_moveit/install/moveit_resources_panda_moveit_config:/home/shs/ws_moveit/install/moveit_configs_utils:/home/shs/ws_moveit/install/srdfdom:/home/shs/ws_moveit/install/moveit_resources_pr2_description:/home/shs/ws_moveit/install/moveit_resources_panda_description:/home/shs/ws_moveit/install/moveit_common:/home/shs/ws_moveit/install/launch_param_builder:${AMENT_PREFIX_PATH} CMAKE_PREFIX_PATH=/home/shs/ws_moveit/install/moveit_ros_planning:/home/shs/ws_moveit/install/moveit_ros_occupancy_map_monitor:/home/shs/ws_moveit/install/moveit_core:/home/shs/ws_moveit/install/moveit_resources_panda_moveit_config:/home/shs/ws_moveit/install/srdfdom:/home/shs/ws_moveit/install/moveit_resources_pr2_description:/home/shs/ws_moveit/install/moveit_resources_panda_description:/home/shs/ws_moveit/install/moveit_common:/home/shs/ws_moveit/install/rosparam_shortcuts:/home/shs/ws_moveit/install/hello_moveit:/home/shs/colcon_ws/install/tf_convenience_topics:/home/shs/colcon_ws/install/sss_viewer:/home/shs/colcon_ws/install/sam_basic_controllers:/home/shs/colcon_ws/install/lolo_description:/home/shs/colcon_ws/install/smarc_msgs:/home/shs/colcon_ws/install/smarc_mission_msgs:/home/shs/colcon_ws/install/smarc_control_msgs:/home/shs/colcon_ws/install/sam_msgs:/home/shs/colcon_ws/install/sam_graph_slam_2_msgs:/home/shs/colcon_ws/install/sam_description:/home/shs/colcon_ws/install/lolo_msgs:/home/shs/colcon_ws/install/drone_msgs:/home/shs/colcon_ws/install/dead_reckoning_msgs:/home/shs/ros2_ws/install/turtlebot3_navigation2:/home/shs/ros2_ws/install/turtlebot3_gazebo:/home/shs/ros2_ws/install/turtlebot3_description:/home/shs/ros2_ws/install/turtlebot3_cartographer:/home/shs/ros2_ws/install/transforms:/home/shs/ros2_ws/install/point_cloud_perception:/home/shs/ros2_ws/install/nodes:/home/shs/ros2_ws/install/navigation_tb3:/home/shs/colcon_ws/install/workshopfun:/home/shs/colcon_ws/install/utm_latlon_converter:/home/shs/colcon_ws/install/smarc_nodered:/home/shs/colcon_ws/install/smarc_bt:/home/shs/colcon_ws/install/smarc_bringups:/home/shs/colcon_ws/install/sam_joy_xbox:/home/shs/colcon_ws/install/sam_joy_teleop:/home/shs/colcon_ws/install/sam_diving_controller:/home/shs/colcon_ws/install/sam_dead_reckoning:/home/shs/colcon_ws/install/ros_tcp_endpoint:/home/shs/colcon_ws/install/ros2_python_examples:/home/shs/colcon_ws/install/mqtt_bridge:/home/shs/colcon_ws/install/dubins_planner:/home/shs/colcon_ws/install/drone_dr:/home/shs/colcon_ws/install/basic_go_to_waypoint:/home/shs/colcon_ws/install/basic_depth_pitch_control:/home/shs/colcon_ws/install/auv_detector:/home/shs/ros2_ws/install/turtlebot3_teleop:/home/shs/ros2_ws/install/turtlebot3_follower:/home/shs/ros2_ws/install/turtlebot3_example:/home/shs/ros2_ws/install/autonomous_tb3:/home/shs/ros2_ws/install/turtle_midpoint:/home/shs/ros2_ws/install/secure_control:/home/shs/ros2_ws/install/robot_math:/home/shs/ros2_ws/install/ai_assitance:/home/shs/install/dive_control:/home/shs/install/basic_go_to_waypoint:/home/shs/install/basic_depth_pitch_control:/home/shs/install/autonomous_tb3:/home/shs/install/ai_assitance:/opt/ros/humble LD_LIBRARY_PATH=/home/shs/ws_moveit/install/moveit_ros_planning/lib:/home/shs/ws_moveit/install/moveit_ros_occupancy_map_monitor/lib:/home/shs/ws_moveit/install/moveit_core/lib:/home/shs/ws_moveit/install/srdfdom/lib:${LD_LIBRARY_PATH} PATH=/home/shs/ws_moveit/install/moveit_core/bin:${PATH} PYTHONPATH=/home/shs/ws_moveit/install/moveit_configs_utils/lib/python3.10/site-packages:/home/shs/ws_moveit/install/srdfdom/local/lib/python3.10/dist-packages:/home/shs/ws_moveit/install/launch_param_builder/lib/python3.10/site-packages:${PYTHONPATH} /usr/bin/cmake --build /home/shs/ws_moveit/build/moveit_visual_tools -- -j8 -l8
[4.704s] [ 50%] [32mBuilding CXX object CMakeFiles/moveit_visual_tools.dir/src/imarker_end_effector.cpp.o[0m
[4.705s] [ 50%] [32mBuilding CXX object CMakeFiles/moveit_visual_tools.dir/src/imarker_robot_state.cpp.o[0m
[4.705s] [ 50%] [32mBuilding CXX object CMakeFiles/moveit_visual_tools.dir/src/moveit_visual_tools.cpp.o[0m
[26.502s] [ 66%] [32m[1mLinking CXX shared library libmoveit_visual_tools.so[0m
[27.061s] [ 66%] Built target moveit_visual_tools
[27.094s] [ 83%] [32mBuilding CXX object CMakeFiles/moveit_visual_tools_demo.dir/src/moveit_visual_tools_demo.cpp.o[0m
[40.730s] [100%] [32m[1mLinking CXX executable moveit_visual_tools_demo[0m
[41.198s] [100%] Built target moveit_visual_tools_demo
[41.217s] Invoked command in '/home/shs/ws_moveit/build/moveit_visual_tools' returned '0': AMENT_PREFIX_PATH=/home/shs/ws_moveit/install/moveit_ros_planning:/home/shs/ws_moveit/install/moveit_ros_occupancy_map_monitor:/home/shs/ws_moveit/install/moveit_core:/home/shs/ws_moveit/install/moveit_resources_panda_moveit_config:/home/shs/ws_moveit/install/moveit_configs_utils:/home/shs/ws_moveit/install/srdfdom:/home/shs/ws_moveit/install/moveit_resources_pr2_description:/home/shs/ws_moveit/install/moveit_resources_panda_description:/home/shs/ws_moveit/install/moveit_common:/home/shs/ws_moveit/install/launch_param_builder:${AMENT_PREFIX_PATH} CMAKE_PREFIX_PATH=/home/shs/ws_moveit/install/moveit_ros_planning:/home/shs/ws_moveit/install/moveit_ros_occupancy_map_monitor:/home/shs/ws_moveit/install/moveit_core:/home/shs/ws_moveit/install/moveit_resources_panda_moveit_config:/home/shs/ws_moveit/install/srdfdom:/home/shs/ws_moveit/install/moveit_resources_pr2_description:/home/shs/ws_moveit/install/moveit_resources_panda_description:/home/shs/ws_moveit/install/moveit_common:/home/shs/ws_moveit/install/rosparam_shortcuts:/home/shs/ws_moveit/install/hello_moveit:/home/shs/colcon_ws/install/tf_convenience_topics:/home/shs/colcon_ws/install/sss_viewer:/home/shs/colcon_ws/install/sam_basic_controllers:/home/shs/colcon_ws/install/lolo_description:/home/shs/colcon_ws/install/smarc_msgs:/home/shs/colcon_ws/install/smarc_mission_msgs:/home/shs/colcon_ws/install/smarc_control_msgs:/home/shs/colcon_ws/install/sam_msgs:/home/shs/colcon_ws/install/sam_graph_slam_2_msgs:/home/shs/colcon_ws/install/sam_description:/home/shs/colcon_ws/install/lolo_msgs:/home/shs/colcon_ws/install/drone_msgs:/home/shs/colcon_ws/install/dead_reckoning_msgs:/home/shs/ros2_ws/install/turtlebot3_navigation2:/home/shs/ros2_ws/install/turtlebot3_gazebo:/home/shs/ros2_ws/install/turtlebot3_description:/home/shs/ros2_ws/install/turtlebot3_cartographer:/home/shs/ros2_ws/install/transforms:/home/shs/ros2_ws/install/point_cloud_perception:/home/shs/ros2_ws/install/nodes:/home/shs/ros2_ws/install/navigation_tb3:/home/shs/colcon_ws/install/workshopfun:/home/shs/colcon_ws/install/utm_latlon_converter:/home/shs/colcon_ws/install/smarc_nodered:/home/shs/colcon_ws/install/smarc_bt:/home/shs/colcon_ws/install/smarc_bringups:/home/shs/colcon_ws/install/sam_joy_xbox:/home/shs/colcon_ws/install/sam_joy_teleop:/home/shs/colcon_ws/install/sam_diving_controller:/home/shs/colcon_ws/install/sam_dead_reckoning:/home/shs/colcon_ws/install/ros_tcp_endpoint:/home/shs/colcon_ws/install/ros2_python_examples:/home/shs/colcon_ws/install/mqtt_bridge:/home/shs/colcon_ws/install/dubins_planner:/home/shs/colcon_ws/install/drone_dr:/home/shs/colcon_ws/install/basic_go_to_waypoint:/home/shs/colcon_ws/install/basic_depth_pitch_control:/home/shs/colcon_ws/install/auv_detector:/home/shs/ros2_ws/install/turtlebot3_teleop:/home/shs/ros2_ws/install/turtlebot3_follower:/home/shs/ros2_ws/install/turtlebot3_example:/home/shs/ros2_ws/install/autonomous_tb3:/home/shs/ros2_ws/install/turtle_midpoint:/home/shs/ros2_ws/install/secure_control:/home/shs/ros2_ws/install/robot_math:/home/shs/ros2_ws/install/ai_assitance:/home/shs/install/dive_control:/home/shs/install/basic_go_to_waypoint:/home/shs/install/basic_depth_pitch_control:/home/shs/install/autonomous_tb3:/home/shs/install/ai_assitance:/opt/ros/humble LD_LIBRARY_PATH=/home/shs/ws_moveit/install/moveit_ros_planning/lib:/home/shs/ws_moveit/install/moveit_ros_occupancy_map_monitor/lib:/home/shs/ws_moveit/install/moveit_core/lib:/home/shs/ws_moveit/install/srdfdom/lib:${LD_LIBRARY_PATH} PATH=/home/shs/ws_moveit/install/moveit_core/bin:${PATH} PYTHONPATH=/home/shs/ws_moveit/install/moveit_configs_utils/lib/python3.10/site-packages:/home/shs/ws_moveit/install/srdfdom/local/lib/python3.10/dist-packages:/home/shs/ws_moveit/install/launch_param_builder/lib/python3.10/site-packages:${PYTHONPATH} /usr/bin/cmake --build /home/shs/ws_moveit/build/moveit_visual_tools -- -j8 -l8
[41.219s] Invoking command in '/home/shs/ws_moveit/build/moveit_visual_tools': AMENT_PREFIX_PATH=/home/shs/ws_moveit/install/moveit_ros_planning:/home/shs/ws_moveit/install/moveit_ros_occupancy_map_monitor:/home/shs/ws_moveit/install/moveit_core:/home/shs/ws_moveit/install/moveit_resources_panda_moveit_config:/home/shs/ws_moveit/install/moveit_configs_utils:/home/shs/ws_moveit/install/srdfdom:/home/shs/ws_moveit/install/moveit_resources_pr2_description:/home/shs/ws_moveit/install/moveit_resources_panda_description:/home/shs/ws_moveit/install/moveit_common:/home/shs/ws_moveit/install/launch_param_builder:${AMENT_PREFIX_PATH} CMAKE_PREFIX_PATH=/home/shs/ws_moveit/install/moveit_ros_planning:/home/shs/ws_moveit/install/moveit_ros_occupancy_map_monitor:/home/shs/ws_moveit/install/moveit_core:/home/shs/ws_moveit/install/moveit_resources_panda_moveit_config:/home/shs/ws_moveit/install/srdfdom:/home/shs/ws_moveit/install/moveit_resources_pr2_description:/home/shs/ws_moveit/install/moveit_resources_panda_description:/home/shs/ws_moveit/install/moveit_common:/home/shs/ws_moveit/install/rosparam_shortcuts:/home/shs/ws_moveit/install/hello_moveit:/home/shs/colcon_ws/install/tf_convenience_topics:/home/shs/colcon_ws/install/sss_viewer:/home/shs/colcon_ws/install/sam_basic_controllers:/home/shs/colcon_ws/install/lolo_description:/home/shs/colcon_ws/install/smarc_msgs:/home/shs/colcon_ws/install/smarc_mission_msgs:/home/shs/colcon_ws/install/smarc_control_msgs:/home/shs/colcon_ws/install/sam_msgs:/home/shs/colcon_ws/install/sam_graph_slam_2_msgs:/home/shs/colcon_ws/install/sam_description:/home/shs/colcon_ws/install/lolo_msgs:/home/shs/colcon_ws/install/drone_msgs:/home/shs/colcon_ws/install/dead_reckoning_msgs:/home/shs/ros2_ws/install/turtlebot3_navigation2:/home/shs/ros2_ws/install/turtlebot3_gazebo:/home/shs/ros2_ws/install/turtlebot3_description:/home/shs/ros2_ws/install/turtlebot3_cartographer:/home/shs/ros2_ws/install/transforms:/home/shs/ros2_ws/install/point_cloud_perception:/home/shs/ros2_ws/install/nodes:/home/shs/ros2_ws/install/navigation_tb3:/home/shs/colcon_ws/install/workshopfun:/home/shs/colcon_ws/install/utm_latlon_converter:/home/shs/colcon_ws/install/smarc_nodered:/home/shs/colcon_ws/install/smarc_bt:/home/shs/colcon_ws/install/smarc_bringups:/home/shs/colcon_ws/install/sam_joy_xbox:/home/shs/colcon_ws/install/sam_joy_teleop:/home/shs/colcon_ws/install/sam_diving_controller:/home/shs/colcon_ws/install/sam_dead_reckoning:/home/shs/colcon_ws/install/ros_tcp_endpoint:/home/shs/colcon_ws/install/ros2_python_examples:/home/shs/colcon_ws/install/mqtt_bridge:/home/shs/colcon_ws/install/dubins_planner:/home/shs/colcon_ws/install/drone_dr:/home/shs/colcon_ws/install/basic_go_to_waypoint:/home/shs/colcon_ws/install/basic_depth_pitch_control:/home/shs/colcon_ws/install/auv_detector:/home/shs/ros2_ws/install/turtlebot3_teleop:/home/shs/ros2_ws/install/turtlebot3_follower:/home/shs/ros2_ws/install/turtlebot3_example:/home/shs/ros2_ws/install/autonomous_tb3:/home/shs/ros2_ws/install/turtle_midpoint:/home/shs/ros2_ws/install/secure_control:/home/shs/ros2_ws/install/robot_math:/home/shs/ros2_ws/install/ai_assitance:/home/shs/install/dive_control:/home/shs/install/basic_go_to_waypoint:/home/shs/install/basic_depth_pitch_control:/home/shs/install/autonomous_tb3:/home/shs/install/ai_assitance:/opt/ros/humble LD_LIBRARY_PATH=/home/shs/ws_moveit/install/moveit_ros_planning/lib:/home/shs/ws_moveit/install/moveit_ros_occupancy_map_monitor/lib:/home/shs/ws_moveit/install/moveit_core/lib:/home/shs/ws_moveit/install/srdfdom/lib:${LD_LIBRARY_PATH} PATH=/home/shs/ws_moveit/install/moveit_core/bin:${PATH} PYTHONPATH=/home/shs/ws_moveit/install/moveit_configs_utils/lib/python3.10/site-packages:/home/shs/ws_moveit/install/srdfdom/local/lib/python3.10/dist-packages:/home/shs/ws_moveit/install/launch_param_builder/lib/python3.10/site-packages:${PYTHONPATH} /usr/bin/cmake --install /home/shs/ws_moveit/build/moveit_visual_tools
[41.232s] -- Install configuration: "Release"
[41.232s] -- Installing: /home/shs/ws_moveit/install/moveit_visual_tools/share/moveit_visual_tools/environment/library_path.sh
[41.232s] -- Installing: /home/shs/ws_moveit/install/moveit_visual_tools/share/moveit_visual_tools/environment/library_path.dsv
[41.232s] -- Installing: /home/shs/ws_moveit/install/moveit_visual_tools/lib/libmoveit_visual_tools.so
[41.234s] -- Set runtime path of "/home/shs/ws_moveit/install/moveit_visual_tools/lib/libmoveit_visual_tools.so" to ""
[41.234s] -- Installing: /home/shs/ws_moveit/install/moveit_visual_tools/lib/moveit_visual_tools/moveit_visual_tools_demo
[41.235s] -- Set runtime path of "/home/shs/ws_moveit/install/moveit_visual_tools/lib/moveit_visual_tools/moveit_visual_tools_demo" to ""
[41.235s] -- Installing: /home/shs/ws_moveit/install/moveit_visual_tools/include
[41.235s] -- Installing: /home/shs/ws_moveit/install/moveit_visual_tools/include/moveit_visual_tools
[41.235s] -- Installing: /home/shs/ws_moveit/install/moveit_visual_tools/include/moveit_visual_tools/imarker_robot_state.h
[41.235s] -- Installing: /home/shs/ws_moveit/install/moveit_visual_tools/include/moveit_visual_tools/moveit_visual_tools.h
[41.235s] -- Installing: /home/shs/ws_moveit/install/moveit_visual_tools/include/moveit_visual_tools/imarker_end_effector.h
[41.236s] -- Installing: /home/shs/ws_moveit/install/moveit_visual_tools/share/moveit_visual_tools/launch
[41.236s] -- Installing: /home/shs/ws_moveit/install/moveit_visual_tools/share/moveit_visual_tools/launch/demo_rviz.launch.py
[41.236s] -- Installing: /home/shs/ws_moveit/install/moveit_visual_tools/share/moveit_visual_tools/launch/demo.rviz
[41.236s] -- Installing: /home/shs/ws_moveit/install/moveit_visual_tools/share/moveit_visual_tools/resources
[41.236s] -- Installing: /home/shs/ws_moveit/install/moveit_visual_tools/share/moveit_visual_tools/resources/rrbot.srdf
[41.236s] -- Installing: /home/shs/ws_moveit/install/moveit_visual_tools/share/moveit_visual_tools/resources/screenshot.png
[41.236s] -- Installing: /home/shs/ws_moveit/install/moveit_visual_tools/share/moveit_visual_tools/resources/rrbot.urdf
[41.236s] -- Installing: /home/shs/ws_moveit/install/moveit_visual_tools/share/moveit_visual_tools/resources/demo_mesh.stl
[41.236s] -- Installing: /home/shs/ws_moveit/install/moveit_visual_tools/share/moveit_visual_tools/resources/demo.png
[41.237s] -- Installing: /home/shs/ws_moveit/install/moveit_visual_tools/share/ament_index/resource_index/package_run_dependencies/moveit_visual_tools
[41.237s] -- Installing: /home/shs/ws_moveit/install/moveit_visual_tools/share/ament_index/resource_index/parent_prefix_path/moveit_visual_tools
[41.237s] -- Installing: /home/shs/ws_moveit/install/moveit_visual_tools/share/moveit_visual_tools/environment/ament_prefix_path.sh
[41.237s] -- Installing: /home/shs/ws_moveit/install/moveit_visual_tools/share/moveit_visual_tools/environment/ament_prefix_path.dsv
[41.238s] -- Installing: /home/shs/ws_moveit/install/moveit_visual_tools/share/moveit_visual_tools/environment/path.sh
[41.238s] -- Installing: /home/shs/ws_moveit/install/moveit_visual_tools/share/moveit_visual_tools/environment/path.dsv
[41.238s] -- Installing: /home/shs/ws_moveit/install/moveit_visual_tools/share/moveit_visual_tools/local_setup.bash
[41.238s] -- Installing: /home/shs/ws_moveit/install/moveit_visual_tools/share/moveit_visual_tools/local_setup.sh
[41.238s] -- Installing: /home/shs/ws_moveit/install/moveit_visual_tools/share/moveit_visual_tools/local_setup.zsh
[41.238s] -- Installing: /home/shs/ws_moveit/install/moveit_visual_tools/share/moveit_visual_tools/local_setup.dsv
[41.238s] -- Installing: /home/shs/ws_moveit/install/moveit_visual_tools/share/moveit_visual_tools/package.dsv
[41.239s] -- Installing: /home/shs/ws_moveit/install/moveit_visual_tools/share/ament_index/resource_index/packages/moveit_visual_tools
[41.239s] -- Installing: /home/shs/ws_moveit/install/moveit_visual_tools/share/moveit_visual_tools/cmake/export_moveit_visual_toolsExport.cmake
[41.239s] -- Installing: /home/shs/ws_moveit/install/moveit_visual_tools/share/moveit_visual_tools/cmake/export_moveit_visual_toolsExport-release.cmake
[41.239s] -- Installing: /home/shs/ws_moveit/install/moveit_visual_tools/share/moveit_visual_tools/cmake/ament_cmake_export_targets-extras.cmake
[41.239s] -- Installing: /home/shs/ws_moveit/install/moveit_visual_tools/share/moveit_visual_tools/cmake/ament_cmake_export_dependencies-extras.cmake
[41.240s] -- Installing: /home/shs/ws_moveit/install/moveit_visual_tools/share/moveit_visual_tools/cmake/moveit_visual_toolsConfig.cmake
[41.240s] -- Installing: /home/shs/ws_moveit/install/moveit_visual_tools/share/moveit_visual_tools/cmake/moveit_visual_toolsConfig-version.cmake
[41.240s] -- Installing: /home/shs/ws_moveit/install/moveit_visual_tools/share/moveit_visual_tools/package.xml
[41.243s] Invoked command in '/home/shs/ws_moveit/build/moveit_visual_tools' returned '0': AMENT_PREFIX_PATH=/home/shs/ws_moveit/install/moveit_ros_planning:/home/shs/ws_moveit/install/moveit_ros_occupancy_map_monitor:/home/shs/ws_moveit/install/moveit_core:/home/shs/ws_moveit/install/moveit_resources_panda_moveit_config:/home/shs/ws_moveit/install/moveit_configs_utils:/home/shs/ws_moveit/install/srdfdom:/home/shs/ws_moveit/install/moveit_resources_pr2_description:/home/shs/ws_moveit/install/moveit_resources_panda_description:/home/shs/ws_moveit/install/moveit_common:/home/shs/ws_moveit/install/launch_param_builder:${AMENT_PREFIX_PATH} CMAKE_PREFIX_PATH=/home/shs/ws_moveit/install/moveit_ros_planning:/home/shs/ws_moveit/install/moveit_ros_occupancy_map_monitor:/home/shs/ws_moveit/install/moveit_core:/home/shs/ws_moveit/install/moveit_resources_panda_moveit_config:/home/shs/ws_moveit/install/srdfdom:/home/shs/ws_moveit/install/moveit_resources_pr2_description:/home/shs/ws_moveit/install/moveit_resources_panda_description:/home/shs/ws_moveit/install/moveit_common:/home/shs/ws_moveit/install/rosparam_shortcuts:/home/shs/ws_moveit/install/hello_moveit:/home/shs/colcon_ws/install/tf_convenience_topics:/home/shs/colcon_ws/install/sss_viewer:/home/shs/colcon_ws/install/sam_basic_controllers:/home/shs/colcon_ws/install/lolo_description:/home/shs/colcon_ws/install/smarc_msgs:/home/shs/colcon_ws/install/smarc_mission_msgs:/home/shs/colcon_ws/install/smarc_control_msgs:/home/shs/colcon_ws/install/sam_msgs:/home/shs/colcon_ws/install/sam_graph_slam_2_msgs:/home/shs/colcon_ws/install/sam_description:/home/shs/colcon_ws/install/lolo_msgs:/home/shs/colcon_ws/install/drone_msgs:/home/shs/colcon_ws/install/dead_reckoning_msgs:/home/shs/ros2_ws/install/turtlebot3_navigation2:/home/shs/ros2_ws/install/turtlebot3_gazebo:/home/shs/ros2_ws/install/turtlebot3_description:/home/shs/ros2_ws/install/turtlebot3_cartographer:/home/shs/ros2_ws/install/transforms:/home/shs/ros2_ws/install/point_cloud_perception:/home/shs/ros2_ws/install/nodes:/home/shs/ros2_ws/install/navigation_tb3:/home/shs/colcon_ws/install/workshopfun:/home/shs/colcon_ws/install/utm_latlon_converter:/home/shs/colcon_ws/install/smarc_nodered:/home/shs/colcon_ws/install/smarc_bt:/home/shs/colcon_ws/install/smarc_bringups:/home/shs/colcon_ws/install/sam_joy_xbox:/home/shs/colcon_ws/install/sam_joy_teleop:/home/shs/colcon_ws/install/sam_diving_controller:/home/shs/colcon_ws/install/sam_dead_reckoning:/home/shs/colcon_ws/install/ros_tcp_endpoint:/home/shs/colcon_ws/install/ros2_python_examples:/home/shs/colcon_ws/install/mqtt_bridge:/home/shs/colcon_ws/install/dubins_planner:/home/shs/colcon_ws/install/drone_dr:/home/shs/colcon_ws/install/basic_go_to_waypoint:/home/shs/colcon_ws/install/basic_depth_pitch_control:/home/shs/colcon_ws/install/auv_detector:/home/shs/ros2_ws/install/turtlebot3_teleop:/home/shs/ros2_ws/install/turtlebot3_follower:/home/shs/ros2_ws/install/turtlebot3_example:/home/shs/ros2_ws/install/autonomous_tb3:/home/shs/ros2_ws/install/turtle_midpoint:/home/shs/ros2_ws/install/secure_control:/home/shs/ros2_ws/install/robot_math:/home/shs/ros2_ws/install/ai_assitance:/home/shs/install/dive_control:/home/shs/install/basic_go_to_waypoint:/home/shs/install/basic_depth_pitch_control:/home/shs/install/autonomous_tb3:/home/shs/install/ai_assitance:/opt/ros/humble LD_LIBRARY_PATH=/home/shs/ws_moveit/install/moveit_ros_planning/lib:/home/shs/ws_moveit/install/moveit_ros_occupancy_map_monitor/lib:/home/shs/ws_moveit/install/moveit_core/lib:/home/shs/ws_moveit/install/srdfdom/lib:${LD_LIBRARY_PATH} PATH=/home/shs/ws_moveit/install/moveit_core/bin:${PATH} PYTHONPATH=/home/shs/ws_moveit/install/moveit_configs_utils/lib/python3.10/site-packages:/home/shs/ws_moveit/install/srdfdom/local/lib/python3.10/dist-packages:/home/shs/ws_moveit/install/launch_param_builder/lib/python3.10/site-packages:${PYTHONPATH} /usr/bin/cmake --install /home/shs/ws_moveit/build/moveit_visual_tools
