[0.013s] Invoking command in '/home/shs/ws_moveit/build/moveit_resources_panda_description': CMAKE_PREFIX_PATH=${CMAKE_PREFIX_PATH}:/home/shs/colcon_ws/install/workshopfun:/home/shs/colcon_ws/install/utm_latlon_converter:/home/shs/colcon_ws/install/smarc_nodered:/home/shs/colcon_ws/install/smarc_bt:/home/shs/colcon_ws/install/smarc_bringups:/home/shs/colcon_ws/install/sam_joy_xbox:/home/shs/colcon_ws/install/sam_joy_teleop:/home/shs/colcon_ws/install/sam_diving_controller:/home/shs/colcon_ws/install/sam_dead_reckoning:/home/shs/colcon_ws/install/ros_tcp_endpoint:/home/shs/colcon_ws/install/ros2_python_examples:/home/shs/colcon_ws/install/mqtt_bridge:/home/shs/colcon_ws/install/dubins_planner:/home/shs/colcon_ws/install/drone_dr:/home/shs/colcon_ws/install/basic_go_to_waypoint:/home/shs/colcon_ws/install/basic_depth_pitch_control:/home/shs/colcon_ws/install/auv_detector:/home/shs/ros2_ws/install/turtlebot3_teleop:/home/shs/ros2_ws/install/turtlebot3_follower:/home/shs/ros2_ws/install/turtlebot3_example:/home/shs/ros2_ws/install/autonomous_tb3:/home/shs/ros2_ws/install/turtle_midpoint:/home/shs/ros2_ws/install/secure_control:/home/shs/ros2_ws/install/robot_math:/home/shs/ros2_ws/install/ai_assitance:/home/shs/install/dive_control:/home/shs/install/basic_go_to_waypoint:/home/shs/install/basic_depth_pitch_control:/home/shs/install/autonomous_tb3:/home/shs/install/ai_assitance:/opt/ros/humble /usr/bin/cmake /home/shs/ws_moveit/src/moveit_resources/panda_description -DCMAKE_BUILD_TYPE=Release -DCMAKE_INSTALL_PREFIX=/home/shs/ws_moveit/install/moveit_resources_panda_description
[0.078s] -- The C compiler identification is GNU 11.4.0
[0.139s] -- The CXX compiler identification is GNU 11.4.0
[0.147s] -- Detecting C compiler ABI info
[0.228s] -- Detecting C compiler ABI info - done
[0.236s] -- Check for working C compiler: /usr/bin/cc - skipped
[0.236s] -- Detecting C compile features
[0.236s] -- Detecting C compile features - done
[0.240s] -- Detecting CXX compiler ABI info
[0.333s] -- Detecting CXX compiler ABI info - done
[0.341s] -- Check for working CXX compiler: /usr/bin/c++ - skipped
[0.341s] -- Detecting CXX compile features
[0.342s] -- Detecting CXX compile features - done
[0.352s] -- Found ament_cmake: 1.3.11 (/opt/ros/humble/share/ament_cmake/cmake)
[0.596s] -- Found Python3: /usr/bin/python3 (found version "3.10.12") found components: Interpreter 
[0.882s] -- Configuring done
[0.884s] -- Generating done
[0.886s] -- Build files have been written to: /home/shs/ws_moveit/build/moveit_resources_panda_description
[0.892s] Invoked command in '/home/shs/ws_moveit/build/moveit_resources_panda_description' returned '0': CMAKE_PREFIX_PATH=${CMAKE_PREFIX_PATH}:/home/shs/colcon_ws/install/workshopfun:/home/shs/colcon_ws/install/utm_latlon_converter:/home/shs/colcon_ws/install/smarc_nodered:/home/shs/colcon_ws/install/smarc_bt:/home/shs/colcon_ws/install/smarc_bringups:/home/shs/colcon_ws/install/sam_joy_xbox:/home/shs/colcon_ws/install/sam_joy_teleop:/home/shs/colcon_ws/install/sam_diving_controller:/home/shs/colcon_ws/install/sam_dead_reckoning:/home/shs/colcon_ws/install/ros_tcp_endpoint:/home/shs/colcon_ws/install/ros2_python_examples:/home/shs/colcon_ws/install/mqtt_bridge:/home/shs/colcon_ws/install/dubins_planner:/home/shs/colcon_ws/install/drone_dr:/home/shs/colcon_ws/install/basic_go_to_waypoint:/home/shs/colcon_ws/install/basic_depth_pitch_control:/home/shs/colcon_ws/install/auv_detector:/home/shs/ros2_ws/install/turtlebot3_teleop:/home/shs/ros2_ws/install/turtlebot3_follower:/home/shs/ros2_ws/install/turtlebot3_example:/home/shs/ros2_ws/install/autonomous_tb3:/home/shs/ros2_ws/install/turtle_midpoint:/home/shs/ros2_ws/install/secure_control:/home/shs/ros2_ws/install/robot_math:/home/shs/ros2_ws/install/ai_assitance:/home/shs/install/dive_control:/home/shs/install/basic_go_to_waypoint:/home/shs/install/basic_depth_pitch_control:/home/shs/install/autonomous_tb3:/home/shs/install/ai_assitance:/opt/ros/humble /usr/bin/cmake /home/shs/ws_moveit/src/moveit_resources/panda_description -DCMAKE_BUILD_TYPE=Release -DCMAKE_INSTALL_PREFIX=/home/shs/ws_moveit/install/moveit_resources_panda_description
[0.893s] Invoking command in '/home/shs/ws_moveit/build/moveit_resources_panda_description': CMAKE_PREFIX_PATH=${CMAKE_PREFIX_PATH}:/home/shs/colcon_ws/install/workshopfun:/home/shs/colcon_ws/install/utm_latlon_converter:/home/shs/colcon_ws/install/smarc_nodered:/home/shs/colcon_ws/install/smarc_bt:/home/shs/colcon_ws/install/smarc_bringups:/home/shs/colcon_ws/install/sam_joy_xbox:/home/shs/colcon_ws/install/sam_joy_teleop:/home/shs/colcon_ws/install/sam_diving_controller:/home/shs/colcon_ws/install/sam_dead_reckoning:/home/shs/colcon_ws/install/ros_tcp_endpoint:/home/shs/colcon_ws/install/ros2_python_examples:/home/shs/colcon_ws/install/mqtt_bridge:/home/shs/colcon_ws/install/dubins_planner:/home/shs/colcon_ws/install/drone_dr:/home/shs/colcon_ws/install/basic_go_to_waypoint:/home/shs/colcon_ws/install/basic_depth_pitch_control:/home/shs/colcon_ws/install/auv_detector:/home/shs/ros2_ws/install/turtlebot3_teleop:/home/shs/ros2_ws/install/turtlebot3_follower:/home/shs/ros2_ws/install/turtlebot3_example:/home/shs/ros2_ws/install/autonomous_tb3:/home/shs/ros2_ws/install/turtle_midpoint:/home/shs/ros2_ws/install/secure_control:/home/shs/ros2_ws/install/robot_math:/home/shs/ros2_ws/install/ai_assitance:/home/shs/install/dive_control:/home/shs/install/basic_go_to_waypoint:/home/shs/install/basic_depth_pitch_control:/home/shs/install/autonomous_tb3:/home/shs/install/ai_assitance:/opt/ros/humble /usr/bin/cmake --build /home/shs/ws_moveit/build/moveit_resources_panda_description -- -j8 -l8
[0.938s] Invoked command in '/home/shs/ws_moveit/build/moveit_resources_panda_description' returned '0': CMAKE_PREFIX_PATH=${CMAKE_PREFIX_PATH}:/home/shs/colcon_ws/install/workshopfun:/home/shs/colcon_ws/install/utm_latlon_converter:/home/shs/colcon_ws/install/smarc_nodered:/home/shs/colcon_ws/install/smarc_bt:/home/shs/colcon_ws/install/smarc_bringups:/home/shs/colcon_ws/install/sam_joy_xbox:/home/shs/colcon_ws/install/sam_joy_teleop:/home/shs/colcon_ws/install/sam_diving_controller:/home/shs/colcon_ws/install/sam_dead_reckoning:/home/shs/colcon_ws/install/ros_tcp_endpoint:/home/shs/colcon_ws/install/ros2_python_examples:/home/shs/colcon_ws/install/mqtt_bridge:/home/shs/colcon_ws/install/dubins_planner:/home/shs/colcon_ws/install/drone_dr:/home/shs/colcon_ws/install/basic_go_to_waypoint:/home/shs/colcon_ws/install/basic_depth_pitch_control:/home/shs/colcon_ws/install/auv_detector:/home/shs/ros2_ws/install/turtlebot3_teleop:/home/shs/ros2_ws/install/turtlebot3_follower:/home/shs/ros2_ws/install/turtlebot3_example:/home/shs/ros2_ws/install/autonomous_tb3:/home/shs/ros2_ws/install/turtle_midpoint:/home/shs/ros2_ws/install/secure_control:/home/shs/ros2_ws/install/robot_math:/home/shs/ros2_ws/install/ai_assitance:/home/shs/install/dive_control:/home/shs/install/basic_go_to_waypoint:/home/shs/install/basic_depth_pitch_control:/home/shs/install/autonomous_tb3:/home/shs/install/ai_assitance:/opt/ros/humble /usr/bin/cmake --build /home/shs/ws_moveit/build/moveit_resources_panda_description -- -j8 -l8
[0.939s] Invoking command in '/home/shs/ws_moveit/build/moveit_resources_panda_description': CMAKE_PREFIX_PATH=${CMAKE_PREFIX_PATH}:/home/shs/colcon_ws/install/workshopfun:/home/shs/colcon_ws/install/utm_latlon_converter:/home/shs/colcon_ws/install/smarc_nodered:/home/shs/colcon_ws/install/smarc_bt:/home/shs/colcon_ws/install/smarc_bringups:/home/shs/colcon_ws/install/sam_joy_xbox:/home/shs/colcon_ws/install/sam_joy_teleop:/home/shs/colcon_ws/install/sam_diving_controller:/home/shs/colcon_ws/install/sam_dead_reckoning:/home/shs/colcon_ws/install/ros_tcp_endpoint:/home/shs/colcon_ws/install/ros2_python_examples:/home/shs/colcon_ws/install/mqtt_bridge:/home/shs/colcon_ws/install/dubins_planner:/home/shs/colcon_ws/install/drone_dr:/home/shs/colcon_ws/install/basic_go_to_waypoint:/home/shs/colcon_ws/install/basic_depth_pitch_control:/home/shs/colcon_ws/install/auv_detector:/home/shs/ros2_ws/install/turtlebot3_teleop:/home/shs/ros2_ws/install/turtlebot3_follower:/home/shs/ros2_ws/install/turtlebot3_example:/home/shs/ros2_ws/install/autonomous_tb3:/home/shs/ros2_ws/install/turtle_midpoint:/home/shs/ros2_ws/install/secure_control:/home/shs/ros2_ws/install/robot_math:/home/shs/ros2_ws/install/ai_assitance:/home/shs/install/dive_control:/home/shs/install/basic_go_to_waypoint:/home/shs/install/basic_depth_pitch_control:/home/shs/install/autonomous_tb3:/home/shs/install/ai_assitance:/opt/ros/humble /usr/bin/cmake --install /home/shs/ws_moveit/build/moveit_resources_panda_description
[0.949s] -- Install configuration: "Release"
[0.949s] -- Installing: /home/shs/ws_moveit/install/moveit_resources_panda_description/share/ament_index/resource_index/package_run_dependencies/moveit_resources_panda_description
[0.949s] -- Installing: /home/shs/ws_moveit/install/moveit_resources_panda_description/share/ament_index/resource_index/parent_prefix_path/moveit_resources_panda_description
[0.949s] -- Installing: /home/shs/ws_moveit/install/moveit_resources_panda_description/share/moveit_resources_panda_description/environment/ament_prefix_path.sh
[0.950s] -- Installing: /home/shs/ws_moveit/install/moveit_resources_panda_description/share/moveit_resources_panda_description/environment/ament_prefix_path.dsv
[0.950s] -- Installing: /home/shs/ws_moveit/install/moveit_resources_panda_description/share/moveit_resources_panda_description/environment/path.sh
[0.950s] -- Installing: /home/shs/ws_moveit/install/moveit_resources_panda_description/share/moveit_resources_panda_description/environment/path.dsv
[0.950s] -- Installing: /home/shs/ws_moveit/install/moveit_resources_panda_description/share/moveit_resources_panda_description/local_setup.bash
[0.950s] -- Installing: /home/shs/ws_moveit/install/moveit_resources_panda_description/share/moveit_resources_panda_description/local_setup.sh
[0.950s] -- Installing: /home/shs/ws_moveit/install/moveit_resources_panda_description/share/moveit_resources_panda_description/local_setup.zsh
[0.950s] -- Installing: /home/shs/ws_moveit/install/moveit_resources_panda_description/share/moveit_resources_panda_description/local_setup.dsv
[0.951s] -- Installing: /home/shs/ws_moveit/install/moveit_resources_panda_description/share/moveit_resources_panda_description/package.dsv
[0.951s] -- Installing: /home/shs/ws_moveit/install/moveit_resources_panda_description/share/ament_index/resource_index/packages/moveit_resources_panda_description
[0.951s] -- Installing: /home/shs/ws_moveit/install/moveit_resources_panda_description/share/moveit_resources_panda_description/cmake/moveit_resources_panda_descriptionConfig.cmake
[0.951s] -- Installing: /home/shs/ws_moveit/install/moveit_resources_panda_description/share/moveit_resources_panda_description/cmake/moveit_resources_panda_descriptionConfig-version.cmake
[0.951s] -- Installing: /home/shs/ws_moveit/install/moveit_resources_panda_description/share/moveit_resources_panda_description/package.xml
[0.951s] -- Installing: /home/shs/ws_moveit/install/moveit_resources_panda_description/share/moveit_resources_panda_description/meshes
[0.952s] -- Installing: /home/shs/ws_moveit/install/moveit_resources_panda_description/share/moveit_resources_panda_description/meshes/visual
[0.952s] -- Installing: /home/shs/ws_moveit/install/moveit_resources_panda_description/share/moveit_resources_panda_description/meshes/visual/link4.dae
[0.953s] -- Installing: /home/shs/ws_moveit/install/moveit_resources_panda_description/share/moveit_resources_panda_description/meshes/visual/finger.dae
[0.953s] -- Installing: /home/shs/ws_moveit/install/moveit_resources_panda_description/share/moveit_resources_panda_description/meshes/visual/link6.dae
[0.955s] -- Installing: /home/shs/ws_moveit/install/moveit_resources_panda_description/share/moveit_resources_panda_description/meshes/visual/link2.dae
[0.956s] -- Installing: /home/shs/ws_moveit/install/moveit_resources_panda_description/share/moveit_resources_panda_description/meshes/visual/link5.dae
[0.957s] -- Installing: /home/shs/ws_moveit/install/moveit_resources_panda_description/share/moveit_resources_panda_description/meshes/visual/link0.dae
[0.959s] -- Installing: /home/shs/ws_moveit/install/moveit_resources_panda_description/share/moveit_resources_panda_description/meshes/visual/hand.dae
[0.960s] -- Installing: /home/shs/ws_moveit/install/moveit_resources_panda_description/share/moveit_resources_panda_description/meshes/visual/link7.dae
[0.961s] -- Installing: /home/shs/ws_moveit/install/moveit_resources_panda_description/share/moveit_resources_panda_description/meshes/visual/link3.dae
[0.963s] -- Installing: /home/shs/ws_moveit/install/moveit_resources_panda_description/share/moveit_resources_panda_description/meshes/visual/link1.dae
[0.964s] -- Installing: /home/shs/ws_moveit/install/moveit_resources_panda_description/share/moveit_resources_panda_description/meshes/collision
[0.964s] -- Installing: /home/shs/ws_moveit/install/moveit_resources_panda_description/share/moveit_resources_panda_description/meshes/collision/link3.stl
[0.964s] -- Installing: /home/shs/ws_moveit/install/moveit_resources_panda_description/share/moveit_resources_panda_description/meshes/collision/link5.stl
[0.964s] -- Installing: /home/shs/ws_moveit/install/moveit_resources_panda_description/share/moveit_resources_panda_description/meshes/collision/link2.stl
[0.964s] -- Installing: /home/shs/ws_moveit/install/moveit_resources_panda_description/share/moveit_resources_panda_description/meshes/collision/finger.stl
[0.964s] -- Installing: /home/shs/ws_moveit/install/moveit_resources_panda_description/share/moveit_resources_panda_description/meshes/collision/link0.stl
[0.964s] -- Installing: /home/shs/ws_moveit/install/moveit_resources_panda_description/share/moveit_resources_panda_description/meshes/collision/link6.stl
[0.964s] -- Installing: /home/shs/ws_moveit/install/moveit_resources_panda_description/share/moveit_resources_panda_description/meshes/collision/hand.stl
[0.965s] -- Installing: /home/shs/ws_moveit/install/moveit_resources_panda_description/share/moveit_resources_panda_description/meshes/collision/link7.stl
[0.965s] -- Installing: /home/shs/ws_moveit/install/moveit_resources_panda_description/share/moveit_resources_panda_description/meshes/collision/link1.stl
[0.965s] -- Installing: /home/shs/ws_moveit/install/moveit_resources_panda_description/share/moveit_resources_panda_description/meshes/collision/link4.stl
[0.965s] -- Installing: /home/shs/ws_moveit/install/moveit_resources_panda_description/share/moveit_resources_panda_description/urdf
[0.965s] -- Installing: /home/shs/ws_moveit/install/moveit_resources_panda_description/share/moveit_resources_panda_description/urdf/panda.urdf
[0.967s] Invoked command in '/home/shs/ws_moveit/build/moveit_resources_panda_description' returned '0': CMAKE_PREFIX_PATH=${CMAKE_PREFIX_PATH}:/home/shs/colcon_ws/install/workshopfun:/home/shs/colcon_ws/install/utm_latlon_converter:/home/shs/colcon_ws/install/smarc_nodered:/home/shs/colcon_ws/install/smarc_bt:/home/shs/colcon_ws/install/smarc_bringups:/home/shs/colcon_ws/install/sam_joy_xbox:/home/shs/colcon_ws/install/sam_joy_teleop:/home/shs/colcon_ws/install/sam_diving_controller:/home/shs/colcon_ws/install/sam_dead_reckoning:/home/shs/colcon_ws/install/ros_tcp_endpoint:/home/shs/colcon_ws/install/ros2_python_examples:/home/shs/colcon_ws/install/mqtt_bridge:/home/shs/colcon_ws/install/dubins_planner:/home/shs/colcon_ws/install/drone_dr:/home/shs/colcon_ws/install/basic_go_to_waypoint:/home/shs/colcon_ws/install/basic_depth_pitch_control:/home/shs/colcon_ws/install/auv_detector:/home/shs/ros2_ws/install/turtlebot3_teleop:/home/shs/ros2_ws/install/turtlebot3_follower:/home/shs/ros2_ws/install/turtlebot3_example:/home/shs/ros2_ws/install/autonomous_tb3:/home/shs/ros2_ws/install/turtle_midpoint:/home/shs/ros2_ws/install/secure_control:/home/shs/ros2_ws/install/robot_math:/home/shs/ros2_ws/install/ai_assitance:/home/shs/install/dive_control:/home/shs/install/basic_go_to_waypoint:/home/shs/install/basic_depth_pitch_control:/home/shs/install/autonomous_tb3:/home/shs/install/ai_assitance:/opt/ros/humble /usr/bin/cmake --install /home/shs/ws_moveit/build/moveit_resources_panda_description
