[0.094s] Invoking command in '/home/shs/ws_moveit/build/moveit_task_constructor_core': AMENT_PREFIX_PATH=/home/shs/ws_moveit/install/moveit_planners:/home/shs/ws_moveit/install/pilz_industrial_motion_planner:/home/shs/ws_moveit/install/moveit_resources_prbt_pg70_support:/home/shs/ws_moveit/install/moveit_ros_planning_interface:/home/shs/ws_moveit/install/moveit_resources_prbt_moveit_config:/home/shs/ws_moveit/install/moveit_ros_move_group:/home/shs/ws_moveit/install/moveit_ros_warehouse:/home/shs/ws_moveit/install/moveit_planners_ompl:/home/shs/ws_moveit/install/moveit_kinematics:/home/shs/ws_moveit/install/moveit_ros_planning:/home/shs/ws_moveit/install/moveit_planners_chomp:/home/shs/ws_moveit/install/pilz_industrial_motion_planner_testutils:/home/shs/ws_moveit/install/moveit_simple_controller_manager:/home/shs/ws_moveit/install/moveit_ros_occupancy_map_monitor:/home/shs/ws_moveit/install/moveit_resources_prbt_ikfast_manipulator_plugin:/home/shs/ws_moveit/install/chomp_motion_planner:/home/shs/ws_moveit/install/moveit_core:/home/shs/ws_moveit/install/rviz_marker_tools:/home/shs/ws_moveit/install/moveit_resources_panda_moveit_config:/home/shs/ws_moveit/install/moveit_resources_fanuc_moveit_config:/home/shs/ws_moveit/install/moveit_configs_utils:/home/shs/ws_moveit/install/srdfdom:/home/shs/ws_moveit/install/moveit_task_constructor_msgs:/home/shs/ws_moveit/install/moveit_resources_prbt_support:/home/shs/ws_moveit/install/moveit_resources_pr2_description:/home/shs/ws_moveit/install/moveit_resources_panda_description:/home/shs/ws_moveit/install/moveit_resources_fanuc_description:/home/shs/ws_moveit/install/moveit_common:/home/shs/ws_moveit/install/launch_param_builder:${AMENT_PREFIX_PATH} CMAKE_PREFIX_PATH=/home/shs/ws_moveit/install/moveit_planners:/home/shs/ws_moveit/install/pilz_industrial_motion_planner:/home/shs/ws_moveit/install/moveit_resources_prbt_pg70_support:/home/shs/ws_moveit/install/moveit_ros_planning_interface:/home/shs/ws_moveit/install/moveit_resources_prbt_moveit_config:/home/shs/ws_moveit/install/moveit_ros_move_group:/home/shs/ws_moveit/install/moveit_ros_warehouse:/home/shs/ws_moveit/install/moveit_planners_ompl:/home/shs/ws_moveit/install/moveit_kinematics:/home/shs/ws_moveit/install/moveit_ros_planning:/home/shs/ws_moveit/install/moveit_planners_chomp:/home/shs/ws_moveit/install/pilz_industrial_motion_planner_testutils:/home/shs/ws_moveit/install/moveit_simple_controller_manager:/home/shs/ws_moveit/install/moveit_ros_occupancy_map_monitor:/home/shs/ws_moveit/install/moveit_resources_prbt_ikfast_manipulator_plugin:/home/shs/ws_moveit/install/chomp_motion_planner:/home/shs/ws_moveit/install/moveit_core:/home/shs/ws_moveit/install/rviz_marker_tools:/home/shs/ws_moveit/install/moveit_resources_panda_moveit_config:/home/shs/ws_moveit/install/moveit_resources_fanuc_moveit_config:/home/shs/ws_moveit/install/srdfdom:/home/shs/ws_moveit/install/moveit_task_constructor_msgs:/home/shs/ws_moveit/install/moveit_resources_prbt_support:/home/shs/ws_moveit/install/moveit_resources_pr2_description:/home/shs/ws_moveit/install/moveit_resources_panda_description:/home/shs/ws_moveit/install/moveit_resources_fanuc_description:/home/shs/ws_moveit/install/moveit_common:/home/shs/ws_moveit/install/rosparam_shortcuts:/home/shs/ws_moveit/install/hello_moveit:/home/shs/colcon_ws/install/tf_convenience_topics:/home/shs/colcon_ws/install/sss_viewer:/home/shs/colcon_ws/install/sam_basic_controllers:/home/shs/colcon_ws/install/lolo_description:/home/shs/colcon_ws/install/smarc_msgs:/home/shs/colcon_ws/install/smarc_mission_msgs:/home/shs/colcon_ws/install/smarc_control_msgs:/home/shs/colcon_ws/install/sam_msgs:/home/shs/colcon_ws/install/sam_graph_slam_2_msgs:/home/shs/colcon_ws/install/sam_description:/home/shs/colcon_ws/install/lolo_msgs:/home/shs/colcon_ws/install/drone_msgs:/home/shs/colcon_ws/install/dead_reckoning_msgs:/home/shs/ros2_ws/install/turtlebot3_navigation2:/home/shs/ros2_ws/install/turtlebot3_gazebo:/home/shs/ros2_ws/install/turtlebot3_description:/home/shs/ros2_ws/install/turtlebot3_cartographer:/home/shs/ros2_ws/install/transforms:/home/shs/ros2_ws/install/point_cloud_perception:/home/shs/ros2_ws/install/nodes:/home/shs/ros2_ws/install/navigation_tb3:/home/shs/colcon_ws/install/workshopfun:/home/shs/colcon_ws/install/utm_latlon_converter:/home/shs/colcon_ws/install/smarc_nodered:/home/shs/colcon_ws/install/smarc_bt:/home/shs/colcon_ws/install/smarc_bringups:/home/shs/colcon_ws/install/sam_joy_xbox:/home/shs/colcon_ws/install/sam_joy_teleop:/home/shs/colcon_ws/install/sam_diving_controller:/home/shs/colcon_ws/install/sam_dead_reckoning:/home/shs/colcon_ws/install/ros_tcp_endpoint:/home/shs/colcon_ws/install/ros2_python_examples:/home/shs/colcon_ws/install/mqtt_bridge:/home/shs/colcon_ws/install/dubins_planner:/home/shs/colcon_ws/install/drone_dr:/home/shs/colcon_ws/install/basic_go_to_waypoint:/home/shs/colcon_ws/install/basic_depth_pitch_control:/home/shs/colcon_ws/install/auv_detector:/home/shs/ros2_ws/install/turtlebot3_teleop:/home/shs/ros2_ws/install/turtlebot3_follower:/home/shs/ros2_ws/install/turtlebot3_example:/home/shs/ros2_ws/install/autonomous_tb3:/home/shs/ros2_ws/install/turtle_midpoint:/home/shs/ros2_ws/install/secure_control:/home/shs/ros2_ws/install/robot_math:/home/shs/ros2_ws/install/ai_assitance:/home/shs/install/dive_control:/home/shs/install/basic_go_to_waypoint:/home/shs/install/basic_depth_pitch_control:/home/shs/install/autonomous_tb3:/home/shs/install/ai_assitance:/opt/ros/humble LD_LIBRARY_PATH=/home/shs/ws_moveit/install/pilz_industrial_motion_planner/lib:/home/shs/ws_moveit/install/moveit_ros_planning_interface/lib:/home/shs/ws_moveit/install/moveit_ros_move_group/lib:/home/shs/ws_moveit/install/moveit_ros_warehouse/lib:/home/shs/ws_moveit/install/moveit_planners_ompl/lib:/home/shs/ws_moveit/install/moveit_kinematics/lib:/home/shs/ws_moveit/install/moveit_ros_planning/lib:/home/shs/ws_moveit/install/moveit_planners_chomp/lib:/home/shs/ws_moveit/install/pilz_industrial_motion_planner_testutils/lib:/home/shs/ws_moveit/install/moveit_simple_controller_manager/lib:/home/shs/ws_moveit/install/moveit_ros_occupancy_map_monitor/lib:/home/shs/ws_moveit/install/moveit_resources_prbt_ikfast_manipulator_plugin/lib:/home/shs/ws_moveit/install/chomp_motion_planner/lib:/home/shs/ws_moveit/install/moveit_core/lib:/home/shs/ws_moveit/install/rviz_marker_tools/lib:/home/shs/ws_moveit/install/srdfdom/lib:/home/shs/ws_moveit/install/moveit_task_constructor_msgs/lib:${LD_LIBRARY_PATH} PATH=/home/shs/ws_moveit/install/moveit_core/bin:${PATH} PYTHONPATH=/home/shs/ws_moveit/install/moveit_configs_utils/lib/python3.10/site-packages:/home/shs/ws_moveit/install/srdfdom/local/lib/python3.10/dist-packages:/home/shs/ws_moveit/install/moveit_task_constructor_msgs/local/lib/python3.10/dist-packages:/home/shs/ws_moveit/install/launch_param_builder/lib/python3.10/site-packages:${PYTHONPATH} /usr/bin/cmake /home/shs/ws_moveit/src/moveit_task_constructor/core -DCMAKE_BUILD_TYPE=Release -DCMAKE_INSTALL_PREFIX=/home/shs/ws_moveit/install/moveit_task_constructor_core
[0.169s] -- The C compiler identification is GNU 11.4.0
[0.234s] -- The CXX compiler identification is GNU 11.4.0
[0.242s] -- Detecting C compiler ABI info
[0.335s] -- Detecting C compiler ABI info - done
[0.344s] -- Check for working C compiler: /usr/bin/cc - skipped
[0.345s] -- Detecting C compile features
[0.345s] -- Detecting C compile features - done
[0.349s] -- Detecting CXX compiler ABI info
[0.453s] -- Detecting CXX compiler ABI info - done
[0.461s] -- Check for working CXX compiler: /usr/bin/c++ - skipped
[0.461s] -- Detecting CXX compile features
[0.462s] -- Detecting CXX compile features - done
[0.474s] -- Found ament_cmake: 1.3.11 (/opt/ros/humble/share/ament_cmake/cmake)
[0.736s] -- Found Python3: /usr/bin/python3 (found version "3.10.12") found components: Interpreter 
[1.002s] -- Found Boost: /usr/lib/x86_64-linux-gnu/cmake/Boost-1.74.0/BoostConfig.cmake (found version "1.74.0")  
[1.024s] -- Found geometry_msgs: 4.8.0 (/opt/ros/humble/share/geometry_msgs/cmake)
[1.155s] -- Found rosidl_generator_c: 3.1.6 (/opt/ros/humble/share/rosidl_generator_c/cmake)
[1.179s] -- Found rosidl_adapter: 3.1.6 (/opt/ros/humble/share/rosidl_adapter/cmake)
[1.207s] -- Found rosidl_generator_cpp: 3.1.6 (/opt/ros/humble/share/rosidl_generator_cpp/cmake)
[1.250s] -- Using all available rosidl_typesupport_c: rosidl_typesupport_fastrtps_c;rosidl_typesupport_introspection_c
[1.300s] -- Using all available rosidl_typesupport_cpp: rosidl_typesupport_fastrtps_cpp;rosidl_typesupport_introspection_cpp
[1.367s] -- Found moveit_common: 2.5.8 (/home/shs/ws_moveit/install/moveit_common/share/moveit_common/cmake)
[1.470s] -- Found moveit_core: 2.5.8 (/home/shs/ws_moveit/install/moveit_core/share/moveit_core/cmake)
[1.860s] -- Found Boost: /usr/lib/x86_64-linux-gnu/cmake/Boost-1.74.0/BoostConfig.cmake (found version "1.74.0") found components: chrono date_time filesystem iostreams program_options regex serialization system thread 
[2.013s] -- Found parameter_traits: 0.4.0 (/opt/ros/humble/share/parameter_traits/cmake)
[2.157s] -- Found rmw_implementation_cmake: 6.1.2 (/opt/ros/humble/share/rmw_implementation_cmake/cmake)
[2.173s] -- Found rmw_fastrtps_cpp: 6.2.7 (/opt/ros/humble/share/rmw_fastrtps_cpp/cmake)
[2.349s] -- Found OpenSSL: /usr/lib/x86_64-linux-gnu/libcrypto.so (found version "3.0.2")  
[2.391s] -- Found FastRTPS: /opt/ros/humble/include  
[2.463s] -- Using RMW implementation 'rmw_fastrtps_cpp' as default
[2.500s] -- Found Threads: TRUE  
[2.596s] -- Found Eigen3: TRUE (found version "3.4.0") 
[2.608s] -- Found rclcpp_lifecycle: 16.0.12 (/opt/ros/humble/share/rclcpp_lifecycle/cmake)
[2.661s] -- Found Boost: /usr/lib/x86_64-linux-gnu/cmake/Boost-1.74.0/BoostConfig.cmake (found version "1.74.0") found components: filesystem 
[2.839s] -- library: /usr/lib/x86_64-linux-gnu/libcurl.so
[2.968s] -- Ensuring Eigen3 include directory is part of orocos-kdl CMake target
[3.481s] -- Found moveit_ros_planning: 2.5.8 (/home/shs/ws_moveit/install/moveit_ros_planning/share/moveit_ros_planning/cmake)
[3.487s] -- Found Boost: /usr/lib/x86_64-linux-gnu/cmake/Boost-1.74.0/BoostConfig.cmake (found version "1.74.0") found components: system filesystem date_time program_options thread chrono 
[3.514s] -- Found moveit_ros_planning_interface: 2.5.8 (/home/shs/ws_moveit/install/moveit_ros_planning_interface/share/moveit_ros_planning_interface/cmake)
[3.519s] -- Found Boost: /usr/lib/x86_64-linux-gnu/cmake/Boost-1.74.0/BoostConfig.cmake (found version "1.74.0") found components: date_time filesystem program_options system thread 
[3.535s] -- Found Boost: /usr/lib/x86_64-linux-gnu/cmake/Boost-1.74.0/BoostConfig.cmake (found version "1.74.0") found components: thread system filesystem regex date_time program_options 
[3.568s] -- Found Boost: /usr/lib/x86_64-linux-gnu/cmake/Boost-1.74.0/BoostConfig.cmake (found version "1.74.0") found components: system filesystem date_time program_options thread 
[3.620s] -- Found moveit_task_constructor_msgs: 0.1.3 (/home/shs/ws_moveit/install/moveit_task_constructor_msgs/share/moveit_task_constructor_msgs/cmake)
[3.678s] -- Found py_binding_tools: 2.0.1 (/opt/ros/humble/share/py_binding_tools/cmake)
[3.684s] -- Found rviz_marker_tools: 0.1.3 (/home/shs/ws_moveit/install/rviz_marker_tools/share/rviz_marker_tools/cmake)
[4.095s] -- Found Python3: /usr/bin/python3 (found version "3.10.12") found components: Interpreter Development Development.Module Development.Embed 
[4.107s] -- pybind11 v2.13.0 dev1
[4.144s] -- Found PythonInterp: /usr/bin/python3 (found suitable version "3.10.12", minimum required is "3.6") 
[4.181s] -- Found PythonLibs: /usr/lib/x86_64-linux-gnu/libpython3.10.so
[4.185s] -- Performing Test HAS_FLTO
[4.498s] -- Performing Test HAS_FLTO - Success
[4.521s] -- Found ament_cmake_pytest: 1.3.11 (/opt/ros/humble/share/ament_cmake_pytest/cmake)
[4.534s] -- Found launch_testing_ament_cmake: 1.0.8 (/opt/ros/humble/share/launch_testing_ament_cmake/cmake)
[4.545s] -- Found python_cmake_module: 0.10.0 (/opt/ros/humble/share/python_cmake_module/cmake)
[4.706s] -- Found PythonLibs: /usr/lib/x86_64-linux-gnu/libpython3.10.so (found suitable version "3.10.12", minimum required is "3.5") 
[4.707s] -- Using PYTHON_EXECUTABLE: /usr/bin/python3
[4.707s] -- Using PYTHON_INCLUDE_DIRS: /usr/include/python3.10
[4.707s] -- Using PYTHON_LIBRARIES: /usr/lib/x86_64-linux-gnu/libpython3.10.so
[4.744s] -- Found PythonExtra: .so  
[5.457s] -- Found ament_cmake_gtest: 1.3.11 (/opt/ros/humble/share/ament_cmake_gtest/cmake)
[5.471s] -- Found ament_cmake_gmock: 1.3.11 (/opt/ros/humble/share/ament_cmake_gmock/cmake)
[5.471s] -- Found launch_testing_ament_cmake: 1.0.8 (/opt/ros/humble/share/launch_testing_ament_cmake/cmake)
[5.472s] -- Found python_cmake_module: 0.10.0 (/opt/ros/humble/share/python_cmake_module/cmake)
[5.512s] -- Using PYTHON_EXECUTABLE: /usr/bin/python3
[5.512s] -- Using PYTHON_INCLUDE_DIRS: /usr/include/python3.10
[5.512s] -- Using PYTHON_LIBRARIES: /usr/lib/x86_64-linux-gnu/libpython3.10.so
[5.525s] -- Found gmock sources under '/opt/ros/humble/src/gmock_vendor': C++ tests using 'Google Mock' will be built
[5.540s] -- Found gtest sources under '/opt/ros/humble/src/gtest_vendor': C++ tests using 'Google Test' will be built
[5.567s] -- Configuring done
[6.074s] -- Generating done
[6.189s] -- Build files have been written to: /home/shs/ws_moveit/build/moveit_task_constructor_core
[6.219s] Invoked command in '/home/shs/ws_moveit/build/moveit_task_constructor_core' returned '0': AMENT_PREFIX_PATH=/home/shs/ws_moveit/install/moveit_planners:/home/shs/ws_moveit/install/pilz_industrial_motion_planner:/home/shs/ws_moveit/install/moveit_resources_prbt_pg70_support:/home/shs/ws_moveit/install/moveit_ros_planning_interface:/home/shs/ws_moveit/install/moveit_resources_prbt_moveit_config:/home/shs/ws_moveit/install/moveit_ros_move_group:/home/shs/ws_moveit/install/moveit_ros_warehouse:/home/shs/ws_moveit/install/moveit_planners_ompl:/home/shs/ws_moveit/install/moveit_kinematics:/home/shs/ws_moveit/install/moveit_ros_planning:/home/shs/ws_moveit/install/moveit_planners_chomp:/home/shs/ws_moveit/install/pilz_industrial_motion_planner_testutils:/home/shs/ws_moveit/install/moveit_simple_controller_manager:/home/shs/ws_moveit/install/moveit_ros_occupancy_map_monitor:/home/shs/ws_moveit/install/moveit_resources_prbt_ikfast_manipulator_plugin:/home/shs/ws_moveit/install/chomp_motion_planner:/home/shs/ws_moveit/install/moveit_core:/home/shs/ws_moveit/install/rviz_marker_tools:/home/shs/ws_moveit/install/moveit_resources_panda_moveit_config:/home/shs/ws_moveit/install/moveit_resources_fanuc_moveit_config:/home/shs/ws_moveit/install/moveit_configs_utils:/home/shs/ws_moveit/install/srdfdom:/home/shs/ws_moveit/install/moveit_task_constructor_msgs:/home/shs/ws_moveit/install/moveit_resources_prbt_support:/home/shs/ws_moveit/install/moveit_resources_pr2_description:/home/shs/ws_moveit/install/moveit_resources_panda_description:/home/shs/ws_moveit/install/moveit_resources_fanuc_description:/home/shs/ws_moveit/install/moveit_common:/home/shs/ws_moveit/install/launch_param_builder:${AMENT_PREFIX_PATH} CMAKE_PREFIX_PATH=/home/shs/ws_moveit/install/moveit_planners:/home/shs/ws_moveit/install/pilz_industrial_motion_planner:/home/shs/ws_moveit/install/moveit_resources_prbt_pg70_support:/home/shs/ws_moveit/install/moveit_ros_planning_interface:/home/shs/ws_moveit/install/moveit_resources_prbt_moveit_config:/home/shs/ws_moveit/install/moveit_ros_move_group:/home/shs/ws_moveit/install/moveit_ros_warehouse:/home/shs/ws_moveit/install/moveit_planners_ompl:/home/shs/ws_moveit/install/moveit_kinematics:/home/shs/ws_moveit/install/moveit_ros_planning:/home/shs/ws_moveit/install/moveit_planners_chomp:/home/shs/ws_moveit/install/pilz_industrial_motion_planner_testutils:/home/shs/ws_moveit/install/moveit_simple_controller_manager:/home/shs/ws_moveit/install/moveit_ros_occupancy_map_monitor:/home/shs/ws_moveit/install/moveit_resources_prbt_ikfast_manipulator_plugin:/home/shs/ws_moveit/install/chomp_motion_planner:/home/shs/ws_moveit/install/moveit_core:/home/shs/ws_moveit/install/rviz_marker_tools:/home/shs/ws_moveit/install/moveit_resources_panda_moveit_config:/home/shs/ws_moveit/install/moveit_resources_fanuc_moveit_config:/home/shs/ws_moveit/install/srdfdom:/home/shs/ws_moveit/install/moveit_task_constructor_msgs:/home/shs/ws_moveit/install/moveit_resources_prbt_support:/home/shs/ws_moveit/install/moveit_resources_pr2_description:/home/shs/ws_moveit/install/moveit_resources_panda_description:/home/shs/ws_moveit/install/moveit_resources_fanuc_description:/home/shs/ws_moveit/install/moveit_common:/home/shs/ws_moveit/install/rosparam_shortcuts:/home/shs/ws_moveit/install/hello_moveit:/home/shs/colcon_ws/install/tf_convenience_topics:/home/shs/colcon_ws/install/sss_viewer:/home/shs/colcon_ws/install/sam_basic_controllers:/home/shs/colcon_ws/install/lolo_description:/home/shs/colcon_ws/install/smarc_msgs:/home/shs/colcon_ws/install/smarc_mission_msgs:/home/shs/colcon_ws/install/smarc_control_msgs:/home/shs/colcon_ws/install/sam_msgs:/home/shs/colcon_ws/install/sam_graph_slam_2_msgs:/home/shs/colcon_ws/install/sam_description:/home/shs/colcon_ws/install/lolo_msgs:/home/shs/colcon_ws/install/drone_msgs:/home/shs/colcon_ws/install/dead_reckoning_msgs:/home/shs/ros2_ws/install/turtlebot3_navigation2:/home/shs/ros2_ws/install/turtlebot3_gazebo:/home/shs/ros2_ws/install/turtlebot3_description:/home/shs/ros2_ws/install/turtlebot3_cartographer:/home/shs/ros2_ws/install/transforms:/home/shs/ros2_ws/install/point_cloud_perception:/home/shs/ros2_ws/install/nodes:/home/shs/ros2_ws/install/navigation_tb3:/home/shs/colcon_ws/install/workshopfun:/home/shs/colcon_ws/install/utm_latlon_converter:/home/shs/colcon_ws/install/smarc_nodered:/home/shs/colcon_ws/install/smarc_bt:/home/shs/colcon_ws/install/smarc_bringups:/home/shs/colcon_ws/install/sam_joy_xbox:/home/shs/colcon_ws/install/sam_joy_teleop:/home/shs/colcon_ws/install/sam_diving_controller:/home/shs/colcon_ws/install/sam_dead_reckoning:/home/shs/colcon_ws/install/ros_tcp_endpoint:/home/shs/colcon_ws/install/ros2_python_examples:/home/shs/colcon_ws/install/mqtt_bridge:/home/shs/colcon_ws/install/dubins_planner:/home/shs/colcon_ws/install/drone_dr:/home/shs/colcon_ws/install/basic_go_to_waypoint:/home/shs/colcon_ws/install/basic_depth_pitch_control:/home/shs/colcon_ws/install/auv_detector:/home/shs/ros2_ws/install/turtlebot3_teleop:/home/shs/ros2_ws/install/turtlebot3_follower:/home/shs/ros2_ws/install/turtlebot3_example:/home/shs/ros2_ws/install/autonomous_tb3:/home/shs/ros2_ws/install/turtle_midpoint:/home/shs/ros2_ws/install/secure_control:/home/shs/ros2_ws/install/robot_math:/home/shs/ros2_ws/install/ai_assitance:/home/shs/install/dive_control:/home/shs/install/basic_go_to_waypoint:/home/shs/install/basic_depth_pitch_control:/home/shs/install/autonomous_tb3:/home/shs/install/ai_assitance:/opt/ros/humble LD_LIBRARY_PATH=/home/shs/ws_moveit/install/pilz_industrial_motion_planner/lib:/home/shs/ws_moveit/install/moveit_ros_planning_interface/lib:/home/shs/ws_moveit/install/moveit_ros_move_group/lib:/home/shs/ws_moveit/install/moveit_ros_warehouse/lib:/home/shs/ws_moveit/install/moveit_planners_ompl/lib:/home/shs/ws_moveit/install/moveit_kinematics/lib:/home/shs/ws_moveit/install/moveit_ros_planning/lib:/home/shs/ws_moveit/install/moveit_planners_chomp/lib:/home/shs/ws_moveit/install/pilz_industrial_motion_planner_testutils/lib:/home/shs/ws_moveit/install/moveit_simple_controller_manager/lib:/home/shs/ws_moveit/install/moveit_ros_occupancy_map_monitor/lib:/home/shs/ws_moveit/install/moveit_resources_prbt_ikfast_manipulator_plugin/lib:/home/shs/ws_moveit/install/chomp_motion_planner/lib:/home/shs/ws_moveit/install/moveit_core/lib:/home/shs/ws_moveit/install/rviz_marker_tools/lib:/home/shs/ws_moveit/install/srdfdom/lib:/home/shs/ws_moveit/install/moveit_task_constructor_msgs/lib:${LD_LIBRARY_PATH} PATH=/home/shs/ws_moveit/install/moveit_core/bin:${PATH} PYTHONPATH=/home/shs/ws_moveit/install/moveit_configs_utils/lib/python3.10/site-packages:/home/shs/ws_moveit/install/srdfdom/local/lib/python3.10/dist-packages:/home/shs/ws_moveit/install/moveit_task_constructor_msgs/local/lib/python3.10/dist-packages:/home/shs/ws_moveit/install/launch_param_builder/lib/python3.10/site-packages:${PYTHONPATH} /usr/bin/cmake /home/shs/ws_moveit/src/moveit_task_constructor/core -DCMAKE_BUILD_TYPE=Release -DCMAKE_INSTALL_PREFIX=/home/shs/ws_moveit/install/moveit_task_constructor_core
[6.222s] Invoking command in '/home/shs/ws_moveit/build/moveit_task_constructor_core': AMENT_PREFIX_PATH=/home/shs/ws_moveit/install/moveit_planners:/home/shs/ws_moveit/install/pilz_industrial_motion_planner:/home/shs/ws_moveit/install/moveit_resources_prbt_pg70_support:/home/shs/ws_moveit/install/moveit_ros_planning_interface:/home/shs/ws_moveit/install/moveit_resources_prbt_moveit_config:/home/shs/ws_moveit/install/moveit_ros_move_group:/home/shs/ws_moveit/install/moveit_ros_warehouse:/home/shs/ws_moveit/install/moveit_planners_ompl:/home/shs/ws_moveit/install/moveit_kinematics:/home/shs/ws_moveit/install/moveit_ros_planning:/home/shs/ws_moveit/install/moveit_planners_chomp:/home/shs/ws_moveit/install/pilz_industrial_motion_planner_testutils:/home/shs/ws_moveit/install/moveit_simple_controller_manager:/home/shs/ws_moveit/install/moveit_ros_occupancy_map_monitor:/home/shs/ws_moveit/install/moveit_resources_prbt_ikfast_manipulator_plugin:/home/shs/ws_moveit/install/chomp_motion_planner:/home/shs/ws_moveit/install/moveit_core:/home/shs/ws_moveit/install/rviz_marker_tools:/home/shs/ws_moveit/install/moveit_resources_panda_moveit_config:/home/shs/ws_moveit/install/moveit_resources_fanuc_moveit_config:/home/shs/ws_moveit/install/moveit_configs_utils:/home/shs/ws_moveit/install/srdfdom:/home/shs/ws_moveit/install/moveit_task_constructor_msgs:/home/shs/ws_moveit/install/moveit_resources_prbt_support:/home/shs/ws_moveit/install/moveit_resources_pr2_description:/home/shs/ws_moveit/install/moveit_resources_panda_description:/home/shs/ws_moveit/install/moveit_resources_fanuc_description:/home/shs/ws_moveit/install/moveit_common:/home/shs/ws_moveit/install/launch_param_builder:${AMENT_PREFIX_PATH} CMAKE_PREFIX_PATH=/home/shs/ws_moveit/install/moveit_planners:/home/shs/ws_moveit/install/pilz_industrial_motion_planner:/home/shs/ws_moveit/install/moveit_resources_prbt_pg70_support:/home/shs/ws_moveit/install/moveit_ros_planning_interface:/home/shs/ws_moveit/install/moveit_resources_prbt_moveit_config:/home/shs/ws_moveit/install/moveit_ros_move_group:/home/shs/ws_moveit/install/moveit_ros_warehouse:/home/shs/ws_moveit/install/moveit_planners_ompl:/home/shs/ws_moveit/install/moveit_kinematics:/home/shs/ws_moveit/install/moveit_ros_planning:/home/shs/ws_moveit/install/moveit_planners_chomp:/home/shs/ws_moveit/install/pilz_industrial_motion_planner_testutils:/home/shs/ws_moveit/install/moveit_simple_controller_manager:/home/shs/ws_moveit/install/moveit_ros_occupancy_map_monitor:/home/shs/ws_moveit/install/moveit_resources_prbt_ikfast_manipulator_plugin:/home/shs/ws_moveit/install/chomp_motion_planner:/home/shs/ws_moveit/install/moveit_core:/home/shs/ws_moveit/install/rviz_marker_tools:/home/shs/ws_moveit/install/moveit_resources_panda_moveit_config:/home/shs/ws_moveit/install/moveit_resources_fanuc_moveit_config:/home/shs/ws_moveit/install/srdfdom:/home/shs/ws_moveit/install/moveit_task_constructor_msgs:/home/shs/ws_moveit/install/moveit_resources_prbt_support:/home/shs/ws_moveit/install/moveit_resources_pr2_description:/home/shs/ws_moveit/install/moveit_resources_panda_description:/home/shs/ws_moveit/install/moveit_resources_fanuc_description:/home/shs/ws_moveit/install/moveit_common:/home/shs/ws_moveit/install/rosparam_shortcuts:/home/shs/ws_moveit/install/hello_moveit:/home/shs/colcon_ws/install/tf_convenience_topics:/home/shs/colcon_ws/install/sss_viewer:/home/shs/colcon_ws/install/sam_basic_controllers:/home/shs/colcon_ws/install/lolo_description:/home/shs/colcon_ws/install/smarc_msgs:/home/shs/colcon_ws/install/smarc_mission_msgs:/home/shs/colcon_ws/install/smarc_control_msgs:/home/shs/colcon_ws/install/sam_msgs:/home/shs/colcon_ws/install/sam_graph_slam_2_msgs:/home/shs/colcon_ws/install/sam_description:/home/shs/colcon_ws/install/lolo_msgs:/home/shs/colcon_ws/install/drone_msgs:/home/shs/colcon_ws/install/dead_reckoning_msgs:/home/shs/ros2_ws/install/turtlebot3_navigation2:/home/shs/ros2_ws/install/turtlebot3_gazebo:/home/shs/ros2_ws/install/turtlebot3_description:/home/shs/ros2_ws/install/turtlebot3_cartographer:/home/shs/ros2_ws/install/transforms:/home/shs/ros2_ws/install/point_cloud_perception:/home/shs/ros2_ws/install/nodes:/home/shs/ros2_ws/install/navigation_tb3:/home/shs/colcon_ws/install/workshopfun:/home/shs/colcon_ws/install/utm_latlon_converter:/home/shs/colcon_ws/install/smarc_nodered:/home/shs/colcon_ws/install/smarc_bt:/home/shs/colcon_ws/install/smarc_bringups:/home/shs/colcon_ws/install/sam_joy_xbox:/home/shs/colcon_ws/install/sam_joy_teleop:/home/shs/colcon_ws/install/sam_diving_controller:/home/shs/colcon_ws/install/sam_dead_reckoning:/home/shs/colcon_ws/install/ros_tcp_endpoint:/home/shs/colcon_ws/install/ros2_python_examples:/home/shs/colcon_ws/install/mqtt_bridge:/home/shs/colcon_ws/install/dubins_planner:/home/shs/colcon_ws/install/drone_dr:/home/shs/colcon_ws/install/basic_go_to_waypoint:/home/shs/colcon_ws/install/basic_depth_pitch_control:/home/shs/colcon_ws/install/auv_detector:/home/shs/ros2_ws/install/turtlebot3_teleop:/home/shs/ros2_ws/install/turtlebot3_follower:/home/shs/ros2_ws/install/turtlebot3_example:/home/shs/ros2_ws/install/autonomous_tb3:/home/shs/ros2_ws/install/turtle_midpoint:/home/shs/ros2_ws/install/secure_control:/home/shs/ros2_ws/install/robot_math:/home/shs/ros2_ws/install/ai_assitance:/home/shs/install/dive_control:/home/shs/install/basic_go_to_waypoint:/home/shs/install/basic_depth_pitch_control:/home/shs/install/autonomous_tb3:/home/shs/install/ai_assitance:/opt/ros/humble LD_LIBRARY_PATH=/home/shs/ws_moveit/install/pilz_industrial_motion_planner/lib:/home/shs/ws_moveit/install/moveit_ros_planning_interface/lib:/home/shs/ws_moveit/install/moveit_ros_move_group/lib:/home/shs/ws_moveit/install/moveit_ros_warehouse/lib:/home/shs/ws_moveit/install/moveit_planners_ompl/lib:/home/shs/ws_moveit/install/moveit_kinematics/lib:/home/shs/ws_moveit/install/moveit_ros_planning/lib:/home/shs/ws_moveit/install/moveit_planners_chomp/lib:/home/shs/ws_moveit/install/pilz_industrial_motion_planner_testutils/lib:/home/shs/ws_moveit/install/moveit_simple_controller_manager/lib:/home/shs/ws_moveit/install/moveit_ros_occupancy_map_monitor/lib:/home/shs/ws_moveit/install/moveit_resources_prbt_ikfast_manipulator_plugin/lib:/home/shs/ws_moveit/install/chomp_motion_planner/lib:/home/shs/ws_moveit/install/moveit_core/lib:/home/shs/ws_moveit/install/rviz_marker_tools/lib:/home/shs/ws_moveit/install/srdfdom/lib:/home/shs/ws_moveit/install/moveit_task_constructor_msgs/lib:${LD_LIBRARY_PATH} PATH=/home/shs/ws_moveit/install/moveit_core/bin:${PATH} PYTHONPATH=/home/shs/ws_moveit/install/moveit_configs_utils/lib/python3.10/site-packages:/home/shs/ws_moveit/install/srdfdom/local/lib/python3.10/dist-packages:/home/shs/ws_moveit/install/moveit_task_constructor_msgs/local/lib/python3.10/dist-packages:/home/shs/ws_moveit/install/launch_param_builder/lib/python3.10/site-packages:${PYTHONPATH} /usr/bin/cmake --build /home/shs/ws_moveit/build/moveit_task_constructor_core -- -j8 -l8
[6.318s] [  2%] [32mBuilding CXX object gmock/CMakeFiles/gmock_main.dir/src/gmock_main.cc.o[0m
[6.319s] [  2%] [32mBuilding CXX object gmock/CMakeFiles/gmock.dir/src/gmock-all.cc.o[0m
[6.319s] [  3%] [32mBuilding CXX object gmock/CMakeFiles/gmock.dir/opt/ros/humble/src/gtest_vendor/src/gtest-all.cc.o[0m
[6.324s] [  4%] [32mBuilding CXX object gtest/CMakeFiles/gtest_main.dir/src/gtest_main.cc.o[0m
[6.324s] [  5%] [32mBuilding CXX object gtest/CMakeFiles/gtest.dir/src/gtest-all.cc.o[0m
[6.328s] [  7%] [32mBuilding CXX object src/CMakeFiles/moveit_task_constructor_core.dir/container.cpp.o[0m
[6.328s] [  8%] [32mBuilding CXX object src/CMakeFiles/moveit_task_constructor_core.dir/cost_terms.cpp.o[0m
[6.346s] [  8%] Built target ament_cmake_python_copy_moveit
[7.217s] running egg_info
[7.218s] creating moveit.egg-info
[7.219s] writing moveit.egg-info/PKG-INFO
[7.219s] writing dependency_links to moveit.egg-info/dependency_links.txt
[7.222s] writing top-level names to moveit.egg-info/top_level.txt
[7.222s] writing manifest file 'moveit.egg-info/SOURCES.txt'
[7.227s] reading manifest file 'moveit.egg-info/SOURCES.txt'
[7.228s] writing manifest file 'moveit.egg-info/SOURCES.txt'
[7.300s] [  8%] Built target ament_cmake_python_build_moveit_egg
[7.323s] [  9%] [32mBuilding CXX object src/CMakeFiles/moveit_task_constructor_core.dir/introspection.cpp.o[0m
[8.470s] [ 10%] [32m[1mLinking CXX static library libgtest_main.a[0m
[8.563s] [ 10%] Built target gtest_main
[8.585s] [ 11%] [32mBuilding CXX object src/CMakeFiles/moveit_task_constructor_core.dir/marker_tools.cpp.o[0m
[9.052s] [ 12%] [32m[1mLinking CXX static library libgmock_main.a[0m
[9.129s] [ 12%] Built target gmock_main
[9.152s] [ 14%] [32mBuilding CXX object src/CMakeFiles/moveit_task_constructor_core.dir/merge.cpp.o[0m
[13.018s] [ 15%] [32mBuilding CXX object src/CMakeFiles/moveit_task_constructor_core.dir/properties.cpp.o[0m
[18.659s] [ 16%] [32mBuilding CXX object src/CMakeFiles/moveit_task_constructor_core.dir/stage.cpp.o[0m
[23.146s] [ 17%] [32m[1mLinking CXX static library libgmock.a[0m
[23.257s] [ 17%] Built target gmock
[23.277s] [ 18%] [32mBuilding CXX object src/CMakeFiles/moveit_task_constructor_core.dir/storage.cpp.o[0m
[23.417s] [ 20%] [32m[1mLinking CXX static library libgtest.a[0m
[23.509s] [ 20%] Built target gtest
[23.532s] [ 21%] [32mBuilding CXX object src/CMakeFiles/moveit_task_constructor_core.dir/task.cpp.o[0m
[24.405s] [ 22%] [32mBuilding CXX object src/CMakeFiles/moveit_task_constructor_core.dir/utils.cpp.o[0m
[26.897s] [ 23%] [32mBuilding CXX object src/CMakeFiles/moveit_task_constructor_core.dir/solvers/planner_interface.cpp.o[0m
[27.419s] [ 24%] [32mBuilding CXX object src/CMakeFiles/moveit_task_constructor_core.dir/solvers/cartesian_path.cpp.o[0m
[34.827s] [ 25%] [32mBuilding CXX object src/CMakeFiles/moveit_task_constructor_core.dir/solvers/joint_interpolation.cpp.o[0m
[40.865s] [ 27%] [32mBuilding CXX object src/CMakeFiles/moveit_task_constructor_core.dir/solvers/pipeline_planner.cpp.o[0m
[42.211s] [ 28%] [32mBuilding CXX object src/CMakeFiles/moveit_task_constructor_core.dir/solvers/multi_planner.cpp.o[0m
[63.142s] [ 29%] [32m[1mLinking CXX shared library libmoveit_task_constructor_core.so[0m
[63.545s] [ 29%] Built target moveit_task_constructor_core
[63.587s] [ 35%] [32mBuilding CXX object src/stages/CMakeFiles/moveit_task_constructor_core_stages.dir/modify_planning_scene.cpp.o[0m
[63.587s] [ 35%] [32mBuilding CXX object test/CMakeFiles/gtest_utils.dir/gtest_value_printers.cpp.o[0m
[63.587s] [ 35%] [32mBuilding CXX object test/CMakeFiles/gtest_utils.dir/stage_mockups.cpp.o[0m
[63.588s] [ 35%] [32mBuilding CXX object test/CMakeFiles/gtest_utils.dir/models.cpp.o[0m
[63.588s] [ 35%] [32mBuilding CXX object src/stages/CMakeFiles/moveit_task_constructor_core_stages.dir/fix_collision_objects.cpp.o[0m
[63.588s] [ 36%] [32mBuilding CXX object src/stages/CMakeFiles/moveit_task_constructor_core_stages.dir/current_state.cpp.o[0m
[63.588s] [ 37%] [32mBuilding CXX object src/stages/CMakeFiles/moveit_task_constructor_core_stages.dir/fixed_state.cpp.o[0m
[63.588s] [ 38%] [32mBuilding CXX object src/stages/CMakeFiles/moveit_task_constructor_core_stages.dir/fixed_cartesian_poses.cpp.o[0m
[73.579s] [ 40%] [32mBuilding CXX object src/stages/CMakeFiles/moveit_task_constructor_core_stages.dir/generate_pose.cpp.o[0m
[75.757s] [ 41%] [32mBuilding CXX object src/stages/CMakeFiles/moveit_task_constructor_core_stages.dir/generate_random_pose.cpp.o[0m
[81.477s] [ 42%] [32mBuilding CXX object src/stages/CMakeFiles/moveit_task_constructor_core_stages.dir/generate_grasp_pose.cpp.o[0m
[83.988s] [ 43%] [32mBuilding CXX object src/stages/CMakeFiles/moveit_task_constructor_core_stages.dir/generate_place_pose.cpp.o[0m
[84.608s] [ 44%] [32mBuilding CXX object src/stages/CMakeFiles/moveit_task_constructor_core_stages.dir/compute_ik.cpp.o[0m
[84.814s] [ 45%] [32m[1mLinking CXX shared library libgtest_utils.so[0m
[85.091s] [ 47%] [32mBuilding CXX object src/stages/CMakeFiles/moveit_task_constructor_core_stages.dir/passthrough.cpp.o[0m
[85.373s] [ 47%] Built target gtest_utils
[85.402s] [ 48%] [32mBuilding CXX object src/stages/CMakeFiles/moveit_task_constructor_core_stages.dir/predicate_filter.cpp.o[0m
[89.594s] [ 49%] [32mBuilding CXX object src/stages/CMakeFiles/moveit_task_constructor_core_stages.dir/connect.cpp.o[0m
[95.132s] [ 50%] [32mBuilding CXX object src/stages/CMakeFiles/moveit_task_constructor_core_stages.dir/move_to.cpp.o[0m
[98.027s] [ 51%] [32mBuilding CXX object src/stages/CMakeFiles/moveit_task_constructor_core_stages.dir/move_relative.cpp.o[0m
[99.196s] [ 52%] [32mBuilding CXX object src/stages/CMakeFiles/moveit_task_constructor_core_stages.dir/simple_grasp.cpp.o[0m
[103.406s] [ 54%] [32mBuilding CXX object src/stages/CMakeFiles/moveit_task_constructor_core_stages.dir/pick.cpp.o[0m
[127.247s] [ 55%] [32m[1mLinking CXX shared library libmoveit_task_constructor_core_stages.so[0m
[127.598s] [ 55%] Built target moveit_task_constructor_core_stages
[127.654s] [ 58%] [32mBuilding CXX object test/CMakeFiles/moveit_task_constructor_core-test-stage.dir/test_stage.cpp.o[0m
[127.654s] [ 58%] [32mBuilding CXX object python/bindings/CMakeFiles/pymoveit_mtc.dir/src/properties.cpp.o[0m
[127.654s] [ 58%] [32mBuilding CXX object src/stages/CMakeFiles/moveit_task_constructor_core_stage_plugins.dir/plugins.cpp.o[0m
[127.654s] [ 60%] [32mBuilding CXX object test/CMakeFiles/moveit_task_constructor_core-test-container.dir/test_container.cpp.o[0m
[127.655s] [ 61%] [32mBuilding CXX object test/CMakeFiles/moveit_task_constructor_core-test-mockups.dir/test_mockups.cpp.o[0m
[127.655s] [ 62%] [32mBuilding CXX object test/CMakeFiles/moveit_task_constructor_core-test-properties.dir/test_properties.cpp.o[0m
[127.655s] [ 63%] [32mBuilding CXX object test/CMakeFiles/moveit_task_constructor_core-test-serial.dir/test_serial.cpp.o[0m
[127.655s] [ 64%] [32mBuilding CXX object test/CMakeFiles/moveit_task_constructor_core-test-pruning.dir/test_pruning.cpp.o[0m
[132.318s] [ 65%] [32m[1mLinking CXX shared library libmoveit_task_constructor_core_stage_plugins.so[0m
[132.772s] [ 65%] Built target moveit_task_constructor_core_stage_plugins
[132.831s] [ 67%] [32mBuilding CXX object test/CMakeFiles/moveit_task_constructor_core-test-cost-terms.dir/test_cost_terms.cpp.o[0m
[133.693s] [ 68%] [32m[1mLinking CXX executable moveit_task_constructor_core-test-properties[0m
[134.455s] [ 68%] Built target moveit_task_constructor_core-test-properties
[134.478s] [ 69%] [32mBuilding CXX object python/bindings/CMakeFiles/pymoveit_mtc.dir/src/solvers.cpp.o[0m
[142.180s] [ 70%] [32mBuilding CXX object test/CMakeFiles/moveit_task_constructor_core-test-fallback.dir/test_fallback.cpp.o[0m
[150.798s] [ 71%] [32m[1mLinking CXX executable moveit_task_constructor_core-test-stage[0m
[151.407s] [ 72%] [32m[1mLinking CXX executable moveit_task_constructor_core-test-serial[0m
[151.862s] [ 74%] [32m[1mLinking CXX executable moveit_task_constructor_core-test-pruning[0m
[151.968s] [ 74%] Built target moveit_task_constructor_core-test-stage
[151.996s] [ 75%] [32mBuilding CXX object python/bindings/CMakeFiles/pymoveit_mtc.dir/src/core.cpp.o[0m
[152.348s] [ 75%] Built target moveit_task_constructor_core-test-serial
[152.377s] [ 76%] [32mBuilding CXX object python/bindings/CMakeFiles/pymoveit_mtc.dir/src/stages.cpp.o[0m
[152.816s] [ 76%] Built target moveit_task_constructor_core-test-pruning
[152.838s] [ 77%] [32mBuilding CXX object python/bindings/CMakeFiles/pymoveit_mtc.dir/src/module.cpp.o[0m
[153.200s] [ 78%] [32mBuilding CXX object test/CMakeFiles/moveit_task_constructor_core-test-cost-queue.dir/test_cost_queue.cpp.o[0m
[154.836s] [ 80%] [32m[1mLinking CXX executable moveit_task_constructor_core-test-mockups[0m
[156.065s] [ 80%] Built target moveit_task_constructor_core-test-mockups
[156.184s] [ 81%] [32mBuilding CXX object test/CMakeFiles/moveit_task_constructor_core-test-interface-state.dir/test_interface_state.cpp.o[0m
[156.852s] [ 82%] [32m[1mLinking CXX executable moveit_task_constructor_core-test-container[0m
[158.228s] [ 82%] Built target moveit_task_constructor_core-test-container
[158.308s] [ 83%] [32mBuilding CXX object test/CMakeFiles/moveit_task_constructor_core-test-move-to.dir/test_move_to.cpp.o[0m
[158.414s] [ 84%] [32mBuilding CXX object test/CMakeFiles/moveit_task_constructor_core-test-move-relative.dir/test_move_relative.cpp.o[0m
[162.226s] [ 85%] [32m[1mLinking CXX executable moveit_task_constructor_core-test-cost-terms[0m
[163.291s] [ 85%] Built target moveit_task_constructor_core-test-cost-terms
[163.360s] [ 87%] [32mBuilding CXX object test/CMakeFiles/pick_ur5.dir/pick_ur5.cpp.o[0m
[166.314s] [ 88%] [32m[1mLinking CXX executable moveit_task_constructor_core-test-cost-queue[0m
[167.100s] [ 88%] Built target moveit_task_constructor_core-test-cost-queue
[167.164s] [ 89%] [32mBuilding CXX object test/CMakeFiles/pick_pr2.dir/pick_pr2.cpp.o[0m
[171.491s] [ 90%] [32m[1mLinking CXX executable moveit_task_constructor_core-test-fallback[0m
[172.500s] [ 90%] Built target moveit_task_constructor_core-test-fallback
[172.564s] [ 91%] [32mBuilding CXX object test/CMakeFiles/pick_pa10.dir/pick_pa10.cpp.o[0m
[178.711s] [ 92%] [32m[1mLinking CXX executable moveit_task_constructor_core-test-interface-state[0m
[179.751s] [ 92%] Built target moveit_task_constructor_core-test-interface-state
[182.772s] [ 94%] [32m[1mLinking CXX executable moveit_task_constructor_core-test-move-relative[0m
[183.714s] [ 94%] Built target moveit_task_constructor_core-test-move-relative
[185.546s] [ 95%] [32m[1mLinking CXX executable pick_ur5[0m
[186.152s] [ 95%] Built target pick_ur5
[186.205s] [ 96%] [32m[1mLinking CXX executable moveit_task_constructor_core-test-move-to[0m
[186.839s] [ 96%] Built target moveit_task_constructor_core-test-move-to
[187.256s] [ 97%] [32m[1mLinking CXX executable pick_pr2[0m
[187.773s] [ 97%] Built target pick_pr2
[191.284s] [ 98%] [32m[1mLinking CXX shared module pymoveit_mtc.cpython-310-x86_64-linux-gnu.so[0m
[192.081s] [100%] [32m[1mLinking CXX executable pick_pa10[0m
[192.563s] [100%] Built target pick_pa10
[193.682s] lto-wrapper: warning: using serial compilation of 12 LTRANS jobs
[206.523s] [100%] Built target pymoveit_mtc
[206.541s] Invoked command in '/home/shs/ws_moveit/build/moveit_task_constructor_core' returned '0': AMENT_PREFIX_PATH=/home/shs/ws_moveit/install/moveit_planners:/home/shs/ws_moveit/install/pilz_industrial_motion_planner:/home/shs/ws_moveit/install/moveit_resources_prbt_pg70_support:/home/shs/ws_moveit/install/moveit_ros_planning_interface:/home/shs/ws_moveit/install/moveit_resources_prbt_moveit_config:/home/shs/ws_moveit/install/moveit_ros_move_group:/home/shs/ws_moveit/install/moveit_ros_warehouse:/home/shs/ws_moveit/install/moveit_planners_ompl:/home/shs/ws_moveit/install/moveit_kinematics:/home/shs/ws_moveit/install/moveit_ros_planning:/home/shs/ws_moveit/install/moveit_planners_chomp:/home/shs/ws_moveit/install/pilz_industrial_motion_planner_testutils:/home/shs/ws_moveit/install/moveit_simple_controller_manager:/home/shs/ws_moveit/install/moveit_ros_occupancy_map_monitor:/home/shs/ws_moveit/install/moveit_resources_prbt_ikfast_manipulator_plugin:/home/shs/ws_moveit/install/chomp_motion_planner:/home/shs/ws_moveit/install/moveit_core:/home/shs/ws_moveit/install/rviz_marker_tools:/home/shs/ws_moveit/install/moveit_resources_panda_moveit_config:/home/shs/ws_moveit/install/moveit_resources_fanuc_moveit_config:/home/shs/ws_moveit/install/moveit_configs_utils:/home/shs/ws_moveit/install/srdfdom:/home/shs/ws_moveit/install/moveit_task_constructor_msgs:/home/shs/ws_moveit/install/moveit_resources_prbt_support:/home/shs/ws_moveit/install/moveit_resources_pr2_description:/home/shs/ws_moveit/install/moveit_resources_panda_description:/home/shs/ws_moveit/install/moveit_resources_fanuc_description:/home/shs/ws_moveit/install/moveit_common:/home/shs/ws_moveit/install/launch_param_builder:${AMENT_PREFIX_PATH} CMAKE_PREFIX_PATH=/home/shs/ws_moveit/install/moveit_planners:/home/shs/ws_moveit/install/pilz_industrial_motion_planner:/home/shs/ws_moveit/install/moveit_resources_prbt_pg70_support:/home/shs/ws_moveit/install/moveit_ros_planning_interface:/home/shs/ws_moveit/install/moveit_resources_prbt_moveit_config:/home/shs/ws_moveit/install/moveit_ros_move_group:/home/shs/ws_moveit/install/moveit_ros_warehouse:/home/shs/ws_moveit/install/moveit_planners_ompl:/home/shs/ws_moveit/install/moveit_kinematics:/home/shs/ws_moveit/install/moveit_ros_planning:/home/shs/ws_moveit/install/moveit_planners_chomp:/home/shs/ws_moveit/install/pilz_industrial_motion_planner_testutils:/home/shs/ws_moveit/install/moveit_simple_controller_manager:/home/shs/ws_moveit/install/moveit_ros_occupancy_map_monitor:/home/shs/ws_moveit/install/moveit_resources_prbt_ikfast_manipulator_plugin:/home/shs/ws_moveit/install/chomp_motion_planner:/home/shs/ws_moveit/install/moveit_core:/home/shs/ws_moveit/install/rviz_marker_tools:/home/shs/ws_moveit/install/moveit_resources_panda_moveit_config:/home/shs/ws_moveit/install/moveit_resources_fanuc_moveit_config:/home/shs/ws_moveit/install/srdfdom:/home/shs/ws_moveit/install/moveit_task_constructor_msgs:/home/shs/ws_moveit/install/moveit_resources_prbt_support:/home/shs/ws_moveit/install/moveit_resources_pr2_description:/home/shs/ws_moveit/install/moveit_resources_panda_description:/home/shs/ws_moveit/install/moveit_resources_fanuc_description:/home/shs/ws_moveit/install/moveit_common:/home/shs/ws_moveit/install/rosparam_shortcuts:/home/shs/ws_moveit/install/hello_moveit:/home/shs/colcon_ws/install/tf_convenience_topics:/home/shs/colcon_ws/install/sss_viewer:/home/shs/colcon_ws/install/sam_basic_controllers:/home/shs/colcon_ws/install/lolo_description:/home/shs/colcon_ws/install/smarc_msgs:/home/shs/colcon_ws/install/smarc_mission_msgs:/home/shs/colcon_ws/install/smarc_control_msgs:/home/shs/colcon_ws/install/sam_msgs:/home/shs/colcon_ws/install/sam_graph_slam_2_msgs:/home/shs/colcon_ws/install/sam_description:/home/shs/colcon_ws/install/lolo_msgs:/home/shs/colcon_ws/install/drone_msgs:/home/shs/colcon_ws/install/dead_reckoning_msgs:/home/shs/ros2_ws/install/turtlebot3_navigation2:/home/shs/ros2_ws/install/turtlebot3_gazebo:/home/shs/ros2_ws/install/turtlebot3_description:/home/shs/ros2_ws/install/turtlebot3_cartographer:/home/shs/ros2_ws/install/transforms:/home/shs/ros2_ws/install/point_cloud_perception:/home/shs/ros2_ws/install/nodes:/home/shs/ros2_ws/install/navigation_tb3:/home/shs/colcon_ws/install/workshopfun:/home/shs/colcon_ws/install/utm_latlon_converter:/home/shs/colcon_ws/install/smarc_nodered:/home/shs/colcon_ws/install/smarc_bt:/home/shs/colcon_ws/install/smarc_bringups:/home/shs/colcon_ws/install/sam_joy_xbox:/home/shs/colcon_ws/install/sam_joy_teleop:/home/shs/colcon_ws/install/sam_diving_controller:/home/shs/colcon_ws/install/sam_dead_reckoning:/home/shs/colcon_ws/install/ros_tcp_endpoint:/home/shs/colcon_ws/install/ros2_python_examples:/home/shs/colcon_ws/install/mqtt_bridge:/home/shs/colcon_ws/install/dubins_planner:/home/shs/colcon_ws/install/drone_dr:/home/shs/colcon_ws/install/basic_go_to_waypoint:/home/shs/colcon_ws/install/basic_depth_pitch_control:/home/shs/colcon_ws/install/auv_detector:/home/shs/ros2_ws/install/turtlebot3_teleop:/home/shs/ros2_ws/install/turtlebot3_follower:/home/shs/ros2_ws/install/turtlebot3_example:/home/shs/ros2_ws/install/autonomous_tb3:/home/shs/ros2_ws/install/turtle_midpoint:/home/shs/ros2_ws/install/secure_control:/home/shs/ros2_ws/install/robot_math:/home/shs/ros2_ws/install/ai_assitance:/home/shs/install/dive_control:/home/shs/install/basic_go_to_waypoint:/home/shs/install/basic_depth_pitch_control:/home/shs/install/autonomous_tb3:/home/shs/install/ai_assitance:/opt/ros/humble LD_LIBRARY_PATH=/home/shs/ws_moveit/install/pilz_industrial_motion_planner/lib:/home/shs/ws_moveit/install/moveit_ros_planning_interface/lib:/home/shs/ws_moveit/install/moveit_ros_move_group/lib:/home/shs/ws_moveit/install/moveit_ros_warehouse/lib:/home/shs/ws_moveit/install/moveit_planners_ompl/lib:/home/shs/ws_moveit/install/moveit_kinematics/lib:/home/shs/ws_moveit/install/moveit_ros_planning/lib:/home/shs/ws_moveit/install/moveit_planners_chomp/lib:/home/shs/ws_moveit/install/pilz_industrial_motion_planner_testutils/lib:/home/shs/ws_moveit/install/moveit_simple_controller_manager/lib:/home/shs/ws_moveit/install/moveit_ros_occupancy_map_monitor/lib:/home/shs/ws_moveit/install/moveit_resources_prbt_ikfast_manipulator_plugin/lib:/home/shs/ws_moveit/install/chomp_motion_planner/lib:/home/shs/ws_moveit/install/moveit_core/lib:/home/shs/ws_moveit/install/rviz_marker_tools/lib:/home/shs/ws_moveit/install/srdfdom/lib:/home/shs/ws_moveit/install/moveit_task_constructor_msgs/lib:${LD_LIBRARY_PATH} PATH=/home/shs/ws_moveit/install/moveit_core/bin:${PATH} PYTHONPATH=/home/shs/ws_moveit/install/moveit_configs_utils/lib/python3.10/site-packages:/home/shs/ws_moveit/install/srdfdom/local/lib/python3.10/dist-packages:/home/shs/ws_moveit/install/moveit_task_constructor_msgs/local/lib/python3.10/dist-packages:/home/shs/ws_moveit/install/launch_param_builder/lib/python3.10/site-packages:${PYTHONPATH} /usr/bin/cmake --build /home/shs/ws_moveit/build/moveit_task_constructor_core -- -j8 -l8
[206.543s] Invoking command in '/home/shs/ws_moveit/build/moveit_task_constructor_core': AMENT_PREFIX_PATH=/home/shs/ws_moveit/install/moveit_planners:/home/shs/ws_moveit/install/pilz_industrial_motion_planner:/home/shs/ws_moveit/install/moveit_resources_prbt_pg70_support:/home/shs/ws_moveit/install/moveit_ros_planning_interface:/home/shs/ws_moveit/install/moveit_resources_prbt_moveit_config:/home/shs/ws_moveit/install/moveit_ros_move_group:/home/shs/ws_moveit/install/moveit_ros_warehouse:/home/shs/ws_moveit/install/moveit_planners_ompl:/home/shs/ws_moveit/install/moveit_kinematics:/home/shs/ws_moveit/install/moveit_ros_planning:/home/shs/ws_moveit/install/moveit_planners_chomp:/home/shs/ws_moveit/install/pilz_industrial_motion_planner_testutils:/home/shs/ws_moveit/install/moveit_simple_controller_manager:/home/shs/ws_moveit/install/moveit_ros_occupancy_map_monitor:/home/shs/ws_moveit/install/moveit_resources_prbt_ikfast_manipulator_plugin:/home/shs/ws_moveit/install/chomp_motion_planner:/home/shs/ws_moveit/install/moveit_core:/home/shs/ws_moveit/install/rviz_marker_tools:/home/shs/ws_moveit/install/moveit_resources_panda_moveit_config:/home/shs/ws_moveit/install/moveit_resources_fanuc_moveit_config:/home/shs/ws_moveit/install/moveit_configs_utils:/home/shs/ws_moveit/install/srdfdom:/home/shs/ws_moveit/install/moveit_task_constructor_msgs:/home/shs/ws_moveit/install/moveit_resources_prbt_support:/home/shs/ws_moveit/install/moveit_resources_pr2_description:/home/shs/ws_moveit/install/moveit_resources_panda_description:/home/shs/ws_moveit/install/moveit_resources_fanuc_description:/home/shs/ws_moveit/install/moveit_common:/home/shs/ws_moveit/install/launch_param_builder:${AMENT_PREFIX_PATH} CMAKE_PREFIX_PATH=/home/shs/ws_moveit/install/moveit_planners:/home/shs/ws_moveit/install/pilz_industrial_motion_planner:/home/shs/ws_moveit/install/moveit_resources_prbt_pg70_support:/home/shs/ws_moveit/install/moveit_ros_planning_interface:/home/shs/ws_moveit/install/moveit_resources_prbt_moveit_config:/home/shs/ws_moveit/install/moveit_ros_move_group:/home/shs/ws_moveit/install/moveit_ros_warehouse:/home/shs/ws_moveit/install/moveit_planners_ompl:/home/shs/ws_moveit/install/moveit_kinematics:/home/shs/ws_moveit/install/moveit_ros_planning:/home/shs/ws_moveit/install/moveit_planners_chomp:/home/shs/ws_moveit/install/pilz_industrial_motion_planner_testutils:/home/shs/ws_moveit/install/moveit_simple_controller_manager:/home/shs/ws_moveit/install/moveit_ros_occupancy_map_monitor:/home/shs/ws_moveit/install/moveit_resources_prbt_ikfast_manipulator_plugin:/home/shs/ws_moveit/install/chomp_motion_planner:/home/shs/ws_moveit/install/moveit_core:/home/shs/ws_moveit/install/rviz_marker_tools:/home/shs/ws_moveit/install/moveit_resources_panda_moveit_config:/home/shs/ws_moveit/install/moveit_resources_fanuc_moveit_config:/home/shs/ws_moveit/install/srdfdom:/home/shs/ws_moveit/install/moveit_task_constructor_msgs:/home/shs/ws_moveit/install/moveit_resources_prbt_support:/home/shs/ws_moveit/install/moveit_resources_pr2_description:/home/shs/ws_moveit/install/moveit_resources_panda_description:/home/shs/ws_moveit/install/moveit_resources_fanuc_description:/home/shs/ws_moveit/install/moveit_common:/home/shs/ws_moveit/install/rosparam_shortcuts:/home/shs/ws_moveit/install/hello_moveit:/home/shs/colcon_ws/install/tf_convenience_topics:/home/shs/colcon_ws/install/sss_viewer:/home/shs/colcon_ws/install/sam_basic_controllers:/home/shs/colcon_ws/install/lolo_description:/home/shs/colcon_ws/install/smarc_msgs:/home/shs/colcon_ws/install/smarc_mission_msgs:/home/shs/colcon_ws/install/smarc_control_msgs:/home/shs/colcon_ws/install/sam_msgs:/home/shs/colcon_ws/install/sam_graph_slam_2_msgs:/home/shs/colcon_ws/install/sam_description:/home/shs/colcon_ws/install/lolo_msgs:/home/shs/colcon_ws/install/drone_msgs:/home/shs/colcon_ws/install/dead_reckoning_msgs:/home/shs/ros2_ws/install/turtlebot3_navigation2:/home/shs/ros2_ws/install/turtlebot3_gazebo:/home/shs/ros2_ws/install/turtlebot3_description:/home/shs/ros2_ws/install/turtlebot3_cartographer:/home/shs/ros2_ws/install/transforms:/home/shs/ros2_ws/install/point_cloud_perception:/home/shs/ros2_ws/install/nodes:/home/shs/ros2_ws/install/navigation_tb3:/home/shs/colcon_ws/install/workshopfun:/home/shs/colcon_ws/install/utm_latlon_converter:/home/shs/colcon_ws/install/smarc_nodered:/home/shs/colcon_ws/install/smarc_bt:/home/shs/colcon_ws/install/smarc_bringups:/home/shs/colcon_ws/install/sam_joy_xbox:/home/shs/colcon_ws/install/sam_joy_teleop:/home/shs/colcon_ws/install/sam_diving_controller:/home/shs/colcon_ws/install/sam_dead_reckoning:/home/shs/colcon_ws/install/ros_tcp_endpoint:/home/shs/colcon_ws/install/ros2_python_examples:/home/shs/colcon_ws/install/mqtt_bridge:/home/shs/colcon_ws/install/dubins_planner:/home/shs/colcon_ws/install/drone_dr:/home/shs/colcon_ws/install/basic_go_to_waypoint:/home/shs/colcon_ws/install/basic_depth_pitch_control:/home/shs/colcon_ws/install/auv_detector:/home/shs/ros2_ws/install/turtlebot3_teleop:/home/shs/ros2_ws/install/turtlebot3_follower:/home/shs/ros2_ws/install/turtlebot3_example:/home/shs/ros2_ws/install/autonomous_tb3:/home/shs/ros2_ws/install/turtle_midpoint:/home/shs/ros2_ws/install/secure_control:/home/shs/ros2_ws/install/robot_math:/home/shs/ros2_ws/install/ai_assitance:/home/shs/install/dive_control:/home/shs/install/basic_go_to_waypoint:/home/shs/install/basic_depth_pitch_control:/home/shs/install/autonomous_tb3:/home/shs/install/ai_assitance:/opt/ros/humble LD_LIBRARY_PATH=/home/shs/ws_moveit/install/pilz_industrial_motion_planner/lib:/home/shs/ws_moveit/install/moveit_ros_planning_interface/lib:/home/shs/ws_moveit/install/moveit_ros_move_group/lib:/home/shs/ws_moveit/install/moveit_ros_warehouse/lib:/home/shs/ws_moveit/install/moveit_planners_ompl/lib:/home/shs/ws_moveit/install/moveit_kinematics/lib:/home/shs/ws_moveit/install/moveit_ros_planning/lib:/home/shs/ws_moveit/install/moveit_planners_chomp/lib:/home/shs/ws_moveit/install/pilz_industrial_motion_planner_testutils/lib:/home/shs/ws_moveit/install/moveit_simple_controller_manager/lib:/home/shs/ws_moveit/install/moveit_ros_occupancy_map_monitor/lib:/home/shs/ws_moveit/install/moveit_resources_prbt_ikfast_manipulator_plugin/lib:/home/shs/ws_moveit/install/chomp_motion_planner/lib:/home/shs/ws_moveit/install/moveit_core/lib:/home/shs/ws_moveit/install/rviz_marker_tools/lib:/home/shs/ws_moveit/install/srdfdom/lib:/home/shs/ws_moveit/install/moveit_task_constructor_msgs/lib:${LD_LIBRARY_PATH} PATH=/home/shs/ws_moveit/install/moveit_core/bin:${PATH} PYTHONPATH=/home/shs/ws_moveit/install/moveit_configs_utils/lib/python3.10/site-packages:/home/shs/ws_moveit/install/srdfdom/local/lib/python3.10/dist-packages:/home/shs/ws_moveit/install/moveit_task_constructor_msgs/local/lib/python3.10/dist-packages:/home/shs/ws_moveit/install/launch_param_builder/lib/python3.10/site-packages:${PYTHONPATH} /usr/bin/cmake --install /home/shs/ws_moveit/build/moveit_task_constructor_core
[206.555s] -- Install configuration: "Release"
[206.555s] -- Installing: /home/shs/ws_moveit/install/moveit_task_constructor_core/lib/libmoveit_task_constructor_core_stages.so
[206.557s] -- Set runtime path of "/home/shs/ws_moveit/install/moveit_task_constructor_core/lib/libmoveit_task_constructor_core_stages.so" to ""
[206.557s] -- Installing: /home/shs/ws_moveit/install/moveit_task_constructor_core/lib/libmoveit_task_constructor_core_stage_plugins.so
[206.558s] -- Set runtime path of "/home/shs/ws_moveit/install/moveit_task_constructor_core/lib/libmoveit_task_constructor_core_stage_plugins.so" to ""
[206.558s] -- Installing: /home/shs/ws_moveit/install/moveit_task_constructor_core/lib/libmoveit_task_constructor_core.so
[206.560s] -- Set runtime path of "/home/shs/ws_moveit/install/moveit_task_constructor_core/lib/libmoveit_task_constructor_core.so" to ""
[206.560s] -- Installing: /home/shs/ws_moveit/install/moveit_task_constructor_core/share/moveit_task_constructor_core/environment/pythonpath.sh
[206.561s] -- Installing: /home/shs/ws_moveit/install/moveit_task_constructor_core/share/moveit_task_constructor_core/environment/pythonpath.dsv
[206.561s] -- Installing: /home/shs/ws_moveit/install/moveit_task_constructor_core/local/lib/python3.10/dist-packages/moveit-0.1.3-py3.10.egg-info
[206.561s] -- Installing: /home/shs/ws_moveit/install/moveit_task_constructor_core/local/lib/python3.10/dist-packages/moveit-0.1.3-py3.10.egg-info/top_level.txt
[206.561s] -- Installing: /home/shs/ws_moveit/install/moveit_task_constructor_core/local/lib/python3.10/dist-packages/moveit-0.1.3-py3.10.egg-info/SOURCES.txt
[206.561s] -- Installing: /home/shs/ws_moveit/install/moveit_task_constructor_core/local/lib/python3.10/dist-packages/moveit-0.1.3-py3.10.egg-info/dependency_links.txt
[206.561s] -- Installing: /home/shs/ws_moveit/install/moveit_task_constructor_core/local/lib/python3.10/dist-packages/moveit-0.1.3-py3.10.egg-info/PKG-INFO
[206.561s] -- Installing: /home/shs/ws_moveit/install/moveit_task_constructor_core/local/lib/python3.10/dist-packages/moveit
[206.562s] -- Installing: /home/shs/ws_moveit/install/moveit_task_constructor_core/local/lib/python3.10/dist-packages/moveit/task_constructor
[206.562s] -- Installing: /home/shs/ws_moveit/install/moveit_task_constructor_core/local/lib/python3.10/dist-packages/moveit/task_constructor/core.py
[206.562s] -- Installing: /home/shs/ws_moveit/install/moveit_task_constructor_core/local/lib/python3.10/dist-packages/moveit/task_constructor/stages.py
[206.562s] -- Installing: /home/shs/ws_moveit/install/moveit_task_constructor_core/local/lib/python3.10/dist-packages/moveit/task_constructor/__init__.py
[206.562s] -- Installing: /home/shs/ws_moveit/install/moveit_task_constructor_core/local/lib/python3.10/dist-packages/moveit/__init__.py
[206.624s] Listing '/home/shs/ws_moveit/install/moveit_task_constructor_core/local/lib/python3.10/dist-packages/moveit'...
[206.624s] Compiling '/home/shs/ws_moveit/install/moveit_task_constructor_core/local/lib/python3.10/dist-packages/moveit/__init__.py'...
[206.624s] Listing '/home/shs/ws_moveit/install/moveit_task_constructor_core/local/lib/python3.10/dist-packages/moveit/task_constructor'...
[206.624s] Compiling '/home/shs/ws_moveit/install/moveit_task_constructor_core/local/lib/python3.10/dist-packages/moveit/task_constructor/__init__.py'...
[206.624s] Compiling '/home/shs/ws_moveit/install/moveit_task_constructor_core/local/lib/python3.10/dist-packages/moveit/task_constructor/core.py'...
[206.624s] Compiling '/home/shs/ws_moveit/install/moveit_task_constructor_core/local/lib/python3.10/dist-packages/moveit/task_constructor/stages.py'...
[206.629s] -- Installing: /home/shs/ws_moveit/install/moveit_task_constructor_core/include/moveit/python/pybind11
[206.629s] -- Installing: /home/shs/ws_moveit/install/moveit_task_constructor_core/include/moveit/python/pybind11/buffer_info.h
[206.629s] -- Installing: /home/shs/ws_moveit/install/moveit_task_constructor_core/include/moveit/python/pybind11/numpy.h
[206.630s] -- Installing: /home/shs/ws_moveit/install/moveit_task_constructor_core/include/moveit/python/pybind11/common.h
[206.630s] -- Installing: /home/shs/ws_moveit/install/moveit_task_constructor_core/include/moveit/python/pybind11/gil.h
[206.630s] -- Installing: /home/shs/ws_moveit/install/moveit_task_constructor_core/include/moveit/python/pybind11/stl
[206.630s] -- Installing: /home/shs/ws_moveit/install/moveit_task_constructor_core/include/moveit/python/pybind11/stl/filesystem.h
[206.631s] -- Installing: /home/shs/ws_moveit/install/moveit_task_constructor_core/include/moveit/python/pybind11/type_caster_pyobject_ptr.h
[206.631s] -- Installing: /home/shs/ws_moveit/install/moveit_task_constructor_core/include/moveit/python/pybind11/detail
[206.631s] -- Installing: /home/shs/ws_moveit/install/moveit_task_constructor_core/include/moveit/python/pybind11/detail/typeid.h
[206.631s] -- Installing: /home/shs/ws_moveit/install/moveit_task_constructor_core/include/moveit/python/pybind11/detail/common.h
[206.631s] -- Installing: /home/shs/ws_moveit/install/moveit_task_constructor_core/include/moveit/python/pybind11/detail/descr.h
[206.631s] -- Installing: /home/shs/ws_moveit/install/moveit_task_constructor_core/include/moveit/python/pybind11/detail/smart_holder_sfinae_hooks_only.h
[206.631s] -- Installing: /home/shs/ws_moveit/install/moveit_task_constructor_core/include/moveit/python/pybind11/detail/class.h
[206.632s] -- Installing: /home/shs/ws_moveit/install/moveit_task_constructor_core/include/moveit/python/pybind11/detail/init.h
[206.632s] -- Installing: /home/shs/ws_moveit/install/moveit_task_constructor_core/include/moveit/python/pybind11/detail/type_caster_base.h
[206.632s] -- Installing: /home/shs/ws_moveit/install/moveit_task_constructor_core/include/moveit/python/pybind11/detail/internals.h
[206.632s] -- Installing: /home/shs/ws_moveit/install/moveit_task_constructor_core/include/moveit/python/pybind11/detail/dynamic_raw_ptr_cast_if_possible.h
[206.632s] -- Installing: /home/shs/ws_moveit/install/moveit_task_constructor_core/include/moveit/python/pybind11/detail/smart_holder_poc.h
[206.632s] -- Installing: /home/shs/ws_moveit/install/moveit_task_constructor_core/include/moveit/python/pybind11/detail/smart_holder_type_casters.h
[206.633s] -- Installing: /home/shs/ws_moveit/install/moveit_task_constructor_core/include/moveit/python/pybind11/detail/type_caster_odr_guard.h
[206.633s] -- Installing: /home/shs/ws_moveit/install/moveit_task_constructor_core/include/moveit/python/pybind11/eigen.h
[206.633s] -- Installing: /home/shs/ws_moveit/install/moveit_task_constructor_core/include/moveit/python/pybind11/stl.h
[206.633s] -- Installing: /home/shs/ws_moveit/install/moveit_task_constructor_core/include/moveit/python/pybind11/complex.h
[206.633s] -- Installing: /home/shs/ws_moveit/install/moveit_task_constructor_core/include/moveit/python/pybind11/trampoline_self_life_support.h
[206.634s] -- Installing: /home/shs/ws_moveit/install/moveit_task_constructor_core/include/moveit/python/pybind11/eigen
[206.634s] -- Installing: /home/shs/ws_moveit/install/moveit_task_constructor_core/include/moveit/python/pybind11/eigen/common.h
[206.634s] -- Installing: /home/shs/ws_moveit/install/moveit_task_constructor_core/include/moveit/python/pybind11/eigen/matrix.h
[206.634s] -- Installing: /home/shs/ws_moveit/install/moveit_task_constructor_core/include/moveit/python/pybind11/eigen/tensor.h
[206.635s] -- Installing: /home/shs/ws_moveit/install/moveit_task_constructor_core/include/moveit/python/pybind11/functional.h
[206.635s] -- Installing: /home/shs/ws_moveit/install/moveit_task_constructor_core/include/moveit/python/pybind11/options.h
[206.635s] -- Installing: /home/shs/ws_moveit/install/moveit_task_constructor_core/include/moveit/python/pybind11/gil_safe_call_once.h
[206.635s] -- Installing: /home/shs/ws_moveit/install/moveit_task_constructor_core/include/moveit/python/pybind11/embed.h
[206.635s] -- Installing: /home/shs/ws_moveit/install/moveit_task_constructor_core/include/moveit/python/pybind11/eval.h
[206.636s] -- Installing: /home/shs/ws_moveit/install/moveit_task_constructor_core/include/moveit/python/pybind11/typing.h
[206.636s] -- Installing: /home/shs/ws_moveit/install/moveit_task_constructor_core/include/moveit/python/pybind11/attr.h
[206.636s] -- Installing: /home/shs/ws_moveit/install/moveit_task_constructor_core/include/moveit/python/pybind11/smart_holder.h
[206.636s] -- Installing: /home/shs/ws_moveit/install/moveit_task_constructor_core/include/moveit/python/pybind11/pytypes.h
[206.636s] -- Installing: /home/shs/ws_moveit/install/moveit_task_constructor_core/include/moveit/python/pybind11/cast.h
[206.636s] -- Installing: /home/shs/ws_moveit/install/moveit_task_constructor_core/include/moveit/python/pybind11/operators.h
[206.637s] -- Installing: /home/shs/ws_moveit/install/moveit_task_constructor_core/include/moveit/python/pybind11/pybind11.h
[206.637s] -- Installing: /home/shs/ws_moveit/install/moveit_task_constructor_core/include/moveit/python/pybind11/stl_bind.h
[206.637s] -- Installing: /home/shs/ws_moveit/install/moveit_task_constructor_core/include/moveit/python/pybind11/iostream.h
[206.637s] -- Installing: /home/shs/ws_moveit/install/moveit_task_constructor_core/include/moveit/python/pybind11/chrono.h
[206.638s] -- Installing: /home/shs/ws_moveit/install/moveit_task_constructor_core/share/moveit_task_constructor_core/cmake/pybind11Config.cmake
[206.638s] -- Installing: /home/shs/ws_moveit/install/moveit_task_constructor_core/share/moveit_task_constructor_core/cmake/pybind11ConfigVersion.cmake
[206.638s] -- Installing: /home/shs/ws_moveit/install/moveit_task_constructor_core/share/moveit_task_constructor_core/cmake/FindPythonLibsNew.cmake
[206.638s] -- Installing: /home/shs/ws_moveit/install/moveit_task_constructor_core/share/moveit_task_constructor_core/cmake/pybind11Common.cmake
[206.638s] -- Installing: /home/shs/ws_moveit/install/moveit_task_constructor_core/share/moveit_task_constructor_core/cmake/pybind11Tools.cmake
[206.639s] -- Installing: /home/shs/ws_moveit/install/moveit_task_constructor_core/share/moveit_task_constructor_core/cmake/pybind11NewTools.cmake
[206.639s] -- Installing: /home/shs/ws_moveit/install/moveit_task_constructor_core/share/moveit_task_constructor_core/cmake/pybind11Targets.cmake
[206.639s] -- Installing: /home/shs/ws_moveit/install/moveit_task_constructor_core/share/pkgconfig/pybind11.pc
[206.639s] -- Installing: /home/shs/ws_moveit/install/moveit_task_constructor_core/local/lib/python3.10/dist-packages/pymoveit_mtc.cpython-310-x86_64-linux-gnu.so
[206.641s] -- Set runtime path of "/home/shs/ws_moveit/install/moveit_task_constructor_core/local/lib/python3.10/dist-packages/pymoveit_mtc.cpython-310-x86_64-linux-gnu.so" to ""
[206.641s] -- Up-to-date: /home/shs/ws_moveit/install/moveit_task_constructor_core/include
[206.641s] -- Up-to-date: /home/shs/ws_moveit/install/moveit_task_constructor_core/include/moveit
[206.641s] -- Installing: /home/shs/ws_moveit/install/moveit_task_constructor_core/include/moveit/task_constructor
[206.641s] -- Installing: /home/shs/ws_moveit/install/moveit_task_constructor_core/include/moveit/task_constructor/marker_tools.h
[206.642s] -- Installing: /home/shs/ws_moveit/install/moveit_task_constructor_core/include/moveit/task_constructor/introspection.h
[206.642s] -- Installing: /home/shs/ws_moveit/install/moveit_task_constructor_core/include/moveit/task_constructor/stage.h
[206.642s] -- Installing: /home/shs/ws_moveit/install/moveit_task_constructor_core/include/moveit/task_constructor/container.h
[206.642s] -- Installing: /home/shs/ws_moveit/install/moveit_task_constructor_core/include/moveit/task_constructor/properties.h
[206.642s] -- Installing: /home/shs/ws_moveit/install/moveit_task_constructor_core/include/moveit/task_constructor/storage.h
[206.642s] -- Installing: /home/shs/ws_moveit/install/moveit_task_constructor_core/include/moveit/task_constructor/cost_queue.h
[206.642s] -- Installing: /home/shs/ws_moveit/install/moveit_task_constructor_core/include/moveit/task_constructor/stages
[206.642s] -- Installing: /home/shs/ws_moveit/install/moveit_task_constructor_core/include/moveit/task_constructor/stages/simple_grasp.h
[206.643s] -- Installing: /home/shs/ws_moveit/install/moveit_task_constructor_core/include/moveit/task_constructor/stages/predicate_filter.h
[206.643s] -- Installing: /home/shs/ws_moveit/install/moveit_task_constructor_core/include/moveit/task_constructor/stages/current_state.h
[206.643s] -- Installing: /home/shs/ws_moveit/install/moveit_task_constructor_core/include/moveit/task_constructor/stages/fixed_cartesian_poses.h
[206.643s] -- Installing: /home/shs/ws_moveit/install/moveit_task_constructor_core/include/moveit/task_constructor/stages/compute_ik.h
[206.643s] -- Installing: /home/shs/ws_moveit/install/moveit_task_constructor_core/include/moveit/task_constructor/stages/generate_grasp_pose.h
[206.643s] -- Installing: /home/shs/ws_moveit/install/moveit_task_constructor_core/include/moveit/task_constructor/stages/connect.h
[206.643s] -- Installing: /home/shs/ws_moveit/install/moveit_task_constructor_core/include/moveit/task_constructor/stages/modify_planning_scene.h
[206.643s] -- Installing: /home/shs/ws_moveit/install/moveit_task_constructor_core/include/moveit/task_constructor/stages/move_to.h
[206.644s] -- Installing: /home/shs/ws_moveit/install/moveit_task_constructor_core/include/moveit/task_constructor/stages/pick.h
[206.644s] -- Installing: /home/shs/ws_moveit/install/moveit_task_constructor_core/include/moveit/task_constructor/stages/move_relative.h
[206.644s] -- Installing: /home/shs/ws_moveit/install/moveit_task_constructor_core/include/moveit/task_constructor/stages/fixed_state.h
[206.644s] -- Installing: /home/shs/ws_moveit/install/moveit_task_constructor_core/include/moveit/task_constructor/stages/noop.h
[206.644s] -- Installing: /home/shs/ws_moveit/install/moveit_task_constructor_core/include/moveit/task_constructor/stages/generate_random_pose.h
[206.644s] -- Installing: /home/shs/ws_moveit/install/moveit_task_constructor_core/include/moveit/task_constructor/stages/generate_place_pose.h
[206.644s] -- Installing: /home/shs/ws_moveit/install/moveit_task_constructor_core/include/moveit/task_constructor/stages/passthrough.h
[206.644s] -- Installing: /home/shs/ws_moveit/install/moveit_task_constructor_core/include/moveit/task_constructor/stages/fix_collision_objects.h
[206.645s] -- Installing: /home/shs/ws_moveit/install/moveit_task_constructor_core/include/moveit/task_constructor/stages/generate_pose.h
[206.645s] -- Installing: /home/shs/ws_moveit/install/moveit_task_constructor_core/include/moveit/task_constructor/moveit_compat.h
[206.645s] -- Installing: /home/shs/ws_moveit/install/moveit_task_constructor_core/include/moveit/task_constructor/stages.h
[206.645s] -- Installing: /home/shs/ws_moveit/install/moveit_task_constructor_core/include/moveit/task_constructor/task.h
[206.645s] -- Installing: /home/shs/ws_moveit/install/moveit_task_constructor_core/include/moveit/task_constructor/cost_terms.h
[206.645s] -- Installing: /home/shs/ws_moveit/install/moveit_task_constructor_core/include/moveit/task_constructor/type_traits.h
[206.645s] -- Installing: /home/shs/ws_moveit/install/moveit_task_constructor_core/include/moveit/task_constructor/trajectory_execution_info.h
[206.646s] -- Installing: /home/shs/ws_moveit/install/moveit_task_constructor_core/include/moveit/task_constructor/utils.h
[206.646s] -- Installing: /home/shs/ws_moveit/install/moveit_task_constructor_core/include/moveit/task_constructor/solvers.h
[206.646s] -- Installing: /home/shs/ws_moveit/install/moveit_task_constructor_core/include/moveit/task_constructor/merge.h
[206.646s] -- Installing: /home/shs/ws_moveit/install/moveit_task_constructor_core/include/moveit/task_constructor/solvers
[206.646s] -- Installing: /home/shs/ws_moveit/install/moveit_task_constructor_core/include/moveit/task_constructor/solvers/cartesian_path.h
[206.646s] -- Installing: /home/shs/ws_moveit/install/moveit_task_constructor_core/include/moveit/task_constructor/solvers/pipeline_planner.h
[206.646s] -- Installing: /home/shs/ws_moveit/install/moveit_task_constructor_core/include/moveit/task_constructor/solvers/joint_interpolation.h
[206.647s] -- Installing: /home/shs/ws_moveit/install/moveit_task_constructor_core/include/moveit/task_constructor/solvers/multi_planner.h
[206.647s] -- Installing: /home/shs/ws_moveit/install/moveit_task_constructor_core/include/moveit/task_constructor/solvers/planner_interface.h
[206.647s] -- Up-to-date: /home/shs/ws_moveit/install/moveit_task_constructor_core/include/moveit/python
[206.647s] -- Installing: /home/shs/ws_moveit/install/moveit_task_constructor_core/include/moveit/python/task_constructor
[206.647s] -- Installing: /home/shs/ws_moveit/install/moveit_task_constructor_core/include/moveit/python/task_constructor/properties.h
[206.647s] -- Installing: /home/shs/ws_moveit/install/moveit_task_constructor_core/share/moveit_task_constructor_core/motion_planning_stages_plugin_description.xml
[206.648s] -- Installing: /home/shs/ws_moveit/install/moveit_task_constructor_core/share/moveit_task_constructor_core/environment/library_path.sh
[206.648s] -- Installing: /home/shs/ws_moveit/install/moveit_task_constructor_core/share/moveit_task_constructor_core/environment/library_path.dsv
[206.648s] -- Installing: /home/shs/ws_moveit/install/moveit_task_constructor_core/share/ament_index/resource_index/package_run_dependencies/moveit_task_constructor_core
[206.648s] -- Installing: /home/shs/ws_moveit/install/moveit_task_constructor_core/share/ament_index/resource_index/parent_prefix_path/moveit_task_constructor_core
[206.648s] -- Installing: /home/shs/ws_moveit/install/moveit_task_constructor_core/share/moveit_task_constructor_core/environment/ament_prefix_path.sh
[206.648s] -- Installing: /home/shs/ws_moveit/install/moveit_task_constructor_core/share/moveit_task_constructor_core/environment/ament_prefix_path.dsv
[206.649s] -- Installing: /home/shs/ws_moveit/install/moveit_task_constructor_core/share/moveit_task_constructor_core/environment/path.sh
[206.649s] -- Installing: /home/shs/ws_moveit/install/moveit_task_constructor_core/share/moveit_task_constructor_core/environment/path.dsv
[206.649s] -- Installing: /home/shs/ws_moveit/install/moveit_task_constructor_core/share/moveit_task_constructor_core/local_setup.bash
[206.649s] -- Installing: /home/shs/ws_moveit/install/moveit_task_constructor_core/share/moveit_task_constructor_core/local_setup.sh
[206.649s] -- Installing: /home/shs/ws_moveit/install/moveit_task_constructor_core/share/moveit_task_constructor_core/local_setup.zsh
[206.649s] -- Installing: /home/shs/ws_moveit/install/moveit_task_constructor_core/share/moveit_task_constructor_core/local_setup.dsv
[206.650s] -- Installing: /home/shs/ws_moveit/install/moveit_task_constructor_core/share/moveit_task_constructor_core/package.dsv
[206.650s] -- Installing: /home/shs/ws_moveit/install/moveit_task_constructor_core/share/ament_index/resource_index/packages/moveit_task_constructor_core
[206.650s] -- Installing: /home/shs/ws_moveit/install/moveit_task_constructor_core/share/ament_index/resource_index/moveit_task_constructor_core__pluginlib__plugin/moveit_task_constructor_core
[206.650s] -- Installing: /home/shs/ws_moveit/install/moveit_task_constructor_core/share/moveit_task_constructor_core/cmake/moveit_task_constructor_coreTargetsExport.cmake
[206.650s] -- Installing: /home/shs/ws_moveit/install/moveit_task_constructor_core/share/moveit_task_constructor_core/cmake/moveit_task_constructor_coreTargetsExport-release.cmake
[206.651s] -- Installing: /home/shs/ws_moveit/install/moveit_task_constructor_core/share/moveit_task_constructor_core/cmake/ament_cmake_export_targets-extras.cmake
[206.651s] -- Installing: /home/shs/ws_moveit/install/moveit_task_constructor_core/share/moveit_task_constructor_core/cmake/ament_cmake_export_dependencies-extras.cmake
[206.651s] -- Installing: /home/shs/ws_moveit/install/moveit_task_constructor_core/share/moveit_task_constructor_core/cmake/moveit_task_constructor_coreConfig.cmake
[206.651s] -- Installing: /home/shs/ws_moveit/install/moveit_task_constructor_core/share/moveit_task_constructor_core/cmake/moveit_task_constructor_coreConfig-version.cmake
[206.651s] -- Installing: /home/shs/ws_moveit/install/moveit_task_constructor_core/share/moveit_task_constructor_core/package.xml
[206.654s] Invoked command in '/home/shs/ws_moveit/build/moveit_task_constructor_core' returned '0': AMENT_PREFIX_PATH=/home/shs/ws_moveit/install/moveit_planners:/home/shs/ws_moveit/install/pilz_industrial_motion_planner:/home/shs/ws_moveit/install/moveit_resources_prbt_pg70_support:/home/shs/ws_moveit/install/moveit_ros_planning_interface:/home/shs/ws_moveit/install/moveit_resources_prbt_moveit_config:/home/shs/ws_moveit/install/moveit_ros_move_group:/home/shs/ws_moveit/install/moveit_ros_warehouse:/home/shs/ws_moveit/install/moveit_planners_ompl:/home/shs/ws_moveit/install/moveit_kinematics:/home/shs/ws_moveit/install/moveit_ros_planning:/home/shs/ws_moveit/install/moveit_planners_chomp:/home/shs/ws_moveit/install/pilz_industrial_motion_planner_testutils:/home/shs/ws_moveit/install/moveit_simple_controller_manager:/home/shs/ws_moveit/install/moveit_ros_occupancy_map_monitor:/home/shs/ws_moveit/install/moveit_resources_prbt_ikfast_manipulator_plugin:/home/shs/ws_moveit/install/chomp_motion_planner:/home/shs/ws_moveit/install/moveit_core:/home/shs/ws_moveit/install/rviz_marker_tools:/home/shs/ws_moveit/install/moveit_resources_panda_moveit_config:/home/shs/ws_moveit/install/moveit_resources_fanuc_moveit_config:/home/shs/ws_moveit/install/moveit_configs_utils:/home/shs/ws_moveit/install/srdfdom:/home/shs/ws_moveit/install/moveit_task_constructor_msgs:/home/shs/ws_moveit/install/moveit_resources_prbt_support:/home/shs/ws_moveit/install/moveit_resources_pr2_description:/home/shs/ws_moveit/install/moveit_resources_panda_description:/home/shs/ws_moveit/install/moveit_resources_fanuc_description:/home/shs/ws_moveit/install/moveit_common:/home/shs/ws_moveit/install/launch_param_builder:${AMENT_PREFIX_PATH} CMAKE_PREFIX_PATH=/home/shs/ws_moveit/install/moveit_planners:/home/shs/ws_moveit/install/pilz_industrial_motion_planner:/home/shs/ws_moveit/install/moveit_resources_prbt_pg70_support:/home/shs/ws_moveit/install/moveit_ros_planning_interface:/home/shs/ws_moveit/install/moveit_resources_prbt_moveit_config:/home/shs/ws_moveit/install/moveit_ros_move_group:/home/shs/ws_moveit/install/moveit_ros_warehouse:/home/shs/ws_moveit/install/moveit_planners_ompl:/home/shs/ws_moveit/install/moveit_kinematics:/home/shs/ws_moveit/install/moveit_ros_planning:/home/shs/ws_moveit/install/moveit_planners_chomp:/home/shs/ws_moveit/install/pilz_industrial_motion_planner_testutils:/home/shs/ws_moveit/install/moveit_simple_controller_manager:/home/shs/ws_moveit/install/moveit_ros_occupancy_map_monitor:/home/shs/ws_moveit/install/moveit_resources_prbt_ikfast_manipulator_plugin:/home/shs/ws_moveit/install/chomp_motion_planner:/home/shs/ws_moveit/install/moveit_core:/home/shs/ws_moveit/install/rviz_marker_tools:/home/shs/ws_moveit/install/moveit_resources_panda_moveit_config:/home/shs/ws_moveit/install/moveit_resources_fanuc_moveit_config:/home/shs/ws_moveit/install/srdfdom:/home/shs/ws_moveit/install/moveit_task_constructor_msgs:/home/shs/ws_moveit/install/moveit_resources_prbt_support:/home/shs/ws_moveit/install/moveit_resources_pr2_description:/home/shs/ws_moveit/install/moveit_resources_panda_description:/home/shs/ws_moveit/install/moveit_resources_fanuc_description:/home/shs/ws_moveit/install/moveit_common:/home/shs/ws_moveit/install/rosparam_shortcuts:/home/shs/ws_moveit/install/hello_moveit:/home/shs/colcon_ws/install/tf_convenience_topics:/home/shs/colcon_ws/install/sss_viewer:/home/shs/colcon_ws/install/sam_basic_controllers:/home/shs/colcon_ws/install/lolo_description:/home/shs/colcon_ws/install/smarc_msgs:/home/shs/colcon_ws/install/smarc_mission_msgs:/home/shs/colcon_ws/install/smarc_control_msgs:/home/shs/colcon_ws/install/sam_msgs:/home/shs/colcon_ws/install/sam_graph_slam_2_msgs:/home/shs/colcon_ws/install/sam_description:/home/shs/colcon_ws/install/lolo_msgs:/home/shs/colcon_ws/install/drone_msgs:/home/shs/colcon_ws/install/dead_reckoning_msgs:/home/shs/ros2_ws/install/turtlebot3_navigation2:/home/shs/ros2_ws/install/turtlebot3_gazebo:/home/shs/ros2_ws/install/turtlebot3_description:/home/shs/ros2_ws/install/turtlebot3_cartographer:/home/shs/ros2_ws/install/transforms:/home/shs/ros2_ws/install/point_cloud_perception:/home/shs/ros2_ws/install/nodes:/home/shs/ros2_ws/install/navigation_tb3:/home/shs/colcon_ws/install/workshopfun:/home/shs/colcon_ws/install/utm_latlon_converter:/home/shs/colcon_ws/install/smarc_nodered:/home/shs/colcon_ws/install/smarc_bt:/home/shs/colcon_ws/install/smarc_bringups:/home/shs/colcon_ws/install/sam_joy_xbox:/home/shs/colcon_ws/install/sam_joy_teleop:/home/shs/colcon_ws/install/sam_diving_controller:/home/shs/colcon_ws/install/sam_dead_reckoning:/home/shs/colcon_ws/install/ros_tcp_endpoint:/home/shs/colcon_ws/install/ros2_python_examples:/home/shs/colcon_ws/install/mqtt_bridge:/home/shs/colcon_ws/install/dubins_planner:/home/shs/colcon_ws/install/drone_dr:/home/shs/colcon_ws/install/basic_go_to_waypoint:/home/shs/colcon_ws/install/basic_depth_pitch_control:/home/shs/colcon_ws/install/auv_detector:/home/shs/ros2_ws/install/turtlebot3_teleop:/home/shs/ros2_ws/install/turtlebot3_follower:/home/shs/ros2_ws/install/turtlebot3_example:/home/shs/ros2_ws/install/autonomous_tb3:/home/shs/ros2_ws/install/turtle_midpoint:/home/shs/ros2_ws/install/secure_control:/home/shs/ros2_ws/install/robot_math:/home/shs/ros2_ws/install/ai_assitance:/home/shs/install/dive_control:/home/shs/install/basic_go_to_waypoint:/home/shs/install/basic_depth_pitch_control:/home/shs/install/autonomous_tb3:/home/shs/install/ai_assitance:/opt/ros/humble LD_LIBRARY_PATH=/home/shs/ws_moveit/install/pilz_industrial_motion_planner/lib:/home/shs/ws_moveit/install/moveit_ros_planning_interface/lib:/home/shs/ws_moveit/install/moveit_ros_move_group/lib:/home/shs/ws_moveit/install/moveit_ros_warehouse/lib:/home/shs/ws_moveit/install/moveit_planners_ompl/lib:/home/shs/ws_moveit/install/moveit_kinematics/lib:/home/shs/ws_moveit/install/moveit_ros_planning/lib:/home/shs/ws_moveit/install/moveit_planners_chomp/lib:/home/shs/ws_moveit/install/pilz_industrial_motion_planner_testutils/lib:/home/shs/ws_moveit/install/moveit_simple_controller_manager/lib:/home/shs/ws_moveit/install/moveit_ros_occupancy_map_monitor/lib:/home/shs/ws_moveit/install/moveit_resources_prbt_ikfast_manipulator_plugin/lib:/home/shs/ws_moveit/install/chomp_motion_planner/lib:/home/shs/ws_moveit/install/moveit_core/lib:/home/shs/ws_moveit/install/rviz_marker_tools/lib:/home/shs/ws_moveit/install/srdfdom/lib:/home/shs/ws_moveit/install/moveit_task_constructor_msgs/lib:${LD_LIBRARY_PATH} PATH=/home/shs/ws_moveit/install/moveit_core/bin:${PATH} PYTHONPATH=/home/shs/ws_moveit/install/moveit_configs_utils/lib/python3.10/site-packages:/home/shs/ws_moveit/install/srdfdom/local/lib/python3.10/dist-packages:/home/shs/ws_moveit/install/moveit_task_constructor_msgs/local/lib/python3.10/dist-packages:/home/shs/ws_moveit/install/launch_param_builder/lib/python3.10/site-packages:${PYTHONPATH} /usr/bin/cmake --install /home/shs/ws_moveit/build/moveit_task_constructor_core
