[0.012s] Invoking command in '/home/shs/ws_moveit/build/moveit_resources_fanuc_description': CMAKE_PREFIX_PATH=${CMAKE_PREFIX_PATH}:/home/shs/colcon_ws/install/workshopfun:/home/shs/colcon_ws/install/utm_latlon_converter:/home/shs/colcon_ws/install/smarc_nodered:/home/shs/colcon_ws/install/smarc_bt:/home/shs/colcon_ws/install/smarc_bringups:/home/shs/colcon_ws/install/sam_joy_xbox:/home/shs/colcon_ws/install/sam_joy_teleop:/home/shs/colcon_ws/install/sam_diving_controller:/home/shs/colcon_ws/install/sam_dead_reckoning:/home/shs/colcon_ws/install/ros_tcp_endpoint:/home/shs/colcon_ws/install/ros2_python_examples:/home/shs/colcon_ws/install/mqtt_bridge:/home/shs/colcon_ws/install/dubins_planner:/home/shs/colcon_ws/install/drone_dr:/home/shs/colcon_ws/install/basic_go_to_waypoint:/home/shs/colcon_ws/install/basic_depth_pitch_control:/home/shs/colcon_ws/install/auv_detector:/home/shs/ros2_ws/install/turtlebot3_teleop:/home/shs/ros2_ws/install/turtlebot3_follower:/home/shs/ros2_ws/install/turtlebot3_example:/home/shs/ros2_ws/install/autonomous_tb3:/home/shs/ros2_ws/install/turtle_midpoint:/home/shs/ros2_ws/install/secure_control:/home/shs/ros2_ws/install/robot_math:/home/shs/ros2_ws/install/ai_assitance:/home/shs/install/dive_control:/home/shs/install/basic_go_to_waypoint:/home/shs/install/basic_depth_pitch_control:/home/shs/install/autonomous_tb3:/home/shs/install/ai_assitance:/opt/ros/humble /usr/bin/cmake /home/shs/ws_moveit/src/moveit_resources/fanuc_description -DCMAKE_BUILD_TYPE=Release -DCMAKE_INSTALL_PREFIX=/home/shs/ws_moveit/install/moveit_resources_fanuc_description
[0.077s] -- The C compiler identification is GNU 11.4.0
[0.143s] -- The CXX compiler identification is GNU 11.4.0
[0.151s] -- Detecting C compiler ABI info
[0.229s] -- Detecting C compiler ABI info - done
[0.238s] -- Check for working C compiler: /usr/bin/cc - skipped
[0.239s] -- Detecting C compile features
[0.239s] -- Detecting C compile features - done
[0.242s] -- Detecting CXX compiler ABI info
[0.336s] -- Detecting CXX compiler ABI info - done
[0.345s] -- Check for working CXX compiler: /usr/bin/c++ - skipped
[0.345s] -- Detecting CXX compile features
[0.346s] -- Detecting CXX compile features - done
[0.355s] -- Found ament_cmake: 1.3.11 (/opt/ros/humble/share/ament_cmake/cmake)
[0.598s] -- Found Python3: /usr/bin/python3 (found version "3.10.12") found components: Interpreter 
[0.881s] -- Configuring done
[0.884s] -- Generating done
[0.886s] -- Build files have been written to: /home/shs/ws_moveit/build/moveit_resources_fanuc_description
[0.891s] Invoked command in '/home/shs/ws_moveit/build/moveit_resources_fanuc_description' returned '0': CMAKE_PREFIX_PATH=${CMAKE_PREFIX_PATH}:/home/shs/colcon_ws/install/workshopfun:/home/shs/colcon_ws/install/utm_latlon_converter:/home/shs/colcon_ws/install/smarc_nodered:/home/shs/colcon_ws/install/smarc_bt:/home/shs/colcon_ws/install/smarc_bringups:/home/shs/colcon_ws/install/sam_joy_xbox:/home/shs/colcon_ws/install/sam_joy_teleop:/home/shs/colcon_ws/install/sam_diving_controller:/home/shs/colcon_ws/install/sam_dead_reckoning:/home/shs/colcon_ws/install/ros_tcp_endpoint:/home/shs/colcon_ws/install/ros2_python_examples:/home/shs/colcon_ws/install/mqtt_bridge:/home/shs/colcon_ws/install/dubins_planner:/home/shs/colcon_ws/install/drone_dr:/home/shs/colcon_ws/install/basic_go_to_waypoint:/home/shs/colcon_ws/install/basic_depth_pitch_control:/home/shs/colcon_ws/install/auv_detector:/home/shs/ros2_ws/install/turtlebot3_teleop:/home/shs/ros2_ws/install/turtlebot3_follower:/home/shs/ros2_ws/install/turtlebot3_example:/home/shs/ros2_ws/install/autonomous_tb3:/home/shs/ros2_ws/install/turtle_midpoint:/home/shs/ros2_ws/install/secure_control:/home/shs/ros2_ws/install/robot_math:/home/shs/ros2_ws/install/ai_assitance:/home/shs/install/dive_control:/home/shs/install/basic_go_to_waypoint:/home/shs/install/basic_depth_pitch_control:/home/shs/install/autonomous_tb3:/home/shs/install/ai_assitance:/opt/ros/humble /usr/bin/cmake /home/shs/ws_moveit/src/moveit_resources/fanuc_description -DCMAKE_BUILD_TYPE=Release -DCMAKE_INSTALL_PREFIX=/home/shs/ws_moveit/install/moveit_resources_fanuc_description
[0.892s] Invoking command in '/home/shs/ws_moveit/build/moveit_resources_fanuc_description': CMAKE_PREFIX_PATH=${CMAKE_PREFIX_PATH}:/home/shs/colcon_ws/install/workshopfun:/home/shs/colcon_ws/install/utm_latlon_converter:/home/shs/colcon_ws/install/smarc_nodered:/home/shs/colcon_ws/install/smarc_bt:/home/shs/colcon_ws/install/smarc_bringups:/home/shs/colcon_ws/install/sam_joy_xbox:/home/shs/colcon_ws/install/sam_joy_teleop:/home/shs/colcon_ws/install/sam_diving_controller:/home/shs/colcon_ws/install/sam_dead_reckoning:/home/shs/colcon_ws/install/ros_tcp_endpoint:/home/shs/colcon_ws/install/ros2_python_examples:/home/shs/colcon_ws/install/mqtt_bridge:/home/shs/colcon_ws/install/dubins_planner:/home/shs/colcon_ws/install/drone_dr:/home/shs/colcon_ws/install/basic_go_to_waypoint:/home/shs/colcon_ws/install/basic_depth_pitch_control:/home/shs/colcon_ws/install/auv_detector:/home/shs/ros2_ws/install/turtlebot3_teleop:/home/shs/ros2_ws/install/turtlebot3_follower:/home/shs/ros2_ws/install/turtlebot3_example:/home/shs/ros2_ws/install/autonomous_tb3:/home/shs/ros2_ws/install/turtle_midpoint:/home/shs/ros2_ws/install/secure_control:/home/shs/ros2_ws/install/robot_math:/home/shs/ros2_ws/install/ai_assitance:/home/shs/install/dive_control:/home/shs/install/basic_go_to_waypoint:/home/shs/install/basic_depth_pitch_control:/home/shs/install/autonomous_tb3:/home/shs/install/ai_assitance:/opt/ros/humble /usr/bin/cmake --build /home/shs/ws_moveit/build/moveit_resources_fanuc_description -- -j8 -l8
[0.938s] Invoked command in '/home/shs/ws_moveit/build/moveit_resources_fanuc_description' returned '0': CMAKE_PREFIX_PATH=${CMAKE_PREFIX_PATH}:/home/shs/colcon_ws/install/workshopfun:/home/shs/colcon_ws/install/utm_latlon_converter:/home/shs/colcon_ws/install/smarc_nodered:/home/shs/colcon_ws/install/smarc_bt:/home/shs/colcon_ws/install/smarc_bringups:/home/shs/colcon_ws/install/sam_joy_xbox:/home/shs/colcon_ws/install/sam_joy_teleop:/home/shs/colcon_ws/install/sam_diving_controller:/home/shs/colcon_ws/install/sam_dead_reckoning:/home/shs/colcon_ws/install/ros_tcp_endpoint:/home/shs/colcon_ws/install/ros2_python_examples:/home/shs/colcon_ws/install/mqtt_bridge:/home/shs/colcon_ws/install/dubins_planner:/home/shs/colcon_ws/install/drone_dr:/home/shs/colcon_ws/install/basic_go_to_waypoint:/home/shs/colcon_ws/install/basic_depth_pitch_control:/home/shs/colcon_ws/install/auv_detector:/home/shs/ros2_ws/install/turtlebot3_teleop:/home/shs/ros2_ws/install/turtlebot3_follower:/home/shs/ros2_ws/install/turtlebot3_example:/home/shs/ros2_ws/install/autonomous_tb3:/home/shs/ros2_ws/install/turtle_midpoint:/home/shs/ros2_ws/install/secure_control:/home/shs/ros2_ws/install/robot_math:/home/shs/ros2_ws/install/ai_assitance:/home/shs/install/dive_control:/home/shs/install/basic_go_to_waypoint:/home/shs/install/basic_depth_pitch_control:/home/shs/install/autonomous_tb3:/home/shs/install/ai_assitance:/opt/ros/humble /usr/bin/cmake --build /home/shs/ws_moveit/build/moveit_resources_fanuc_description -- -j8 -l8
[0.940s] Invoking command in '/home/shs/ws_moveit/build/moveit_resources_fanuc_description': CMAKE_PREFIX_PATH=${CMAKE_PREFIX_PATH}:/home/shs/colcon_ws/install/workshopfun:/home/shs/colcon_ws/install/utm_latlon_converter:/home/shs/colcon_ws/install/smarc_nodered:/home/shs/colcon_ws/install/smarc_bt:/home/shs/colcon_ws/install/smarc_bringups:/home/shs/colcon_ws/install/sam_joy_xbox:/home/shs/colcon_ws/install/sam_joy_teleop:/home/shs/colcon_ws/install/sam_diving_controller:/home/shs/colcon_ws/install/sam_dead_reckoning:/home/shs/colcon_ws/install/ros_tcp_endpoint:/home/shs/colcon_ws/install/ros2_python_examples:/home/shs/colcon_ws/install/mqtt_bridge:/home/shs/colcon_ws/install/dubins_planner:/home/shs/colcon_ws/install/drone_dr:/home/shs/colcon_ws/install/basic_go_to_waypoint:/home/shs/colcon_ws/install/basic_depth_pitch_control:/home/shs/colcon_ws/install/auv_detector:/home/shs/ros2_ws/install/turtlebot3_teleop:/home/shs/ros2_ws/install/turtlebot3_follower:/home/shs/ros2_ws/install/turtlebot3_example:/home/shs/ros2_ws/install/autonomous_tb3:/home/shs/ros2_ws/install/turtle_midpoint:/home/shs/ros2_ws/install/secure_control:/home/shs/ros2_ws/install/robot_math:/home/shs/ros2_ws/install/ai_assitance:/home/shs/install/dive_control:/home/shs/install/basic_go_to_waypoint:/home/shs/install/basic_depth_pitch_control:/home/shs/install/autonomous_tb3:/home/shs/install/ai_assitance:/opt/ros/humble /usr/bin/cmake --install /home/shs/ws_moveit/build/moveit_resources_fanuc_description
[0.949s] -- Install configuration: "Release"
[0.949s] -- Installing: /home/shs/ws_moveit/install/moveit_resources_fanuc_description/share/ament_index/resource_index/package_run_dependencies/moveit_resources_fanuc_description
[0.949s] -- Installing: /home/shs/ws_moveit/install/moveit_resources_fanuc_description/share/ament_index/resource_index/parent_prefix_path/moveit_resources_fanuc_description
[0.949s] -- Installing: /home/shs/ws_moveit/install/moveit_resources_fanuc_description/share/moveit_resources_fanuc_description/environment/ament_prefix_path.sh
[0.950s] -- Installing: /home/shs/ws_moveit/install/moveit_resources_fanuc_description/share/moveit_resources_fanuc_description/environment/ament_prefix_path.dsv
[0.950s] -- Installing: /home/shs/ws_moveit/install/moveit_resources_fanuc_description/share/moveit_resources_fanuc_description/environment/path.sh
[0.950s] -- Installing: /home/shs/ws_moveit/install/moveit_resources_fanuc_description/share/moveit_resources_fanuc_description/environment/path.dsv
[0.950s] -- Installing: /home/shs/ws_moveit/install/moveit_resources_fanuc_description/share/moveit_resources_fanuc_description/local_setup.bash
[0.950s] -- Installing: /home/shs/ws_moveit/install/moveit_resources_fanuc_description/share/moveit_resources_fanuc_description/local_setup.sh
[0.950s] -- Installing: /home/shs/ws_moveit/install/moveit_resources_fanuc_description/share/moveit_resources_fanuc_description/local_setup.zsh
[0.950s] -- Installing: /home/shs/ws_moveit/install/moveit_resources_fanuc_description/share/moveit_resources_fanuc_description/local_setup.dsv
[0.951s] -- Installing: /home/shs/ws_moveit/install/moveit_resources_fanuc_description/share/moveit_resources_fanuc_description/package.dsv
[0.951s] -- Installing: /home/shs/ws_moveit/install/moveit_resources_fanuc_description/share/ament_index/resource_index/packages/moveit_resources_fanuc_description
[0.951s] -- Installing: /home/shs/ws_moveit/install/moveit_resources_fanuc_description/share/moveit_resources_fanuc_description/cmake/moveit_resources_fanuc_descriptionConfig.cmake
[0.951s] -- Installing: /home/shs/ws_moveit/install/moveit_resources_fanuc_description/share/moveit_resources_fanuc_description/cmake/moveit_resources_fanuc_descriptionConfig-version.cmake
[0.951s] -- Installing: /home/shs/ws_moveit/install/moveit_resources_fanuc_description/share/moveit_resources_fanuc_description/package.xml
[0.951s] -- Installing: /home/shs/ws_moveit/install/moveit_resources_fanuc_description/share/moveit_resources_fanuc_description/meshes
[0.951s] -- Installing: /home/shs/ws_moveit/install/moveit_resources_fanuc_description/share/moveit_resources_fanuc_description/meshes/visual
[0.952s] -- Installing: /home/shs/ws_moveit/install/moveit_resources_fanuc_description/share/moveit_resources_fanuc_description/meshes/visual/link_6.stl
[0.952s] -- Installing: /home/shs/ws_moveit/install/moveit_resources_fanuc_description/share/moveit_resources_fanuc_description/meshes/visual/link_3.stl
[0.952s] -- Installing: /home/shs/ws_moveit/install/moveit_resources_fanuc_description/share/moveit_resources_fanuc_description/meshes/visual/base_link.stl
[0.952s] -- Installing: /home/shs/ws_moveit/install/moveit_resources_fanuc_description/share/moveit_resources_fanuc_description/meshes/visual/link_4.stl
[0.952s] -- Installing: /home/shs/ws_moveit/install/moveit_resources_fanuc_description/share/moveit_resources_fanuc_description/meshes/visual/link_1.stl
[0.952s] -- Installing: /home/shs/ws_moveit/install/moveit_resources_fanuc_description/share/moveit_resources_fanuc_description/meshes/visual/link_5.stl
[0.953s] -- Installing: /home/shs/ws_moveit/install/moveit_resources_fanuc_description/share/moveit_resources_fanuc_description/meshes/visual/link_2.stl
[0.953s] -- Installing: /home/shs/ws_moveit/install/moveit_resources_fanuc_description/share/moveit_resources_fanuc_description/meshes/collision
[0.953s] -- Installing: /home/shs/ws_moveit/install/moveit_resources_fanuc_description/share/moveit_resources_fanuc_description/meshes/collision/link_6.stl
[0.953s] -- Installing: /home/shs/ws_moveit/install/moveit_resources_fanuc_description/share/moveit_resources_fanuc_description/meshes/collision/link_3.stl
[0.953s] -- Installing: /home/shs/ws_moveit/install/moveit_resources_fanuc_description/share/moveit_resources_fanuc_description/meshes/collision/base_link.stl
[0.953s] -- Installing: /home/shs/ws_moveit/install/moveit_resources_fanuc_description/share/moveit_resources_fanuc_description/meshes/collision/link_4.stl
[0.953s] -- Installing: /home/shs/ws_moveit/install/moveit_resources_fanuc_description/share/moveit_resources_fanuc_description/meshes/collision/link_1.stl
[0.954s] -- Installing: /home/shs/ws_moveit/install/moveit_resources_fanuc_description/share/moveit_resources_fanuc_description/meshes/collision/link_5.stl
[0.954s] -- Installing: /home/shs/ws_moveit/install/moveit_resources_fanuc_description/share/moveit_resources_fanuc_description/meshes/collision/link_2.stl
[0.954s] -- Installing: /home/shs/ws_moveit/install/moveit_resources_fanuc_description/share/moveit_resources_fanuc_description/urdf
[0.954s] -- Installing: /home/shs/ws_moveit/install/moveit_resources_fanuc_description/share/moveit_resources_fanuc_description/urdf/fanuc.urdf
[0.956s] Invoked command in '/home/shs/ws_moveit/build/moveit_resources_fanuc_description' returned '0': CMAKE_PREFIX_PATH=${CMAKE_PREFIX_PATH}:/home/shs/colcon_ws/install/workshopfun:/home/shs/colcon_ws/install/utm_latlon_converter:/home/shs/colcon_ws/install/smarc_nodered:/home/shs/colcon_ws/install/smarc_bt:/home/shs/colcon_ws/install/smarc_bringups:/home/shs/colcon_ws/install/sam_joy_xbox:/home/shs/colcon_ws/install/sam_joy_teleop:/home/shs/colcon_ws/install/sam_diving_controller:/home/shs/colcon_ws/install/sam_dead_reckoning:/home/shs/colcon_ws/install/ros_tcp_endpoint:/home/shs/colcon_ws/install/ros2_python_examples:/home/shs/colcon_ws/install/mqtt_bridge:/home/shs/colcon_ws/install/dubins_planner:/home/shs/colcon_ws/install/drone_dr:/home/shs/colcon_ws/install/basic_go_to_waypoint:/home/shs/colcon_ws/install/basic_depth_pitch_control:/home/shs/colcon_ws/install/auv_detector:/home/shs/ros2_ws/install/turtlebot3_teleop:/home/shs/ros2_ws/install/turtlebot3_follower:/home/shs/ros2_ws/install/turtlebot3_example:/home/shs/ros2_ws/install/autonomous_tb3:/home/shs/ros2_ws/install/turtle_midpoint:/home/shs/ros2_ws/install/secure_control:/home/shs/ros2_ws/install/robot_math:/home/shs/ros2_ws/install/ai_assitance:/home/shs/install/dive_control:/home/shs/install/basic_go_to_waypoint:/home/shs/install/basic_depth_pitch_control:/home/shs/install/autonomous_tb3:/home/shs/install/ai_assitance:/opt/ros/humble /usr/bin/cmake --install /home/shs/ws_moveit/build/moveit_resources_fanuc_description
