[0.106s] Invoking command in '/home/shs/ws_moveit/build/moveit_task_constructor_visualization': AMENT_PREFIX_PATH=/home/shs/ws_moveit/install/moveit_task_constructor_core:/home/shs/ws_moveit/install/moveit_planners:/home/shs/ws_moveit/install/pilz_industrial_motion_planner:/home/shs/ws_moveit/install/moveit_ros_visualization:/home/shs/ws_moveit/install/moveit_resources_prbt_pg70_support:/home/shs/ws_moveit/install/moveit_ros_planning_interface:/home/shs/ws_moveit/install/moveit_resources_prbt_moveit_config:/home/shs/ws_moveit/install/moveit_ros_move_group:/home/shs/ws_moveit/install/moveit_ros_warehouse:/home/shs/ws_moveit/install/moveit_ros_robot_interaction:/home/shs/ws_moveit/install/moveit_planners_ompl:/home/shs/ws_moveit/install/moveit_kinematics:/home/shs/ws_moveit/install/moveit_ros_planning:/home/shs/ws_moveit/install/moveit_planners_chomp:/home/shs/ws_moveit/install/pilz_industrial_motion_planner_testutils:/home/shs/ws_moveit/install/moveit_simple_controller_manager:/home/shs/ws_moveit/install/moveit_ros_occupancy_map_monitor:/home/shs/ws_moveit/install/moveit_resources_prbt_ikfast_manipulator_plugin:/home/shs/ws_moveit/install/chomp_motion_planner:/home/shs/ws_moveit/install/moveit_core:/home/shs/ws_moveit/install/rviz_marker_tools:/home/shs/ws_moveit/install/moveit_resources_panda_moveit_config:/home/shs/ws_moveit/install/moveit_resources_fanuc_moveit_config:/home/shs/ws_moveit/install/moveit_configs_utils:/home/shs/ws_moveit/install/srdfdom:/home/shs/ws_moveit/install/moveit_task_constructor_msgs:/home/shs/ws_moveit/install/moveit_resources_prbt_support:/home/shs/ws_moveit/install/moveit_resources_pr2_description:/home/shs/ws_moveit/install/moveit_resources_panda_description:/home/shs/ws_moveit/install/moveit_resources_fanuc_description:/home/shs/ws_moveit/install/moveit_common:/home/shs/ws_moveit/install/launch_param_builder:${AMENT_PREFIX_PATH} CMAKE_MODULE_PATH=/home/shs/ws_moveit/install/moveit_task_constructor_core/share/moveit_task_constructor_core/cmake CMAKE_PREFIX_PATH=/home/shs/ws_moveit/install/moveit_task_constructor_core:/home/shs/ws_moveit/install/moveit_planners:/home/shs/ws_moveit/install/pilz_industrial_motion_planner:/home/shs/ws_moveit/install/moveit_ros_visualization:/home/shs/ws_moveit/install/moveit_resources_prbt_pg70_support:/home/shs/ws_moveit/install/moveit_ros_planning_interface:/home/shs/ws_moveit/install/moveit_resources_prbt_moveit_config:/home/shs/ws_moveit/install/moveit_ros_move_group:/home/shs/ws_moveit/install/moveit_ros_warehouse:/home/shs/ws_moveit/install/moveit_ros_robot_interaction:/home/shs/ws_moveit/install/moveit_planners_ompl:/home/shs/ws_moveit/install/moveit_kinematics:/home/shs/ws_moveit/install/moveit_ros_planning:/home/shs/ws_moveit/install/moveit_planners_chomp:/home/shs/ws_moveit/install/pilz_industrial_motion_planner_testutils:/home/shs/ws_moveit/install/moveit_simple_controller_manager:/home/shs/ws_moveit/install/moveit_ros_occupancy_map_monitor:/home/shs/ws_moveit/install/moveit_resources_prbt_ikfast_manipulator_plugin:/home/shs/ws_moveit/install/chomp_motion_planner:/home/shs/ws_moveit/install/moveit_core:/home/shs/ws_moveit/install/rviz_marker_tools:/home/shs/ws_moveit/install/moveit_resources_panda_moveit_config:/home/shs/ws_moveit/install/moveit_resources_fanuc_moveit_config:/home/shs/ws_moveit/install/srdfdom:/home/shs/ws_moveit/install/moveit_task_constructor_msgs:/home/shs/ws_moveit/install/moveit_resources_prbt_support:/home/shs/ws_moveit/install/moveit_resources_pr2_description:/home/shs/ws_moveit/install/moveit_resources_panda_description:/home/shs/ws_moveit/install/moveit_resources_fanuc_description:/home/shs/ws_moveit/install/moveit_common:/home/shs/ws_moveit/install/rosparam_shortcuts:/home/shs/ws_moveit/install/hello_moveit:/home/shs/colcon_ws/install/tf_convenience_topics:/home/shs/colcon_ws/install/sss_viewer:/home/shs/colcon_ws/install/sam_basic_controllers:/home/shs/colcon_ws/install/lolo_description:/home/shs/colcon_ws/install/smarc_msgs:/home/shs/colcon_ws/install/smarc_mission_msgs:/home/shs/colcon_ws/install/smarc_control_msgs:/home/shs/colcon_ws/install/sam_msgs:/home/shs/colcon_ws/install/sam_graph_slam_2_msgs:/home/shs/colcon_ws/install/sam_description:/home/shs/colcon_ws/install/lolo_msgs:/home/shs/colcon_ws/install/drone_msgs:/home/shs/colcon_ws/install/dead_reckoning_msgs:/home/shs/ros2_ws/install/turtlebot3_navigation2:/home/shs/ros2_ws/install/turtlebot3_gazebo:/home/shs/ros2_ws/install/turtlebot3_description:/home/shs/ros2_ws/install/turtlebot3_cartographer:/home/shs/ros2_ws/install/transforms:/home/shs/ros2_ws/install/point_cloud_perception:/home/shs/ros2_ws/install/nodes:/home/shs/ros2_ws/install/navigation_tb3:/home/shs/colcon_ws/install/workshopfun:/home/shs/colcon_ws/install/utm_latlon_converter:/home/shs/colcon_ws/install/smarc_nodered:/home/shs/colcon_ws/install/smarc_bt:/home/shs/colcon_ws/install/smarc_bringups:/home/shs/colcon_ws/install/sam_joy_xbox:/home/shs/colcon_ws/install/sam_joy_teleop:/home/shs/colcon_ws/install/sam_diving_controller:/home/shs/colcon_ws/install/sam_dead_reckoning:/home/shs/colcon_ws/install/ros_tcp_endpoint:/home/shs/colcon_ws/install/ros2_python_examples:/home/shs/colcon_ws/install/mqtt_bridge:/home/shs/colcon_ws/install/dubins_planner:/home/shs/colcon_ws/install/drone_dr:/home/shs/colcon_ws/install/basic_go_to_waypoint:/home/shs/colcon_ws/install/basic_depth_pitch_control:/home/shs/colcon_ws/install/auv_detector:/home/shs/ros2_ws/install/turtlebot3_teleop:/home/shs/ros2_ws/install/turtlebot3_follower:/home/shs/ros2_ws/install/turtlebot3_example:/home/shs/ros2_ws/install/autonomous_tb3:/home/shs/ros2_ws/install/turtle_midpoint:/home/shs/ros2_ws/install/secure_control:/home/shs/ros2_ws/install/robot_math:/home/shs/ros2_ws/install/ai_assitance:/home/shs/install/dive_control:/home/shs/install/basic_go_to_waypoint:/home/shs/install/basic_depth_pitch_control:/home/shs/install/autonomous_tb3:/home/shs/install/ai_assitance:/opt/ros/humble LD_LIBRARY_PATH=/home/shs/ws_moveit/install/moveit_task_constructor_core/lib:/home/shs/ws_moveit/install/pilz_industrial_motion_planner/lib:/home/shs/ws_moveit/install/moveit_ros_visualization/lib:/home/shs/ws_moveit/install/moveit_ros_planning_interface/lib:/home/shs/ws_moveit/install/moveit_ros_move_group/lib:/home/shs/ws_moveit/install/moveit_ros_warehouse/lib:/home/shs/ws_moveit/install/moveit_ros_robot_interaction/lib:/home/shs/ws_moveit/install/moveit_planners_ompl/lib:/home/shs/ws_moveit/install/moveit_kinematics/lib:/home/shs/ws_moveit/install/moveit_ros_planning/lib:/home/shs/ws_moveit/install/moveit_planners_chomp/lib:/home/shs/ws_moveit/install/pilz_industrial_motion_planner_testutils/lib:/home/shs/ws_moveit/install/moveit_simple_controller_manager/lib:/home/shs/ws_moveit/install/moveit_ros_occupancy_map_monitor/lib:/home/shs/ws_moveit/install/moveit_resources_prbt_ikfast_manipulator_plugin/lib:/home/shs/ws_moveit/install/chomp_motion_planner/lib:/home/shs/ws_moveit/install/moveit_core/lib:/home/shs/ws_moveit/install/rviz_marker_tools/lib:/home/shs/ws_moveit/install/srdfdom/lib:/home/shs/ws_moveit/install/moveit_task_constructor_msgs/lib:${LD_LIBRARY_PATH} PATH=/home/shs/ws_moveit/install/moveit_core/bin:${PATH} PYTHONPATH=/home/shs/ws_moveit/install/moveit_task_constructor_core/local/lib/python3.10/dist-packages:/home/shs/ws_moveit/install/moveit_configs_utils/lib/python3.10/site-packages:/home/shs/ws_moveit/install/srdfdom/local/lib/python3.10/dist-packages:/home/shs/ws_moveit/install/moveit_task_constructor_msgs/local/lib/python3.10/dist-packages:/home/shs/ws_moveit/install/launch_param_builder/lib/python3.10/site-packages:${PYTHONPATH} /usr/bin/cmake /home/shs/ws_moveit/src/moveit_task_constructor/visualization -DCMAKE_BUILD_TYPE=Release -DCMAKE_INSTALL_PREFIX=/home/shs/ws_moveit/install/moveit_task_constructor_visualization
[0.186s] -- The C compiler identification is GNU 11.4.0
[0.256s] -- The CXX compiler identification is GNU 11.4.0
[0.265s] -- Detecting C compiler ABI info
[0.359s] -- Detecting C compiler ABI info - done
[0.368s] -- Check for working C compiler: /usr/bin/cc - skipped
[0.368s] -- Detecting C compile features
[0.368s] -- Detecting C compile features - done
[0.371s] -- Detecting CXX compiler ABI info
[0.482s] -- Detecting CXX compiler ABI info - done
[0.490s] -- Check for working CXX compiler: /usr/bin/c++ - skipped
[0.490s] -- Detecting CXX compile features
[0.491s] -- Detecting CXX compile features - done
[0.503s] -- Found ament_cmake: 1.3.11 (/opt/ros/humble/share/ament_cmake/cmake)
[0.768s] -- Found Python3: /usr/bin/python3 (found version "3.10.12") found components: Interpreter 
[1.051s] -- Found Boost: /usr/lib/x86_64-linux-gnu/cmake/Boost-1.74.0/BoostConfig.cmake (found version "1.74.0")  
[1.055s] -- Found moveit_common: 2.5.8 (/home/shs/ws_moveit/install/moveit_common/share/moveit_common/cmake)
[1.188s] -- Found moveit_core: 2.5.8 (/home/shs/ws_moveit/install/moveit_core/share/moveit_core/cmake)
[1.588s] -- Found Boost: /usr/lib/x86_64-linux-gnu/cmake/Boost-1.74.0/BoostConfig.cmake (found version "1.74.0") found components: chrono date_time filesystem iostreams program_options regex serialization system thread 
[1.754s] -- Found parameter_traits: 0.4.0 (/opt/ros/humble/share/parameter_traits/cmake)
[1.908s] -- Found rosidl_generator_c: 3.1.6 (/opt/ros/humble/share/rosidl_generator_c/cmake)
[1.932s] -- Found rosidl_adapter: 3.1.6 (/opt/ros/humble/share/rosidl_adapter/cmake)
[1.960s] -- Found rosidl_generator_cpp: 3.1.6 (/opt/ros/humble/share/rosidl_generator_cpp/cmake)
[1.996s] -- Using all available rosidl_typesupport_c: rosidl_typesupport_fastrtps_c;rosidl_typesupport_introspection_c
[2.046s] -- Using all available rosidl_typesupport_cpp: rosidl_typesupport_fastrtps_cpp;rosidl_typesupport_introspection_cpp
[2.199s] -- Found rmw_implementation_cmake: 6.1.2 (/opt/ros/humble/share/rmw_implementation_cmake/cmake)
[2.215s] -- Found rmw_fastrtps_cpp: 6.2.7 (/opt/ros/humble/share/rmw_fastrtps_cpp/cmake)
[2.397s] -- Found OpenSSL: /usr/lib/x86_64-linux-gnu/libcrypto.so (found version "3.0.2")  
[2.439s] -- Found FastRTPS: /opt/ros/humble/include  
[2.510s] -- Using RMW implementation 'rmw_fastrtps_cpp' as default
[2.548s] -- Found Threads: TRUE  
[2.669s] -- Found Eigen3: TRUE (found version "3.4.0") 
[2.681s] -- Found rclcpp_lifecycle: 16.0.12 (/opt/ros/humble/share/rclcpp_lifecycle/cmake)
[2.736s] -- Found Boost: /usr/lib/x86_64-linux-gnu/cmake/Boost-1.74.0/BoostConfig.cmake (found version "1.74.0") found components: filesystem 
[2.943s] -- library: /usr/lib/x86_64-linux-gnu/libcurl.so
[3.074s] -- Ensuring Eigen3 include directory is part of orocos-kdl CMake target
[3.591s] -- Found moveit_ros_visualization: 2.5.8 (/home/shs/ws_moveit/install/moveit_ros_visualization/share/moveit_ros_visualization/cmake)
[3.596s] -- Found Boost: /usr/lib/x86_64-linux-gnu/cmake/Boost-1.74.0/BoostConfig.cmake (found version "1.74.0") found components: thread date_time system filesystem 
[3.621s] -- Found Boost: /usr/lib/x86_64-linux-gnu/cmake/Boost-1.74.0/BoostConfig.cmake (found version "1.74.0") found components: system filesystem date_time program_options thread chrono 
[3.656s] -- Found Boost: /usr/lib/x86_64-linux-gnu/cmake/Boost-1.74.0/BoostConfig.cmake (found version "1.74.0") found components: date_time filesystem program_options system thread 
[3.672s] -- Found Boost: /usr/lib/x86_64-linux-gnu/cmake/Boost-1.74.0/BoostConfig.cmake (found version "1.74.0") found components: thread system filesystem regex date_time program_options 
[3.705s] -- Found Boost: /usr/lib/x86_64-linux-gnu/cmake/Boost-1.74.0/BoostConfig.cmake (found version "1.74.0") found components: system filesystem date_time program_options thread 
[3.808s] -- Setting OGRE_DIR to: '/opt/ros/humble/share/rviz_ogre_vendor/cmake/../../../opt/rviz_ogre_vendor/lib/OGRE/cmake'
[3.809s] -- Found OGRE
[3.809s] --   static     : OFF
[3.809s] --   components : HLMS;MeshLodGenerator;Overlay;Paging;Property;RTShaderSystem;Terrain;Volume
[3.809s] --   plugins    : Plugin_BSPSceneManager;Plugin_OctreeSceneManager;Plugin_PCZSceneManager;Plugin_ParticleFX;RenderSystem_GL;RenderSystem_GL3Plus;Codec_STBI
[3.809s] --   media      : /opt/ros/humble/opt/rviz_ogre_vendor/share/OGRE/Media
[3.809s] -- OGRE_LIBRARIES: OgreHLMS;OgreMeshLodGenerator;OgreOverlay;OgrePaging;OgreProperty;OgreRTShaderSystem;OgreTerrain;OgreVolume;OgreMain
[3.809s] -- OGRE_LIBRARY_DIRS: /opt/ros/humble/opt/rviz_ogre_vendor/lib
[3.810s] -- OGRE_PLUGINS: Plugin_BSPSceneManager;Plugin_OctreeSceneManager;Plugin_PCZSceneManager;Plugin_ParticleFX;RenderSystem_GL;RenderSystem_GL3Plus;Codec_STBI
[3.810s] -- OGRE_PLUGIN_DIR: /opt/ros/humble/opt/rviz_ogre_vendor/lib/OGRE
[3.810s] -- rviz_ogre_vendor::OgreOverlay for IMPORTED_LOCATION_RELEASE: /opt/ros/humble/opt/rviz_ogre_vendor/lib/libOgreOverlay.so
[3.810s] -- rviz_ogre_vendor::OgreOverlay for IMPORTED_LOCATION_DEBUG: /opt/ros/humble/opt/rviz_ogre_vendor/lib/libOgreOverlay.so
[3.810s] -- rviz_ogre_vendor::OgreMain for IMPORTED_LOCATION_RELEASE: /opt/ros/humble/opt/rviz_ogre_vendor/lib/libOgreMain.so
[3.810s] -- rviz_ogre_vendor::OgreMain for IMPORTED_LOCATION_DEBUG: /opt/ros/humble/opt/rviz_ogre_vendor/lib/libOgreMain.so
[3.849s] -- Found ZLIB: /usr/lib/x86_64-linux-gnu/libz.so (found version "1.2.11") 
[3.861s] -- Found OpenGL: /usr/lib/x86_64-linux-gnu/libOpenGL.so   
[4.038s] -- Found X11: /usr/include   
[4.039s] -- Looking for XOpenDisplay in /usr/lib/x86_64-linux-gnu/libX11.so;/usr/lib/x86_64-linux-gnu/libXext.so
[4.180s] -- Looking for XOpenDisplay in /usr/lib/x86_64-linux-gnu/libX11.so;/usr/lib/x86_64-linux-gnu/libXext.so - found
[4.180s] -- Looking for gethostbyname
[4.336s] -- Looking for gethostbyname - found
[4.336s] -- Looking for connect
[4.473s] -- Looking for connect - found
[4.474s] -- Looking for remove
[4.611s] -- Looking for remove - found
[4.612s] -- Looking for shmat
[4.751s] -- Looking for shmat - found
[4.752s] -- Looking for IceConnectionNumber in ICE
[4.899s] -- Looking for IceConnectionNumber in ICE - found
[4.971s] -- Setting assimp_DIR to: '/opt/ros/humble/share/rviz_assimp_vendor/cmake/../../../opt/rviz_assimp_vendor/lib/cmake/assimp-4.1'
[5.148s] -- Found moveit_task_constructor_core: 0.1.3 (/home/shs/ws_moveit/install/moveit_task_constructor_core/share/moveit_task_constructor_core/cmake)
[5.283s] -- Found PkgConfig: /usr/bin/pkg-config (found version "0.29.2") 
[5.284s] -- Checking for module 'yaml-0.1'
[5.310s] --   Found yaml-0.1, version 0.2.2
[5.388s] -- Found ament_cmake_gtest: 1.3.11 (/opt/ros/humble/share/ament_cmake_gtest/cmake)
[5.400s] -- Found ament_cmake_gmock: 1.3.11 (/opt/ros/humble/share/ament_cmake_gmock/cmake)
[5.411s] -- Found launch_testing_ament_cmake: 1.0.8 (/opt/ros/humble/share/launch_testing_ament_cmake/cmake)
[5.422s] -- Found python_cmake_module: 0.10.0 (/opt/ros/humble/share/python_cmake_module/cmake)
[5.460s] -- Found PythonInterp: /usr/bin/python3 (found suitable version "3.10.12", minimum required is "3.6") 
[5.471s] -- Found PythonLibs: /usr/lib/x86_64-linux-gnu/libpython3.10.so (found suitable version "3.10.12", minimum required is "3.5") 
[5.471s] -- Using PYTHON_EXECUTABLE: /usr/bin/python3
[5.471s] -- Using PYTHON_INCLUDE_DIRS: /usr/include/python3.10
[5.471s] -- Using PYTHON_LIBRARIES: /usr/lib/x86_64-linux-gnu/libpython3.10.so
[5.507s] -- Found PythonExtra: .so  
[5.519s] -- Found gtest sources under '/opt/ros/humble/src/gtest_vendor': C++ tests using 'Google Test' will be built
[5.537s] -- Found gmock sources under '/opt/ros/humble/src/gmock_vendor': C++ tests using 'Google Mock' will be built
[5.549s] -- Configuring done
[5.873s] -- Generating done
[5.912s] -- Build files have been written to: /home/shs/ws_moveit/build/moveit_task_constructor_visualization
[5.943s] Invoked command in '/home/shs/ws_moveit/build/moveit_task_constructor_visualization' returned '0': AMENT_PREFIX_PATH=/home/shs/ws_moveit/install/moveit_task_constructor_core:/home/shs/ws_moveit/install/moveit_planners:/home/shs/ws_moveit/install/pilz_industrial_motion_planner:/home/shs/ws_moveit/install/moveit_ros_visualization:/home/shs/ws_moveit/install/moveit_resources_prbt_pg70_support:/home/shs/ws_moveit/install/moveit_ros_planning_interface:/home/shs/ws_moveit/install/moveit_resources_prbt_moveit_config:/home/shs/ws_moveit/install/moveit_ros_move_group:/home/shs/ws_moveit/install/moveit_ros_warehouse:/home/shs/ws_moveit/install/moveit_ros_robot_interaction:/home/shs/ws_moveit/install/moveit_planners_ompl:/home/shs/ws_moveit/install/moveit_kinematics:/home/shs/ws_moveit/install/moveit_ros_planning:/home/shs/ws_moveit/install/moveit_planners_chomp:/home/shs/ws_moveit/install/pilz_industrial_motion_planner_testutils:/home/shs/ws_moveit/install/moveit_simple_controller_manager:/home/shs/ws_moveit/install/moveit_ros_occupancy_map_monitor:/home/shs/ws_moveit/install/moveit_resources_prbt_ikfast_manipulator_plugin:/home/shs/ws_moveit/install/chomp_motion_planner:/home/shs/ws_moveit/install/moveit_core:/home/shs/ws_moveit/install/rviz_marker_tools:/home/shs/ws_moveit/install/moveit_resources_panda_moveit_config:/home/shs/ws_moveit/install/moveit_resources_fanuc_moveit_config:/home/shs/ws_moveit/install/moveit_configs_utils:/home/shs/ws_moveit/install/srdfdom:/home/shs/ws_moveit/install/moveit_task_constructor_msgs:/home/shs/ws_moveit/install/moveit_resources_prbt_support:/home/shs/ws_moveit/install/moveit_resources_pr2_description:/home/shs/ws_moveit/install/moveit_resources_panda_description:/home/shs/ws_moveit/install/moveit_resources_fanuc_description:/home/shs/ws_moveit/install/moveit_common:/home/shs/ws_moveit/install/launch_param_builder:${AMENT_PREFIX_PATH} CMAKE_MODULE_PATH=/home/shs/ws_moveit/install/moveit_task_constructor_core/share/moveit_task_constructor_core/cmake CMAKE_PREFIX_PATH=/home/shs/ws_moveit/install/moveit_task_constructor_core:/home/shs/ws_moveit/install/moveit_planners:/home/shs/ws_moveit/install/pilz_industrial_motion_planner:/home/shs/ws_moveit/install/moveit_ros_visualization:/home/shs/ws_moveit/install/moveit_resources_prbt_pg70_support:/home/shs/ws_moveit/install/moveit_ros_planning_interface:/home/shs/ws_moveit/install/moveit_resources_prbt_moveit_config:/home/shs/ws_moveit/install/moveit_ros_move_group:/home/shs/ws_moveit/install/moveit_ros_warehouse:/home/shs/ws_moveit/install/moveit_ros_robot_interaction:/home/shs/ws_moveit/install/moveit_planners_ompl:/home/shs/ws_moveit/install/moveit_kinematics:/home/shs/ws_moveit/install/moveit_ros_planning:/home/shs/ws_moveit/install/moveit_planners_chomp:/home/shs/ws_moveit/install/pilz_industrial_motion_planner_testutils:/home/shs/ws_moveit/install/moveit_simple_controller_manager:/home/shs/ws_moveit/install/moveit_ros_occupancy_map_monitor:/home/shs/ws_moveit/install/moveit_resources_prbt_ikfast_manipulator_plugin:/home/shs/ws_moveit/install/chomp_motion_planner:/home/shs/ws_moveit/install/moveit_core:/home/shs/ws_moveit/install/rviz_marker_tools:/home/shs/ws_moveit/install/moveit_resources_panda_moveit_config:/home/shs/ws_moveit/install/moveit_resources_fanuc_moveit_config:/home/shs/ws_moveit/install/srdfdom:/home/shs/ws_moveit/install/moveit_task_constructor_msgs:/home/shs/ws_moveit/install/moveit_resources_prbt_support:/home/shs/ws_moveit/install/moveit_resources_pr2_description:/home/shs/ws_moveit/install/moveit_resources_panda_description:/home/shs/ws_moveit/install/moveit_resources_fanuc_description:/home/shs/ws_moveit/install/moveit_common:/home/shs/ws_moveit/install/rosparam_shortcuts:/home/shs/ws_moveit/install/hello_moveit:/home/shs/colcon_ws/install/tf_convenience_topics:/home/shs/colcon_ws/install/sss_viewer:/home/shs/colcon_ws/install/sam_basic_controllers:/home/shs/colcon_ws/install/lolo_description:/home/shs/colcon_ws/install/smarc_msgs:/home/shs/colcon_ws/install/smarc_mission_msgs:/home/shs/colcon_ws/install/smarc_control_msgs:/home/shs/colcon_ws/install/sam_msgs:/home/shs/colcon_ws/install/sam_graph_slam_2_msgs:/home/shs/colcon_ws/install/sam_description:/home/shs/colcon_ws/install/lolo_msgs:/home/shs/colcon_ws/install/drone_msgs:/home/shs/colcon_ws/install/dead_reckoning_msgs:/home/shs/ros2_ws/install/turtlebot3_navigation2:/home/shs/ros2_ws/install/turtlebot3_gazebo:/home/shs/ros2_ws/install/turtlebot3_description:/home/shs/ros2_ws/install/turtlebot3_cartographer:/home/shs/ros2_ws/install/transforms:/home/shs/ros2_ws/install/point_cloud_perception:/home/shs/ros2_ws/install/nodes:/home/shs/ros2_ws/install/navigation_tb3:/home/shs/colcon_ws/install/workshopfun:/home/shs/colcon_ws/install/utm_latlon_converter:/home/shs/colcon_ws/install/smarc_nodered:/home/shs/colcon_ws/install/smarc_bt:/home/shs/colcon_ws/install/smarc_bringups:/home/shs/colcon_ws/install/sam_joy_xbox:/home/shs/colcon_ws/install/sam_joy_teleop:/home/shs/colcon_ws/install/sam_diving_controller:/home/shs/colcon_ws/install/sam_dead_reckoning:/home/shs/colcon_ws/install/ros_tcp_endpoint:/home/shs/colcon_ws/install/ros2_python_examples:/home/shs/colcon_ws/install/mqtt_bridge:/home/shs/colcon_ws/install/dubins_planner:/home/shs/colcon_ws/install/drone_dr:/home/shs/colcon_ws/install/basic_go_to_waypoint:/home/shs/colcon_ws/install/basic_depth_pitch_control:/home/shs/colcon_ws/install/auv_detector:/home/shs/ros2_ws/install/turtlebot3_teleop:/home/shs/ros2_ws/install/turtlebot3_follower:/home/shs/ros2_ws/install/turtlebot3_example:/home/shs/ros2_ws/install/autonomous_tb3:/home/shs/ros2_ws/install/turtle_midpoint:/home/shs/ros2_ws/install/secure_control:/home/shs/ros2_ws/install/robot_math:/home/shs/ros2_ws/install/ai_assitance:/home/shs/install/dive_control:/home/shs/install/basic_go_to_waypoint:/home/shs/install/basic_depth_pitch_control:/home/shs/install/autonomous_tb3:/home/shs/install/ai_assitance:/opt/ros/humble LD_LIBRARY_PATH=/home/shs/ws_moveit/install/moveit_task_constructor_core/lib:/home/shs/ws_moveit/install/pilz_industrial_motion_planner/lib:/home/shs/ws_moveit/install/moveit_ros_visualization/lib:/home/shs/ws_moveit/install/moveit_ros_planning_interface/lib:/home/shs/ws_moveit/install/moveit_ros_move_group/lib:/home/shs/ws_moveit/install/moveit_ros_warehouse/lib:/home/shs/ws_moveit/install/moveit_ros_robot_interaction/lib:/home/shs/ws_moveit/install/moveit_planners_ompl/lib:/home/shs/ws_moveit/install/moveit_kinematics/lib:/home/shs/ws_moveit/install/moveit_ros_planning/lib:/home/shs/ws_moveit/install/moveit_planners_chomp/lib:/home/shs/ws_moveit/install/pilz_industrial_motion_planner_testutils/lib:/home/shs/ws_moveit/install/moveit_simple_controller_manager/lib:/home/shs/ws_moveit/install/moveit_ros_occupancy_map_monitor/lib:/home/shs/ws_moveit/install/moveit_resources_prbt_ikfast_manipulator_plugin/lib:/home/shs/ws_moveit/install/chomp_motion_planner/lib:/home/shs/ws_moveit/install/moveit_core/lib:/home/shs/ws_moveit/install/rviz_marker_tools/lib:/home/shs/ws_moveit/install/srdfdom/lib:/home/shs/ws_moveit/install/moveit_task_constructor_msgs/lib:${LD_LIBRARY_PATH} PATH=/home/shs/ws_moveit/install/moveit_core/bin:${PATH} PYTHONPATH=/home/shs/ws_moveit/install/moveit_task_constructor_core/local/lib/python3.10/dist-packages:/home/shs/ws_moveit/install/moveit_configs_utils/lib/python3.10/site-packages:/home/shs/ws_moveit/install/srdfdom/local/lib/python3.10/dist-packages:/home/shs/ws_moveit/install/moveit_task_constructor_msgs/local/lib/python3.10/dist-packages:/home/shs/ws_moveit/install/launch_param_builder/lib/python3.10/site-packages:${PYTHONPATH} /usr/bin/cmake /home/shs/ws_moveit/src/moveit_task_constructor/visualization -DCMAKE_BUILD_TYPE=Release -DCMAKE_INSTALL_PREFIX=/home/shs/ws_moveit/install/moveit_task_constructor_visualization
[5.951s] Invoking command in '/home/shs/ws_moveit/build/moveit_task_constructor_visualization': AMENT_PREFIX_PATH=/home/shs/ws_moveit/install/moveit_task_constructor_core:/home/shs/ws_moveit/install/moveit_planners:/home/shs/ws_moveit/install/pilz_industrial_motion_planner:/home/shs/ws_moveit/install/moveit_ros_visualization:/home/shs/ws_moveit/install/moveit_resources_prbt_pg70_support:/home/shs/ws_moveit/install/moveit_ros_planning_interface:/home/shs/ws_moveit/install/moveit_resources_prbt_moveit_config:/home/shs/ws_moveit/install/moveit_ros_move_group:/home/shs/ws_moveit/install/moveit_ros_warehouse:/home/shs/ws_moveit/install/moveit_ros_robot_interaction:/home/shs/ws_moveit/install/moveit_planners_ompl:/home/shs/ws_moveit/install/moveit_kinematics:/home/shs/ws_moveit/install/moveit_ros_planning:/home/shs/ws_moveit/install/moveit_planners_chomp:/home/shs/ws_moveit/install/pilz_industrial_motion_planner_testutils:/home/shs/ws_moveit/install/moveit_simple_controller_manager:/home/shs/ws_moveit/install/moveit_ros_occupancy_map_monitor:/home/shs/ws_moveit/install/moveit_resources_prbt_ikfast_manipulator_plugin:/home/shs/ws_moveit/install/chomp_motion_planner:/home/shs/ws_moveit/install/moveit_core:/home/shs/ws_moveit/install/rviz_marker_tools:/home/shs/ws_moveit/install/moveit_resources_panda_moveit_config:/home/shs/ws_moveit/install/moveit_resources_fanuc_moveit_config:/home/shs/ws_moveit/install/moveit_configs_utils:/home/shs/ws_moveit/install/srdfdom:/home/shs/ws_moveit/install/moveit_task_constructor_msgs:/home/shs/ws_moveit/install/moveit_resources_prbt_support:/home/shs/ws_moveit/install/moveit_resources_pr2_description:/home/shs/ws_moveit/install/moveit_resources_panda_description:/home/shs/ws_moveit/install/moveit_resources_fanuc_description:/home/shs/ws_moveit/install/moveit_common:/home/shs/ws_moveit/install/launch_param_builder:${AMENT_PREFIX_PATH} CMAKE_MODULE_PATH=/home/shs/ws_moveit/install/moveit_task_constructor_core/share/moveit_task_constructor_core/cmake CMAKE_PREFIX_PATH=/home/shs/ws_moveit/install/moveit_task_constructor_core:/home/shs/ws_moveit/install/moveit_planners:/home/shs/ws_moveit/install/pilz_industrial_motion_planner:/home/shs/ws_moveit/install/moveit_ros_visualization:/home/shs/ws_moveit/install/moveit_resources_prbt_pg70_support:/home/shs/ws_moveit/install/moveit_ros_planning_interface:/home/shs/ws_moveit/install/moveit_resources_prbt_moveit_config:/home/shs/ws_moveit/install/moveit_ros_move_group:/home/shs/ws_moveit/install/moveit_ros_warehouse:/home/shs/ws_moveit/install/moveit_ros_robot_interaction:/home/shs/ws_moveit/install/moveit_planners_ompl:/home/shs/ws_moveit/install/moveit_kinematics:/home/shs/ws_moveit/install/moveit_ros_planning:/home/shs/ws_moveit/install/moveit_planners_chomp:/home/shs/ws_moveit/install/pilz_industrial_motion_planner_testutils:/home/shs/ws_moveit/install/moveit_simple_controller_manager:/home/shs/ws_moveit/install/moveit_ros_occupancy_map_monitor:/home/shs/ws_moveit/install/moveit_resources_prbt_ikfast_manipulator_plugin:/home/shs/ws_moveit/install/chomp_motion_planner:/home/shs/ws_moveit/install/moveit_core:/home/shs/ws_moveit/install/rviz_marker_tools:/home/shs/ws_moveit/install/moveit_resources_panda_moveit_config:/home/shs/ws_moveit/install/moveit_resources_fanuc_moveit_config:/home/shs/ws_moveit/install/srdfdom:/home/shs/ws_moveit/install/moveit_task_constructor_msgs:/home/shs/ws_moveit/install/moveit_resources_prbt_support:/home/shs/ws_moveit/install/moveit_resources_pr2_description:/home/shs/ws_moveit/install/moveit_resources_panda_description:/home/shs/ws_moveit/install/moveit_resources_fanuc_description:/home/shs/ws_moveit/install/moveit_common:/home/shs/ws_moveit/install/rosparam_shortcuts:/home/shs/ws_moveit/install/hello_moveit:/home/shs/colcon_ws/install/tf_convenience_topics:/home/shs/colcon_ws/install/sss_viewer:/home/shs/colcon_ws/install/sam_basic_controllers:/home/shs/colcon_ws/install/lolo_description:/home/shs/colcon_ws/install/smarc_msgs:/home/shs/colcon_ws/install/smarc_mission_msgs:/home/shs/colcon_ws/install/smarc_control_msgs:/home/shs/colcon_ws/install/sam_msgs:/home/shs/colcon_ws/install/sam_graph_slam_2_msgs:/home/shs/colcon_ws/install/sam_description:/home/shs/colcon_ws/install/lolo_msgs:/home/shs/colcon_ws/install/drone_msgs:/home/shs/colcon_ws/install/dead_reckoning_msgs:/home/shs/ros2_ws/install/turtlebot3_navigation2:/home/shs/ros2_ws/install/turtlebot3_gazebo:/home/shs/ros2_ws/install/turtlebot3_description:/home/shs/ros2_ws/install/turtlebot3_cartographer:/home/shs/ros2_ws/install/transforms:/home/shs/ros2_ws/install/point_cloud_perception:/home/shs/ros2_ws/install/nodes:/home/shs/ros2_ws/install/navigation_tb3:/home/shs/colcon_ws/install/workshopfun:/home/shs/colcon_ws/install/utm_latlon_converter:/home/shs/colcon_ws/install/smarc_nodered:/home/shs/colcon_ws/install/smarc_bt:/home/shs/colcon_ws/install/smarc_bringups:/home/shs/colcon_ws/install/sam_joy_xbox:/home/shs/colcon_ws/install/sam_joy_teleop:/home/shs/colcon_ws/install/sam_diving_controller:/home/shs/colcon_ws/install/sam_dead_reckoning:/home/shs/colcon_ws/install/ros_tcp_endpoint:/home/shs/colcon_ws/install/ros2_python_examples:/home/shs/colcon_ws/install/mqtt_bridge:/home/shs/colcon_ws/install/dubins_planner:/home/shs/colcon_ws/install/drone_dr:/home/shs/colcon_ws/install/basic_go_to_waypoint:/home/shs/colcon_ws/install/basic_depth_pitch_control:/home/shs/colcon_ws/install/auv_detector:/home/shs/ros2_ws/install/turtlebot3_teleop:/home/shs/ros2_ws/install/turtlebot3_follower:/home/shs/ros2_ws/install/turtlebot3_example:/home/shs/ros2_ws/install/autonomous_tb3:/home/shs/ros2_ws/install/turtle_midpoint:/home/shs/ros2_ws/install/secure_control:/home/shs/ros2_ws/install/robot_math:/home/shs/ros2_ws/install/ai_assitance:/home/shs/install/dive_control:/home/shs/install/basic_go_to_waypoint:/home/shs/install/basic_depth_pitch_control:/home/shs/install/autonomous_tb3:/home/shs/install/ai_assitance:/opt/ros/humble LD_LIBRARY_PATH=/home/shs/ws_moveit/install/moveit_task_constructor_core/lib:/home/shs/ws_moveit/install/pilz_industrial_motion_planner/lib:/home/shs/ws_moveit/install/moveit_ros_visualization/lib:/home/shs/ws_moveit/install/moveit_ros_planning_interface/lib:/home/shs/ws_moveit/install/moveit_ros_move_group/lib:/home/shs/ws_moveit/install/moveit_ros_warehouse/lib:/home/shs/ws_moveit/install/moveit_ros_robot_interaction/lib:/home/shs/ws_moveit/install/moveit_planners_ompl/lib:/home/shs/ws_moveit/install/moveit_kinematics/lib:/home/shs/ws_moveit/install/moveit_ros_planning/lib:/home/shs/ws_moveit/install/moveit_planners_chomp/lib:/home/shs/ws_moveit/install/pilz_industrial_motion_planner_testutils/lib:/home/shs/ws_moveit/install/moveit_simple_controller_manager/lib:/home/shs/ws_moveit/install/moveit_ros_occupancy_map_monitor/lib:/home/shs/ws_moveit/install/moveit_resources_prbt_ikfast_manipulator_plugin/lib:/home/shs/ws_moveit/install/chomp_motion_planner/lib:/home/shs/ws_moveit/install/moveit_core/lib:/home/shs/ws_moveit/install/rviz_marker_tools/lib:/home/shs/ws_moveit/install/srdfdom/lib:/home/shs/ws_moveit/install/moveit_task_constructor_msgs/lib:${LD_LIBRARY_PATH} PATH=/home/shs/ws_moveit/install/moveit_core/bin:${PATH} PYTHONPATH=/home/shs/ws_moveit/install/moveit_task_constructor_core/local/lib/python3.10/dist-packages:/home/shs/ws_moveit/install/moveit_configs_utils/lib/python3.10/site-packages:/home/shs/ws_moveit/install/srdfdom/local/lib/python3.10/dist-packages:/home/shs/ws_moveit/install/moveit_task_constructor_msgs/local/lib/python3.10/dist-packages:/home/shs/ws_moveit/install/launch_param_builder/lib/python3.10/site-packages:${PYTHONPATH} /usr/bin/cmake --build /home/shs/ws_moveit/build/moveit_task_constructor_visualization -- -j8 -l8
[6.052s] [  1%] [34m[1mAutomatic MOC for target gmock_main[0m
[6.053s] [  3%] [34m[1mAutomatic MOC for target gtest[0m
[6.056s] [  4%] [34m[1mAutomatic MOC for target motion_planning_tasks_utils[0m
[6.056s] [  7%] [34m[1mAutomatic MOC for target moveit_task_visualization_tools[0m
[6.056s] [  7%] [34m[1mAutomatic MOC for target motion_planning_tasks_properties[0m
[6.057s] [  9%] [34m[1mAutomatic MOC for target gtest_main[0m
[6.057s] [ 10%] [34m[1mAutomatic MOC for target gmock[0m
[6.112s] [ 10%] Built target gmock_main_autogen
[6.113s] [ 10%] Built target gtest_autogen
[6.115s] [ 10%] Built target gtest_main_autogen
[6.115s] [ 10%] Built target gmock_autogen
[6.117s] [ 10%] Built target motion_planning_tasks_properties_autogen
[6.178s] [ 12%] [32mBuilding CXX object gtest/CMakeFiles/gtest_main.dir/gtest_main_autogen/mocs_compilation.cpp.o[0m
[6.179s] [ 13%] [32mBuilding CXX object gmock/CMakeFiles/gmock_main.dir/gmock_main_autogen/mocs_compilation.cpp.o[0m
[6.191s] [ 15%] [32mBuilding CXX object gmock/CMakeFiles/gmock_main.dir/src/gmock_main.cc.o[0m
[6.191s] [ 18%] [32mBuilding CXX object gmock/CMakeFiles/gmock.dir/gmock_autogen/mocs_compilation.cpp.o[0m
[6.191s] [ 18%] [32mBuilding CXX object gtest/CMakeFiles/gtest.dir/gtest_autogen/mocs_compilation.cpp.o[0m
[6.211s] [ 20%] [32mBuilding CXX object motion_planning_tasks/properties/CMakeFiles/motion_planning_tasks_properties.dir/motion_planning_tasks_properties_autogen/mocs_compilation.cpp.o[0m
[6.249s] [ 21%] [32mBuilding CXX object gtest/CMakeFiles/gtest_main.dir/src/gtest_main.cc.o[0m
[6.258s] [ 23%] [32mBuilding CXX object gtest/CMakeFiles/gtest.dir/src/gtest-all.cc.o[0m
[6.271s] [ 24%] [32mBuilding CXX object motion_planning_tasks/properties/CMakeFiles/motion_planning_tasks_properties.dir/property_factory.cpp.o[0m
[6.271s] [ 26%] [32mBuilding CXX object gmock/CMakeFiles/gmock.dir/opt/ros/humble/src/gtest_vendor/src/gtest-all.cc.o[0m
[6.285s] [ 27%] [32mBuilding CXX object gmock/CMakeFiles/gmock.dir/src/gmock-all.cc.o[0m
[6.414s] [ 27%] Built target motion_planning_tasks_utils_autogen
[6.506s] [ 29%] [32mBuilding CXX object motion_planning_tasks/utils/CMakeFiles/motion_planning_tasks_utils.dir/motion_planning_tasks_utils_autogen/mocs_compilation.cpp.o[0m
[6.573s] [ 30%] [32mBuilding CXX object motion_planning_tasks/utils/CMakeFiles/motion_planning_tasks_utils.dir/flat_merge_proxy_model.cpp.o[0m
[6.701s] [ 30%] Built target moveit_task_visualization_tools_autogen
[6.724s] [ 32%] [32mBuilding CXX object motion_planning_tasks/properties/CMakeFiles/motion_planning_tasks_properties.dir/property_from_yaml.cpp.o[0m
[8.571s] [ 33%] [32m[1mLinking CXX static library libgtest_main.a[0m
[8.669s] [ 33%] Built target gtest_main
[8.696s] [ 35%] [32mBuilding CXX object motion_planning_tasks/utils/CMakeFiles/motion_planning_tasks_utils.dir/tree_merge_proxy_model.cpp.o[0m
[9.394s] [ 36%] [32m[1mLinking CXX static library libgmock_main.a[0m
[9.476s] [ 36%] Built target gmock_main
[9.501s] [ 38%] [32mBuilding CXX object motion_planning_tasks/utils/CMakeFiles/motion_planning_tasks_utils.dir/icon.cpp.o[0m
[10.366s] [ 40%] [32mBuilding CXX object visualization_tools/CMakeFiles/moveit_task_visualization_tools.dir/moveit_task_visualization_tools_autogen/mocs_compilation.cpp.o[0m
[11.331s] [ 41%] [32mBuilding CXX object visualization_tools/CMakeFiles/moveit_task_visualization_tools.dir/src/display_solution.cpp.o[0m
[12.577s] [ 43%] [32mBuilding CXX object visualization_tools/CMakeFiles/moveit_task_visualization_tools.dir/src/marker_visualization.cpp.o[0m
[12.867s] [ 44%] [32m[1mLinking CXX shared library libmotion_planning_tasks_utils.so[0m
[12.964s] [ 46%] [32mBuilding CXX object visualization_tools/CMakeFiles/moveit_task_visualization_tools.dir/src/task_solution_panel.cpp.o[0m
[13.486s] [ 46%] Built target motion_planning_tasks_utils
[13.513s] [ 47%] [32mBuilding CXX object visualization_tools/CMakeFiles/moveit_task_visualization_tools.dir/src/task_solution_visualization.cpp.o[0m
[14.241s] [ 49%] [32m[1mLinking CXX shared library libmotion_planning_tasks_properties.so[0m
[15.858s] [ 49%] Built target motion_planning_tasks_properties
[22.098s] [ 50%] [32m[1mLinking CXX static library libgmock.a[0m
[22.178s] [ 50%] Built target gmock
[22.637s] [ 52%] [32m[1mLinking CXX static library libgtest.a[0m
[22.716s] [ 52%] Built target gtest
[22.765s] [ 53%] [34m[1mAutomatic MOC for target moveit_task_constructor_visualization-test-merge-models[0m
[22.816s] [ 53%] Built target moveit_task_constructor_visualization-test-merge-models_autogen
[22.857s] [ 55%] [32mBuilding CXX object motion_planning_tasks/test/CMakeFiles/moveit_task_constructor_visualization-test-merge-models.dir/moveit_task_constructor_visualization-test-merge-models_autogen/mocs_compilation.cpp.o[0m
[22.864s] [ 56%] [32mBuilding CXX object motion_planning_tasks/test/CMakeFiles/moveit_task_constructor_visualization-test-merge-models.dir/test_merge_models.cpp.o[0m
[27.093s] [ 58%] [32m[1mLinking CXX executable moveit_task_constructor_visualization-test-merge-models[0m
[27.577s] [ 58%] Built target moveit_task_constructor_visualization-test-merge-models
[35.096s] [ 60%] [32m[1mLinking CXX shared library libmoveit_task_visualization_tools.so[0m
[39.235s] [ 60%] Built target moveit_task_visualization_tools
[39.270s] [ 61%] [34m[1mAutomatic MOC for target motion_planning_tasks_rviz_plugin[0m
[40.518s] [ 61%] Built target motion_planning_tasks_rviz_plugin_autogen
[40.537s] [ 67%] [34m[1mGenerating ui_task_panel.h[0m
[40.537s] [ 67%] [34m[1mGenerating ui_task_view.h[0m
[40.537s] [ 67%] [34m[1mAutomatic RCC for resources.qrc[0m
[40.537s] [ 67%] [34m[1mGenerating ui_global_settings.h[0m
[40.601s] [ 70%] [32mBuilding CXX object motion_planning_tasks/src/CMakeFiles/motion_planning_tasks_rviz_plugin.dir/motion_planning_tasks_rviz_plugin_autogen/mocs_compilation.cpp.o[0m
[40.601s] [ 70%] [32mBuilding CXX object motion_planning_tasks/src/CMakeFiles/motion_planning_tasks_rviz_plugin.dir/factory_model.cpp.o[0m
[40.601s] [ 72%] [32mBuilding CXX object motion_planning_tasks/src/CMakeFiles/motion_planning_tasks_rviz_plugin.dir/job_queue.cpp.o[0m
[40.601s] [ 73%] [32mBuilding CXX object motion_planning_tasks/src/CMakeFiles/motion_planning_tasks_rviz_plugin.dir/icons.cpp.o[0m
[40.602s] [ 75%] [32mBuilding CXX object motion_planning_tasks/src/CMakeFiles/motion_planning_tasks_rviz_plugin.dir/local_task_model.cpp.o[0m
[40.602s] [ 76%] [32mBuilding CXX object motion_planning_tasks/src/CMakeFiles/motion_planning_tasks_rviz_plugin.dir/meta_task_list_model.cpp.o[0m
[40.603s] [ 78%] [32mBuilding CXX object motion_planning_tasks/src/CMakeFiles/motion_planning_tasks_rviz_plugin.dir/plugin_init.cpp.o[0m
[40.609s] [ 80%] [32mBuilding CXX object motion_planning_tasks/src/CMakeFiles/motion_planning_tasks_rviz_plugin.dir/remote_task_model.cpp.o[0m
[42.328s] [ 81%] [32mBuilding CXX object motion_planning_tasks/src/CMakeFiles/motion_planning_tasks_rviz_plugin.dir/task_display.cpp.o[0m
[44.012s] [ 83%] [32mBuilding CXX object motion_planning_tasks/src/CMakeFiles/motion_planning_tasks_rviz_plugin.dir/task_list_model.cpp.o[0m
[46.011s] [ 84%] [32mBuilding CXX object motion_planning_tasks/src/CMakeFiles/motion_planning_tasks_rviz_plugin.dir/task_panel.cpp.o[0m
[52.973s] [ 86%] [32mBuilding CXX object motion_planning_tasks/src/CMakeFiles/motion_planning_tasks_rviz_plugin.dir/motion_planning_tasks_rviz_plugin_autogen/EWIEGA46WW/qrc_resources.cpp.o[0m
[79.921s] [ 87%] [32m[1mLinking CXX shared library libmotion_planning_tasks_rviz_plugin.so[0m
[83.292s] [ 87%] Built target motion_planning_tasks_rviz_plugin
[83.359s] [ 90%] [34m[1mAutomatic MOC for target moveit_task_constructor_visualization-test-solution-models[0m
[83.359s] [ 90%] [34m[1mAutomatic MOC for target moveit_task_constructor_visualization-test-task_model[0m
[83.403s] [ 90%] Built target moveit_task_constructor_visualization-test-task_model_autogen
[83.403s] [ 90%] Built target moveit_task_constructor_visualization-test-solution-models_autogen
[83.438s] [ 93%] [32mBuilding CXX object motion_planning_tasks/test/CMakeFiles/moveit_task_constructor_visualization-test-task_model.dir/test_task_model.cpp.o[0m
[83.438s] [ 93%] [32mBuilding CXX object motion_planning_tasks/test/CMakeFiles/moveit_task_constructor_visualization-test-task_model.dir/moveit_task_constructor_visualization-test-task_model_autogen/mocs_compilation.cpp.o[0m
[91.068s] [ 95%] [32m[1mLinking CXX executable moveit_task_constructor_visualization-test-task_model[0m
[91.970s] [ 95%] Built target moveit_task_constructor_visualization-test-task_model
[92.013s] [ 98%] [32mBuilding CXX object motion_planning_tasks/test/CMakeFiles/moveit_task_constructor_visualization-test-solution-models.dir/test_solution_models.cpp.o[0m
[92.013s] [ 98%] [32mBuilding CXX object motion_planning_tasks/test/CMakeFiles/moveit_task_constructor_visualization-test-solution-models.dir/moveit_task_constructor_visualization-test-solution-models_autogen/mocs_compilation.cpp.o[0m
[99.355s] [100%] [32m[1mLinking CXX executable moveit_task_constructor_visualization-test-solution-models[0m
[100.195s] [100%] Built target moveit_task_constructor_visualization-test-solution-models
[100.216s] Invoked command in '/home/shs/ws_moveit/build/moveit_task_constructor_visualization' returned '0': AMENT_PREFIX_PATH=/home/shs/ws_moveit/install/moveit_task_constructor_core:/home/shs/ws_moveit/install/moveit_planners:/home/shs/ws_moveit/install/pilz_industrial_motion_planner:/home/shs/ws_moveit/install/moveit_ros_visualization:/home/shs/ws_moveit/install/moveit_resources_prbt_pg70_support:/home/shs/ws_moveit/install/moveit_ros_planning_interface:/home/shs/ws_moveit/install/moveit_resources_prbt_moveit_config:/home/shs/ws_moveit/install/moveit_ros_move_group:/home/shs/ws_moveit/install/moveit_ros_warehouse:/home/shs/ws_moveit/install/moveit_ros_robot_interaction:/home/shs/ws_moveit/install/moveit_planners_ompl:/home/shs/ws_moveit/install/moveit_kinematics:/home/shs/ws_moveit/install/moveit_ros_planning:/home/shs/ws_moveit/install/moveit_planners_chomp:/home/shs/ws_moveit/install/pilz_industrial_motion_planner_testutils:/home/shs/ws_moveit/install/moveit_simple_controller_manager:/home/shs/ws_moveit/install/moveit_ros_occupancy_map_monitor:/home/shs/ws_moveit/install/moveit_resources_prbt_ikfast_manipulator_plugin:/home/shs/ws_moveit/install/chomp_motion_planner:/home/shs/ws_moveit/install/moveit_core:/home/shs/ws_moveit/install/rviz_marker_tools:/home/shs/ws_moveit/install/moveit_resources_panda_moveit_config:/home/shs/ws_moveit/install/moveit_resources_fanuc_moveit_config:/home/shs/ws_moveit/install/moveit_configs_utils:/home/shs/ws_moveit/install/srdfdom:/home/shs/ws_moveit/install/moveit_task_constructor_msgs:/home/shs/ws_moveit/install/moveit_resources_prbt_support:/home/shs/ws_moveit/install/moveit_resources_pr2_description:/home/shs/ws_moveit/install/moveit_resources_panda_description:/home/shs/ws_moveit/install/moveit_resources_fanuc_description:/home/shs/ws_moveit/install/moveit_common:/home/shs/ws_moveit/install/launch_param_builder:${AMENT_PREFIX_PATH} CMAKE_MODULE_PATH=/home/shs/ws_moveit/install/moveit_task_constructor_core/share/moveit_task_constructor_core/cmake CMAKE_PREFIX_PATH=/home/shs/ws_moveit/install/moveit_task_constructor_core:/home/shs/ws_moveit/install/moveit_planners:/home/shs/ws_moveit/install/pilz_industrial_motion_planner:/home/shs/ws_moveit/install/moveit_ros_visualization:/home/shs/ws_moveit/install/moveit_resources_prbt_pg70_support:/home/shs/ws_moveit/install/moveit_ros_planning_interface:/home/shs/ws_moveit/install/moveit_resources_prbt_moveit_config:/home/shs/ws_moveit/install/moveit_ros_move_group:/home/shs/ws_moveit/install/moveit_ros_warehouse:/home/shs/ws_moveit/install/moveit_ros_robot_interaction:/home/shs/ws_moveit/install/moveit_planners_ompl:/home/shs/ws_moveit/install/moveit_kinematics:/home/shs/ws_moveit/install/moveit_ros_planning:/home/shs/ws_moveit/install/moveit_planners_chomp:/home/shs/ws_moveit/install/pilz_industrial_motion_planner_testutils:/home/shs/ws_moveit/install/moveit_simple_controller_manager:/home/shs/ws_moveit/install/moveit_ros_occupancy_map_monitor:/home/shs/ws_moveit/install/moveit_resources_prbt_ikfast_manipulator_plugin:/home/shs/ws_moveit/install/chomp_motion_planner:/home/shs/ws_moveit/install/moveit_core:/home/shs/ws_moveit/install/rviz_marker_tools:/home/shs/ws_moveit/install/moveit_resources_panda_moveit_config:/home/shs/ws_moveit/install/moveit_resources_fanuc_moveit_config:/home/shs/ws_moveit/install/srdfdom:/home/shs/ws_moveit/install/moveit_task_constructor_msgs:/home/shs/ws_moveit/install/moveit_resources_prbt_support:/home/shs/ws_moveit/install/moveit_resources_pr2_description:/home/shs/ws_moveit/install/moveit_resources_panda_description:/home/shs/ws_moveit/install/moveit_resources_fanuc_description:/home/shs/ws_moveit/install/moveit_common:/home/shs/ws_moveit/install/rosparam_shortcuts:/home/shs/ws_moveit/install/hello_moveit:/home/shs/colcon_ws/install/tf_convenience_topics:/home/shs/colcon_ws/install/sss_viewer:/home/shs/colcon_ws/install/sam_basic_controllers:/home/shs/colcon_ws/install/lolo_description:/home/shs/colcon_ws/install/smarc_msgs:/home/shs/colcon_ws/install/smarc_mission_msgs:/home/shs/colcon_ws/install/smarc_control_msgs:/home/shs/colcon_ws/install/sam_msgs:/home/shs/colcon_ws/install/sam_graph_slam_2_msgs:/home/shs/colcon_ws/install/sam_description:/home/shs/colcon_ws/install/lolo_msgs:/home/shs/colcon_ws/install/drone_msgs:/home/shs/colcon_ws/install/dead_reckoning_msgs:/home/shs/ros2_ws/install/turtlebot3_navigation2:/home/shs/ros2_ws/install/turtlebot3_gazebo:/home/shs/ros2_ws/install/turtlebot3_description:/home/shs/ros2_ws/install/turtlebot3_cartographer:/home/shs/ros2_ws/install/transforms:/home/shs/ros2_ws/install/point_cloud_perception:/home/shs/ros2_ws/install/nodes:/home/shs/ros2_ws/install/navigation_tb3:/home/shs/colcon_ws/install/workshopfun:/home/shs/colcon_ws/install/utm_latlon_converter:/home/shs/colcon_ws/install/smarc_nodered:/home/shs/colcon_ws/install/smarc_bt:/home/shs/colcon_ws/install/smarc_bringups:/home/shs/colcon_ws/install/sam_joy_xbox:/home/shs/colcon_ws/install/sam_joy_teleop:/home/shs/colcon_ws/install/sam_diving_controller:/home/shs/colcon_ws/install/sam_dead_reckoning:/home/shs/colcon_ws/install/ros_tcp_endpoint:/home/shs/colcon_ws/install/ros2_python_examples:/home/shs/colcon_ws/install/mqtt_bridge:/home/shs/colcon_ws/install/dubins_planner:/home/shs/colcon_ws/install/drone_dr:/home/shs/colcon_ws/install/basic_go_to_waypoint:/home/shs/colcon_ws/install/basic_depth_pitch_control:/home/shs/colcon_ws/install/auv_detector:/home/shs/ros2_ws/install/turtlebot3_teleop:/home/shs/ros2_ws/install/turtlebot3_follower:/home/shs/ros2_ws/install/turtlebot3_example:/home/shs/ros2_ws/install/autonomous_tb3:/home/shs/ros2_ws/install/turtle_midpoint:/home/shs/ros2_ws/install/secure_control:/home/shs/ros2_ws/install/robot_math:/home/shs/ros2_ws/install/ai_assitance:/home/shs/install/dive_control:/home/shs/install/basic_go_to_waypoint:/home/shs/install/basic_depth_pitch_control:/home/shs/install/autonomous_tb3:/home/shs/install/ai_assitance:/opt/ros/humble LD_LIBRARY_PATH=/home/shs/ws_moveit/install/moveit_task_constructor_core/lib:/home/shs/ws_moveit/install/pilz_industrial_motion_planner/lib:/home/shs/ws_moveit/install/moveit_ros_visualization/lib:/home/shs/ws_moveit/install/moveit_ros_planning_interface/lib:/home/shs/ws_moveit/install/moveit_ros_move_group/lib:/home/shs/ws_moveit/install/moveit_ros_warehouse/lib:/home/shs/ws_moveit/install/moveit_ros_robot_interaction/lib:/home/shs/ws_moveit/install/moveit_planners_ompl/lib:/home/shs/ws_moveit/install/moveit_kinematics/lib:/home/shs/ws_moveit/install/moveit_ros_planning/lib:/home/shs/ws_moveit/install/moveit_planners_chomp/lib:/home/shs/ws_moveit/install/pilz_industrial_motion_planner_testutils/lib:/home/shs/ws_moveit/install/moveit_simple_controller_manager/lib:/home/shs/ws_moveit/install/moveit_ros_occupancy_map_monitor/lib:/home/shs/ws_moveit/install/moveit_resources_prbt_ikfast_manipulator_plugin/lib:/home/shs/ws_moveit/install/chomp_motion_planner/lib:/home/shs/ws_moveit/install/moveit_core/lib:/home/shs/ws_moveit/install/rviz_marker_tools/lib:/home/shs/ws_moveit/install/srdfdom/lib:/home/shs/ws_moveit/install/moveit_task_constructor_msgs/lib:${LD_LIBRARY_PATH} PATH=/home/shs/ws_moveit/install/moveit_core/bin:${PATH} PYTHONPATH=/home/shs/ws_moveit/install/moveit_task_constructor_core/local/lib/python3.10/dist-packages:/home/shs/ws_moveit/install/moveit_configs_utils/lib/python3.10/site-packages:/home/shs/ws_moveit/install/srdfdom/local/lib/python3.10/dist-packages:/home/shs/ws_moveit/install/moveit_task_constructor_msgs/local/lib/python3.10/dist-packages:/home/shs/ws_moveit/install/launch_param_builder/lib/python3.10/site-packages:${PYTHONPATH} /usr/bin/cmake --build /home/shs/ws_moveit/build/moveit_task_constructor_visualization -- -j8 -l8
[100.218s] Invoking command in '/home/shs/ws_moveit/build/moveit_task_constructor_visualization': AMENT_PREFIX_PATH=/home/shs/ws_moveit/install/moveit_task_constructor_core:/home/shs/ws_moveit/install/moveit_planners:/home/shs/ws_moveit/install/pilz_industrial_motion_planner:/home/shs/ws_moveit/install/moveit_ros_visualization:/home/shs/ws_moveit/install/moveit_resources_prbt_pg70_support:/home/shs/ws_moveit/install/moveit_ros_planning_interface:/home/shs/ws_moveit/install/moveit_resources_prbt_moveit_config:/home/shs/ws_moveit/install/moveit_ros_move_group:/home/shs/ws_moveit/install/moveit_ros_warehouse:/home/shs/ws_moveit/install/moveit_ros_robot_interaction:/home/shs/ws_moveit/install/moveit_planners_ompl:/home/shs/ws_moveit/install/moveit_kinematics:/home/shs/ws_moveit/install/moveit_ros_planning:/home/shs/ws_moveit/install/moveit_planners_chomp:/home/shs/ws_moveit/install/pilz_industrial_motion_planner_testutils:/home/shs/ws_moveit/install/moveit_simple_controller_manager:/home/shs/ws_moveit/install/moveit_ros_occupancy_map_monitor:/home/shs/ws_moveit/install/moveit_resources_prbt_ikfast_manipulator_plugin:/home/shs/ws_moveit/install/chomp_motion_planner:/home/shs/ws_moveit/install/moveit_core:/home/shs/ws_moveit/install/rviz_marker_tools:/home/shs/ws_moveit/install/moveit_resources_panda_moveit_config:/home/shs/ws_moveit/install/moveit_resources_fanuc_moveit_config:/home/shs/ws_moveit/install/moveit_configs_utils:/home/shs/ws_moveit/install/srdfdom:/home/shs/ws_moveit/install/moveit_task_constructor_msgs:/home/shs/ws_moveit/install/moveit_resources_prbt_support:/home/shs/ws_moveit/install/moveit_resources_pr2_description:/home/shs/ws_moveit/install/moveit_resources_panda_description:/home/shs/ws_moveit/install/moveit_resources_fanuc_description:/home/shs/ws_moveit/install/moveit_common:/home/shs/ws_moveit/install/launch_param_builder:${AMENT_PREFIX_PATH} CMAKE_MODULE_PATH=/home/shs/ws_moveit/install/moveit_task_constructor_core/share/moveit_task_constructor_core/cmake CMAKE_PREFIX_PATH=/home/shs/ws_moveit/install/moveit_task_constructor_core:/home/shs/ws_moveit/install/moveit_planners:/home/shs/ws_moveit/install/pilz_industrial_motion_planner:/home/shs/ws_moveit/install/moveit_ros_visualization:/home/shs/ws_moveit/install/moveit_resources_prbt_pg70_support:/home/shs/ws_moveit/install/moveit_ros_planning_interface:/home/shs/ws_moveit/install/moveit_resources_prbt_moveit_config:/home/shs/ws_moveit/install/moveit_ros_move_group:/home/shs/ws_moveit/install/moveit_ros_warehouse:/home/shs/ws_moveit/install/moveit_ros_robot_interaction:/home/shs/ws_moveit/install/moveit_planners_ompl:/home/shs/ws_moveit/install/moveit_kinematics:/home/shs/ws_moveit/install/moveit_ros_planning:/home/shs/ws_moveit/install/moveit_planners_chomp:/home/shs/ws_moveit/install/pilz_industrial_motion_planner_testutils:/home/shs/ws_moveit/install/moveit_simple_controller_manager:/home/shs/ws_moveit/install/moveit_ros_occupancy_map_monitor:/home/shs/ws_moveit/install/moveit_resources_prbt_ikfast_manipulator_plugin:/home/shs/ws_moveit/install/chomp_motion_planner:/home/shs/ws_moveit/install/moveit_core:/home/shs/ws_moveit/install/rviz_marker_tools:/home/shs/ws_moveit/install/moveit_resources_panda_moveit_config:/home/shs/ws_moveit/install/moveit_resources_fanuc_moveit_config:/home/shs/ws_moveit/install/srdfdom:/home/shs/ws_moveit/install/moveit_task_constructor_msgs:/home/shs/ws_moveit/install/moveit_resources_prbt_support:/home/shs/ws_moveit/install/moveit_resources_pr2_description:/home/shs/ws_moveit/install/moveit_resources_panda_description:/home/shs/ws_moveit/install/moveit_resources_fanuc_description:/home/shs/ws_moveit/install/moveit_common:/home/shs/ws_moveit/install/rosparam_shortcuts:/home/shs/ws_moveit/install/hello_moveit:/home/shs/colcon_ws/install/tf_convenience_topics:/home/shs/colcon_ws/install/sss_viewer:/home/shs/colcon_ws/install/sam_basic_controllers:/home/shs/colcon_ws/install/lolo_description:/home/shs/colcon_ws/install/smarc_msgs:/home/shs/colcon_ws/install/smarc_mission_msgs:/home/shs/colcon_ws/install/smarc_control_msgs:/home/shs/colcon_ws/install/sam_msgs:/home/shs/colcon_ws/install/sam_graph_slam_2_msgs:/home/shs/colcon_ws/install/sam_description:/home/shs/colcon_ws/install/lolo_msgs:/home/shs/colcon_ws/install/drone_msgs:/home/shs/colcon_ws/install/dead_reckoning_msgs:/home/shs/ros2_ws/install/turtlebot3_navigation2:/home/shs/ros2_ws/install/turtlebot3_gazebo:/home/shs/ros2_ws/install/turtlebot3_description:/home/shs/ros2_ws/install/turtlebot3_cartographer:/home/shs/ros2_ws/install/transforms:/home/shs/ros2_ws/install/point_cloud_perception:/home/shs/ros2_ws/install/nodes:/home/shs/ros2_ws/install/navigation_tb3:/home/shs/colcon_ws/install/workshopfun:/home/shs/colcon_ws/install/utm_latlon_converter:/home/shs/colcon_ws/install/smarc_nodered:/home/shs/colcon_ws/install/smarc_bt:/home/shs/colcon_ws/install/smarc_bringups:/home/shs/colcon_ws/install/sam_joy_xbox:/home/shs/colcon_ws/install/sam_joy_teleop:/home/shs/colcon_ws/install/sam_diving_controller:/home/shs/colcon_ws/install/sam_dead_reckoning:/home/shs/colcon_ws/install/ros_tcp_endpoint:/home/shs/colcon_ws/install/ros2_python_examples:/home/shs/colcon_ws/install/mqtt_bridge:/home/shs/colcon_ws/install/dubins_planner:/home/shs/colcon_ws/install/drone_dr:/home/shs/colcon_ws/install/basic_go_to_waypoint:/home/shs/colcon_ws/install/basic_depth_pitch_control:/home/shs/colcon_ws/install/auv_detector:/home/shs/ros2_ws/install/turtlebot3_teleop:/home/shs/ros2_ws/install/turtlebot3_follower:/home/shs/ros2_ws/install/turtlebot3_example:/home/shs/ros2_ws/install/autonomous_tb3:/home/shs/ros2_ws/install/turtle_midpoint:/home/shs/ros2_ws/install/secure_control:/home/shs/ros2_ws/install/robot_math:/home/shs/ros2_ws/install/ai_assitance:/home/shs/install/dive_control:/home/shs/install/basic_go_to_waypoint:/home/shs/install/basic_depth_pitch_control:/home/shs/install/autonomous_tb3:/home/shs/install/ai_assitance:/opt/ros/humble LD_LIBRARY_PATH=/home/shs/ws_moveit/install/moveit_task_constructor_core/lib:/home/shs/ws_moveit/install/pilz_industrial_motion_planner/lib:/home/shs/ws_moveit/install/moveit_ros_visualization/lib:/home/shs/ws_moveit/install/moveit_ros_planning_interface/lib:/home/shs/ws_moveit/install/moveit_ros_move_group/lib:/home/shs/ws_moveit/install/moveit_ros_warehouse/lib:/home/shs/ws_moveit/install/moveit_ros_robot_interaction/lib:/home/shs/ws_moveit/install/moveit_planners_ompl/lib:/home/shs/ws_moveit/install/moveit_kinematics/lib:/home/shs/ws_moveit/install/moveit_ros_planning/lib:/home/shs/ws_moveit/install/moveit_planners_chomp/lib:/home/shs/ws_moveit/install/pilz_industrial_motion_planner_testutils/lib:/home/shs/ws_moveit/install/moveit_simple_controller_manager/lib:/home/shs/ws_moveit/install/moveit_ros_occupancy_map_monitor/lib:/home/shs/ws_moveit/install/moveit_resources_prbt_ikfast_manipulator_plugin/lib:/home/shs/ws_moveit/install/chomp_motion_planner/lib:/home/shs/ws_moveit/install/moveit_core/lib:/home/shs/ws_moveit/install/rviz_marker_tools/lib:/home/shs/ws_moveit/install/srdfdom/lib:/home/shs/ws_moveit/install/moveit_task_constructor_msgs/lib:${LD_LIBRARY_PATH} PATH=/home/shs/ws_moveit/install/moveit_core/bin:${PATH} PYTHONPATH=/home/shs/ws_moveit/install/moveit_task_constructor_core/local/lib/python3.10/dist-packages:/home/shs/ws_moveit/install/moveit_configs_utils/lib/python3.10/site-packages:/home/shs/ws_moveit/install/srdfdom/local/lib/python3.10/dist-packages:/home/shs/ws_moveit/install/moveit_task_constructor_msgs/local/lib/python3.10/dist-packages:/home/shs/ws_moveit/install/launch_param_builder/lib/python3.10/site-packages:${PYTHONPATH} /usr/bin/cmake --install /home/shs/ws_moveit/build/moveit_task_constructor_visualization
[100.232s] -- Install configuration: "Release"
[100.232s] -- Installing: /home/shs/ws_moveit/install/moveit_task_constructor_visualization/include
[100.232s] -- Installing: /home/shs/ws_moveit/install/moveit_task_constructor_visualization/include/moveit
[100.232s] -- Installing: /home/shs/ws_moveit/install/moveit_task_constructor_visualization/include/moveit/visualization_tools
[100.232s] -- Installing: /home/shs/ws_moveit/install/moveit_task_constructor_visualization/include/moveit/visualization_tools/task_solution_visualization.h
[100.233s] -- Installing: /home/shs/ws_moveit/install/moveit_task_constructor_visualization/include/moveit/visualization_tools/task_solution_panel.h
[100.233s] -- Installing: /home/shs/ws_moveit/install/moveit_task_constructor_visualization/include/moveit/visualization_tools/display_solution.h
[100.233s] -- Installing: /home/shs/ws_moveit/install/moveit_task_constructor_visualization/include/moveit/visualization_tools/marker_visualization.h
[100.233s] -- Installing: /home/shs/ws_moveit/install/moveit_task_constructor_visualization/lib/libmoveit_task_visualization_tools.so.0.1.3
[100.234s] -- Set runtime path of "/home/shs/ws_moveit/install/moveit_task_constructor_visualization/lib/libmoveit_task_visualization_tools.so.0.1.3" to ""
[100.234s] -- Installing: /home/shs/ws_moveit/install/moveit_task_constructor_visualization/lib/libmoveit_task_visualization_tools.so
[100.234s] -- Installing: /home/shs/ws_moveit/install/moveit_task_constructor_visualization/lib/libmotion_planning_tasks_utils.so
[100.235s] -- Installing: /home/shs/ws_moveit/install/moveit_task_constructor_visualization/lib/libmotion_planning_tasks_properties.so
[100.236s] -- Set runtime path of "/home/shs/ws_moveit/install/moveit_task_constructor_visualization/lib/libmotion_planning_tasks_properties.so" to ""
[100.236s] -- Installing: /home/shs/ws_moveit/install/moveit_task_constructor_visualization/lib/libmotion_planning_tasks_rviz_plugin.so.0.1.3
[100.239s] -- Set runtime path of "/home/shs/ws_moveit/install/moveit_task_constructor_visualization/lib/libmotion_planning_tasks_rviz_plugin.so.0.1.3" to ""
[100.240s] -- Installing: /home/shs/ws_moveit/install/moveit_task_constructor_visualization/lib/libmotion_planning_tasks_rviz_plugin.so
[100.240s] -- Installing: /home/shs/ws_moveit/install/moveit_task_constructor_visualization/share/icons
[100.240s] -- Installing: /home/shs/ws_moveit/install/moveit_task_constructor_visualization/share/icons/classes
[100.240s] -- Installing: /home/shs/ws_moveit/install/moveit_task_constructor_visualization/share/icons/classes/Motion Planning Tasks.svg
[100.241s] -- Installing: /home/shs/ws_moveit/install/moveit_task_constructor_visualization/share/moveit_task_constructor_visualization/motion_planning_tasks_rviz_plugin_description.xml
[100.241s] -- Installing: /home/shs/ws_moveit/install/moveit_task_constructor_visualization/share/moveit_task_constructor_visualization/environment/library_path.sh
[100.241s] -- Installing: /home/shs/ws_moveit/install/moveit_task_constructor_visualization/share/moveit_task_constructor_visualization/environment/library_path.dsv
[100.241s] -- Installing: /home/shs/ws_moveit/install/moveit_task_constructor_visualization/share/ament_index/resource_index/package_run_dependencies/moveit_task_constructor_visualization
[100.242s] -- Installing: /home/shs/ws_moveit/install/moveit_task_constructor_visualization/share/ament_index/resource_index/parent_prefix_path/moveit_task_constructor_visualization
[100.242s] -- Installing: /home/shs/ws_moveit/install/moveit_task_constructor_visualization/share/moveit_task_constructor_visualization/environment/ament_prefix_path.sh
[100.242s] -- Installing: /home/shs/ws_moveit/install/moveit_task_constructor_visualization/share/moveit_task_constructor_visualization/environment/ament_prefix_path.dsv
[100.242s] -- Installing: /home/shs/ws_moveit/install/moveit_task_constructor_visualization/share/moveit_task_constructor_visualization/environment/path.sh
[100.242s] -- Installing: /home/shs/ws_moveit/install/moveit_task_constructor_visualization/share/moveit_task_constructor_visualization/environment/path.dsv
[100.242s] -- Installing: /home/shs/ws_moveit/install/moveit_task_constructor_visualization/share/moveit_task_constructor_visualization/local_setup.bash
[100.242s] -- Installing: /home/shs/ws_moveit/install/moveit_task_constructor_visualization/share/moveit_task_constructor_visualization/local_setup.sh
[100.243s] -- Installing: /home/shs/ws_moveit/install/moveit_task_constructor_visualization/share/moveit_task_constructor_visualization/local_setup.zsh
[100.243s] -- Installing: /home/shs/ws_moveit/install/moveit_task_constructor_visualization/share/moveit_task_constructor_visualization/local_setup.dsv
[100.243s] -- Installing: /home/shs/ws_moveit/install/moveit_task_constructor_visualization/share/moveit_task_constructor_visualization/package.dsv
[100.243s] -- Installing: /home/shs/ws_moveit/install/moveit_task_constructor_visualization/share/ament_index/resource_index/packages/moveit_task_constructor_visualization
[100.243s] -- Installing: /home/shs/ws_moveit/install/moveit_task_constructor_visualization/share/ament_index/resource_index/rviz_common__pluginlib__plugin/moveit_task_constructor_visualization
[100.243s] -- Installing: /home/shs/ws_moveit/install/moveit_task_constructor_visualization/share/moveit_task_constructor_visualization/cmake/ament_cmake_export_include_directories-extras.cmake
[100.243s] -- Installing: /home/shs/ws_moveit/install/moveit_task_constructor_visualization/share/moveit_task_constructor_visualization/cmake/ament_cmake_export_libraries-extras.cmake
[100.244s] -- Installing: /home/shs/ws_moveit/install/moveit_task_constructor_visualization/share/moveit_task_constructor_visualization/cmake/ament_cmake_export_dependencies-extras.cmake
[100.244s] -- Installing: /home/shs/ws_moveit/install/moveit_task_constructor_visualization/share/moveit_task_constructor_visualization/cmake/moveit_task_constructor_visualizationConfig.cmake
[100.244s] -- Installing: /home/shs/ws_moveit/install/moveit_task_constructor_visualization/share/moveit_task_constructor_visualization/cmake/moveit_task_constructor_visualizationConfig-version.cmake
[100.244s] -- Installing: /home/shs/ws_moveit/install/moveit_task_constructor_visualization/share/moveit_task_constructor_visualization/package.xml
[100.247s] Invoked command in '/home/shs/ws_moveit/build/moveit_task_constructor_visualization' returned '0': AMENT_PREFIX_PATH=/home/shs/ws_moveit/install/moveit_task_constructor_core:/home/shs/ws_moveit/install/moveit_planners:/home/shs/ws_moveit/install/pilz_industrial_motion_planner:/home/shs/ws_moveit/install/moveit_ros_visualization:/home/shs/ws_moveit/install/moveit_resources_prbt_pg70_support:/home/shs/ws_moveit/install/moveit_ros_planning_interface:/home/shs/ws_moveit/install/moveit_resources_prbt_moveit_config:/home/shs/ws_moveit/install/moveit_ros_move_group:/home/shs/ws_moveit/install/moveit_ros_warehouse:/home/shs/ws_moveit/install/moveit_ros_robot_interaction:/home/shs/ws_moveit/install/moveit_planners_ompl:/home/shs/ws_moveit/install/moveit_kinematics:/home/shs/ws_moveit/install/moveit_ros_planning:/home/shs/ws_moveit/install/moveit_planners_chomp:/home/shs/ws_moveit/install/pilz_industrial_motion_planner_testutils:/home/shs/ws_moveit/install/moveit_simple_controller_manager:/home/shs/ws_moveit/install/moveit_ros_occupancy_map_monitor:/home/shs/ws_moveit/install/moveit_resources_prbt_ikfast_manipulator_plugin:/home/shs/ws_moveit/install/chomp_motion_planner:/home/shs/ws_moveit/install/moveit_core:/home/shs/ws_moveit/install/rviz_marker_tools:/home/shs/ws_moveit/install/moveit_resources_panda_moveit_config:/home/shs/ws_moveit/install/moveit_resources_fanuc_moveit_config:/home/shs/ws_moveit/install/moveit_configs_utils:/home/shs/ws_moveit/install/srdfdom:/home/shs/ws_moveit/install/moveit_task_constructor_msgs:/home/shs/ws_moveit/install/moveit_resources_prbt_support:/home/shs/ws_moveit/install/moveit_resources_pr2_description:/home/shs/ws_moveit/install/moveit_resources_panda_description:/home/shs/ws_moveit/install/moveit_resources_fanuc_description:/home/shs/ws_moveit/install/moveit_common:/home/shs/ws_moveit/install/launch_param_builder:${AMENT_PREFIX_PATH} CMAKE_MODULE_PATH=/home/shs/ws_moveit/install/moveit_task_constructor_core/share/moveit_task_constructor_core/cmake CMAKE_PREFIX_PATH=/home/shs/ws_moveit/install/moveit_task_constructor_core:/home/shs/ws_moveit/install/moveit_planners:/home/shs/ws_moveit/install/pilz_industrial_motion_planner:/home/shs/ws_moveit/install/moveit_ros_visualization:/home/shs/ws_moveit/install/moveit_resources_prbt_pg70_support:/home/shs/ws_moveit/install/moveit_ros_planning_interface:/home/shs/ws_moveit/install/moveit_resources_prbt_moveit_config:/home/shs/ws_moveit/install/moveit_ros_move_group:/home/shs/ws_moveit/install/moveit_ros_warehouse:/home/shs/ws_moveit/install/moveit_ros_robot_interaction:/home/shs/ws_moveit/install/moveit_planners_ompl:/home/shs/ws_moveit/install/moveit_kinematics:/home/shs/ws_moveit/install/moveit_ros_planning:/home/shs/ws_moveit/install/moveit_planners_chomp:/home/shs/ws_moveit/install/pilz_industrial_motion_planner_testutils:/home/shs/ws_moveit/install/moveit_simple_controller_manager:/home/shs/ws_moveit/install/moveit_ros_occupancy_map_monitor:/home/shs/ws_moveit/install/moveit_resources_prbt_ikfast_manipulator_plugin:/home/shs/ws_moveit/install/chomp_motion_planner:/home/shs/ws_moveit/install/moveit_core:/home/shs/ws_moveit/install/rviz_marker_tools:/home/shs/ws_moveit/install/moveit_resources_panda_moveit_config:/home/shs/ws_moveit/install/moveit_resources_fanuc_moveit_config:/home/shs/ws_moveit/install/srdfdom:/home/shs/ws_moveit/install/moveit_task_constructor_msgs:/home/shs/ws_moveit/install/moveit_resources_prbt_support:/home/shs/ws_moveit/install/moveit_resources_pr2_description:/home/shs/ws_moveit/install/moveit_resources_panda_description:/home/shs/ws_moveit/install/moveit_resources_fanuc_description:/home/shs/ws_moveit/install/moveit_common:/home/shs/ws_moveit/install/rosparam_shortcuts:/home/shs/ws_moveit/install/hello_moveit:/home/shs/colcon_ws/install/tf_convenience_topics:/home/shs/colcon_ws/install/sss_viewer:/home/shs/colcon_ws/install/sam_basic_controllers:/home/shs/colcon_ws/install/lolo_description:/home/shs/colcon_ws/install/smarc_msgs:/home/shs/colcon_ws/install/smarc_mission_msgs:/home/shs/colcon_ws/install/smarc_control_msgs:/home/shs/colcon_ws/install/sam_msgs:/home/shs/colcon_ws/install/sam_graph_slam_2_msgs:/home/shs/colcon_ws/install/sam_description:/home/shs/colcon_ws/install/lolo_msgs:/home/shs/colcon_ws/install/drone_msgs:/home/shs/colcon_ws/install/dead_reckoning_msgs:/home/shs/ros2_ws/install/turtlebot3_navigation2:/home/shs/ros2_ws/install/turtlebot3_gazebo:/home/shs/ros2_ws/install/turtlebot3_description:/home/shs/ros2_ws/install/turtlebot3_cartographer:/home/shs/ros2_ws/install/transforms:/home/shs/ros2_ws/install/point_cloud_perception:/home/shs/ros2_ws/install/nodes:/home/shs/ros2_ws/install/navigation_tb3:/home/shs/colcon_ws/install/workshopfun:/home/shs/colcon_ws/install/utm_latlon_converter:/home/shs/colcon_ws/install/smarc_nodered:/home/shs/colcon_ws/install/smarc_bt:/home/shs/colcon_ws/install/smarc_bringups:/home/shs/colcon_ws/install/sam_joy_xbox:/home/shs/colcon_ws/install/sam_joy_teleop:/home/shs/colcon_ws/install/sam_diving_controller:/home/shs/colcon_ws/install/sam_dead_reckoning:/home/shs/colcon_ws/install/ros_tcp_endpoint:/home/shs/colcon_ws/install/ros2_python_examples:/home/shs/colcon_ws/install/mqtt_bridge:/home/shs/colcon_ws/install/dubins_planner:/home/shs/colcon_ws/install/drone_dr:/home/shs/colcon_ws/install/basic_go_to_waypoint:/home/shs/colcon_ws/install/basic_depth_pitch_control:/home/shs/colcon_ws/install/auv_detector:/home/shs/ros2_ws/install/turtlebot3_teleop:/home/shs/ros2_ws/install/turtlebot3_follower:/home/shs/ros2_ws/install/turtlebot3_example:/home/shs/ros2_ws/install/autonomous_tb3:/home/shs/ros2_ws/install/turtle_midpoint:/home/shs/ros2_ws/install/secure_control:/home/shs/ros2_ws/install/robot_math:/home/shs/ros2_ws/install/ai_assitance:/home/shs/install/dive_control:/home/shs/install/basic_go_to_waypoint:/home/shs/install/basic_depth_pitch_control:/home/shs/install/autonomous_tb3:/home/shs/install/ai_assitance:/opt/ros/humble LD_LIBRARY_PATH=/home/shs/ws_moveit/install/moveit_task_constructor_core/lib:/home/shs/ws_moveit/install/pilz_industrial_motion_planner/lib:/home/shs/ws_moveit/install/moveit_ros_visualization/lib:/home/shs/ws_moveit/install/moveit_ros_planning_interface/lib:/home/shs/ws_moveit/install/moveit_ros_move_group/lib:/home/shs/ws_moveit/install/moveit_ros_warehouse/lib:/home/shs/ws_moveit/install/moveit_ros_robot_interaction/lib:/home/shs/ws_moveit/install/moveit_planners_ompl/lib:/home/shs/ws_moveit/install/moveit_kinematics/lib:/home/shs/ws_moveit/install/moveit_ros_planning/lib:/home/shs/ws_moveit/install/moveit_planners_chomp/lib:/home/shs/ws_moveit/install/pilz_industrial_motion_planner_testutils/lib:/home/shs/ws_moveit/install/moveit_simple_controller_manager/lib:/home/shs/ws_moveit/install/moveit_ros_occupancy_map_monitor/lib:/home/shs/ws_moveit/install/moveit_resources_prbt_ikfast_manipulator_plugin/lib:/home/shs/ws_moveit/install/chomp_motion_planner/lib:/home/shs/ws_moveit/install/moveit_core/lib:/home/shs/ws_moveit/install/rviz_marker_tools/lib:/home/shs/ws_moveit/install/srdfdom/lib:/home/shs/ws_moveit/install/moveit_task_constructor_msgs/lib:${LD_LIBRARY_PATH} PATH=/home/shs/ws_moveit/install/moveit_core/bin:${PATH} PYTHONPATH=/home/shs/ws_moveit/install/moveit_task_constructor_core/local/lib/python3.10/dist-packages:/home/shs/ws_moveit/install/moveit_configs_utils/lib/python3.10/site-packages:/home/shs/ws_moveit/install/srdfdom/local/lib/python3.10/dist-packages:/home/shs/ws_moveit/install/moveit_task_constructor_msgs/local/lib/python3.10/dist-packages:/home/shs/ws_moveit/install/launch_param_builder/lib/python3.10/site-packages:${PYTHONPATH} /usr/bin/cmake --install /home/shs/ws_moveit/build/moveit_task_constructor_visualization
