[1.096s] Invoking command in '/home/shs/ws_moveit/src/launch_param_builder': PYTHONPATH=/home/shs/ws_moveit/build/launch_param_builder/prefix_override:/usr/lib/python3/dist-packages/colcon_core/task/python/colcon_distutils_commands:/home/shs/ws_moveit/install/launch_param_builder/lib/python3.10/site-packages:${PYTHONPATH} /usr/bin/python3 -W ignore:setup.py install is deprecated -W ignore:easy_install command is deprecated setup.py egg_info --egg-base ../../build/launch_param_builder build --build-base /home/shs/ws_moveit/build/launch_param_builder/build install --record /home/shs/ws_moveit/build/launch_param_builder/install.log --single-version-externally-managed install_data
[1.460s] running egg_info
[1.460s] creating ../../build/launch_param_builder/launch_param_builder.egg-info
[1.460s] writing ../../build/launch_param_builder/launch_param_builder.egg-info/PKG-INFO
[1.460s] writing dependency_links to ../../build/launch_param_builder/launch_param_builder.egg-info/dependency_links.txt
[1.461s] writing entry points to ../../build/launch_param_builder/launch_param_builder.egg-info/entry_points.txt
[1.461s] writing requirements to ../../build/launch_param_builder/launch_param_builder.egg-info/requires.txt
[1.461s] writing top-level names to ../../build/launch_param_builder/launch_param_builder.egg-info/top_level.txt
[1.461s] writing manifest file '../../build/launch_param_builder/launch_param_builder.egg-info/SOURCES.txt'
[1.462s] reading manifest file '../../build/launch_param_builder/launch_param_builder.egg-info/SOURCES.txt'
[1.463s] adding license file 'LICENSE'
[1.463s] writing manifest file '../../build/launch_param_builder/launch_param_builder.egg-info/SOURCES.txt'
[1.463s] running build
[1.463s] running build_py
[1.464s] creating /home/shs/ws_moveit/build/launch_param_builder/build
[1.464s] creating /home/shs/ws_moveit/build/launch_param_builder/build/lib
[1.464s] creating /home/shs/ws_moveit/build/launch_param_builder/build/lib/launch_param_builder
[1.464s] copying launch_param_builder/launch_param_builder.py -> /home/shs/ws_moveit/build/launch_param_builder/build/lib/launch_param_builder
[1.464s] copying launch_param_builder/utils.py -> /home/shs/ws_moveit/build/launch_param_builder/build/lib/launch_param_builder
[1.464s] copying launch_param_builder/__init__.py -> /home/shs/ws_moveit/build/launch_param_builder/build/lib/launch_param_builder
[1.464s] running install
[1.464s] running install_lib
[1.465s] creating /home/shs/ws_moveit/install/launch_param_builder/lib/python3.10/site-packages/launch_param_builder
[1.465s] copying /home/shs/ws_moveit/build/launch_param_builder/build/lib/launch_param_builder/launch_param_builder.py -> /home/shs/ws_moveit/install/launch_param_builder/lib/python3.10/site-packages/launch_param_builder
[1.465s] copying /home/shs/ws_moveit/build/launch_param_builder/build/lib/launch_param_builder/utils.py -> /home/shs/ws_moveit/install/launch_param_builder/lib/python3.10/site-packages/launch_param_builder
[1.465s] copying /home/shs/ws_moveit/build/launch_param_builder/build/lib/launch_param_builder/__init__.py -> /home/shs/ws_moveit/install/launch_param_builder/lib/python3.10/site-packages/launch_param_builder
[1.466s] byte-compiling /home/shs/ws_moveit/install/launch_param_builder/lib/python3.10/site-packages/launch_param_builder/launch_param_builder.py to launch_param_builder.cpython-310.pyc
[1.467s] byte-compiling /home/shs/ws_moveit/install/launch_param_builder/lib/python3.10/site-packages/launch_param_builder/utils.py to utils.cpython-310.pyc
[1.467s] byte-compiling /home/shs/ws_moveit/install/launch_param_builder/lib/python3.10/site-packages/launch_param_builder/__init__.py to __init__.cpython-310.pyc
[1.467s] running install_data
[1.468s] creating /home/shs/ws_moveit/install/launch_param_builder/share/ament_index
[1.468s] creating /home/shs/ws_moveit/install/launch_param_builder/share/ament_index/resource_index
[1.468s] creating /home/shs/ws_moveit/install/launch_param_builder/share/ament_index/resource_index/packages
[1.468s] copying resource/launch_param_builder -> /home/shs/ws_moveit/install/launch_param_builder/share/ament_index/resource_index/packages
[1.468s] creating /home/shs/ws_moveit/install/launch_param_builder/share/launch_param_builder/launch
[1.468s] copying example/launch_param_builder_example.launch.py -> /home/shs/ws_moveit/install/launch_param_builder/share/launch_param_builder/launch
[1.468s] creating /home/shs/ws_moveit/install/launch_param_builder/share/launch_param_builder/config
[1.468s] copying test/data/parameters.yaml -> /home/shs/ws_moveit/install/launch_param_builder/share/launch_param_builder/config
[1.468s] copying test/data/param_file_to_inject.yaml -> /home/shs/ws_moveit/install/launch_param_builder/share/launch_param_builder/config
[1.468s] copying test/data/parameter.xacro -> /home/shs/ws_moveit/install/launch_param_builder/share/launch_param_builder/config
[1.468s] copying test/data/parameters_injection.yaml -> /home/shs/ws_moveit/install/launch_param_builder/share/launch_param_builder/config
[1.469s] copying test/data/parameter_file -> /home/shs/ws_moveit/install/launch_param_builder/share/launch_param_builder/config
[1.469s] copying package.xml -> /home/shs/ws_moveit/install/launch_param_builder/share/launch_param_builder
[1.469s] creating /home/shs/ws_moveit/install/launch_param_builder/lib/launch_param_builder
[1.469s] copying example/example_node.py -> /home/shs/ws_moveit/install/launch_param_builder/lib/launch_param_builder
[1.469s] running install_egg_info
[1.471s] Copying ../../build/launch_param_builder/launch_param_builder.egg-info to /home/shs/ws_moveit/install/launch_param_builder/lib/python3.10/site-packages/launch_param_builder-0.1.1-py3.10.egg-info
[1.472s] running install_scripts
[1.496s] writing list of installed files to '/home/shs/ws_moveit/build/launch_param_builder/install.log'
[1.524s] Invoked command in '/home/shs/ws_moveit/src/launch_param_builder' returned '0': PYTHONPATH=/home/shs/ws_moveit/build/launch_param_builder/prefix_override:/usr/lib/python3/dist-packages/colcon_core/task/python/colcon_distutils_commands:/home/shs/ws_moveit/install/launch_param_builder/lib/python3.10/site-packages:${PYTHONPATH} /usr/bin/python3 -W ignore:setup.py install is deprecated -W ignore:easy_install command is deprecated setup.py egg_info --egg-base ../../build/launch_param_builder build --build-base /home/shs/ws_moveit/build/launch_param_builder/build install --record /home/shs/ws_moveit/build/launch_param_builder/install.log --single-version-externally-managed install_data
