[0.924s] Invoking command in '/home/shs/ws_moveit/src/moveit2/moveit_configs_utils': AMENT_PREFIX_PATH=/home/shs/ws_moveit/install/srdfdom:/home/shs/ws_moveit/install/launch_param_builder:${AMENT_PREFIX_PATH} CMAKE_PREFIX_PATH=/home/shs/ws_moveit/install/srdfdom:${CMAKE_PREFIX_PATH} LD_LIBRARY_PATH=/home/shs/ws_moveit/install/srdfdom/lib:${LD_LIBRARY_PATH} PYTHONPATH=/home/shs/ws_moveit/build/moveit_configs_utils/prefix_override:/usr/lib/python3/dist-packages/colcon_core/task/python/colcon_distutils_commands:/home/shs/ws_moveit/install/moveit_configs_utils/lib/python3.10/site-packages:/home/shs/ws_moveit/install/srdfdom/local/lib/python3.10/dist-packages:/home/shs/ws_moveit/install/launch_param_builder/lib/python3.10/site-packages:${PYTHONPATH} /usr/bin/python3 -W ignore:setup.py install is deprecated -W ignore:easy_install command is deprecated setup.py egg_info --egg-base ../../../build/moveit_configs_utils build --build-base /home/shs/ws_moveit/build/moveit_configs_utils/build install --record /home/shs/ws_moveit/build/moveit_configs_utils/install.log --single-version-externally-managed install_data
[1.281s] running egg_info
[1.282s] creating ../../../build/moveit_configs_utils/moveit_configs_utils.egg-info
[1.282s] writing ../../../build/moveit_configs_utils/moveit_configs_utils.egg-info/PKG-INFO
[1.282s] writing dependency_links to ../../../build/moveit_configs_utils/moveit_configs_utils.egg-info/dependency_links.txt
[1.283s] writing entry points to ../../../build/moveit_configs_utils/moveit_configs_utils.egg-info/entry_points.txt
[1.283s] writing requirements to ../../../build/moveit_configs_utils/moveit_configs_utils.egg-info/requires.txt
[1.283s] writing top-level names to ../../../build/moveit_configs_utils/moveit_configs_utils.egg-info/top_level.txt
[1.283s] writing manifest file '../../../build/moveit_configs_utils/moveit_configs_utils.egg-info/SOURCES.txt'
[1.285s] reading manifest file '../../../build/moveit_configs_utils/moveit_configs_utils.egg-info/SOURCES.txt'
[1.286s] writing manifest file '../../../build/moveit_configs_utils/moveit_configs_utils.egg-info/SOURCES.txt'
[1.286s] running build
[1.286s] running build_py
[1.286s] creating /home/shs/ws_moveit/build/moveit_configs_utils/build
[1.286s] creating /home/shs/ws_moveit/build/moveit_configs_utils/build/lib
[1.286s] creating /home/shs/ws_moveit/build/moveit_configs_utils/build/lib/moveit_configs_utils
[1.286s] copying moveit_configs_utils/launch_utils.py -> /home/shs/ws_moveit/build/moveit_configs_utils/build/lib/moveit_configs_utils
[1.287s] copying moveit_configs_utils/launches.py -> /home/shs/ws_moveit/build/moveit_configs_utils/build/lib/moveit_configs_utils
[1.287s] copying moveit_configs_utils/moveit_configs_builder.py -> /home/shs/ws_moveit/build/moveit_configs_utils/build/lib/moveit_configs_utils
[1.287s] copying moveit_configs_utils/__init__.py -> /home/shs/ws_moveit/build/moveit_configs_utils/build/lib/moveit_configs_utils
[1.287s] creating /home/shs/ws_moveit/build/moveit_configs_utils/build/lib/moveit_configs_utils/substitutions
[1.287s] copying moveit_configs_utils/substitutions/xacro.py -> /home/shs/ws_moveit/build/moveit_configs_utils/build/lib/moveit_configs_utils/substitutions
[1.287s] copying moveit_configs_utils/substitutions/__init__.py -> /home/shs/ws_moveit/build/moveit_configs_utils/build/lib/moveit_configs_utils/substitutions
[1.287s] running install
[1.288s] running install_lib
[1.289s] creating /home/shs/ws_moveit/install/moveit_configs_utils/lib/python3.10/site-packages/moveit_configs_utils
[1.289s] creating /home/shs/ws_moveit/install/moveit_configs_utils/lib/python3.10/site-packages/moveit_configs_utils/substitutions
[1.289s] copying /home/shs/ws_moveit/build/moveit_configs_utils/build/lib/moveit_configs_utils/substitutions/xacro.py -> /home/shs/ws_moveit/install/moveit_configs_utils/lib/python3.10/site-packages/moveit_configs_utils/substitutions
[1.289s] copying /home/shs/ws_moveit/build/moveit_configs_utils/build/lib/moveit_configs_utils/substitutions/__init__.py -> /home/shs/ws_moveit/install/moveit_configs_utils/lib/python3.10/site-packages/moveit_configs_utils/substitutions
[1.289s] copying /home/shs/ws_moveit/build/moveit_configs_utils/build/lib/moveit_configs_utils/launch_utils.py -> /home/shs/ws_moveit/install/moveit_configs_utils/lib/python3.10/site-packages/moveit_configs_utils
[1.289s] copying /home/shs/ws_moveit/build/moveit_configs_utils/build/lib/moveit_configs_utils/launches.py -> /home/shs/ws_moveit/install/moveit_configs_utils/lib/python3.10/site-packages/moveit_configs_utils
[1.289s] copying /home/shs/ws_moveit/build/moveit_configs_utils/build/lib/moveit_configs_utils/moveit_configs_builder.py -> /home/shs/ws_moveit/install/moveit_configs_utils/lib/python3.10/site-packages/moveit_configs_utils
[1.290s] copying /home/shs/ws_moveit/build/moveit_configs_utils/build/lib/moveit_configs_utils/__init__.py -> /home/shs/ws_moveit/install/moveit_configs_utils/lib/python3.10/site-packages/moveit_configs_utils
[1.291s] byte-compiling /home/shs/ws_moveit/install/moveit_configs_utils/lib/python3.10/site-packages/moveit_configs_utils/substitutions/xacro.py to xacro.cpython-310.pyc
[1.292s] byte-compiling /home/shs/ws_moveit/install/moveit_configs_utils/lib/python3.10/site-packages/moveit_configs_utils/substitutions/__init__.py to __init__.cpython-310.pyc
[1.292s] byte-compiling /home/shs/ws_moveit/install/moveit_configs_utils/lib/python3.10/site-packages/moveit_configs_utils/launch_utils.py to launch_utils.cpython-310.pyc
[1.292s] byte-compiling /home/shs/ws_moveit/install/moveit_configs_utils/lib/python3.10/site-packages/moveit_configs_utils/launches.py to launches.cpython-310.pyc
[1.294s] byte-compiling /home/shs/ws_moveit/install/moveit_configs_utils/lib/python3.10/site-packages/moveit_configs_utils/moveit_configs_builder.py to moveit_configs_builder.cpython-310.pyc
[1.296s] byte-compiling /home/shs/ws_moveit/install/moveit_configs_utils/lib/python3.10/site-packages/moveit_configs_utils/__init__.py to __init__.cpython-310.pyc
[1.296s] running install_data
[1.296s] creating /home/shs/ws_moveit/install/moveit_configs_utils/share/ament_index
[1.297s] creating /home/shs/ws_moveit/install/moveit_configs_utils/share/ament_index/resource_index
[1.297s] creating /home/shs/ws_moveit/install/moveit_configs_utils/share/ament_index/resource_index/packages
[1.297s] copying resource/moveit_configs_utils -> /home/shs/ws_moveit/install/moveit_configs_utils/share/ament_index/resource_index/packages
[1.297s] copying package.xml -> /home/shs/ws_moveit/install/moveit_configs_utils/share/moveit_configs_utils
[1.297s] creating /home/shs/ws_moveit/install/moveit_configs_utils/share/moveit_configs_utils/default_configs
[1.297s] copying default_configs/pilz_industrial_motion_planner_planning.yaml -> /home/shs/ws_moveit/install/moveit_configs_utils/share/moveit_configs_utils/default_configs
[1.297s] copying default_configs/ompl_defaults.yaml -> /home/shs/ws_moveit/install/moveit_configs_utils/share/moveit_configs_utils/default_configs
[1.297s] copying default_configs/chomp_planning.yaml -> /home/shs/ws_moveit/install/moveit_configs_utils/share/moveit_configs_utils/default_configs
[1.297s] copying default_configs/ompl_planning.yaml -> /home/shs/ws_moveit/install/moveit_configs_utils/share/moveit_configs_utils/default_configs
[1.297s] running install_egg_info
[1.301s] Copying ../../../build/moveit_configs_utils/moveit_configs_utils.egg-info to /home/shs/ws_moveit/install/moveit_configs_utils/lib/python3.10/site-packages/moveit_configs_utils-2.5.8-py3.10.egg-info
[1.302s] running install_scripts
[1.326s] writing list of installed files to '/home/shs/ws_moveit/build/moveit_configs_utils/install.log'
[1.357s] Invoked command in '/home/shs/ws_moveit/src/moveit2/moveit_configs_utils' returned '0': AMENT_PREFIX_PATH=/home/shs/ws_moveit/install/srdfdom:/home/shs/ws_moveit/install/launch_param_builder:${AMENT_PREFIX_PATH} CMAKE_PREFIX_PATH=/home/shs/ws_moveit/install/srdfdom:${CMAKE_PREFIX_PATH} LD_LIBRARY_PATH=/home/shs/ws_moveit/install/srdfdom/lib:${LD_LIBRARY_PATH} PYTHONPATH=/home/shs/ws_moveit/build/moveit_configs_utils/prefix_override:/usr/lib/python3/dist-packages/colcon_core/task/python/colcon_distutils_commands:/home/shs/ws_moveit/install/moveit_configs_utils/lib/python3.10/site-packages:/home/shs/ws_moveit/install/srdfdom/local/lib/python3.10/dist-packages:/home/shs/ws_moveit/install/launch_param_builder/lib/python3.10/site-packages:${PYTHONPATH} /usr/bin/python3 -W ignore:setup.py install is deprecated -W ignore:easy_install command is deprecated setup.py egg_info --egg-base ../../../build/moveit_configs_utils build --build-base /home/shs/ws_moveit/build/moveit_configs_utils/build install --record /home/shs/ws_moveit/build/moveit_configs_utils/install.log --single-version-externally-managed install_data
