[0.033s] Invoking command in '/home/shs/ws_moveit/build/moveit_ros_warehouse': AMENT_PREFIX_PATH=/home/shs/ws_moveit/install/moveit_ros_planning:/home/shs/ws_moveit/install/moveit_ros_occupancy_map_monitor:/home/shs/ws_moveit/install/moveit_core:/home/shs/ws_moveit/install/moveit_resources_panda_moveit_config:/home/shs/ws_moveit/install/moveit_configs_utils:/home/shs/ws_moveit/install/srdfdom:/home/shs/ws_moveit/install/moveit_resources_pr2_description:/home/shs/ws_moveit/install/moveit_resources_panda_description:/home/shs/ws_moveit/install/moveit_common:/home/shs/ws_moveit/install/launch_param_builder:${AMENT_PREFIX_PATH} CMAKE_PREFIX_PATH=/home/shs/ws_moveit/install/moveit_ros_planning:/home/shs/ws_moveit/install/moveit_ros_occupancy_map_monitor:/home/shs/ws_moveit/install/moveit_core:/home/shs/ws_moveit/install/moveit_resources_panda_moveit_config:/home/shs/ws_moveit/install/srdfdom:/home/shs/ws_moveit/install/moveit_resources_pr2_description:/home/shs/ws_moveit/install/moveit_resources_panda_description:/home/shs/ws_moveit/install/moveit_common:/home/shs/ws_moveit/install/rosparam_shortcuts:/home/shs/ws_moveit/install/hello_moveit:/home/shs/colcon_ws/install/tf_convenience_topics:/home/shs/colcon_ws/install/sss_viewer:/home/shs/colcon_ws/install/sam_basic_controllers:/home/shs/colcon_ws/install/lolo_description:/home/shs/colcon_ws/install/smarc_msgs:/home/shs/colcon_ws/install/smarc_mission_msgs:/home/shs/colcon_ws/install/smarc_control_msgs:/home/shs/colcon_ws/install/sam_msgs:/home/shs/colcon_ws/install/sam_graph_slam_2_msgs:/home/shs/colcon_ws/install/sam_description:/home/shs/colcon_ws/install/lolo_msgs:/home/shs/colcon_ws/install/drone_msgs:/home/shs/colcon_ws/install/dead_reckoning_msgs:/home/shs/ros2_ws/install/turtlebot3_navigation2:/home/shs/ros2_ws/install/turtlebot3_gazebo:/home/shs/ros2_ws/install/turtlebot3_description:/home/shs/ros2_ws/install/turtlebot3_cartographer:/home/shs/ros2_ws/install/transforms:/home/shs/ros2_ws/install/point_cloud_perception:/home/shs/ros2_ws/install/nodes:/home/shs/ros2_ws/install/navigation_tb3:/home/shs/colcon_ws/install/workshopfun:/home/shs/colcon_ws/install/utm_latlon_converter:/home/shs/colcon_ws/install/smarc_nodered:/home/shs/colcon_ws/install/smarc_bt:/home/shs/colcon_ws/install/smarc_bringups:/home/shs/colcon_ws/install/sam_joy_xbox:/home/shs/colcon_ws/install/sam_joy_teleop:/home/shs/colcon_ws/install/sam_diving_controller:/home/shs/colcon_ws/install/sam_dead_reckoning:/home/shs/colcon_ws/install/ros_tcp_endpoint:/home/shs/colcon_ws/install/ros2_python_examples:/home/shs/colcon_ws/install/mqtt_bridge:/home/shs/colcon_ws/install/dubins_planner:/home/shs/colcon_ws/install/drone_dr:/home/shs/colcon_ws/install/basic_go_to_waypoint:/home/shs/colcon_ws/install/basic_depth_pitch_control:/home/shs/colcon_ws/install/auv_detector:/home/shs/ros2_ws/install/turtlebot3_teleop:/home/shs/ros2_ws/install/turtlebot3_follower:/home/shs/ros2_ws/install/turtlebot3_example:/home/shs/ros2_ws/install/autonomous_tb3:/home/shs/ros2_ws/install/turtle_midpoint:/home/shs/ros2_ws/install/secure_control:/home/shs/ros2_ws/install/robot_math:/home/shs/ros2_ws/install/ai_assitance:/home/shs/install/dive_control:/home/shs/install/basic_go_to_waypoint:/home/shs/install/basic_depth_pitch_control:/home/shs/install/autonomous_tb3:/home/shs/install/ai_assitance:/opt/ros/humble LD_LIBRARY_PATH=/home/shs/ws_moveit/install/moveit_ros_planning/lib:/home/shs/ws_moveit/install/moveit_ros_occupancy_map_monitor/lib:/home/shs/ws_moveit/install/moveit_core/lib:/home/shs/ws_moveit/install/srdfdom/lib:${LD_LIBRARY_PATH} PATH=/home/shs/ws_moveit/install/moveit_core/bin:${PATH} PYTHONPATH=/home/shs/ws_moveit/install/moveit_configs_utils/lib/python3.10/site-packages:/home/shs/ws_moveit/install/srdfdom/local/lib/python3.10/dist-packages:/home/shs/ws_moveit/install/launch_param_builder/lib/python3.10/site-packages:${PYTHONPATH} /usr/bin/cmake /home/shs/ws_moveit/src/moveit2/moveit_ros/warehouse -DCMAKE_BUILD_TYPE=Release -DCMAKE_INSTALL_PREFIX=/home/shs/ws_moveit/install/moveit_ros_warehouse
[0.096s] -- The C compiler identification is GNU 11.4.0
[0.159s] -- The CXX compiler identification is GNU 11.4.0
[0.167s] -- Detecting C compiler ABI info
[0.247s] -- Detecting C compiler ABI info - done
[0.255s] -- Check for working C compiler: /usr/bin/cc - skipped
[0.256s] -- Detecting C compile features
[0.256s] -- Detecting C compile features - done
[0.259s] -- Detecting CXX compiler ABI info
[0.354s] -- Detecting CXX compiler ABI info - done
[0.362s] -- Check for working CXX compiler: /usr/bin/c++ - skipped
[0.363s] -- Detecting CXX compile features
[0.363s] -- Detecting CXX compile features - done
[0.365s] -- Found moveit_common: 2.5.8 (/home/shs/ws_moveit/install/moveit_common/share/moveit_common/cmake)
[0.375s] -- Found ament_cmake: 1.3.11 (/opt/ros/humble/share/ament_cmake/cmake)
[0.626s] -- Found Python3: /usr/bin/python3 (found version "3.10.12") found components: Interpreter 
[0.943s] -- Found rclcpp: 16.0.12 (/opt/ros/humble/share/rclcpp/cmake)
[1.065s] -- Found rosidl_generator_c: 3.1.6 (/opt/ros/humble/share/rosidl_generator_c/cmake)
[1.084s] -- Found rosidl_adapter: 3.1.6 (/opt/ros/humble/share/rosidl_adapter/cmake)
[1.106s] -- Found rosidl_generator_cpp: 3.1.6 (/opt/ros/humble/share/rosidl_generator_cpp/cmake)
[1.136s] -- Using all available rosidl_typesupport_c: rosidl_typesupport_fastrtps_c;rosidl_typesupport_introspection_c
[1.177s] -- Using all available rosidl_typesupport_cpp: rosidl_typesupport_fastrtps_cpp;rosidl_typesupport_introspection_cpp
[1.296s] -- Found rmw_implementation_cmake: 6.1.2 (/opt/ros/humble/share/rmw_implementation_cmake/cmake)
[1.307s] -- Found rmw_fastrtps_cpp: 6.2.7 (/opt/ros/humble/share/rmw_fastrtps_cpp/cmake)
[1.457s] -- Found OpenSSL: /usr/lib/x86_64-linux-gnu/libcrypto.so (found version "3.0.2")  
[1.497s] -- Found FastRTPS: /opt/ros/humble/include  
[1.561s] -- Using RMW implementation 'rmw_fastrtps_cpp' as default
[1.591s] -- Looking for pthread.h
[1.706s] -- Looking for pthread.h - found
[1.706s] -- Performing Test CMAKE_HAVE_LIBC_PTHREAD
[1.831s] -- Performing Test CMAKE_HAVE_LIBC_PTHREAD - Success
[1.833s] -- Found Threads: TRUE  
[1.920s] -- Found moveit_core: 2.5.8 (/home/shs/ws_moveit/install/moveit_core/share/moveit_core/cmake)
[2.038s] -- Found Boost: /usr/lib/x86_64-linux-gnu/cmake/Boost-1.74.0/BoostConfig.cmake (found version "1.74.0") found components: chrono date_time filesystem iostreams program_options regex serialization system thread 
[2.157s] -- Found parameter_traits: 0.4.0 (/opt/ros/humble/share/parameter_traits/cmake)
[2.189s] -- Found Eigen3: TRUE (found version "3.4.0") 
[2.198s] -- Found rclcpp_lifecycle: 16.0.12 (/opt/ros/humble/share/rclcpp_lifecycle/cmake)
[2.246s] -- Found Boost: /usr/lib/x86_64-linux-gnu/cmake/Boost-1.74.0/BoostConfig.cmake (found version "1.74.0") found components: filesystem 
[2.417s] -- library: /usr/lib/x86_64-linux-gnu/libcurl.so
[2.532s] -- Ensuring Eigen3 include directory is part of orocos-kdl CMake target
[2.997s] -- Found warehouse_ros: 2.0.5 (/opt/ros/humble/share/warehouse_ros/cmake)
[3.004s] -- Found moveit_ros_planning: 2.5.8 (/home/shs/ws_moveit/install/moveit_ros_planning/share/moveit_ros_planning/cmake)
[3.009s] -- Found Boost: /usr/lib/x86_64-linux-gnu/cmake/Boost-1.74.0/BoostConfig.cmake (found version "1.74.0") found components: system filesystem date_time program_options thread chrono 
[3.042s] -- Found Boost: /usr/lib/x86_64-linux-gnu/cmake/Boost-1.74.0/BoostConfig.cmake (found version "1.74.0") found components: thread system filesystem regex date_time program_options 
[3.045s] -- Performing Test COMPILER_HAS_HIDDEN_VISIBILITY
[3.166s] -- Performing Test COMPILER_HAS_HIDDEN_VISIBILITY - Success
[3.167s] -- Performing Test COMPILER_HAS_HIDDEN_INLINE_VISIBILITY
[3.292s] -- Performing Test COMPILER_HAS_HIDDEN_INLINE_VISIBILITY - Success
[3.292s] -- Performing Test COMPILER_HAS_DEPRECATED_ATTR
[3.422s] -- Performing Test COMPILER_HAS_DEPRECATED_ATTR - Success
[3.571s] -- Found ament_lint_auto: 0.12.12 (/opt/ros/humble/share/ament_lint_auto/cmake)
[3.622s] -- Added test 'cppcheck' to perform static code analysis on C / C++ code
[3.623s] -- Configured cppcheck include dirs: /home/shs/ws_moveit/src/moveit2/moveit_ros/warehouse/include
[3.623s] -- Configured cppcheck exclude dirs and/or files: 
[3.624s] -- Added test 'lint_cmake' to check CMake code style
[3.626s] -- Added test 'pep257' to check Python code against some of the docstring style conventions in PEP 257
[3.627s] -- Added test 'xmllint' to check XML markup files
[3.631s] -- Configuring done
[3.768s] -- Generating done
[3.802s] -- Build files have been written to: /home/shs/ws_moveit/build/moveit_ros_warehouse
[3.818s] Invoked command in '/home/shs/ws_moveit/build/moveit_ros_warehouse' returned '0': AMENT_PREFIX_PATH=/home/shs/ws_moveit/install/moveit_ros_planning:/home/shs/ws_moveit/install/moveit_ros_occupancy_map_monitor:/home/shs/ws_moveit/install/moveit_core:/home/shs/ws_moveit/install/moveit_resources_panda_moveit_config:/home/shs/ws_moveit/install/moveit_configs_utils:/home/shs/ws_moveit/install/srdfdom:/home/shs/ws_moveit/install/moveit_resources_pr2_description:/home/shs/ws_moveit/install/moveit_resources_panda_description:/home/shs/ws_moveit/install/moveit_common:/home/shs/ws_moveit/install/launch_param_builder:${AMENT_PREFIX_PATH} CMAKE_PREFIX_PATH=/home/shs/ws_moveit/install/moveit_ros_planning:/home/shs/ws_moveit/install/moveit_ros_occupancy_map_monitor:/home/shs/ws_moveit/install/moveit_core:/home/shs/ws_moveit/install/moveit_resources_panda_moveit_config:/home/shs/ws_moveit/install/srdfdom:/home/shs/ws_moveit/install/moveit_resources_pr2_description:/home/shs/ws_moveit/install/moveit_resources_panda_description:/home/shs/ws_moveit/install/moveit_common:/home/shs/ws_moveit/install/rosparam_shortcuts:/home/shs/ws_moveit/install/hello_moveit:/home/shs/colcon_ws/install/tf_convenience_topics:/home/shs/colcon_ws/install/sss_viewer:/home/shs/colcon_ws/install/sam_basic_controllers:/home/shs/colcon_ws/install/lolo_description:/home/shs/colcon_ws/install/smarc_msgs:/home/shs/colcon_ws/install/smarc_mission_msgs:/home/shs/colcon_ws/install/smarc_control_msgs:/home/shs/colcon_ws/install/sam_msgs:/home/shs/colcon_ws/install/sam_graph_slam_2_msgs:/home/shs/colcon_ws/install/sam_description:/home/shs/colcon_ws/install/lolo_msgs:/home/shs/colcon_ws/install/drone_msgs:/home/shs/colcon_ws/install/dead_reckoning_msgs:/home/shs/ros2_ws/install/turtlebot3_navigation2:/home/shs/ros2_ws/install/turtlebot3_gazebo:/home/shs/ros2_ws/install/turtlebot3_description:/home/shs/ros2_ws/install/turtlebot3_cartographer:/home/shs/ros2_ws/install/transforms:/home/shs/ros2_ws/install/point_cloud_perception:/home/shs/ros2_ws/install/nodes:/home/shs/ros2_ws/install/navigation_tb3:/home/shs/colcon_ws/install/workshopfun:/home/shs/colcon_ws/install/utm_latlon_converter:/home/shs/colcon_ws/install/smarc_nodered:/home/shs/colcon_ws/install/smarc_bt:/home/shs/colcon_ws/install/smarc_bringups:/home/shs/colcon_ws/install/sam_joy_xbox:/home/shs/colcon_ws/install/sam_joy_teleop:/home/shs/colcon_ws/install/sam_diving_controller:/home/shs/colcon_ws/install/sam_dead_reckoning:/home/shs/colcon_ws/install/ros_tcp_endpoint:/home/shs/colcon_ws/install/ros2_python_examples:/home/shs/colcon_ws/install/mqtt_bridge:/home/shs/colcon_ws/install/dubins_planner:/home/shs/colcon_ws/install/drone_dr:/home/shs/colcon_ws/install/basic_go_to_waypoint:/home/shs/colcon_ws/install/basic_depth_pitch_control:/home/shs/colcon_ws/install/auv_detector:/home/shs/ros2_ws/install/turtlebot3_teleop:/home/shs/ros2_ws/install/turtlebot3_follower:/home/shs/ros2_ws/install/turtlebot3_example:/home/shs/ros2_ws/install/autonomous_tb3:/home/shs/ros2_ws/install/turtle_midpoint:/home/shs/ros2_ws/install/secure_control:/home/shs/ros2_ws/install/robot_math:/home/shs/ros2_ws/install/ai_assitance:/home/shs/install/dive_control:/home/shs/install/basic_go_to_waypoint:/home/shs/install/basic_depth_pitch_control:/home/shs/install/autonomous_tb3:/home/shs/install/ai_assitance:/opt/ros/humble LD_LIBRARY_PATH=/home/shs/ws_moveit/install/moveit_ros_planning/lib:/home/shs/ws_moveit/install/moveit_ros_occupancy_map_monitor/lib:/home/shs/ws_moveit/install/moveit_core/lib:/home/shs/ws_moveit/install/srdfdom/lib:${LD_LIBRARY_PATH} PATH=/home/shs/ws_moveit/install/moveit_core/bin:${PATH} PYTHONPATH=/home/shs/ws_moveit/install/moveit_configs_utils/lib/python3.10/site-packages:/home/shs/ws_moveit/install/srdfdom/local/lib/python3.10/dist-packages:/home/shs/ws_moveit/install/launch_param_builder/lib/python3.10/site-packages:${PYTHONPATH} /usr/bin/cmake /home/shs/ws_moveit/src/moveit2/moveit_ros/warehouse -DCMAKE_BUILD_TYPE=Release -DCMAKE_INSTALL_PREFIX=/home/shs/ws_moveit/install/moveit_ros_warehouse
[3.819s] Invoking command in '/home/shs/ws_moveit/build/moveit_ros_warehouse': AMENT_PREFIX_PATH=/home/shs/ws_moveit/install/moveit_ros_planning:/home/shs/ws_moveit/install/moveit_ros_occupancy_map_monitor:/home/shs/ws_moveit/install/moveit_core:/home/shs/ws_moveit/install/moveit_resources_panda_moveit_config:/home/shs/ws_moveit/install/moveit_configs_utils:/home/shs/ws_moveit/install/srdfdom:/home/shs/ws_moveit/install/moveit_resources_pr2_description:/home/shs/ws_moveit/install/moveit_resources_panda_description:/home/shs/ws_moveit/install/moveit_common:/home/shs/ws_moveit/install/launch_param_builder:${AMENT_PREFIX_PATH} CMAKE_PREFIX_PATH=/home/shs/ws_moveit/install/moveit_ros_planning:/home/shs/ws_moveit/install/moveit_ros_occupancy_map_monitor:/home/shs/ws_moveit/install/moveit_core:/home/shs/ws_moveit/install/moveit_resources_panda_moveit_config:/home/shs/ws_moveit/install/srdfdom:/home/shs/ws_moveit/install/moveit_resources_pr2_description:/home/shs/ws_moveit/install/moveit_resources_panda_description:/home/shs/ws_moveit/install/moveit_common:/home/shs/ws_moveit/install/rosparam_shortcuts:/home/shs/ws_moveit/install/hello_moveit:/home/shs/colcon_ws/install/tf_convenience_topics:/home/shs/colcon_ws/install/sss_viewer:/home/shs/colcon_ws/install/sam_basic_controllers:/home/shs/colcon_ws/install/lolo_description:/home/shs/colcon_ws/install/smarc_msgs:/home/shs/colcon_ws/install/smarc_mission_msgs:/home/shs/colcon_ws/install/smarc_control_msgs:/home/shs/colcon_ws/install/sam_msgs:/home/shs/colcon_ws/install/sam_graph_slam_2_msgs:/home/shs/colcon_ws/install/sam_description:/home/shs/colcon_ws/install/lolo_msgs:/home/shs/colcon_ws/install/drone_msgs:/home/shs/colcon_ws/install/dead_reckoning_msgs:/home/shs/ros2_ws/install/turtlebot3_navigation2:/home/shs/ros2_ws/install/turtlebot3_gazebo:/home/shs/ros2_ws/install/turtlebot3_description:/home/shs/ros2_ws/install/turtlebot3_cartographer:/home/shs/ros2_ws/install/transforms:/home/shs/ros2_ws/install/point_cloud_perception:/home/shs/ros2_ws/install/nodes:/home/shs/ros2_ws/install/navigation_tb3:/home/shs/colcon_ws/install/workshopfun:/home/shs/colcon_ws/install/utm_latlon_converter:/home/shs/colcon_ws/install/smarc_nodered:/home/shs/colcon_ws/install/smarc_bt:/home/shs/colcon_ws/install/smarc_bringups:/home/shs/colcon_ws/install/sam_joy_xbox:/home/shs/colcon_ws/install/sam_joy_teleop:/home/shs/colcon_ws/install/sam_diving_controller:/home/shs/colcon_ws/install/sam_dead_reckoning:/home/shs/colcon_ws/install/ros_tcp_endpoint:/home/shs/colcon_ws/install/ros2_python_examples:/home/shs/colcon_ws/install/mqtt_bridge:/home/shs/colcon_ws/install/dubins_planner:/home/shs/colcon_ws/install/drone_dr:/home/shs/colcon_ws/install/basic_go_to_waypoint:/home/shs/colcon_ws/install/basic_depth_pitch_control:/home/shs/colcon_ws/install/auv_detector:/home/shs/ros2_ws/install/turtlebot3_teleop:/home/shs/ros2_ws/install/turtlebot3_follower:/home/shs/ros2_ws/install/turtlebot3_example:/home/shs/ros2_ws/install/autonomous_tb3:/home/shs/ros2_ws/install/turtle_midpoint:/home/shs/ros2_ws/install/secure_control:/home/shs/ros2_ws/install/robot_math:/home/shs/ros2_ws/install/ai_assitance:/home/shs/install/dive_control:/home/shs/install/basic_go_to_waypoint:/home/shs/install/basic_depth_pitch_control:/home/shs/install/autonomous_tb3:/home/shs/install/ai_assitance:/opt/ros/humble LD_LIBRARY_PATH=/home/shs/ws_moveit/install/moveit_ros_planning/lib:/home/shs/ws_moveit/install/moveit_ros_occupancy_map_monitor/lib:/home/shs/ws_moveit/install/moveit_core/lib:/home/shs/ws_moveit/install/srdfdom/lib:${LD_LIBRARY_PATH} PATH=/home/shs/ws_moveit/install/moveit_core/bin:${PATH} PYTHONPATH=/home/shs/ws_moveit/install/moveit_configs_utils/lib/python3.10/site-packages:/home/shs/ws_moveit/install/srdfdom/local/lib/python3.10/dist-packages:/home/shs/ws_moveit/install/launch_param_builder/lib/python3.10/site-packages:${PYTHONPATH} /usr/bin/cmake --build /home/shs/ws_moveit/build/moveit_ros_warehouse -- -j8 -l8
[3.891s] [  5%] [32mBuilding CXX object CMakeFiles/moveit_warehouse.dir/src/planning_scene_storage.cpp.o[0m
[3.894s] [ 10%] [32mBuilding CXX object CMakeFiles/moveit_warehouse.dir/src/moveit_message_storage.cpp.o[0m
[3.895s] [ 15%] [32mBuilding CXX object CMakeFiles/moveit_warehouse.dir/src/planning_scene_world_storage.cpp.o[0m
[3.895s] [ 20%] [32mBuilding CXX object CMakeFiles/moveit_warehouse.dir/src/constraints_storage.cpp.o[0m
[3.895s] [ 25%] [32mBuilding CXX object CMakeFiles/moveit_warehouse.dir/src/trajectory_constraints_storage.cpp.o[0m
[3.896s] [ 30%] [32mBuilding CXX object CMakeFiles/moveit_warehouse.dir/src/warehouse_connector.cpp.o[0m
[3.896s] [ 35%] [32mBuilding CXX object CMakeFiles/moveit_warehouse.dir/src/state_storage.cpp.o[0m
[19.764s] [ 40%] [32m[1mLinking CXX shared library libmoveit_warehouse.so[0m
[20.502s] [ 40%] Built target moveit_warehouse
[20.539s] [ 45%] [32mBuilding CXX object CMakeFiles/moveit_warehouse_broadcast.dir/src/broadcast.cpp.o[0m
[20.539s] [ 50%] [32mBuilding CXX object CMakeFiles/moveit_warehouse_save_as_text.dir/src/save_as_text.cpp.o[0m
[20.539s] [ 60%] [32mBuilding CXX object CMakeFiles/moveit_save_to_warehouse.dir/src/save_to_warehouse.cpp.o[0m
[20.539s] [ 60%] [32mBuilding CXX object CMakeFiles/moveit_warehouse_services.dir/src/warehouse_services.cpp.o[0m
[20.544s] [ 65%] [32mBuilding CXX object CMakeFiles/moveit_init_demo_warehouse.dir/src/initialize_demo_db.cpp.o[0m
[20.545s] [ 70%] [32mBuilding CXX object CMakeFiles/moveit_warehouse_import_from_text.dir/src/import_from_text.cpp.o[0m
[33.763s] [ 75%] [32m[1mLinking CXX executable moveit_warehouse_services[0m
[34.210s] [ 75%] Built target moveit_warehouse_services
[42.636s] [ 80%] [32m[1mLinking CXX executable moveit_init_demo_warehouse[0m
[43.246s] [ 80%] Built target moveit_init_demo_warehouse
[43.610s] [ 85%] [32m[1mLinking CXX executable moveit_warehouse_broadcast[0m
[43.984s] [ 85%] Built target moveit_warehouse_broadcast
[45.290s] [ 90%] [32m[1mLinking CXX executable moveit_warehouse_save_as_text[0m
[45.828s] [ 90%] Built target moveit_warehouse_save_as_text
[46.050s] [ 95%] [32m[1mLinking CXX executable moveit_warehouse_import_from_text[0m
[46.545s] [ 95%] Built target moveit_warehouse_import_from_text
[54.350s] [100%] [32m[1mLinking CXX executable moveit_save_to_warehouse[0m
[54.883s] [100%] Built target moveit_save_to_warehouse
[54.900s] Invoked command in '/home/shs/ws_moveit/build/moveit_ros_warehouse' returned '0': AMENT_PREFIX_PATH=/home/shs/ws_moveit/install/moveit_ros_planning:/home/shs/ws_moveit/install/moveit_ros_occupancy_map_monitor:/home/shs/ws_moveit/install/moveit_core:/home/shs/ws_moveit/install/moveit_resources_panda_moveit_config:/home/shs/ws_moveit/install/moveit_configs_utils:/home/shs/ws_moveit/install/srdfdom:/home/shs/ws_moveit/install/moveit_resources_pr2_description:/home/shs/ws_moveit/install/moveit_resources_panda_description:/home/shs/ws_moveit/install/moveit_common:/home/shs/ws_moveit/install/launch_param_builder:${AMENT_PREFIX_PATH} CMAKE_PREFIX_PATH=/home/shs/ws_moveit/install/moveit_ros_planning:/home/shs/ws_moveit/install/moveit_ros_occupancy_map_monitor:/home/shs/ws_moveit/install/moveit_core:/home/shs/ws_moveit/install/moveit_resources_panda_moveit_config:/home/shs/ws_moveit/install/srdfdom:/home/shs/ws_moveit/install/moveit_resources_pr2_description:/home/shs/ws_moveit/install/moveit_resources_panda_description:/home/shs/ws_moveit/install/moveit_common:/home/shs/ws_moveit/install/rosparam_shortcuts:/home/shs/ws_moveit/install/hello_moveit:/home/shs/colcon_ws/install/tf_convenience_topics:/home/shs/colcon_ws/install/sss_viewer:/home/shs/colcon_ws/install/sam_basic_controllers:/home/shs/colcon_ws/install/lolo_description:/home/shs/colcon_ws/install/smarc_msgs:/home/shs/colcon_ws/install/smarc_mission_msgs:/home/shs/colcon_ws/install/smarc_control_msgs:/home/shs/colcon_ws/install/sam_msgs:/home/shs/colcon_ws/install/sam_graph_slam_2_msgs:/home/shs/colcon_ws/install/sam_description:/home/shs/colcon_ws/install/lolo_msgs:/home/shs/colcon_ws/install/drone_msgs:/home/shs/colcon_ws/install/dead_reckoning_msgs:/home/shs/ros2_ws/install/turtlebot3_navigation2:/home/shs/ros2_ws/install/turtlebot3_gazebo:/home/shs/ros2_ws/install/turtlebot3_description:/home/shs/ros2_ws/install/turtlebot3_cartographer:/home/shs/ros2_ws/install/transforms:/home/shs/ros2_ws/install/point_cloud_perception:/home/shs/ros2_ws/install/nodes:/home/shs/ros2_ws/install/navigation_tb3:/home/shs/colcon_ws/install/workshopfun:/home/shs/colcon_ws/install/utm_latlon_converter:/home/shs/colcon_ws/install/smarc_nodered:/home/shs/colcon_ws/install/smarc_bt:/home/shs/colcon_ws/install/smarc_bringups:/home/shs/colcon_ws/install/sam_joy_xbox:/home/shs/colcon_ws/install/sam_joy_teleop:/home/shs/colcon_ws/install/sam_diving_controller:/home/shs/colcon_ws/install/sam_dead_reckoning:/home/shs/colcon_ws/install/ros_tcp_endpoint:/home/shs/colcon_ws/install/ros2_python_examples:/home/shs/colcon_ws/install/mqtt_bridge:/home/shs/colcon_ws/install/dubins_planner:/home/shs/colcon_ws/install/drone_dr:/home/shs/colcon_ws/install/basic_go_to_waypoint:/home/shs/colcon_ws/install/basic_depth_pitch_control:/home/shs/colcon_ws/install/auv_detector:/home/shs/ros2_ws/install/turtlebot3_teleop:/home/shs/ros2_ws/install/turtlebot3_follower:/home/shs/ros2_ws/install/turtlebot3_example:/home/shs/ros2_ws/install/autonomous_tb3:/home/shs/ros2_ws/install/turtle_midpoint:/home/shs/ros2_ws/install/secure_control:/home/shs/ros2_ws/install/robot_math:/home/shs/ros2_ws/install/ai_assitance:/home/shs/install/dive_control:/home/shs/install/basic_go_to_waypoint:/home/shs/install/basic_depth_pitch_control:/home/shs/install/autonomous_tb3:/home/shs/install/ai_assitance:/opt/ros/humble LD_LIBRARY_PATH=/home/shs/ws_moveit/install/moveit_ros_planning/lib:/home/shs/ws_moveit/install/moveit_ros_occupancy_map_monitor/lib:/home/shs/ws_moveit/install/moveit_core/lib:/home/shs/ws_moveit/install/srdfdom/lib:${LD_LIBRARY_PATH} PATH=/home/shs/ws_moveit/install/moveit_core/bin:${PATH} PYTHONPATH=/home/shs/ws_moveit/install/moveit_configs_utils/lib/python3.10/site-packages:/home/shs/ws_moveit/install/srdfdom/local/lib/python3.10/dist-packages:/home/shs/ws_moveit/install/launch_param_builder/lib/python3.10/site-packages:${PYTHONPATH} /usr/bin/cmake --build /home/shs/ws_moveit/build/moveit_ros_warehouse -- -j8 -l8
[54.902s] Invoking command in '/home/shs/ws_moveit/build/moveit_ros_warehouse': AMENT_PREFIX_PATH=/home/shs/ws_moveit/install/moveit_ros_planning:/home/shs/ws_moveit/install/moveit_ros_occupancy_map_monitor:/home/shs/ws_moveit/install/moveit_core:/home/shs/ws_moveit/install/moveit_resources_panda_moveit_config:/home/shs/ws_moveit/install/moveit_configs_utils:/home/shs/ws_moveit/install/srdfdom:/home/shs/ws_moveit/install/moveit_resources_pr2_description:/home/shs/ws_moveit/install/moveit_resources_panda_description:/home/shs/ws_moveit/install/moveit_common:/home/shs/ws_moveit/install/launch_param_builder:${AMENT_PREFIX_PATH} CMAKE_PREFIX_PATH=/home/shs/ws_moveit/install/moveit_ros_planning:/home/shs/ws_moveit/install/moveit_ros_occupancy_map_monitor:/home/shs/ws_moveit/install/moveit_core:/home/shs/ws_moveit/install/moveit_resources_panda_moveit_config:/home/shs/ws_moveit/install/srdfdom:/home/shs/ws_moveit/install/moveit_resources_pr2_description:/home/shs/ws_moveit/install/moveit_resources_panda_description:/home/shs/ws_moveit/install/moveit_common:/home/shs/ws_moveit/install/rosparam_shortcuts:/home/shs/ws_moveit/install/hello_moveit:/home/shs/colcon_ws/install/tf_convenience_topics:/home/shs/colcon_ws/install/sss_viewer:/home/shs/colcon_ws/install/sam_basic_controllers:/home/shs/colcon_ws/install/lolo_description:/home/shs/colcon_ws/install/smarc_msgs:/home/shs/colcon_ws/install/smarc_mission_msgs:/home/shs/colcon_ws/install/smarc_control_msgs:/home/shs/colcon_ws/install/sam_msgs:/home/shs/colcon_ws/install/sam_graph_slam_2_msgs:/home/shs/colcon_ws/install/sam_description:/home/shs/colcon_ws/install/lolo_msgs:/home/shs/colcon_ws/install/drone_msgs:/home/shs/colcon_ws/install/dead_reckoning_msgs:/home/shs/ros2_ws/install/turtlebot3_navigation2:/home/shs/ros2_ws/install/turtlebot3_gazebo:/home/shs/ros2_ws/install/turtlebot3_description:/home/shs/ros2_ws/install/turtlebot3_cartographer:/home/shs/ros2_ws/install/transforms:/home/shs/ros2_ws/install/point_cloud_perception:/home/shs/ros2_ws/install/nodes:/home/shs/ros2_ws/install/navigation_tb3:/home/shs/colcon_ws/install/workshopfun:/home/shs/colcon_ws/install/utm_latlon_converter:/home/shs/colcon_ws/install/smarc_nodered:/home/shs/colcon_ws/install/smarc_bt:/home/shs/colcon_ws/install/smarc_bringups:/home/shs/colcon_ws/install/sam_joy_xbox:/home/shs/colcon_ws/install/sam_joy_teleop:/home/shs/colcon_ws/install/sam_diving_controller:/home/shs/colcon_ws/install/sam_dead_reckoning:/home/shs/colcon_ws/install/ros_tcp_endpoint:/home/shs/colcon_ws/install/ros2_python_examples:/home/shs/colcon_ws/install/mqtt_bridge:/home/shs/colcon_ws/install/dubins_planner:/home/shs/colcon_ws/install/drone_dr:/home/shs/colcon_ws/install/basic_go_to_waypoint:/home/shs/colcon_ws/install/basic_depth_pitch_control:/home/shs/colcon_ws/install/auv_detector:/home/shs/ros2_ws/install/turtlebot3_teleop:/home/shs/ros2_ws/install/turtlebot3_follower:/home/shs/ros2_ws/install/turtlebot3_example:/home/shs/ros2_ws/install/autonomous_tb3:/home/shs/ros2_ws/install/turtle_midpoint:/home/shs/ros2_ws/install/secure_control:/home/shs/ros2_ws/install/robot_math:/home/shs/ros2_ws/install/ai_assitance:/home/shs/install/dive_control:/home/shs/install/basic_go_to_waypoint:/home/shs/install/basic_depth_pitch_control:/home/shs/install/autonomous_tb3:/home/shs/install/ai_assitance:/opt/ros/humble LD_LIBRARY_PATH=/home/shs/ws_moveit/install/moveit_ros_planning/lib:/home/shs/ws_moveit/install/moveit_ros_occupancy_map_monitor/lib:/home/shs/ws_moveit/install/moveit_core/lib:/home/shs/ws_moveit/install/srdfdom/lib:${LD_LIBRARY_PATH} PATH=/home/shs/ws_moveit/install/moveit_core/bin:${PATH} PYTHONPATH=/home/shs/ws_moveit/install/moveit_configs_utils/lib/python3.10/site-packages:/home/shs/ws_moveit/install/srdfdom/local/lib/python3.10/dist-packages:/home/shs/ws_moveit/install/launch_param_builder/lib/python3.10/site-packages:${PYTHONPATH} /usr/bin/cmake --install /home/shs/ws_moveit/build/moveit_ros_warehouse
[54.912s] -- Install configuration: "Release"
[54.912s] -- Installing: /home/shs/ws_moveit/install/moveit_ros_warehouse/lib/moveit_ros_warehouse/moveit_save_to_warehouse
[54.914s] -- Set runtime path of "/home/shs/ws_moveit/install/moveit_ros_warehouse/lib/moveit_ros_warehouse/moveit_save_to_warehouse" to ""
[54.914s] -- Installing: /home/shs/ws_moveit/install/moveit_ros_warehouse/lib/moveit_ros_warehouse/moveit_warehouse_broadcast
[54.915s] -- Set runtime path of "/home/shs/ws_moveit/install/moveit_ros_warehouse/lib/moveit_ros_warehouse/moveit_warehouse_broadcast" to ""
[54.916s] -- Installing: /home/shs/ws_moveit/install/moveit_ros_warehouse/lib/moveit_ros_warehouse/moveit_warehouse_import_from_text
[54.916s] -- Set runtime path of "/home/shs/ws_moveit/install/moveit_ros_warehouse/lib/moveit_ros_warehouse/moveit_warehouse_import_from_text" to ""
[54.916s] -- Installing: /home/shs/ws_moveit/install/moveit_ros_warehouse/lib/moveit_ros_warehouse/moveit_warehouse_save_as_text
[54.917s] -- Set runtime path of "/home/shs/ws_moveit/install/moveit_ros_warehouse/lib/moveit_ros_warehouse/moveit_warehouse_save_as_text" to ""
[54.917s] -- Installing: /home/shs/ws_moveit/install/moveit_ros_warehouse/lib/moveit_ros_warehouse/moveit_init_demo_warehouse
[54.918s] -- Set runtime path of "/home/shs/ws_moveit/install/moveit_ros_warehouse/lib/moveit_ros_warehouse/moveit_init_demo_warehouse" to ""
[54.918s] -- Installing: /home/shs/ws_moveit/install/moveit_ros_warehouse/lib/moveit_ros_warehouse/moveit_warehouse_services
[54.919s] -- Set runtime path of "/home/shs/ws_moveit/install/moveit_ros_warehouse/lib/moveit_ros_warehouse/moveit_warehouse_services" to ""
[54.919s] -- Installing: /home/shs/ws_moveit/install/moveit_ros_warehouse/include
[54.919s] -- Installing: /home/shs/ws_moveit/install/moveit_ros_warehouse/include/moveit
[54.919s] -- Installing: /home/shs/ws_moveit/install/moveit_ros_warehouse/include/moveit/warehouse
[54.919s] -- Installing: /home/shs/ws_moveit/install/moveit_ros_warehouse/include/moveit/warehouse/state_storage.h
[54.919s] -- Installing: /home/shs/ws_moveit/install/moveit_ros_warehouse/include/moveit/warehouse/planning_scene_storage.h
[54.919s] -- Installing: /home/shs/ws_moveit/install/moveit_ros_warehouse/include/moveit/warehouse/trajectory_constraints_storage.h
[54.919s] -- Installing: /home/shs/ws_moveit/install/moveit_ros_warehouse/include/moveit/warehouse/moveit_message_storage.h
[54.919s] -- Installing: /home/shs/ws_moveit/install/moveit_ros_warehouse/include/moveit/warehouse/planning_scene_world_storage.h
[54.920s] -- Installing: /home/shs/ws_moveit/install/moveit_ros_warehouse/include/moveit/warehouse/constraints_storage.h
[54.920s] -- Installing: /home/shs/ws_moveit/install/moveit_ros_warehouse/include/moveit/warehouse/warehouse_connector.h
[54.920s] -- Installing: /home/shs/ws_moveit/install/moveit_ros_warehouse/include/moveit_warehouse_export.h
[54.920s] -- Installing: /home/shs/ws_moveit/install/moveit_ros_warehouse/lib/libmoveit_warehouse.so.2.5.8
[54.922s] -- Set runtime path of "/home/shs/ws_moveit/install/moveit_ros_warehouse/lib/libmoveit_warehouse.so.2.5.8" to ""
[54.922s] -- Installing: /home/shs/ws_moveit/install/moveit_ros_warehouse/lib/libmoveit_warehouse.so
[54.922s] -- Installing: /home/shs/ws_moveit/install/moveit_ros_warehouse/share/moveit_ros_warehouse/environment/library_path.sh
[54.922s] -- Installing: /home/shs/ws_moveit/install/moveit_ros_warehouse/share/moveit_ros_warehouse/environment/library_path.dsv
[54.922s] -- Installing: /home/shs/ws_moveit/install/moveit_ros_warehouse/share/ament_index/resource_index/package_run_dependencies/moveit_ros_warehouse
[54.922s] -- Installing: /home/shs/ws_moveit/install/moveit_ros_warehouse/share/ament_index/resource_index/parent_prefix_path/moveit_ros_warehouse
[54.923s] -- Installing: /home/shs/ws_moveit/install/moveit_ros_warehouse/share/moveit_ros_warehouse/environment/ament_prefix_path.sh
[54.923s] -- Installing: /home/shs/ws_moveit/install/moveit_ros_warehouse/share/moveit_ros_warehouse/environment/ament_prefix_path.dsv
[54.923s] -- Installing: /home/shs/ws_moveit/install/moveit_ros_warehouse/share/moveit_ros_warehouse/environment/path.sh
[54.923s] -- Installing: /home/shs/ws_moveit/install/moveit_ros_warehouse/share/moveit_ros_warehouse/environment/path.dsv
[54.923s] -- Installing: /home/shs/ws_moveit/install/moveit_ros_warehouse/share/moveit_ros_warehouse/local_setup.bash
[54.923s] -- Installing: /home/shs/ws_moveit/install/moveit_ros_warehouse/share/moveit_ros_warehouse/local_setup.sh
[54.923s] -- Installing: /home/shs/ws_moveit/install/moveit_ros_warehouse/share/moveit_ros_warehouse/local_setup.zsh
[54.924s] -- Installing: /home/shs/ws_moveit/install/moveit_ros_warehouse/share/moveit_ros_warehouse/local_setup.dsv
[54.924s] -- Installing: /home/shs/ws_moveit/install/moveit_ros_warehouse/share/moveit_ros_warehouse/package.dsv
[54.924s] -- Installing: /home/shs/ws_moveit/install/moveit_ros_warehouse/share/ament_index/resource_index/packages/moveit_ros_warehouse
[54.924s] -- Installing: /home/shs/ws_moveit/install/moveit_ros_warehouse/share/moveit_ros_warehouse/cmake/export_moveit_ros_warehouseExport.cmake
[54.924s] -- Installing: /home/shs/ws_moveit/install/moveit_ros_warehouse/share/moveit_ros_warehouse/cmake/export_moveit_ros_warehouseExport-release.cmake
[54.925s] -- Installing: /home/shs/ws_moveit/install/moveit_ros_warehouse/share/moveit_ros_warehouse/cmake/ConfigExtras.cmake
[54.925s] -- Installing: /home/shs/ws_moveit/install/moveit_ros_warehouse/share/moveit_ros_warehouse/cmake/ament_cmake_export_targets-extras.cmake
[54.925s] -- Installing: /home/shs/ws_moveit/install/moveit_ros_warehouse/share/moveit_ros_warehouse/cmake/ament_cmake_export_dependencies-extras.cmake
[54.925s] -- Installing: /home/shs/ws_moveit/install/moveit_ros_warehouse/share/moveit_ros_warehouse/cmake/moveit_ros_warehouseConfig.cmake
[54.925s] -- Installing: /home/shs/ws_moveit/install/moveit_ros_warehouse/share/moveit_ros_warehouse/cmake/moveit_ros_warehouseConfig-version.cmake
[54.925s] -- Installing: /home/shs/ws_moveit/install/moveit_ros_warehouse/share/moveit_ros_warehouse/package.xml
[54.928s] Invoked command in '/home/shs/ws_moveit/build/moveit_ros_warehouse' returned '0': AMENT_PREFIX_PATH=/home/shs/ws_moveit/install/moveit_ros_planning:/home/shs/ws_moveit/install/moveit_ros_occupancy_map_monitor:/home/shs/ws_moveit/install/moveit_core:/home/shs/ws_moveit/install/moveit_resources_panda_moveit_config:/home/shs/ws_moveit/install/moveit_configs_utils:/home/shs/ws_moveit/install/srdfdom:/home/shs/ws_moveit/install/moveit_resources_pr2_description:/home/shs/ws_moveit/install/moveit_resources_panda_description:/home/shs/ws_moveit/install/moveit_common:/home/shs/ws_moveit/install/launch_param_builder:${AMENT_PREFIX_PATH} CMAKE_PREFIX_PATH=/home/shs/ws_moveit/install/moveit_ros_planning:/home/shs/ws_moveit/install/moveit_ros_occupancy_map_monitor:/home/shs/ws_moveit/install/moveit_core:/home/shs/ws_moveit/install/moveit_resources_panda_moveit_config:/home/shs/ws_moveit/install/srdfdom:/home/shs/ws_moveit/install/moveit_resources_pr2_description:/home/shs/ws_moveit/install/moveit_resources_panda_description:/home/shs/ws_moveit/install/moveit_common:/home/shs/ws_moveit/install/rosparam_shortcuts:/home/shs/ws_moveit/install/hello_moveit:/home/shs/colcon_ws/install/tf_convenience_topics:/home/shs/colcon_ws/install/sss_viewer:/home/shs/colcon_ws/install/sam_basic_controllers:/home/shs/colcon_ws/install/lolo_description:/home/shs/colcon_ws/install/smarc_msgs:/home/shs/colcon_ws/install/smarc_mission_msgs:/home/shs/colcon_ws/install/smarc_control_msgs:/home/shs/colcon_ws/install/sam_msgs:/home/shs/colcon_ws/install/sam_graph_slam_2_msgs:/home/shs/colcon_ws/install/sam_description:/home/shs/colcon_ws/install/lolo_msgs:/home/shs/colcon_ws/install/drone_msgs:/home/shs/colcon_ws/install/dead_reckoning_msgs:/home/shs/ros2_ws/install/turtlebot3_navigation2:/home/shs/ros2_ws/install/turtlebot3_gazebo:/home/shs/ros2_ws/install/turtlebot3_description:/home/shs/ros2_ws/install/turtlebot3_cartographer:/home/shs/ros2_ws/install/transforms:/home/shs/ros2_ws/install/point_cloud_perception:/home/shs/ros2_ws/install/nodes:/home/shs/ros2_ws/install/navigation_tb3:/home/shs/colcon_ws/install/workshopfun:/home/shs/colcon_ws/install/utm_latlon_converter:/home/shs/colcon_ws/install/smarc_nodered:/home/shs/colcon_ws/install/smarc_bt:/home/shs/colcon_ws/install/smarc_bringups:/home/shs/colcon_ws/install/sam_joy_xbox:/home/shs/colcon_ws/install/sam_joy_teleop:/home/shs/colcon_ws/install/sam_diving_controller:/home/shs/colcon_ws/install/sam_dead_reckoning:/home/shs/colcon_ws/install/ros_tcp_endpoint:/home/shs/colcon_ws/install/ros2_python_examples:/home/shs/colcon_ws/install/mqtt_bridge:/home/shs/colcon_ws/install/dubins_planner:/home/shs/colcon_ws/install/drone_dr:/home/shs/colcon_ws/install/basic_go_to_waypoint:/home/shs/colcon_ws/install/basic_depth_pitch_control:/home/shs/colcon_ws/install/auv_detector:/home/shs/ros2_ws/install/turtlebot3_teleop:/home/shs/ros2_ws/install/turtlebot3_follower:/home/shs/ros2_ws/install/turtlebot3_example:/home/shs/ros2_ws/install/autonomous_tb3:/home/shs/ros2_ws/install/turtle_midpoint:/home/shs/ros2_ws/install/secure_control:/home/shs/ros2_ws/install/robot_math:/home/shs/ros2_ws/install/ai_assitance:/home/shs/install/dive_control:/home/shs/install/basic_go_to_waypoint:/home/shs/install/basic_depth_pitch_control:/home/shs/install/autonomous_tb3:/home/shs/install/ai_assitance:/opt/ros/humble LD_LIBRARY_PATH=/home/shs/ws_moveit/install/moveit_ros_planning/lib:/home/shs/ws_moveit/install/moveit_ros_occupancy_map_monitor/lib:/home/shs/ws_moveit/install/moveit_core/lib:/home/shs/ws_moveit/install/srdfdom/lib:${LD_LIBRARY_PATH} PATH=/home/shs/ws_moveit/install/moveit_core/bin:${PATH} PYTHONPATH=/home/shs/ws_moveit/install/moveit_configs_utils/lib/python3.10/site-packages:/home/shs/ws_moveit/install/srdfdom/local/lib/python3.10/dist-packages:/home/shs/ws_moveit/install/launch_param_builder/lib/python3.10/site-packages:${PYTHONPATH} /usr/bin/cmake --install /home/shs/ws_moveit/build/moveit_ros_warehouse
