[0.077s] Invoking command in '/home/shs/ws_moveit/build/pilz_industrial_motion_planner': AMENT_PREFIX_PATH=/home/shs/ws_moveit/install/moveit_resources_prbt_pg70_support:/home/shs/ws_moveit/install/moveit_ros_planning_interface:/home/shs/ws_moveit/install/moveit_resources_prbt_moveit_config:/home/shs/ws_moveit/install/moveit_ros_move_group:/home/shs/ws_moveit/install/moveit_ros_warehouse:/home/shs/ws_moveit/install/moveit_planners_ompl:/home/shs/ws_moveit/install/moveit_kinematics:/home/shs/ws_moveit/install/moveit_ros_planning:/home/shs/ws_moveit/install/pilz_industrial_motion_planner_testutils:/home/shs/ws_moveit/install/moveit_simple_controller_manager:/home/shs/ws_moveit/install/moveit_ros_occupancy_map_monitor:/home/shs/ws_moveit/install/moveit_resources_prbt_ikfast_manipulator_plugin:/home/shs/ws_moveit/install/moveit_core:/home/shs/ws_moveit/install/moveit_resources_panda_moveit_config:/home/shs/ws_moveit/install/moveit_resources_fanuc_moveit_config:/home/shs/ws_moveit/install/moveit_configs_utils:/home/shs/ws_moveit/install/srdfdom:/home/shs/ws_moveit/install/moveit_resources_prbt_support:/home/shs/ws_moveit/install/moveit_resources_pr2_description:/home/shs/ws_moveit/install/moveit_resources_panda_description:/home/shs/ws_moveit/install/moveit_resources_fanuc_description:/home/shs/ws_moveit/install/moveit_common:/home/shs/ws_moveit/install/launch_param_builder:${AMENT_PREFIX_PATH} CMAKE_PREFIX_PATH=/home/shs/ws_moveit/install/moveit_resources_prbt_pg70_support:/home/shs/ws_moveit/install/moveit_ros_planning_interface:/home/shs/ws_moveit/install/moveit_resources_prbt_moveit_config:/home/shs/ws_moveit/install/moveit_ros_move_group:/home/shs/ws_moveit/install/moveit_ros_warehouse:/home/shs/ws_moveit/install/moveit_planners_ompl:/home/shs/ws_moveit/install/moveit_kinematics:/home/shs/ws_moveit/install/moveit_ros_planning:/home/shs/ws_moveit/install/pilz_industrial_motion_planner_testutils:/home/shs/ws_moveit/install/moveit_simple_controller_manager:/home/shs/ws_moveit/install/moveit_ros_occupancy_map_monitor:/home/shs/ws_moveit/install/moveit_resources_prbt_ikfast_manipulator_plugin:/home/shs/ws_moveit/install/moveit_core:/home/shs/ws_moveit/install/moveit_resources_panda_moveit_config:/home/shs/ws_moveit/install/moveit_resources_fanuc_moveit_config:/home/shs/ws_moveit/install/srdfdom:/home/shs/ws_moveit/install/moveit_resources_prbt_support:/home/shs/ws_moveit/install/moveit_resources_pr2_description:/home/shs/ws_moveit/install/moveit_resources_panda_description:/home/shs/ws_moveit/install/moveit_resources_fanuc_description:/home/shs/ws_moveit/install/moveit_common:/home/shs/ws_moveit/install/rosparam_shortcuts:/home/shs/ws_moveit/install/hello_moveit:/home/shs/colcon_ws/install/tf_convenience_topics:/home/shs/colcon_ws/install/sss_viewer:/home/shs/colcon_ws/install/sam_basic_controllers:/home/shs/colcon_ws/install/lolo_description:/home/shs/colcon_ws/install/smarc_msgs:/home/shs/colcon_ws/install/smarc_mission_msgs:/home/shs/colcon_ws/install/smarc_control_msgs:/home/shs/colcon_ws/install/sam_msgs:/home/shs/colcon_ws/install/sam_graph_slam_2_msgs:/home/shs/colcon_ws/install/sam_description:/home/shs/colcon_ws/install/lolo_msgs:/home/shs/colcon_ws/install/drone_msgs:/home/shs/colcon_ws/install/dead_reckoning_msgs:/home/shs/ros2_ws/install/turtlebot3_navigation2:/home/shs/ros2_ws/install/turtlebot3_gazebo:/home/shs/ros2_ws/install/turtlebot3_description:/home/shs/ros2_ws/install/turtlebot3_cartographer:/home/shs/ros2_ws/install/transforms:/home/shs/ros2_ws/install/point_cloud_perception:/home/shs/ros2_ws/install/nodes:/home/shs/ros2_ws/install/navigation_tb3:/home/shs/colcon_ws/install/workshopfun:/home/shs/colcon_ws/install/utm_latlon_converter:/home/shs/colcon_ws/install/smarc_nodered:/home/shs/colcon_ws/install/smarc_bt:/home/shs/colcon_ws/install/smarc_bringups:/home/shs/colcon_ws/install/sam_joy_xbox:/home/shs/colcon_ws/install/sam_joy_teleop:/home/shs/colcon_ws/install/sam_diving_controller:/home/shs/colcon_ws/install/sam_dead_reckoning:/home/shs/colcon_ws/install/ros_tcp_endpoint:/home/shs/colcon_ws/install/ros2_python_examples:/home/shs/colcon_ws/install/mqtt_bridge:/home/shs/colcon_ws/install/dubins_planner:/home/shs/colcon_ws/install/drone_dr:/home/shs/colcon_ws/install/basic_go_to_waypoint:/home/shs/colcon_ws/install/basic_depth_pitch_control:/home/shs/colcon_ws/install/auv_detector:/home/shs/ros2_ws/install/turtlebot3_teleop:/home/shs/ros2_ws/install/turtlebot3_follower:/home/shs/ros2_ws/install/turtlebot3_example:/home/shs/ros2_ws/install/autonomous_tb3:/home/shs/ros2_ws/install/turtle_midpoint:/home/shs/ros2_ws/install/secure_control:/home/shs/ros2_ws/install/robot_math:/home/shs/ros2_ws/install/ai_assitance:/home/shs/install/dive_control:/home/shs/install/basic_go_to_waypoint:/home/shs/install/basic_depth_pitch_control:/home/shs/install/autonomous_tb3:/home/shs/install/ai_assitance:/opt/ros/humble LD_LIBRARY_PATH=/home/shs/ws_moveit/install/moveit_ros_planning_interface/lib:/home/shs/ws_moveit/install/moveit_ros_move_group/lib:/home/shs/ws_moveit/install/moveit_ros_warehouse/lib:/home/shs/ws_moveit/install/moveit_planners_ompl/lib:/home/shs/ws_moveit/install/moveit_kinematics/lib:/home/shs/ws_moveit/install/moveit_ros_planning/lib:/home/shs/ws_moveit/install/pilz_industrial_motion_planner_testutils/lib:/home/shs/ws_moveit/install/moveit_simple_controller_manager/lib:/home/shs/ws_moveit/install/moveit_ros_occupancy_map_monitor/lib:/home/shs/ws_moveit/install/moveit_resources_prbt_ikfast_manipulator_plugin/lib:/home/shs/ws_moveit/install/moveit_core/lib:/home/shs/ws_moveit/install/srdfdom/lib:${LD_LIBRARY_PATH} PATH=/home/shs/ws_moveit/install/moveit_core/bin:${PATH} PYTHONPATH=/home/shs/ws_moveit/install/moveit_configs_utils/lib/python3.10/site-packages:/home/shs/ws_moveit/install/srdfdom/local/lib/python3.10/dist-packages:/home/shs/ws_moveit/install/launch_param_builder/lib/python3.10/site-packages:${PYTHONPATH} /usr/bin/cmake /home/shs/ws_moveit/src/moveit2/moveit_planners/pilz_industrial_motion_planner -DCMAKE_BUILD_TYPE=Release -DCMAKE_INSTALL_PREFIX=/home/shs/ws_moveit/install/pilz_industrial_motion_planner
[0.150s] -- The C compiler identification is GNU 11.4.0
[0.215s] -- The CXX compiler identification is GNU 11.4.0
[0.223s] -- Detecting C compiler ABI info
[0.318s] -- Detecting C compiler ABI info - done
[0.327s] -- Check for working C compiler: /usr/bin/cc - skipped
[0.327s] -- Detecting C compile features
[0.328s] -- Detecting C compile features - done
[0.331s] -- Detecting CXX compiler ABI info
[0.438s] -- Detecting CXX compiler ABI info - done
[0.446s] -- Check for working CXX compiler: /usr/bin/c++ - skipped
[0.447s] -- Detecting CXX compile features
[0.447s] -- Detecting CXX compile features - done
[0.463s] -- Found moveit_common: 2.5.8 (/home/shs/ws_moveit/install/moveit_common/share/moveit_common/cmake)
[0.484s] -- Found ament_cmake: 1.3.11 (/opt/ros/humble/share/ament_cmake/cmake)
[0.751s] -- Found Python3: /usr/bin/python3 (found version "3.10.12") found components: Interpreter 
[1.121s] -- Found eigen3_cmake_module: 0.1.1 (/opt/ros/humble/share/eigen3_cmake_module/cmake)
[1.137s] -- Found Eigen3: TRUE (found version "3.4.0") 
[1.147s] -- Found geometry_msgs: 4.8.0 (/opt/ros/humble/share/geometry_msgs/cmake)
[1.273s] -- Found rosidl_generator_c: 3.1.6 (/opt/ros/humble/share/rosidl_generator_c/cmake)
[1.295s] -- Found rosidl_adapter: 3.1.6 (/opt/ros/humble/share/rosidl_adapter/cmake)
[1.320s] -- Found rosidl_generator_cpp: 3.1.6 (/opt/ros/humble/share/rosidl_generator_cpp/cmake)
[1.360s] -- Using all available rosidl_typesupport_c: rosidl_typesupport_fastrtps_c;rosidl_typesupport_introspection_c
[1.406s] -- Using all available rosidl_typesupport_cpp: rosidl_typesupport_fastrtps_cpp;rosidl_typesupport_introspection_cpp
[1.470s] -- Found moveit_core: 2.5.8 (/home/shs/ws_moveit/install/moveit_core/share/moveit_core/cmake)
[1.866s] -- Found Boost: /usr/lib/x86_64-linux-gnu/cmake/Boost-1.74.0/BoostConfig.cmake (found version "1.74.0") found components: chrono date_time filesystem iostreams program_options regex serialization system thread 
[1.997s] -- Found parameter_traits: 0.4.0 (/opt/ros/humble/share/parameter_traits/cmake)
[2.132s] -- Found rmw_implementation_cmake: 6.1.2 (/opt/ros/humble/share/rmw_implementation_cmake/cmake)
[2.146s] -- Found rmw_fastrtps_cpp: 6.2.7 (/opt/ros/humble/share/rmw_fastrtps_cpp/cmake)
[2.315s] -- Found OpenSSL: /usr/lib/x86_64-linux-gnu/libcrypto.so (found version "3.0.2")  
[2.355s] -- Found FastRTPS: /opt/ros/humble/include  
[2.424s] -- Using RMW implementation 'rmw_fastrtps_cpp' as default
[2.459s] -- Found Threads: TRUE  
[2.562s] -- Found rclcpp_lifecycle: 16.0.12 (/opt/ros/humble/share/rclcpp_lifecycle/cmake)
[2.613s] -- Found Boost: /usr/lib/x86_64-linux-gnu/cmake/Boost-1.74.0/BoostConfig.cmake (found version "1.74.0") found components: filesystem 
[2.781s] -- library: /usr/lib/x86_64-linux-gnu/libcurl.so
[2.905s] -- Ensuring Eigen3 include directory is part of orocos-kdl CMake target
[3.393s] -- Found moveit_ros_move_group: 2.5.8 (/home/shs/ws_moveit/install/moveit_ros_move_group/share/moveit_ros_move_group/cmake)
[3.398s] -- Found Boost: /usr/lib/x86_64-linux-gnu/cmake/Boost-1.74.0/BoostConfig.cmake (found version "1.74.0") found components: system filesystem date_time program_options thread 
[3.445s] -- Found Boost: /usr/lib/x86_64-linux-gnu/cmake/Boost-1.74.0/BoostConfig.cmake (found version "1.74.0") found components: system filesystem date_time program_options thread chrono 
[3.463s] -- Found moveit_ros_planning_interface: 2.5.8 (/home/shs/ws_moveit/install/moveit_ros_planning_interface/share/moveit_ros_planning_interface/cmake)
[3.468s] -- Found Boost: /usr/lib/x86_64-linux-gnu/cmake/Boost-1.74.0/BoostConfig.cmake (found version "1.74.0") found components: date_time filesystem program_options system thread 
[3.484s] -- Found Boost: /usr/lib/x86_64-linux-gnu/cmake/Boost-1.74.0/BoostConfig.cmake (found version "1.74.0") found components: thread system filesystem regex date_time program_options 
[3.535s] -- Found tf2_eigen_kdl: 0.25.12 (/opt/ros/humble/share/tf2_eigen_kdl/cmake)
[3.546s] -- Found Boost: /usr/lib/x86_64-linux-gnu/cmake/Boost-1.74.0/BoostConfig.cmake (found version "1.74.0")  
[3.943s] -- Found ament_cmake_gtest: 1.3.11 (/opt/ros/humble/share/ament_cmake_gtest/cmake)
[3.953s] -- Found ament_cmake_gmock: 1.3.11 (/opt/ros/humble/share/ament_cmake_gmock/cmake)
[3.963s] -- Found ros_testing: 0.4.0 (/opt/ros/humble/share/ros_testing/cmake)
[3.973s] -- Found launch_testing_ament_cmake: 1.0.8 (/opt/ros/humble/share/launch_testing_ament_cmake/cmake)
[3.983s] -- Found python_cmake_module: 0.10.0 (/opt/ros/humble/share/python_cmake_module/cmake)
[4.019s] -- Found PythonInterp: /usr/bin/python3 (found suitable version "3.10.12", minimum required is "3.6") 
[4.029s] -- Found PythonLibs: /usr/lib/x86_64-linux-gnu/libpython3.10.so (found suitable version "3.10.12", minimum required is "3.5") 
[4.029s] -- Using PYTHON_EXECUTABLE: /usr/bin/python3
[4.029s] -- Using PYTHON_INCLUDE_DIRS: /usr/include/python3.10
[4.029s] -- Using PYTHON_LIBRARIES: /usr/lib/x86_64-linux-gnu/libpython3.10.so
[4.064s] -- Found PythonExtra: .so  
[4.069s] -- Found moveit_resources_prbt_support: 2.5.8 (/home/shs/ws_moveit/install/moveit_resources_prbt_support/share/moveit_resources_prbt_support/cmake)
[4.070s] -- Found moveit_resources_prbt_moveit_config: 2.5.8 (/home/shs/ws_moveit/install/moveit_resources_prbt_moveit_config/share/moveit_resources_prbt_moveit_config/cmake)
[4.074s] -- Found Boost: /usr/lib/x86_64-linux-gnu/cmake/Boost-1.74.0/BoostConfig.cmake (found version "1.74.0") found components: thread 
[4.077s] -- Found pilz_industrial_motion_planner_testutils: 2.5.8 (/home/shs/ws_moveit/install/pilz_industrial_motion_planner_testutils/share/pilz_industrial_motion_planner_testutils/cmake)
[4.143s] -- Found gtest sources under '/opt/ros/humble/src/gtest_vendor': C++ tests using 'Google Test' will be built
[4.209s] -- Found gmock sources under '/opt/ros/humble/src/gmock_vendor': C++ tests using 'Google Mock' will be built
[4.224s] -- Found ament_lint_auto: 0.12.12 (/opt/ros/humble/share/ament_lint_auto/cmake)
[4.339s] -- Found launch_testing_ament_cmake: 1.0.8 (/opt/ros/humble/share/launch_testing_ament_cmake/cmake)
[4.339s] -- Found python_cmake_module: 0.10.0 (/opt/ros/humble/share/python_cmake_module/cmake)
[4.375s] -- Using PYTHON_EXECUTABLE: /usr/bin/python3
[4.375s] -- Using PYTHON_INCLUDE_DIRS: /usr/include/python3.10
[4.375s] -- Using PYTHON_LIBRARIES: /usr/lib/x86_64-linux-gnu/libpython3.10.so
[4.393s] -- Added test 'cppcheck' to perform static code analysis on C / C++ code
[4.394s] -- Configured cppcheck include dirs: /home/shs/ws_moveit/src/moveit2/moveit_planners/pilz_industrial_motion_planner/include
[4.394s] -- Configured cppcheck exclude dirs and/or files: 
[4.397s] -- Added test 'pep257' to check Python code against some of the docstring style conventions in PEP 257
[4.399s] -- Added test 'xmllint' to check XML markup files
[4.404s] -- Configuring done
[5.000s] -- Generating done
[5.135s] -- Build files have been written to: /home/shs/ws_moveit/build/pilz_industrial_motion_planner
[5.166s] Invoked command in '/home/shs/ws_moveit/build/pilz_industrial_motion_planner' returned '0': AMENT_PREFIX_PATH=/home/shs/ws_moveit/install/moveit_resources_prbt_pg70_support:/home/shs/ws_moveit/install/moveit_ros_planning_interface:/home/shs/ws_moveit/install/moveit_resources_prbt_moveit_config:/home/shs/ws_moveit/install/moveit_ros_move_group:/home/shs/ws_moveit/install/moveit_ros_warehouse:/home/shs/ws_moveit/install/moveit_planners_ompl:/home/shs/ws_moveit/install/moveit_kinematics:/home/shs/ws_moveit/install/moveit_ros_planning:/home/shs/ws_moveit/install/pilz_industrial_motion_planner_testutils:/home/shs/ws_moveit/install/moveit_simple_controller_manager:/home/shs/ws_moveit/install/moveit_ros_occupancy_map_monitor:/home/shs/ws_moveit/install/moveit_resources_prbt_ikfast_manipulator_plugin:/home/shs/ws_moveit/install/moveit_core:/home/shs/ws_moveit/install/moveit_resources_panda_moveit_config:/home/shs/ws_moveit/install/moveit_resources_fanuc_moveit_config:/home/shs/ws_moveit/install/moveit_configs_utils:/home/shs/ws_moveit/install/srdfdom:/home/shs/ws_moveit/install/moveit_resources_prbt_support:/home/shs/ws_moveit/install/moveit_resources_pr2_description:/home/shs/ws_moveit/install/moveit_resources_panda_description:/home/shs/ws_moveit/install/moveit_resources_fanuc_description:/home/shs/ws_moveit/install/moveit_common:/home/shs/ws_moveit/install/launch_param_builder:${AMENT_PREFIX_PATH} CMAKE_PREFIX_PATH=/home/shs/ws_moveit/install/moveit_resources_prbt_pg70_support:/home/shs/ws_moveit/install/moveit_ros_planning_interface:/home/shs/ws_moveit/install/moveit_resources_prbt_moveit_config:/home/shs/ws_moveit/install/moveit_ros_move_group:/home/shs/ws_moveit/install/moveit_ros_warehouse:/home/shs/ws_moveit/install/moveit_planners_ompl:/home/shs/ws_moveit/install/moveit_kinematics:/home/shs/ws_moveit/install/moveit_ros_planning:/home/shs/ws_moveit/install/pilz_industrial_motion_planner_testutils:/home/shs/ws_moveit/install/moveit_simple_controller_manager:/home/shs/ws_moveit/install/moveit_ros_occupancy_map_monitor:/home/shs/ws_moveit/install/moveit_resources_prbt_ikfast_manipulator_plugin:/home/shs/ws_moveit/install/moveit_core:/home/shs/ws_moveit/install/moveit_resources_panda_moveit_config:/home/shs/ws_moveit/install/moveit_resources_fanuc_moveit_config:/home/shs/ws_moveit/install/srdfdom:/home/shs/ws_moveit/install/moveit_resources_prbt_support:/home/shs/ws_moveit/install/moveit_resources_pr2_description:/home/shs/ws_moveit/install/moveit_resources_panda_description:/home/shs/ws_moveit/install/moveit_resources_fanuc_description:/home/shs/ws_moveit/install/moveit_common:/home/shs/ws_moveit/install/rosparam_shortcuts:/home/shs/ws_moveit/install/hello_moveit:/home/shs/colcon_ws/install/tf_convenience_topics:/home/shs/colcon_ws/install/sss_viewer:/home/shs/colcon_ws/install/sam_basic_controllers:/home/shs/colcon_ws/install/lolo_description:/home/shs/colcon_ws/install/smarc_msgs:/home/shs/colcon_ws/install/smarc_mission_msgs:/home/shs/colcon_ws/install/smarc_control_msgs:/home/shs/colcon_ws/install/sam_msgs:/home/shs/colcon_ws/install/sam_graph_slam_2_msgs:/home/shs/colcon_ws/install/sam_description:/home/shs/colcon_ws/install/lolo_msgs:/home/shs/colcon_ws/install/drone_msgs:/home/shs/colcon_ws/install/dead_reckoning_msgs:/home/shs/ros2_ws/install/turtlebot3_navigation2:/home/shs/ros2_ws/install/turtlebot3_gazebo:/home/shs/ros2_ws/install/turtlebot3_description:/home/shs/ros2_ws/install/turtlebot3_cartographer:/home/shs/ros2_ws/install/transforms:/home/shs/ros2_ws/install/point_cloud_perception:/home/shs/ros2_ws/install/nodes:/home/shs/ros2_ws/install/navigation_tb3:/home/shs/colcon_ws/install/workshopfun:/home/shs/colcon_ws/install/utm_latlon_converter:/home/shs/colcon_ws/install/smarc_nodered:/home/shs/colcon_ws/install/smarc_bt:/home/shs/colcon_ws/install/smarc_bringups:/home/shs/colcon_ws/install/sam_joy_xbox:/home/shs/colcon_ws/install/sam_joy_teleop:/home/shs/colcon_ws/install/sam_diving_controller:/home/shs/colcon_ws/install/sam_dead_reckoning:/home/shs/colcon_ws/install/ros_tcp_endpoint:/home/shs/colcon_ws/install/ros2_python_examples:/home/shs/colcon_ws/install/mqtt_bridge:/home/shs/colcon_ws/install/dubins_planner:/home/shs/colcon_ws/install/drone_dr:/home/shs/colcon_ws/install/basic_go_to_waypoint:/home/shs/colcon_ws/install/basic_depth_pitch_control:/home/shs/colcon_ws/install/auv_detector:/home/shs/ros2_ws/install/turtlebot3_teleop:/home/shs/ros2_ws/install/turtlebot3_follower:/home/shs/ros2_ws/install/turtlebot3_example:/home/shs/ros2_ws/install/autonomous_tb3:/home/shs/ros2_ws/install/turtle_midpoint:/home/shs/ros2_ws/install/secure_control:/home/shs/ros2_ws/install/robot_math:/home/shs/ros2_ws/install/ai_assitance:/home/shs/install/dive_control:/home/shs/install/basic_go_to_waypoint:/home/shs/install/basic_depth_pitch_control:/home/shs/install/autonomous_tb3:/home/shs/install/ai_assitance:/opt/ros/humble LD_LIBRARY_PATH=/home/shs/ws_moveit/install/moveit_ros_planning_interface/lib:/home/shs/ws_moveit/install/moveit_ros_move_group/lib:/home/shs/ws_moveit/install/moveit_ros_warehouse/lib:/home/shs/ws_moveit/install/moveit_planners_ompl/lib:/home/shs/ws_moveit/install/moveit_kinematics/lib:/home/shs/ws_moveit/install/moveit_ros_planning/lib:/home/shs/ws_moveit/install/pilz_industrial_motion_planner_testutils/lib:/home/shs/ws_moveit/install/moveit_simple_controller_manager/lib:/home/shs/ws_moveit/install/moveit_ros_occupancy_map_monitor/lib:/home/shs/ws_moveit/install/moveit_resources_prbt_ikfast_manipulator_plugin/lib:/home/shs/ws_moveit/install/moveit_core/lib:/home/shs/ws_moveit/install/srdfdom/lib:${LD_LIBRARY_PATH} PATH=/home/shs/ws_moveit/install/moveit_core/bin:${PATH} PYTHONPATH=/home/shs/ws_moveit/install/moveit_configs_utils/lib/python3.10/site-packages:/home/shs/ws_moveit/install/srdfdom/local/lib/python3.10/dist-packages:/home/shs/ws_moveit/install/launch_param_builder/lib/python3.10/site-packages:${PYTHONPATH} /usr/bin/cmake /home/shs/ws_moveit/src/moveit2/moveit_planners/pilz_industrial_motion_planner -DCMAKE_BUILD_TYPE=Release -DCMAKE_INSTALL_PREFIX=/home/shs/ws_moveit/install/pilz_industrial_motion_planner
[5.170s] Invoking command in '/home/shs/ws_moveit/build/pilz_industrial_motion_planner': AMENT_PREFIX_PATH=/home/shs/ws_moveit/install/moveit_resources_prbt_pg70_support:/home/shs/ws_moveit/install/moveit_ros_planning_interface:/home/shs/ws_moveit/install/moveit_resources_prbt_moveit_config:/home/shs/ws_moveit/install/moveit_ros_move_group:/home/shs/ws_moveit/install/moveit_ros_warehouse:/home/shs/ws_moveit/install/moveit_planners_ompl:/home/shs/ws_moveit/install/moveit_kinematics:/home/shs/ws_moveit/install/moveit_ros_planning:/home/shs/ws_moveit/install/pilz_industrial_motion_planner_testutils:/home/shs/ws_moveit/install/moveit_simple_controller_manager:/home/shs/ws_moveit/install/moveit_ros_occupancy_map_monitor:/home/shs/ws_moveit/install/moveit_resources_prbt_ikfast_manipulator_plugin:/home/shs/ws_moveit/install/moveit_core:/home/shs/ws_moveit/install/moveit_resources_panda_moveit_config:/home/shs/ws_moveit/install/moveit_resources_fanuc_moveit_config:/home/shs/ws_moveit/install/moveit_configs_utils:/home/shs/ws_moveit/install/srdfdom:/home/shs/ws_moveit/install/moveit_resources_prbt_support:/home/shs/ws_moveit/install/moveit_resources_pr2_description:/home/shs/ws_moveit/install/moveit_resources_panda_description:/home/shs/ws_moveit/install/moveit_resources_fanuc_description:/home/shs/ws_moveit/install/moveit_common:/home/shs/ws_moveit/install/launch_param_builder:${AMENT_PREFIX_PATH} CMAKE_PREFIX_PATH=/home/shs/ws_moveit/install/moveit_resources_prbt_pg70_support:/home/shs/ws_moveit/install/moveit_ros_planning_interface:/home/shs/ws_moveit/install/moveit_resources_prbt_moveit_config:/home/shs/ws_moveit/install/moveit_ros_move_group:/home/shs/ws_moveit/install/moveit_ros_warehouse:/home/shs/ws_moveit/install/moveit_planners_ompl:/home/shs/ws_moveit/install/moveit_kinematics:/home/shs/ws_moveit/install/moveit_ros_planning:/home/shs/ws_moveit/install/pilz_industrial_motion_planner_testutils:/home/shs/ws_moveit/install/moveit_simple_controller_manager:/home/shs/ws_moveit/install/moveit_ros_occupancy_map_monitor:/home/shs/ws_moveit/install/moveit_resources_prbt_ikfast_manipulator_plugin:/home/shs/ws_moveit/install/moveit_core:/home/shs/ws_moveit/install/moveit_resources_panda_moveit_config:/home/shs/ws_moveit/install/moveit_resources_fanuc_moveit_config:/home/shs/ws_moveit/install/srdfdom:/home/shs/ws_moveit/install/moveit_resources_prbt_support:/home/shs/ws_moveit/install/moveit_resources_pr2_description:/home/shs/ws_moveit/install/moveit_resources_panda_description:/home/shs/ws_moveit/install/moveit_resources_fanuc_description:/home/shs/ws_moveit/install/moveit_common:/home/shs/ws_moveit/install/rosparam_shortcuts:/home/shs/ws_moveit/install/hello_moveit:/home/shs/colcon_ws/install/tf_convenience_topics:/home/shs/colcon_ws/install/sss_viewer:/home/shs/colcon_ws/install/sam_basic_controllers:/home/shs/colcon_ws/install/lolo_description:/home/shs/colcon_ws/install/smarc_msgs:/home/shs/colcon_ws/install/smarc_mission_msgs:/home/shs/colcon_ws/install/smarc_control_msgs:/home/shs/colcon_ws/install/sam_msgs:/home/shs/colcon_ws/install/sam_graph_slam_2_msgs:/home/shs/colcon_ws/install/sam_description:/home/shs/colcon_ws/install/lolo_msgs:/home/shs/colcon_ws/install/drone_msgs:/home/shs/colcon_ws/install/dead_reckoning_msgs:/home/shs/ros2_ws/install/turtlebot3_navigation2:/home/shs/ros2_ws/install/turtlebot3_gazebo:/home/shs/ros2_ws/install/turtlebot3_description:/home/shs/ros2_ws/install/turtlebot3_cartographer:/home/shs/ros2_ws/install/transforms:/home/shs/ros2_ws/install/point_cloud_perception:/home/shs/ros2_ws/install/nodes:/home/shs/ros2_ws/install/navigation_tb3:/home/shs/colcon_ws/install/workshopfun:/home/shs/colcon_ws/install/utm_latlon_converter:/home/shs/colcon_ws/install/smarc_nodered:/home/shs/colcon_ws/install/smarc_bt:/home/shs/colcon_ws/install/smarc_bringups:/home/shs/colcon_ws/install/sam_joy_xbox:/home/shs/colcon_ws/install/sam_joy_teleop:/home/shs/colcon_ws/install/sam_diving_controller:/home/shs/colcon_ws/install/sam_dead_reckoning:/home/shs/colcon_ws/install/ros_tcp_endpoint:/home/shs/colcon_ws/install/ros2_python_examples:/home/shs/colcon_ws/install/mqtt_bridge:/home/shs/colcon_ws/install/dubins_planner:/home/shs/colcon_ws/install/drone_dr:/home/shs/colcon_ws/install/basic_go_to_waypoint:/home/shs/colcon_ws/install/basic_depth_pitch_control:/home/shs/colcon_ws/install/auv_detector:/home/shs/ros2_ws/install/turtlebot3_teleop:/home/shs/ros2_ws/install/turtlebot3_follower:/home/shs/ros2_ws/install/turtlebot3_example:/home/shs/ros2_ws/install/autonomous_tb3:/home/shs/ros2_ws/install/turtle_midpoint:/home/shs/ros2_ws/install/secure_control:/home/shs/ros2_ws/install/robot_math:/home/shs/ros2_ws/install/ai_assitance:/home/shs/install/dive_control:/home/shs/install/basic_go_to_waypoint:/home/shs/install/basic_depth_pitch_control:/home/shs/install/autonomous_tb3:/home/shs/install/ai_assitance:/opt/ros/humble LD_LIBRARY_PATH=/home/shs/ws_moveit/install/moveit_ros_planning_interface/lib:/home/shs/ws_moveit/install/moveit_ros_move_group/lib:/home/shs/ws_moveit/install/moveit_ros_warehouse/lib:/home/shs/ws_moveit/install/moveit_planners_ompl/lib:/home/shs/ws_moveit/install/moveit_kinematics/lib:/home/shs/ws_moveit/install/moveit_ros_planning/lib:/home/shs/ws_moveit/install/pilz_industrial_motion_planner_testutils/lib:/home/shs/ws_moveit/install/moveit_simple_controller_manager/lib:/home/shs/ws_moveit/install/moveit_ros_occupancy_map_monitor/lib:/home/shs/ws_moveit/install/moveit_resources_prbt_ikfast_manipulator_plugin/lib:/home/shs/ws_moveit/install/moveit_core/lib:/home/shs/ws_moveit/install/srdfdom/lib:${LD_LIBRARY_PATH} PATH=/home/shs/ws_moveit/install/moveit_core/bin:${PATH} PYTHONPATH=/home/shs/ws_moveit/install/moveit_configs_utils/lib/python3.10/site-packages:/home/shs/ws_moveit/install/srdfdom/local/lib/python3.10/dist-packages:/home/shs/ws_moveit/install/launch_param_builder/lib/python3.10/site-packages:${PYTHONPATH} /usr/bin/cmake --build /home/shs/ws_moveit/build/pilz_industrial_motion_planner -- -j8 -l8
[5.264s] [  1%] [32mBuilding CXX object gmock/CMakeFiles/gmock_main.dir/src/gmock_main.cc.o[0m
[5.266s] [  2%] [32mBuilding CXX object gtest/CMakeFiles/gtest_main.dir/src/gtest_main.cc.o[0m
[5.267s] [  3%] [32mBuilding CXX object gtest/CMakeFiles/gtest.dir/src/gtest-all.cc.o[0m
[5.267s] [  4%] [32mBuilding CXX object gmock/CMakeFiles/gmock.dir/opt/ros/humble/src/gtest_vendor/src/gtest-all.cc.o[0m
[5.269s] [  7%] [32mBuilding CXX object gmock/CMakeFiles/gmock.dir/src/gmock-all.cc.o[0m
[5.269s] [  7%] [32mBuilding CXX object CMakeFiles/trajectory_generation_common.dir/src/trajectory_functions.cpp.o[0m
[5.270s] [  9%] [32mBuilding CXX object CMakeFiles/planning_context_loader_base.dir/src/planning_context_loader.cpp.o[0m
[5.270s] [  9%] [32mBuilding CXX object CMakeFiles/joint_limits_common.dir/src/joint_limits_aggregator.cpp.o[0m
[7.497s] [ 10%] [32m[1mLinking CXX static library libgtest_main.a[0m
[7.581s] [ 10%] Built target gtest_main
[7.605s] [ 12%] [32mBuilding CXX object CMakeFiles/joint_limits_common.dir/src/joint_limits_container.cpp.o[0m
[8.215s] [ 13%] [32m[1mLinking CXX static library libgmock_main.a[0m
[8.289s] [ 13%] Built target gmock_main
[8.310s] [ 14%] [32mBuilding CXX object CMakeFiles/joint_limits_common.dir/src/joint_limits_validator.cpp.o[0m
[9.861s] [ 15%] [32mBuilding CXX object CMakeFiles/trajectory_generation_common.dir/src/trajectory_generator.cpp.o[0m
[12.315s] [ 16%] [32mBuilding CXX object CMakeFiles/joint_limits_common.dir/src/limits_container.cpp.o[0m
[13.810s] [ 18%] [32mBuilding CXX object CMakeFiles/trajectory_generation_common.dir/src/trajectory_blender_transition_window.cpp.o[0m
[19.581s] [ 19%] [32m[1mLinking CXX shared library libplanning_context_loader_base.so[0m
[20.265s] [ 20%] [32mBuilding CXX object CMakeFiles/joint_limits_common.dir/src/cartesian_limit.cpp.o[0m
[20.356s] [ 21%] [32mBuilding CXX object CMakeFiles/joint_limits_common.dir/src/cartesian_limits_aggregator.cpp.o[0m
[21.718s] [ 22%] [32m[1mLinking CXX static library libgmock.a[0m
[21.812s] [ 22%] Built target gmock
[22.491s] [ 24%] [32m[1mLinking CXX static library libgtest.a[0m
[22.608s] [ 24%] Built target gtest
[25.765s] [ 25%] [32m[1mLinking CXX shared library libjoint_limits_common.so[0m
[27.522s] [ 25%] Built target joint_limits_common
[27.574s] [ 27%] [32mBuilding CXX object test/unit_tests/CMakeFiles/unittest_joint_limit.dir/src/unittest_joint_limit.cpp.o[0m
[27.574s] [ 27%] [32mBuilding CXX object test/unit_tests/CMakeFiles/unittest_joint_limits_aggregator.dir/src/unittest_joint_limits_aggregator.cpp.o[0m
[27.574s] [ 28%] [32mBuilding CXX object test/unit_tests/CMakeFiles/unittest_joint_limits_container.dir/src/unittest_joint_limits_container.cpp.o[0m
[27.577s] [ 30%] [32mBuilding CXX object test/unit_tests/CMakeFiles/unittest_joint_limits_validator.dir/src/unittest_joint_limits_validator.cpp.o[0m
[27.578s] [ 31%] [32mBuilding CXX object test/unit_tests/CMakeFiles/unittest_cartesian_limits_aggregator.dir/src/unittest_cartesian_limits_aggregator.cpp.o[0m
[31.476s] [ 32%] [32m[1mLinking CXX executable unittest_joint_limits_container[0m
[32.030s] [ 32%] Built target unittest_joint_limits_container
[32.203s] [ 33%] [32m[1mLinking CXX executable unittest_joint_limits_validator[0m
[32.588s] [ 33%] Built target unittest_joint_limits_validator
[33.921s] [ 34%] [32m[1mLinking CXX shared library libtrajectory_generation_common.so[0m
[34.285s] [ 34%] Built target trajectory_generation_common
[34.325s] [ 36%] [32mBuilding CXX object test/CMakeFiles/pilz_industrial_motion_planner_test_utils.dir/test_utils.cpp.o[0m
[34.336s] [ 38%] [32mBuilding CXX object CMakeFiles/command_list_manager.dir/src/plan_components_builder.cpp.o[0m
[34.336s] [ 38%] [32mBuilding CXX object CMakeFiles/command_list_manager.dir/src/command_list_manager.cpp.o[0m
[36.167s] [ 39%] [32m[1mLinking CXX executable unittest_joint_limit[0m
[36.684s] [ 40%] [32m[1mLinking CXX executable unittest_cartesian_limits_aggregator[0m
[36.863s] [ 40%] Built target unittest_joint_limit
[37.353s] [ 40%] Built target unittest_cartesian_limits_aggregator
[42.762s] [ 42%] [32m[1mLinking CXX executable unittest_joint_limits_aggregator[0m
[43.229s] [ 42%] Built target unittest_joint_limits_aggregator
[43.858s] [ 42%] Built target planning_context_loader_base
[43.908s] [ 43%] [32mBuilding CXX object CMakeFiles/planning_context_loader_lin.dir/src/trajectory_generator_lin.cpp.o[0m
[43.908s] [ 44%] [32mBuilding CXX object CMakeFiles/planning_context_loader_lin.dir/src/planning_context_loader_lin.cpp.o[0m
[43.909s] [ 45%] [32mBuilding CXX object CMakeFiles/pilz_industrial_motion_planner.dir/src/pilz_industrial_motion_planner.cpp.o[0m
[43.912s] [ 48%] [32mBuilding CXX object CMakeFiles/planning_context_loader_ptp.dir/src/planning_context_loader_ptp.cpp.o[0m
[43.913s] [ 48%] [32mBuilding CXX object CMakeFiles/planning_context_loader_circ.dir/src/planning_context_loader_circ.cpp.o[0m
[46.248s] [ 49%] [32mBuilding CXX object CMakeFiles/planning_context_loader_circ.dir/src/trajectory_generator_circ.cpp.o[0m
[57.309s] [ 50%] [32m[1mLinking CXX shared library libcommand_list_manager.so[0m
[57.838s] [ 50%] Built target command_list_manager
[57.863s] [ 51%] [32mBuilding CXX object CMakeFiles/planning_context_loader_ptp.dir/src/trajectory_generator_ptp.cpp.o[0m
[62.231s] [ 53%] [32mBuilding CXX object CMakeFiles/planning_context_loader_lin.dir/src/velocity_profile_atrap.cpp.o[0m
[62.271s] [ 54%] [32mBuilding CXX object CMakeFiles/sequence_capability.dir/src/move_group_sequence_action.cpp.o[0m
[62.309s] [ 55%] [32mBuilding CXX object CMakeFiles/sequence_capability.dir/src/move_group_sequence_service.cpp.o[0m
[63.696s] [ 56%] [32mBuilding CXX object CMakeFiles/planning_context_loader_ptp.dir/src/velocity_profile_atrap.cpp.o[0m
[65.307s] [ 57%] [32mBuilding CXX object CMakeFiles/planning_context_loader_circ.dir/src/path_circle_generator.cpp.o[0m
[65.877s] [ 59%] [32m[1mLinking CXX shared library libplanning_context_loader_lin.so[0m
[66.494s] [ 59%] Built target planning_context_loader_lin
[67.228s] [ 60%] [32m[1mLinking CXX static library libpilz_industrial_motion_planner_test_utils.a[0m
[67.319s] [ 60%] Built target pilz_industrial_motion_planner_test_utils
[67.380s] [ 61%] [32mBuilding CXX object test/unit_tests/CMakeFiles/unittest_trajectory_blender_transition_window.dir/src/unittest_trajectory_blender_transition_window.cpp.o[0m
[67.380s] [ 62%] [32mBuilding CXX object test/unit_tests/CMakeFiles/unittest_trajectory_functions.dir/src/unittest_trajectory_functions.cpp.o[0m
[67.799s] [ 63%] [32mBuilding CXX object test/unit_tests/CMakeFiles/unittest_trajectory_blender_transition_window.dir/__/__/src/trajectory_blender_transition_window.cpp.o[0m
[68.221s] [ 65%] [32m[1mLinking CXX shared library libplanning_context_loader_circ.so[0m
[68.867s] [ 65%] Built target planning_context_loader_circ
[68.931s] [ 66%] [32mBuilding CXX object test/unit_tests/CMakeFiles/unittest_trajectory_generator_lin.dir/src/unittest_trajectory_generator_lin.cpp.o[0m
[72.840s] [ 67%] [32m[1mLinking CXX shared library libpilz_industrial_motion_planner.so[0m
[73.431s] [ 67%] Built target pilz_industrial_motion_planner
[73.488s] [ 68%] [32mBuilding CXX object test/unit_tests/CMakeFiles/unittest_velocity_profile_atrap.dir/src/unittest_velocity_profile_atrap.cpp.o[0m
[81.368s] [ 69%] [32m[1mLinking CXX shared library libplanning_context_loader_ptp.so[0m
[82.023s] [ 69%] Built target planning_context_loader_ptp
[82.054s] [ 71%] [32mBuilding CXX object test/unit_tests/CMakeFiles/unittest_velocity_profile_atrap.dir/__/__/src/velocity_profile_atrap.cpp.o[0m
[82.689s] [ 72%] [32mBuilding CXX object test/unit_tests/CMakeFiles/unittest_trajectory_generator.dir/src/unittest_trajectory_generator.cpp.o[0m
[83.621s] [ 73%] [32m[1mLinking CXX executable unittest_velocity_profile_atrap[0m
[90.664s] [ 74%] [32mBuilding CXX object test/unit_tests/CMakeFiles/unittest_trajectory_generator_common.dir/src/unittest_trajectory_generator_common.cpp.o[0m
[90.913s] [ 75%] [32mBuilding CXX object test/unit_tests/CMakeFiles/unittest_trajectory_generator_circ.dir/src/unittest_trajectory_generator_circ.cpp.o[0m
[91.551s] [ 75%] Built target unittest_velocity_profile_atrap
[91.580s] [ 77%] [32mBuilding CXX object test/unit_tests/CMakeFiles/unittest_trajectory_generator.dir/__/__/src/trajectory_generator.cpp.o[0m
[95.307s] [ 78%] [32m[1mLinking CXX shared library libsequence_capability.so[0m
[96.154s] [ 78%] Built target sequence_capability
[96.213s] [ 79%] [32mBuilding CXX object test/unit_tests/CMakeFiles/unittest_trajectory_generator_ptp.dir/src/unittest_trajectory_generator_ptp.cpp.o[0m
[99.631s] [ 80%] [32m[1mLinking CXX executable unittest_trajectory_generator_lin[0m
[100.054s] [ 81%] [32m[1mLinking CXX executable unittest_trajectory_functions[0m
[100.660s] [ 81%] Built target unittest_trajectory_generator_lin
[100.726s] [ 83%] [32mBuilding CXX object test/unit_tests/CMakeFiles/unittest_pilz_industrial_motion_planner.dir/src/unittest_pilz_industrial_motion_planner.cpp.o[0m
[100.999s] [ 83%] Built target unittest_trajectory_functions
[101.058s] [ 84%] [32mBuilding CXX object test/unit_tests/CMakeFiles/unittest_planning_context_loaders.dir/src/unittest_planning_context_loaders.cpp.o[0m
[101.952s] [ 85%] [32m[1mLinking CXX executable unittest_trajectory_blender_transition_window[0m
[102.865s] [ 85%] Built target unittest_trajectory_blender_transition_window
[102.929s] [ 86%] [32mBuilding CXX object test/unit_tests/CMakeFiles/unittest_planning_context.dir/src/unittest_planning_context.cpp.o[0m
[104.925s] [ 87%] [32mBuilding CXX object test/unit_tests/CMakeFiles/unittest_get_solver_tip_frame.dir/src/unittest_get_solver_tip_frame.cpp.o[0m
[116.332s] [ 89%] [32m[1mLinking CXX executable unittest_trajectory_generator[0m
[117.253s] [ 89%] Built target unittest_trajectory_generator
[117.315s] [ 90%] [32mBuilding CXX object test/unit_tests/CMakeFiles/unittest_pilz_industrial_motion_planner_direct.dir/src/unittest_pilz_industrial_motion_planner_direct.cpp.o[0m
[122.584s] [ 91%] [32m[1mLinking CXX executable unittest_get_solver_tip_frame[0m
[127.635s] [ 92%] [32m[1mLinking CXX executable unittest_trajectory_generator_circ[0m
[128.589s] [ 92%] Built target unittest_trajectory_generator_circ
[129.876s] [ 92%] Built target unittest_get_solver_tip_frame
[131.141s] [ 93%] [32m[1mLinking CXX executable unittest_trajectory_generator_ptp[0m
[131.985s] [ 93%] Built target unittest_trajectory_generator_ptp
[134.113s] [ 95%] [32m[1mLinking CXX executable unittest_trajectory_generator_common[0m
[134.752s] [ 95%] Built target unittest_trajectory_generator_common
[134.829s] [ 96%] [32m[1mLinking CXX executable unittest_planning_context[0m
[135.030s] [ 97%] [32m[1mLinking CXX executable unittest_pilz_industrial_motion_planner[0m
[135.462s] [ 97%] Built target unittest_planning_context
[135.578s] [ 97%] Built target unittest_pilz_industrial_motion_planner
[136.009s] [ 98%] [32m[1mLinking CXX executable unittest_planning_context_loaders[0m
[136.486s] [ 98%] Built target unittest_planning_context_loaders
[141.017s] [100%] [32m[1mLinking CXX executable unittest_pilz_industrial_motion_planner_direct[0m
[141.385s] [100%] Built target unittest_pilz_industrial_motion_planner_direct
[141.403s] Invoked command in '/home/shs/ws_moveit/build/pilz_industrial_motion_planner' returned '0': AMENT_PREFIX_PATH=/home/shs/ws_moveit/install/moveit_resources_prbt_pg70_support:/home/shs/ws_moveit/install/moveit_ros_planning_interface:/home/shs/ws_moveit/install/moveit_resources_prbt_moveit_config:/home/shs/ws_moveit/install/moveit_ros_move_group:/home/shs/ws_moveit/install/moveit_ros_warehouse:/home/shs/ws_moveit/install/moveit_planners_ompl:/home/shs/ws_moveit/install/moveit_kinematics:/home/shs/ws_moveit/install/moveit_ros_planning:/home/shs/ws_moveit/install/pilz_industrial_motion_planner_testutils:/home/shs/ws_moveit/install/moveit_simple_controller_manager:/home/shs/ws_moveit/install/moveit_ros_occupancy_map_monitor:/home/shs/ws_moveit/install/moveit_resources_prbt_ikfast_manipulator_plugin:/home/shs/ws_moveit/install/moveit_core:/home/shs/ws_moveit/install/moveit_resources_panda_moveit_config:/home/shs/ws_moveit/install/moveit_resources_fanuc_moveit_config:/home/shs/ws_moveit/install/moveit_configs_utils:/home/shs/ws_moveit/install/srdfdom:/home/shs/ws_moveit/install/moveit_resources_prbt_support:/home/shs/ws_moveit/install/moveit_resources_pr2_description:/home/shs/ws_moveit/install/moveit_resources_panda_description:/home/shs/ws_moveit/install/moveit_resources_fanuc_description:/home/shs/ws_moveit/install/moveit_common:/home/shs/ws_moveit/install/launch_param_builder:${AMENT_PREFIX_PATH} CMAKE_PREFIX_PATH=/home/shs/ws_moveit/install/moveit_resources_prbt_pg70_support:/home/shs/ws_moveit/install/moveit_ros_planning_interface:/home/shs/ws_moveit/install/moveit_resources_prbt_moveit_config:/home/shs/ws_moveit/install/moveit_ros_move_group:/home/shs/ws_moveit/install/moveit_ros_warehouse:/home/shs/ws_moveit/install/moveit_planners_ompl:/home/shs/ws_moveit/install/moveit_kinematics:/home/shs/ws_moveit/install/moveit_ros_planning:/home/shs/ws_moveit/install/pilz_industrial_motion_planner_testutils:/home/shs/ws_moveit/install/moveit_simple_controller_manager:/home/shs/ws_moveit/install/moveit_ros_occupancy_map_monitor:/home/shs/ws_moveit/install/moveit_resources_prbt_ikfast_manipulator_plugin:/home/shs/ws_moveit/install/moveit_core:/home/shs/ws_moveit/install/moveit_resources_panda_moveit_config:/home/shs/ws_moveit/install/moveit_resources_fanuc_moveit_config:/home/shs/ws_moveit/install/srdfdom:/home/shs/ws_moveit/install/moveit_resources_prbt_support:/home/shs/ws_moveit/install/moveit_resources_pr2_description:/home/shs/ws_moveit/install/moveit_resources_panda_description:/home/shs/ws_moveit/install/moveit_resources_fanuc_description:/home/shs/ws_moveit/install/moveit_common:/home/shs/ws_moveit/install/rosparam_shortcuts:/home/shs/ws_moveit/install/hello_moveit:/home/shs/colcon_ws/install/tf_convenience_topics:/home/shs/colcon_ws/install/sss_viewer:/home/shs/colcon_ws/install/sam_basic_controllers:/home/shs/colcon_ws/install/lolo_description:/home/shs/colcon_ws/install/smarc_msgs:/home/shs/colcon_ws/install/smarc_mission_msgs:/home/shs/colcon_ws/install/smarc_control_msgs:/home/shs/colcon_ws/install/sam_msgs:/home/shs/colcon_ws/install/sam_graph_slam_2_msgs:/home/shs/colcon_ws/install/sam_description:/home/shs/colcon_ws/install/lolo_msgs:/home/shs/colcon_ws/install/drone_msgs:/home/shs/colcon_ws/install/dead_reckoning_msgs:/home/shs/ros2_ws/install/turtlebot3_navigation2:/home/shs/ros2_ws/install/turtlebot3_gazebo:/home/shs/ros2_ws/install/turtlebot3_description:/home/shs/ros2_ws/install/turtlebot3_cartographer:/home/shs/ros2_ws/install/transforms:/home/shs/ros2_ws/install/point_cloud_perception:/home/shs/ros2_ws/install/nodes:/home/shs/ros2_ws/install/navigation_tb3:/home/shs/colcon_ws/install/workshopfun:/home/shs/colcon_ws/install/utm_latlon_converter:/home/shs/colcon_ws/install/smarc_nodered:/home/shs/colcon_ws/install/smarc_bt:/home/shs/colcon_ws/install/smarc_bringups:/home/shs/colcon_ws/install/sam_joy_xbox:/home/shs/colcon_ws/install/sam_joy_teleop:/home/shs/colcon_ws/install/sam_diving_controller:/home/shs/colcon_ws/install/sam_dead_reckoning:/home/shs/colcon_ws/install/ros_tcp_endpoint:/home/shs/colcon_ws/install/ros2_python_examples:/home/shs/colcon_ws/install/mqtt_bridge:/home/shs/colcon_ws/install/dubins_planner:/home/shs/colcon_ws/install/drone_dr:/home/shs/colcon_ws/install/basic_go_to_waypoint:/home/shs/colcon_ws/install/basic_depth_pitch_control:/home/shs/colcon_ws/install/auv_detector:/home/shs/ros2_ws/install/turtlebot3_teleop:/home/shs/ros2_ws/install/turtlebot3_follower:/home/shs/ros2_ws/install/turtlebot3_example:/home/shs/ros2_ws/install/autonomous_tb3:/home/shs/ros2_ws/install/turtle_midpoint:/home/shs/ros2_ws/install/secure_control:/home/shs/ros2_ws/install/robot_math:/home/shs/ros2_ws/install/ai_assitance:/home/shs/install/dive_control:/home/shs/install/basic_go_to_waypoint:/home/shs/install/basic_depth_pitch_control:/home/shs/install/autonomous_tb3:/home/shs/install/ai_assitance:/opt/ros/humble LD_LIBRARY_PATH=/home/shs/ws_moveit/install/moveit_ros_planning_interface/lib:/home/shs/ws_moveit/install/moveit_ros_move_group/lib:/home/shs/ws_moveit/install/moveit_ros_warehouse/lib:/home/shs/ws_moveit/install/moveit_planners_ompl/lib:/home/shs/ws_moveit/install/moveit_kinematics/lib:/home/shs/ws_moveit/install/moveit_ros_planning/lib:/home/shs/ws_moveit/install/pilz_industrial_motion_planner_testutils/lib:/home/shs/ws_moveit/install/moveit_simple_controller_manager/lib:/home/shs/ws_moveit/install/moveit_ros_occupancy_map_monitor/lib:/home/shs/ws_moveit/install/moveit_resources_prbt_ikfast_manipulator_plugin/lib:/home/shs/ws_moveit/install/moveit_core/lib:/home/shs/ws_moveit/install/srdfdom/lib:${LD_LIBRARY_PATH} PATH=/home/shs/ws_moveit/install/moveit_core/bin:${PATH} PYTHONPATH=/home/shs/ws_moveit/install/moveit_configs_utils/lib/python3.10/site-packages:/home/shs/ws_moveit/install/srdfdom/local/lib/python3.10/dist-packages:/home/shs/ws_moveit/install/launch_param_builder/lib/python3.10/site-packages:${PYTHONPATH} /usr/bin/cmake --build /home/shs/ws_moveit/build/pilz_industrial_motion_planner -- -j8 -l8
[141.405s] Invoking command in '/home/shs/ws_moveit/build/pilz_industrial_motion_planner': AMENT_PREFIX_PATH=/home/shs/ws_moveit/install/moveit_resources_prbt_pg70_support:/home/shs/ws_moveit/install/moveit_ros_planning_interface:/home/shs/ws_moveit/install/moveit_resources_prbt_moveit_config:/home/shs/ws_moveit/install/moveit_ros_move_group:/home/shs/ws_moveit/install/moveit_ros_warehouse:/home/shs/ws_moveit/install/moveit_planners_ompl:/home/shs/ws_moveit/install/moveit_kinematics:/home/shs/ws_moveit/install/moveit_ros_planning:/home/shs/ws_moveit/install/pilz_industrial_motion_planner_testutils:/home/shs/ws_moveit/install/moveit_simple_controller_manager:/home/shs/ws_moveit/install/moveit_ros_occupancy_map_monitor:/home/shs/ws_moveit/install/moveit_resources_prbt_ikfast_manipulator_plugin:/home/shs/ws_moveit/install/moveit_core:/home/shs/ws_moveit/install/moveit_resources_panda_moveit_config:/home/shs/ws_moveit/install/moveit_resources_fanuc_moveit_config:/home/shs/ws_moveit/install/moveit_configs_utils:/home/shs/ws_moveit/install/srdfdom:/home/shs/ws_moveit/install/moveit_resources_prbt_support:/home/shs/ws_moveit/install/moveit_resources_pr2_description:/home/shs/ws_moveit/install/moveit_resources_panda_description:/home/shs/ws_moveit/install/moveit_resources_fanuc_description:/home/shs/ws_moveit/install/moveit_common:/home/shs/ws_moveit/install/launch_param_builder:${AMENT_PREFIX_PATH} CMAKE_PREFIX_PATH=/home/shs/ws_moveit/install/moveit_resources_prbt_pg70_support:/home/shs/ws_moveit/install/moveit_ros_planning_interface:/home/shs/ws_moveit/install/moveit_resources_prbt_moveit_config:/home/shs/ws_moveit/install/moveit_ros_move_group:/home/shs/ws_moveit/install/moveit_ros_warehouse:/home/shs/ws_moveit/install/moveit_planners_ompl:/home/shs/ws_moveit/install/moveit_kinematics:/home/shs/ws_moveit/install/moveit_ros_planning:/home/shs/ws_moveit/install/pilz_industrial_motion_planner_testutils:/home/shs/ws_moveit/install/moveit_simple_controller_manager:/home/shs/ws_moveit/install/moveit_ros_occupancy_map_monitor:/home/shs/ws_moveit/install/moveit_resources_prbt_ikfast_manipulator_plugin:/home/shs/ws_moveit/install/moveit_core:/home/shs/ws_moveit/install/moveit_resources_panda_moveit_config:/home/shs/ws_moveit/install/moveit_resources_fanuc_moveit_config:/home/shs/ws_moveit/install/srdfdom:/home/shs/ws_moveit/install/moveit_resources_prbt_support:/home/shs/ws_moveit/install/moveit_resources_pr2_description:/home/shs/ws_moveit/install/moveit_resources_panda_description:/home/shs/ws_moveit/install/moveit_resources_fanuc_description:/home/shs/ws_moveit/install/moveit_common:/home/shs/ws_moveit/install/rosparam_shortcuts:/home/shs/ws_moveit/install/hello_moveit:/home/shs/colcon_ws/install/tf_convenience_topics:/home/shs/colcon_ws/install/sss_viewer:/home/shs/colcon_ws/install/sam_basic_controllers:/home/shs/colcon_ws/install/lolo_description:/home/shs/colcon_ws/install/smarc_msgs:/home/shs/colcon_ws/install/smarc_mission_msgs:/home/shs/colcon_ws/install/smarc_control_msgs:/home/shs/colcon_ws/install/sam_msgs:/home/shs/colcon_ws/install/sam_graph_slam_2_msgs:/home/shs/colcon_ws/install/sam_description:/home/shs/colcon_ws/install/lolo_msgs:/home/shs/colcon_ws/install/drone_msgs:/home/shs/colcon_ws/install/dead_reckoning_msgs:/home/shs/ros2_ws/install/turtlebot3_navigation2:/home/shs/ros2_ws/install/turtlebot3_gazebo:/home/shs/ros2_ws/install/turtlebot3_description:/home/shs/ros2_ws/install/turtlebot3_cartographer:/home/shs/ros2_ws/install/transforms:/home/shs/ros2_ws/install/point_cloud_perception:/home/shs/ros2_ws/install/nodes:/home/shs/ros2_ws/install/navigation_tb3:/home/shs/colcon_ws/install/workshopfun:/home/shs/colcon_ws/install/utm_latlon_converter:/home/shs/colcon_ws/install/smarc_nodered:/home/shs/colcon_ws/install/smarc_bt:/home/shs/colcon_ws/install/smarc_bringups:/home/shs/colcon_ws/install/sam_joy_xbox:/home/shs/colcon_ws/install/sam_joy_teleop:/home/shs/colcon_ws/install/sam_diving_controller:/home/shs/colcon_ws/install/sam_dead_reckoning:/home/shs/colcon_ws/install/ros_tcp_endpoint:/home/shs/colcon_ws/install/ros2_python_examples:/home/shs/colcon_ws/install/mqtt_bridge:/home/shs/colcon_ws/install/dubins_planner:/home/shs/colcon_ws/install/drone_dr:/home/shs/colcon_ws/install/basic_go_to_waypoint:/home/shs/colcon_ws/install/basic_depth_pitch_control:/home/shs/colcon_ws/install/auv_detector:/home/shs/ros2_ws/install/turtlebot3_teleop:/home/shs/ros2_ws/install/turtlebot3_follower:/home/shs/ros2_ws/install/turtlebot3_example:/home/shs/ros2_ws/install/autonomous_tb3:/home/shs/ros2_ws/install/turtle_midpoint:/home/shs/ros2_ws/install/secure_control:/home/shs/ros2_ws/install/robot_math:/home/shs/ros2_ws/install/ai_assitance:/home/shs/install/dive_control:/home/shs/install/basic_go_to_waypoint:/home/shs/install/basic_depth_pitch_control:/home/shs/install/autonomous_tb3:/home/shs/install/ai_assitance:/opt/ros/humble LD_LIBRARY_PATH=/home/shs/ws_moveit/install/moveit_ros_planning_interface/lib:/home/shs/ws_moveit/install/moveit_ros_move_group/lib:/home/shs/ws_moveit/install/moveit_ros_warehouse/lib:/home/shs/ws_moveit/install/moveit_planners_ompl/lib:/home/shs/ws_moveit/install/moveit_kinematics/lib:/home/shs/ws_moveit/install/moveit_ros_planning/lib:/home/shs/ws_moveit/install/pilz_industrial_motion_planner_testutils/lib:/home/shs/ws_moveit/install/moveit_simple_controller_manager/lib:/home/shs/ws_moveit/install/moveit_ros_occupancy_map_monitor/lib:/home/shs/ws_moveit/install/moveit_resources_prbt_ikfast_manipulator_plugin/lib:/home/shs/ws_moveit/install/moveit_core/lib:/home/shs/ws_moveit/install/srdfdom/lib:${LD_LIBRARY_PATH} PATH=/home/shs/ws_moveit/install/moveit_core/bin:${PATH} PYTHONPATH=/home/shs/ws_moveit/install/moveit_configs_utils/lib/python3.10/site-packages:/home/shs/ws_moveit/install/srdfdom/local/lib/python3.10/dist-packages:/home/shs/ws_moveit/install/launch_param_builder/lib/python3.10/site-packages:${PYTHONPATH} /usr/bin/cmake --install /home/shs/ws_moveit/build/pilz_industrial_motion_planner
[141.417s] -- Install configuration: "Release"
[141.417s] -- Installing: /home/shs/ws_moveit/install/pilz_industrial_motion_planner/share/pilz_industrial_motion_planner/plugins/pilz_industrial_motion_planner_plugin_description.xml
[141.418s] -- Installing: /home/shs/ws_moveit/install/pilz_industrial_motion_planner/share/pilz_industrial_motion_planner/plugins/sequence_capability_plugin_description.xml
[141.418s] -- Installing: /home/shs/ws_moveit/install/pilz_industrial_motion_planner/share/pilz_industrial_motion_planner/plugins/planning_context_plugin_description.xml
[141.418s] -- Installing: /home/shs/ws_moveit/install/pilz_industrial_motion_planner/lib/libpilz_industrial_motion_planner.so
[141.419s] -- Set runtime path of "/home/shs/ws_moveit/install/pilz_industrial_motion_planner/lib/libpilz_industrial_motion_planner.so" to ""
[141.419s] -- Installing: /home/shs/ws_moveit/install/pilz_industrial_motion_planner/lib/libjoint_limits_common.so
[141.420s] -- Set runtime path of "/home/shs/ws_moveit/install/pilz_industrial_motion_planner/lib/libjoint_limits_common.so" to ""
[141.420s] -- Installing: /home/shs/ws_moveit/install/pilz_industrial_motion_planner/lib/libplanning_context_loader_base.so
[141.420s] -- Set runtime path of "/home/shs/ws_moveit/install/pilz_industrial_motion_planner/lib/libplanning_context_loader_base.so" to ""
[141.420s] -- Installing: /home/shs/ws_moveit/install/pilz_industrial_motion_planner/lib/libplanning_context_loader_ptp.so
[141.421s] -- Set runtime path of "/home/shs/ws_moveit/install/pilz_industrial_motion_planner/lib/libplanning_context_loader_ptp.so" to ""
[141.421s] -- Installing: /home/shs/ws_moveit/install/pilz_industrial_motion_planner/lib/libplanning_context_loader_lin.so
[141.422s] -- Set runtime path of "/home/shs/ws_moveit/install/pilz_industrial_motion_planner/lib/libplanning_context_loader_lin.so" to ""
[141.422s] -- Installing: /home/shs/ws_moveit/install/pilz_industrial_motion_planner/lib/libplanning_context_loader_circ.so
[141.422s] -- Set runtime path of "/home/shs/ws_moveit/install/pilz_industrial_motion_planner/lib/libplanning_context_loader_circ.so" to ""
[141.423s] -- Installing: /home/shs/ws_moveit/install/pilz_industrial_motion_planner/lib/libcommand_list_manager.so
[141.423s] -- Set runtime path of "/home/shs/ws_moveit/install/pilz_industrial_motion_planner/lib/libcommand_list_manager.so" to ""
[141.423s] -- Installing: /home/shs/ws_moveit/install/pilz_industrial_motion_planner/lib/libsequence_capability.so
[141.424s] -- Set runtime path of "/home/shs/ws_moveit/install/pilz_industrial_motion_planner/lib/libsequence_capability.so" to ""
[141.424s] -- Installing: /home/shs/ws_moveit/install/pilz_industrial_motion_planner/lib/libtrajectory_generation_common.so
[141.425s] -- Set runtime path of "/home/shs/ws_moveit/install/pilz_industrial_motion_planner/lib/libtrajectory_generation_common.so" to ""
[141.425s] -- Installing: /home/shs/ws_moveit/install/pilz_industrial_motion_planner/include
[141.425s] -- Installing: /home/shs/ws_moveit/install/pilz_industrial_motion_planner/include/pilz_industrial_motion_planner
[141.425s] -- Installing: /home/shs/ws_moveit/install/pilz_industrial_motion_planner/include/pilz_industrial_motion_planner/trajectory_generation_exceptions.h
[141.426s] -- Installing: /home/shs/ws_moveit/install/pilz_industrial_motion_planner/include/pilz_industrial_motion_planner/tip_frame_getter.h
[141.426s] -- Installing: /home/shs/ws_moveit/install/pilz_industrial_motion_planner/include/pilz_industrial_motion_planner/planning_context_loader.h
[141.426s] -- Installing: /home/shs/ws_moveit/install/pilz_industrial_motion_planner/include/pilz_industrial_motion_planner/joint_limits_container.h
[141.426s] -- Installing: /home/shs/ws_moveit/install/pilz_industrial_motion_planner/include/pilz_industrial_motion_planner/trajectory_blend_request.h
[141.426s] -- Installing: /home/shs/ws_moveit/install/pilz_industrial_motion_planner/include/pilz_industrial_motion_planner/move_group_sequence_action.h
[141.426s] -- Installing: /home/shs/ws_moveit/install/pilz_industrial_motion_planner/include/pilz_industrial_motion_planner/trajectory_blend_response.h
[141.426s] -- Installing: /home/shs/ws_moveit/install/pilz_industrial_motion_planner/include/pilz_industrial_motion_planner/cartesian_limits_aggregator.h
[141.427s] -- Installing: /home/shs/ws_moveit/install/pilz_industrial_motion_planner/include/pilz_industrial_motion_planner/command_list_manager.h
[141.427s] -- Installing: /home/shs/ws_moveit/install/pilz_industrial_motion_planner/include/pilz_industrial_motion_planner/joint_limits_validator.h
[141.427s] -- Installing: /home/shs/ws_moveit/install/pilz_industrial_motion_planner/include/pilz_industrial_motion_planner/trajectory_generator.h
[141.427s] -- Installing: /home/shs/ws_moveit/install/pilz_industrial_motion_planner/include/pilz_industrial_motion_planner/plan_components_builder.h
[141.427s] -- Installing: /home/shs/ws_moveit/install/pilz_industrial_motion_planner/include/pilz_industrial_motion_planner/planning_context_loader_lin.h
[141.428s] -- Installing: /home/shs/ws_moveit/install/pilz_industrial_motion_planner/include/pilz_industrial_motion_planner/path_circle_generator.h
[141.428s] -- Installing: /home/shs/ws_moveit/install/pilz_industrial_motion_planner/include/pilz_industrial_motion_planner/trajectory_generator_circ.h
[141.428s] -- Installing: /home/shs/ws_moveit/install/pilz_industrial_motion_planner/include/pilz_industrial_motion_planner/velocity_profile_atrap.h
[141.428s] -- Installing: /home/shs/ws_moveit/install/pilz_industrial_motion_planner/include/pilz_industrial_motion_planner/trajectory_generator_lin.h
[141.428s] -- Installing: /home/shs/ws_moveit/install/pilz_industrial_motion_planner/include/pilz_industrial_motion_planner/pilz_industrial_motion_planner.h
[141.428s] -- Installing: /home/shs/ws_moveit/install/pilz_industrial_motion_planner/include/pilz_industrial_motion_planner/planning_context_circ.h
[141.428s] -- Installing: /home/shs/ws_moveit/install/pilz_industrial_motion_planner/include/pilz_industrial_motion_planner/trajectory_generator_ptp.h
[141.428s] -- Installing: /home/shs/ws_moveit/install/pilz_industrial_motion_planner/include/pilz_industrial_motion_planner/trajectory_blender_transition_window.h
[141.429s] -- Installing: /home/shs/ws_moveit/install/pilz_industrial_motion_planner/include/pilz_industrial_motion_planner/planning_context_loader_circ.h
[141.429s] -- Installing: /home/shs/ws_moveit/install/pilz_industrial_motion_planner/include/pilz_industrial_motion_planner/planning_context_ptp.h
[141.429s] -- Installing: /home/shs/ws_moveit/install/pilz_industrial_motion_planner/include/pilz_industrial_motion_planner/planning_context_lin.h
[141.429s] -- Installing: /home/shs/ws_moveit/install/pilz_industrial_motion_planner/include/pilz_industrial_motion_planner/joint_limits_aggregator.h
[141.429s] -- Installing: /home/shs/ws_moveit/install/pilz_industrial_motion_planner/include/pilz_industrial_motion_planner/trajectory_blender.h
[141.429s] -- Installing: /home/shs/ws_moveit/install/pilz_industrial_motion_planner/include/pilz_industrial_motion_planner/joint_limits_extension.h
[141.429s] -- Installing: /home/shs/ws_moveit/install/pilz_industrial_motion_planner/include/pilz_industrial_motion_planner/planning_exceptions.h
[141.430s] -- Installing: /home/shs/ws_moveit/install/pilz_industrial_motion_planner/include/pilz_industrial_motion_planner/cartesian_limit.h
[141.430s] -- Installing: /home/shs/ws_moveit/install/pilz_industrial_motion_planner/include/pilz_industrial_motion_planner/trajectory_functions.h
[141.430s] -- Installing: /home/shs/ws_moveit/install/pilz_industrial_motion_planner/include/pilz_industrial_motion_planner/capability_names.h
[141.430s] -- Installing: /home/shs/ws_moveit/install/pilz_industrial_motion_planner/include/pilz_industrial_motion_planner/joint_limits_interface_extension.h
[141.430s] -- Installing: /home/shs/ws_moveit/install/pilz_industrial_motion_planner/include/pilz_industrial_motion_planner/limits_container.h
[141.430s] -- Installing: /home/shs/ws_moveit/install/pilz_industrial_motion_planner/include/pilz_industrial_motion_planner/planning_context_base.h
[141.430s] -- Installing: /home/shs/ws_moveit/install/pilz_industrial_motion_planner/include/pilz_industrial_motion_planner/planning_context_loader_ptp.h
[141.430s] -- Installing: /home/shs/ws_moveit/install/pilz_industrial_motion_planner/include/pilz_industrial_motion_planner/cartesian_trajectory.h
[141.431s] -- Installing: /home/shs/ws_moveit/install/pilz_industrial_motion_planner/include/pilz_industrial_motion_planner/cartesian_trajectory_point.h
[141.431s] -- Installing: /home/shs/ws_moveit/install/pilz_industrial_motion_planner/include/pilz_industrial_motion_planner/move_group_sequence_service.h
[141.431s] -- Installing: /home/shs/ws_moveit/install/pilz_industrial_motion_planner/include/joint_limits_copy
[141.431s] -- Installing: /home/shs/ws_moveit/install/pilz_industrial_motion_planner/include/joint_limits_copy/joint_limits_rosparam.hpp
[141.431s] -- Installing: /home/shs/ws_moveit/install/pilz_industrial_motion_planner/include/joint_limits_copy/joint_limits.hpp
[141.431s] -- Installing: /home/shs/ws_moveit/install/pilz_industrial_motion_planner/share/pilz_industrial_motion_planner/environment/library_path.sh
[141.431s] -- Installing: /home/shs/ws_moveit/install/pilz_industrial_motion_planner/share/pilz_industrial_motion_planner/environment/library_path.dsv
[141.431s] -- Installing: /home/shs/ws_moveit/install/pilz_industrial_motion_planner/lib/pilz_industrial_motion_planner/unittest_pilz_industrial_motion_planner_direct
[141.433s] -- Set runtime path of "/home/shs/ws_moveit/install/pilz_industrial_motion_planner/lib/pilz_industrial_motion_planner/unittest_pilz_industrial_motion_planner_direct" to ""
[141.433s] -- Installing: /home/shs/ws_moveit/install/pilz_industrial_motion_planner/lib/pilz_industrial_motion_planner/unittest_velocity_profile_atrap
[141.434s] -- Set runtime path of "/home/shs/ws_moveit/install/pilz_industrial_motion_planner/lib/pilz_industrial_motion_planner/unittest_velocity_profile_atrap" to ""
[141.434s] -- Installing: /home/shs/ws_moveit/install/pilz_industrial_motion_planner/lib/pilz_industrial_motion_planner/unittest_trajectory_generator
[141.435s] -- Set runtime path of "/home/shs/ws_moveit/install/pilz_industrial_motion_planner/lib/pilz_industrial_motion_planner/unittest_trajectory_generator" to ""
[141.435s] -- Installing: /home/shs/ws_moveit/install/pilz_industrial_motion_planner/lib/pilz_industrial_motion_planner/unittest_trajectory_functions
[141.436s] -- Set runtime path of "/home/shs/ws_moveit/install/pilz_industrial_motion_planner/lib/pilz_industrial_motion_planner/unittest_trajectory_functions" to ""
[141.436s] -- Installing: /home/shs/ws_moveit/install/pilz_industrial_motion_planner/lib/pilz_industrial_motion_planner/unittest_trajectory_blender_transition_window
[141.438s] -- Set runtime path of "/home/shs/ws_moveit/install/pilz_industrial_motion_planner/lib/pilz_industrial_motion_planner/unittest_trajectory_blender_transition_window" to ""
[141.438s] -- Installing: /home/shs/ws_moveit/install/pilz_industrial_motion_planner/lib/pilz_industrial_motion_planner/unittest_trajectory_generator_common
[141.440s] -- Set runtime path of "/home/shs/ws_moveit/install/pilz_industrial_motion_planner/lib/pilz_industrial_motion_planner/unittest_trajectory_generator_common" to ""
[141.440s] -- Installing: /home/shs/ws_moveit/install/pilz_industrial_motion_planner/lib/pilz_industrial_motion_planner/unittest_trajectory_generator_circ
[141.441s] -- Set runtime path of "/home/shs/ws_moveit/install/pilz_industrial_motion_planner/lib/pilz_industrial_motion_planner/unittest_trajectory_generator_circ" to ""
[141.441s] -- Installing: /home/shs/ws_moveit/install/pilz_industrial_motion_planner/lib/pilz_industrial_motion_planner/unittest_trajectory_generator_lin
[141.443s] -- Set runtime path of "/home/shs/ws_moveit/install/pilz_industrial_motion_planner/lib/pilz_industrial_motion_planner/unittest_trajectory_generator_lin" to ""
[141.443s] -- Installing: /home/shs/ws_moveit/install/pilz_industrial_motion_planner/lib/pilz_industrial_motion_planner/unittest_trajectory_generator_ptp
[141.444s] -- Set runtime path of "/home/shs/ws_moveit/install/pilz_industrial_motion_planner/lib/pilz_industrial_motion_planner/unittest_trajectory_generator_ptp" to ""
[141.444s] -- Installing: /home/shs/ws_moveit/install/pilz_industrial_motion_planner/lib/pilz_industrial_motion_planner/unittest_pilz_industrial_motion_planner
[141.445s] -- Set runtime path of "/home/shs/ws_moveit/install/pilz_industrial_motion_planner/lib/pilz_industrial_motion_planner/unittest_pilz_industrial_motion_planner" to ""
[141.445s] -- Installing: /home/shs/ws_moveit/install/pilz_industrial_motion_planner/lib/pilz_industrial_motion_planner/unittest_joint_limit
[141.446s] -- Set runtime path of "/home/shs/ws_moveit/install/pilz_industrial_motion_planner/lib/pilz_industrial_motion_planner/unittest_joint_limit" to ""
[141.446s] -- Installing: /home/shs/ws_moveit/install/pilz_industrial_motion_planner/lib/pilz_industrial_motion_planner/unittest_joint_limits_aggregator
[141.447s] -- Set runtime path of "/home/shs/ws_moveit/install/pilz_industrial_motion_planner/lib/pilz_industrial_motion_planner/unittest_joint_limits_aggregator" to ""
[141.447s] -- Installing: /home/shs/ws_moveit/install/pilz_industrial_motion_planner/lib/pilz_industrial_motion_planner/unittest_joint_limits_container
[141.448s] -- Set runtime path of "/home/shs/ws_moveit/install/pilz_industrial_motion_planner/lib/pilz_industrial_motion_planner/unittest_joint_limits_container" to ""
[141.448s] -- Installing: /home/shs/ws_moveit/install/pilz_industrial_motion_planner/lib/pilz_industrial_motion_planner/unittest_joint_limits_validator
[141.449s] -- Set runtime path of "/home/shs/ws_moveit/install/pilz_industrial_motion_planner/lib/pilz_industrial_motion_planner/unittest_joint_limits_validator" to ""
[141.449s] -- Installing: /home/shs/ws_moveit/install/pilz_industrial_motion_planner/lib/pilz_industrial_motion_planner/unittest_cartesian_limits_aggregator
[141.450s] -- Set runtime path of "/home/shs/ws_moveit/install/pilz_industrial_motion_planner/lib/pilz_industrial_motion_planner/unittest_cartesian_limits_aggregator" to ""
[141.450s] -- Installing: /home/shs/ws_moveit/install/pilz_industrial_motion_planner/lib/pilz_industrial_motion_planner/unittest_planning_context_loaders
[141.452s] -- Set runtime path of "/home/shs/ws_moveit/install/pilz_industrial_motion_planner/lib/pilz_industrial_motion_planner/unittest_planning_context_loaders" to ""
[141.452s] -- Installing: /home/shs/ws_moveit/install/pilz_industrial_motion_planner/lib/pilz_industrial_motion_planner/unittest_planning_context
[141.453s] -- Set runtime path of "/home/shs/ws_moveit/install/pilz_industrial_motion_planner/lib/pilz_industrial_motion_planner/unittest_planning_context" to ""
[141.453s] -- Installing: /home/shs/ws_moveit/install/pilz_industrial_motion_planner/lib/pilz_industrial_motion_planner/unittest_get_solver_tip_frame
[141.454s] -- Set runtime path of "/home/shs/ws_moveit/install/pilz_industrial_motion_planner/lib/pilz_industrial_motion_planner/unittest_get_solver_tip_frame" to ""
[141.455s] -- Installing: /home/shs/ws_moveit/install/pilz_industrial_motion_planner/share/pilz_industrial_motion_planner/config
[141.455s] -- Installing: /home/shs/ws_moveit/install/pilz_industrial_motion_planner/share/pilz_industrial_motion_planner/config/unittest_trajectory_generator_common.yaml
[141.455s] -- Installing: /home/shs/ws_moveit/install/pilz_industrial_motion_planner/share/pilz_industrial_motion_planner/config/unittest_trajectory_generator_lin.yaml
[141.455s] -- Installing: /home/shs/ws_moveit/install/pilz_industrial_motion_planner/share/pilz_industrial_motion_planner/config/unittest_trajectory_generator_circ.yaml
[141.455s] -- Installing: /home/shs/ws_moveit/install/pilz_industrial_motion_planner/share/pilz_industrial_motion_planner/config/unittest_cartesian_limits_aggregator.yaml
[141.455s] -- Installing: /home/shs/ws_moveit/install/pilz_industrial_motion_planner/share/pilz_industrial_motion_planner/config/unittest_joint_limit_config.yaml
[141.455s] -- Installing: /home/shs/ws_moveit/install/pilz_industrial_motion_planner/share/pilz_industrial_motion_planner/config/unittest_trajectory_functions.yaml
[141.456s] -- Installing: /home/shs/ws_moveit/install/pilz_industrial_motion_planner/share/pilz_industrial_motion_planner/config/unittest_trajectory_blender_transition_window.yaml
[141.456s] -- Installing: /home/shs/ws_moveit/install/pilz_industrial_motion_planner/share/pilz_industrial_motion_planner/config/unittest_joint_limits_aggregator.yaml
[141.456s] -- Installing: /home/shs/ws_moveit/install/pilz_industrial_motion_planner/share/pilz_industrial_motion_planner/config/unittest_trajectory_generator_ptp.yaml
[141.456s] -- Installing: /home/shs/ws_moveit/install/pilz_industrial_motion_planner/share/pilz_industrial_motion_planner/launch
[141.457s] -- Installing: /home/shs/ws_moveit/install/pilz_industrial_motion_planner/share/pilz_industrial_motion_planner/launch/unittest_planning_context.test.py
[141.457s] -- Installing: /home/shs/ws_moveit/install/pilz_industrial_motion_planner/share/pilz_industrial_motion_planner/launch/unittest_planning_context_loaders.test.py
[141.457s] -- Installing: /home/shs/ws_moveit/install/pilz_industrial_motion_planner/share/pilz_industrial_motion_planner/launch/unittest_trajectory_generator_lin.test.py
[141.457s] -- Installing: /home/shs/ws_moveit/install/pilz_industrial_motion_planner/share/pilz_industrial_motion_planner/launch/unittest_trajectory_functions.test.py
[141.457s] -- Installing: /home/shs/ws_moveit/install/pilz_industrial_motion_planner/share/pilz_industrial_motion_planner/launch/unittest_trajectory_generator_circ.test.py
[141.457s] -- Installing: /home/shs/ws_moveit/install/pilz_industrial_motion_planner/share/pilz_industrial_motion_planner/launch/unittest_pilz_industrial_motion_planner.test.py
[141.458s] -- Installing: /home/shs/ws_moveit/install/pilz_industrial_motion_planner/share/pilz_industrial_motion_planner/launch/unittest_joint_limits_aggregator.test.py
[141.458s] -- Installing: /home/shs/ws_moveit/install/pilz_industrial_motion_planner/share/pilz_industrial_motion_planner/launch/unittest_joint_limit.test.py
[141.458s] -- Installing: /home/shs/ws_moveit/install/pilz_industrial_motion_planner/share/pilz_industrial_motion_planner/launch/common_parameters.py
[141.458s] -- Installing: /home/shs/ws_moveit/install/pilz_industrial_motion_planner/share/pilz_industrial_motion_planner/launch/unittest_trajectory_generator_ptp.test.py
[141.458s] -- Installing: /home/shs/ws_moveit/install/pilz_industrial_motion_planner/share/pilz_industrial_motion_planner/launch/unittest_trajectory_generator_common.test.py
[141.459s] -- Installing: /home/shs/ws_moveit/install/pilz_industrial_motion_planner/share/pilz_industrial_motion_planner/launch/unittest_trajectory_blender_transition_window.test.py
[141.459s] -- Installing: /home/shs/ws_moveit/install/pilz_industrial_motion_planner/share/pilz_industrial_motion_planner/launch/unittest_cartesian_limits_aggregator.test.py
[141.459s] -- Installing: /home/shs/ws_moveit/install/pilz_industrial_motion_planner/share/pilz_industrial_motion_planner/test_data
[141.459s] -- Installing: /home/shs/ws_moveit/install/pilz_industrial_motion_planner/share/pilz_industrial_motion_planner/test_data/prbt
[141.459s] -- Installing: /home/shs/ws_moveit/install/pilz_industrial_motion_planner/share/pilz_industrial_motion_planner/test_data/prbt/testdata_sequence.xml
[141.460s] -- Installing: /home/shs/ws_moveit/install/pilz_industrial_motion_planner/share/pilz_industrial_motion_planner/test_data/prbt/testdata_deprecated.xml
[141.460s] -- Installing: /home/shs/ws_moveit/install/pilz_industrial_motion_planner/share/pilz_industrial_motion_planner/test_data/prbt/testdata_with_gripper.xml
[141.460s] -- Installing: /home/shs/ws_moveit/install/pilz_industrial_motion_planner/share/pilz_industrial_motion_planner/test_data/testpoints.py
[141.460s] -- Installing: /home/shs/ws_moveit/install/pilz_industrial_motion_planner/share/pilz_industrial_motion_planner/test_data/concept_testdata.odp
[141.460s] -- Installing: /home/shs/ws_moveit/install/pilz_industrial_motion_planner/share/pilz_industrial_motion_planner/test_data/concept_testdata.png
[141.461s] -- Installing: /home/shs/ws_moveit/install/pilz_industrial_motion_planner/share/pilz_industrial_motion_planner/test_data/frankaemika_panda
[141.461s] -- Installing: /home/shs/ws_moveit/install/pilz_industrial_motion_planner/share/pilz_industrial_motion_planner/test_data/frankaemika_panda/testdata_sequence.xml
[141.461s] -- Installing: /home/shs/ws_moveit/install/pilz_industrial_motion_planner/share/ament_index/resource_index/package_run_dependencies/pilz_industrial_motion_planner
[141.462s] -- Installing: /home/shs/ws_moveit/install/pilz_industrial_motion_planner/share/ament_index/resource_index/parent_prefix_path/pilz_industrial_motion_planner
[141.462s] -- Installing: /home/shs/ws_moveit/install/pilz_industrial_motion_planner/share/pilz_industrial_motion_planner/environment/ament_prefix_path.sh
[141.462s] -- Installing: /home/shs/ws_moveit/install/pilz_industrial_motion_planner/share/pilz_industrial_motion_planner/environment/ament_prefix_path.dsv
[141.462s] -- Installing: /home/shs/ws_moveit/install/pilz_industrial_motion_planner/share/pilz_industrial_motion_planner/environment/path.sh
[141.462s] -- Installing: /home/shs/ws_moveit/install/pilz_industrial_motion_planner/share/pilz_industrial_motion_planner/environment/path.dsv
[141.462s] -- Installing: /home/shs/ws_moveit/install/pilz_industrial_motion_planner/share/pilz_industrial_motion_planner/local_setup.bash
[141.462s] -- Installing: /home/shs/ws_moveit/install/pilz_industrial_motion_planner/share/pilz_industrial_motion_planner/local_setup.sh
[141.463s] -- Installing: /home/shs/ws_moveit/install/pilz_industrial_motion_planner/share/pilz_industrial_motion_planner/local_setup.zsh
[141.463s] -- Installing: /home/shs/ws_moveit/install/pilz_industrial_motion_planner/share/pilz_industrial_motion_planner/local_setup.dsv
[141.463s] -- Installing: /home/shs/ws_moveit/install/pilz_industrial_motion_planner/share/pilz_industrial_motion_planner/package.dsv
[141.463s] -- Installing: /home/shs/ws_moveit/install/pilz_industrial_motion_planner/share/ament_index/resource_index/packages/pilz_industrial_motion_planner
[141.463s] -- Installing: /home/shs/ws_moveit/install/pilz_industrial_motion_planner/share/ament_index/resource_index/moveit_core__pluginlib__plugin/pilz_industrial_motion_planner
[141.463s] -- Installing: /home/shs/ws_moveit/install/pilz_industrial_motion_planner/share/ament_index/resource_index/moveit_ros_move_group__pluginlib__plugin/pilz_industrial_motion_planner
[141.463s] -- Installing: /home/shs/ws_moveit/install/pilz_industrial_motion_planner/share/ament_index/resource_index/pilz_industrial_motion_planner__pluginlib__plugin/pilz_industrial_motion_planner
[141.464s] -- Installing: /home/shs/ws_moveit/install/pilz_industrial_motion_planner/share/pilz_industrial_motion_planner/cmake/pilz_industrial_motion_plannerTargetsExport.cmake
[141.464s] -- Installing: /home/shs/ws_moveit/install/pilz_industrial_motion_planner/share/pilz_industrial_motion_planner/cmake/pilz_industrial_motion_plannerTargetsExport-release.cmake
[141.464s] -- Installing: /home/shs/ws_moveit/install/pilz_industrial_motion_planner/share/pilz_industrial_motion_planner/cmake/ament_cmake_export_include_directories-extras.cmake
[141.464s] -- Installing: /home/shs/ws_moveit/install/pilz_industrial_motion_planner/share/pilz_industrial_motion_planner/cmake/ament_cmake_export_targets-extras.cmake
[141.464s] -- Installing: /home/shs/ws_moveit/install/pilz_industrial_motion_planner/share/pilz_industrial_motion_planner/cmake/ament_cmake_export_dependencies-extras.cmake
[141.464s] -- Installing: /home/shs/ws_moveit/install/pilz_industrial_motion_planner/share/pilz_industrial_motion_planner/cmake/pilz_industrial_motion_plannerConfig.cmake
[141.464s] -- Installing: /home/shs/ws_moveit/install/pilz_industrial_motion_planner/share/pilz_industrial_motion_planner/cmake/pilz_industrial_motion_plannerConfig-version.cmake
[141.465s] -- Installing: /home/shs/ws_moveit/install/pilz_industrial_motion_planner/share/pilz_industrial_motion_planner/package.xml
[141.467s] Invoked command in '/home/shs/ws_moveit/build/pilz_industrial_motion_planner' returned '0': AMENT_PREFIX_PATH=/home/shs/ws_moveit/install/moveit_resources_prbt_pg70_support:/home/shs/ws_moveit/install/moveit_ros_planning_interface:/home/shs/ws_moveit/install/moveit_resources_prbt_moveit_config:/home/shs/ws_moveit/install/moveit_ros_move_group:/home/shs/ws_moveit/install/moveit_ros_warehouse:/home/shs/ws_moveit/install/moveit_planners_ompl:/home/shs/ws_moveit/install/moveit_kinematics:/home/shs/ws_moveit/install/moveit_ros_planning:/home/shs/ws_moveit/install/pilz_industrial_motion_planner_testutils:/home/shs/ws_moveit/install/moveit_simple_controller_manager:/home/shs/ws_moveit/install/moveit_ros_occupancy_map_monitor:/home/shs/ws_moveit/install/moveit_resources_prbt_ikfast_manipulator_plugin:/home/shs/ws_moveit/install/moveit_core:/home/shs/ws_moveit/install/moveit_resources_panda_moveit_config:/home/shs/ws_moveit/install/moveit_resources_fanuc_moveit_config:/home/shs/ws_moveit/install/moveit_configs_utils:/home/shs/ws_moveit/install/srdfdom:/home/shs/ws_moveit/install/moveit_resources_prbt_support:/home/shs/ws_moveit/install/moveit_resources_pr2_description:/home/shs/ws_moveit/install/moveit_resources_panda_description:/home/shs/ws_moveit/install/moveit_resources_fanuc_description:/home/shs/ws_moveit/install/moveit_common:/home/shs/ws_moveit/install/launch_param_builder:${AMENT_PREFIX_PATH} CMAKE_PREFIX_PATH=/home/shs/ws_moveit/install/moveit_resources_prbt_pg70_support:/home/shs/ws_moveit/install/moveit_ros_planning_interface:/home/shs/ws_moveit/install/moveit_resources_prbt_moveit_config:/home/shs/ws_moveit/install/moveit_ros_move_group:/home/shs/ws_moveit/install/moveit_ros_warehouse:/home/shs/ws_moveit/install/moveit_planners_ompl:/home/shs/ws_moveit/install/moveit_kinematics:/home/shs/ws_moveit/install/moveit_ros_planning:/home/shs/ws_moveit/install/pilz_industrial_motion_planner_testutils:/home/shs/ws_moveit/install/moveit_simple_controller_manager:/home/shs/ws_moveit/install/moveit_ros_occupancy_map_monitor:/home/shs/ws_moveit/install/moveit_resources_prbt_ikfast_manipulator_plugin:/home/shs/ws_moveit/install/moveit_core:/home/shs/ws_moveit/install/moveit_resources_panda_moveit_config:/home/shs/ws_moveit/install/moveit_resources_fanuc_moveit_config:/home/shs/ws_moveit/install/srdfdom:/home/shs/ws_moveit/install/moveit_resources_prbt_support:/home/shs/ws_moveit/install/moveit_resources_pr2_description:/home/shs/ws_moveit/install/moveit_resources_panda_description:/home/shs/ws_moveit/install/moveit_resources_fanuc_description:/home/shs/ws_moveit/install/moveit_common:/home/shs/ws_moveit/install/rosparam_shortcuts:/home/shs/ws_moveit/install/hello_moveit:/home/shs/colcon_ws/install/tf_convenience_topics:/home/shs/colcon_ws/install/sss_viewer:/home/shs/colcon_ws/install/sam_basic_controllers:/home/shs/colcon_ws/install/lolo_description:/home/shs/colcon_ws/install/smarc_msgs:/home/shs/colcon_ws/install/smarc_mission_msgs:/home/shs/colcon_ws/install/smarc_control_msgs:/home/shs/colcon_ws/install/sam_msgs:/home/shs/colcon_ws/install/sam_graph_slam_2_msgs:/home/shs/colcon_ws/install/sam_description:/home/shs/colcon_ws/install/lolo_msgs:/home/shs/colcon_ws/install/drone_msgs:/home/shs/colcon_ws/install/dead_reckoning_msgs:/home/shs/ros2_ws/install/turtlebot3_navigation2:/home/shs/ros2_ws/install/turtlebot3_gazebo:/home/shs/ros2_ws/install/turtlebot3_description:/home/shs/ros2_ws/install/turtlebot3_cartographer:/home/shs/ros2_ws/install/transforms:/home/shs/ros2_ws/install/point_cloud_perception:/home/shs/ros2_ws/install/nodes:/home/shs/ros2_ws/install/navigation_tb3:/home/shs/colcon_ws/install/workshopfun:/home/shs/colcon_ws/install/utm_latlon_converter:/home/shs/colcon_ws/install/smarc_nodered:/home/shs/colcon_ws/install/smarc_bt:/home/shs/colcon_ws/install/smarc_bringups:/home/shs/colcon_ws/install/sam_joy_xbox:/home/shs/colcon_ws/install/sam_joy_teleop:/home/shs/colcon_ws/install/sam_diving_controller:/home/shs/colcon_ws/install/sam_dead_reckoning:/home/shs/colcon_ws/install/ros_tcp_endpoint:/home/shs/colcon_ws/install/ros2_python_examples:/home/shs/colcon_ws/install/mqtt_bridge:/home/shs/colcon_ws/install/dubins_planner:/home/shs/colcon_ws/install/drone_dr:/home/shs/colcon_ws/install/basic_go_to_waypoint:/home/shs/colcon_ws/install/basic_depth_pitch_control:/home/shs/colcon_ws/install/auv_detector:/home/shs/ros2_ws/install/turtlebot3_teleop:/home/shs/ros2_ws/install/turtlebot3_follower:/home/shs/ros2_ws/install/turtlebot3_example:/home/shs/ros2_ws/install/autonomous_tb3:/home/shs/ros2_ws/install/turtle_midpoint:/home/shs/ros2_ws/install/secure_control:/home/shs/ros2_ws/install/robot_math:/home/shs/ros2_ws/install/ai_assitance:/home/shs/install/dive_control:/home/shs/install/basic_go_to_waypoint:/home/shs/install/basic_depth_pitch_control:/home/shs/install/autonomous_tb3:/home/shs/install/ai_assitance:/opt/ros/humble LD_LIBRARY_PATH=/home/shs/ws_moveit/install/moveit_ros_planning_interface/lib:/home/shs/ws_moveit/install/moveit_ros_move_group/lib:/home/shs/ws_moveit/install/moveit_ros_warehouse/lib:/home/shs/ws_moveit/install/moveit_planners_ompl/lib:/home/shs/ws_moveit/install/moveit_kinematics/lib:/home/shs/ws_moveit/install/moveit_ros_planning/lib:/home/shs/ws_moveit/install/pilz_industrial_motion_planner_testutils/lib:/home/shs/ws_moveit/install/moveit_simple_controller_manager/lib:/home/shs/ws_moveit/install/moveit_ros_occupancy_map_monitor/lib:/home/shs/ws_moveit/install/moveit_resources_prbt_ikfast_manipulator_plugin/lib:/home/shs/ws_moveit/install/moveit_core/lib:/home/shs/ws_moveit/install/srdfdom/lib:${LD_LIBRARY_PATH} PATH=/home/shs/ws_moveit/install/moveit_core/bin:${PATH} PYTHONPATH=/home/shs/ws_moveit/install/moveit_configs_utils/lib/python3.10/site-packages:/home/shs/ws_moveit/install/srdfdom/local/lib/python3.10/dist-packages:/home/shs/ws_moveit/install/launch_param_builder/lib/python3.10/site-packages:${PYTHONPATH} /usr/bin/cmake --install /home/shs/ws_moveit/build/pilz_industrial_motion_planner
